ARM GAS  /tmp/cc5hvTB5.s 			page 1


   1              		.syntax unified
   2              		.cpu cortex-m4
   3              		.fpu softvfp
   4              		.eabi_attribute 20, 1
   5              		.eabi_attribute 21, 1
   6              		.eabi_attribute 23, 3
   7              		.eabi_attribute 24, 1
   8              		.eabi_attribute 25, 1
   9              		.eabi_attribute 26, 1
  10              		.eabi_attribute 30, 2
  11              		.eabi_attribute 34, 1
  12              		.eabi_attribute 18, 4
  13              		.thumb
  14              		.file	"board.c"
  15              		.text
  16              	.Ltext0:
  17              		.cfi_sections	.debug_frame
  18              		.section	.text.__early_init,"ax",%progbits
  19              		.align	2
  20              		.p2align 4,,15
  21              		.global	__early_init
  22              		.thumb
  23              		.thumb_func
  24              		.type	__early_init, %function
  25              	__early_init:
  26              	.LFB255:
  27              		.file 1 "../ChibiOS/os/hal/boards/ST_STM32F3_DISCOVERY/board.c"
  28              		.loc 1 70 0
  29              		.cfi_startproc
  30              		@ args = 0, pretend = 0, frame = 0
  31              		@ frame_needed = 0, uses_anonymous_args = 0
  32              		@ link register save eliminated.
  33              		.loc 1 72 0
  34 0000 FFF7FEBF 		b	stm32_clock_init
  35              	.LVL0:
  36              		.cfi_endproc
  37              	.LFE255:
  38              		.size	__early_init, .-__early_init
  39 0004 AFF30080 		.section	.text.boardInit,"ax",%progbits
  39      AFF30080 
  39      AFF30080 
  40              		.align	2
  41              		.p2align 4,,15
  42              		.global	boardInit
  43              		.thumb
  44              		.thumb_func
  45              		.type	boardInit, %function
  46              	boardInit:
  47              	.LFB256:
  48              		.loc 1 123 0
  49              		.cfi_startproc
  50              		@ args = 0, pretend = 0, frame = 0
  51              		@ frame_needed = 0, uses_anonymous_args = 0
  52              		@ link register save eliminated.
  53 0000 7047     		bx	lr
  54              		.cfi_endproc
  55              	.LFE256:
ARM GAS  /tmp/cc5hvTB5.s 			page 2


  56              		.size	boardInit, .-boardInit
  57              		.global	pal_default_config
  58 0002 00BFAFF3 		.section	.rodata.pal_default_config,"a",%progbits
  58      0080AFF3 
  58      0080AFF3 
  58      0080
  59              		.align	2
  60              		.type	pal_default_config, %object
  61              		.size	pal_default_config, 168
  62              	pal_default_config:
  63 0000 00A8802A 		.word	713074688
  64 0004 00000000 		.word	0
  65 0008 00FCC03C 		.word	1019280384
  66 000c 54111564 		.word	1679102292
  67 0010 FFFF0000 		.word	65535
  68 0014 00005055 		.word	1431306240
  69 0018 00E00E00 		.word	974848
  70 001c 80A00000 		.word	41088
  71 0020 C0000000 		.word	192
  72 0024 C0F00000 		.word	61632
  73 0028 15055555 		.word	1431635221
  74 002c FFFF0000 		.word	65535
  75 0030 00000044 		.word	1140850688
  76 0034 00000000 		.word	0
  77 0038 00000000 		.word	0
  78 003c 00000000 		.word	0
  79 0040 000000F0 		.word	-268435456
  80 0044 55555505 		.word	89478485
  81 0048 FFFF0000 		.word	65535
  82 004c 00000000 		.word	0
  83 0050 00000000 		.word	0
  84 0054 00000000 		.word	0
  85 0058 00000000 		.word	0
  86 005c 00000000 		.word	0
  87 0060 55555555 		.word	1431655765
  88 0064 FFFF0000 		.word	65535
  89 0068 00000000 		.word	0
  90 006c 00000000 		.word	0
  91 0070 40005555 		.word	1431633984
  92 0074 00000000 		.word	0
  93 0078 C000FFFF 		.word	-65344
  94 007c 15551501 		.word	18175253
  95 0080 FF000000 		.word	255
  96 0084 00000000 		.word	0
  97 0088 00000000 		.word	0
  98 008c 00000000 		.word	0
  99 0090 00000000 		.word	0
 100 0094 0F000000 		.word	15
 101 0098 50555555 		.word	1431655760
 102 009c FFFF0000 		.word	65535
 103 00a0 00000000 		.word	0
 104 00a4 00000000 		.word	0
 105              		.text
 106              	.Letext0:
 107              		.file 2 "/nfs/nfs5/home/research/hardware/arm2/gcc-arm-embedded/gcc-arm-none-eabi-4_8-2014q2/arm-n
 108              		.file 3 "/nfs/nfs5/home/research/hardware/arm2/gcc-arm-embedded/gcc-arm-none-eabi-4_8-2014q2/arm-n
 109              		.file 4 "../ChibiOS/os/rt/ports/ARMCMx/compilers/GCC/chtypes.h"
ARM GAS  /tmp/cc5hvTB5.s 			page 3


 110              		.file 5 "../ChibiOS/os/rt/include/chsystypes.h"
 111              		.file 6 "../ChibiOS/os/rt/include/chschd.h"
 112              		.file 7 "../ChibiOS/os/rt/ports/ARMCMx/chcore.h"
 113              		.file 8 "../ChibiOS/os/rt/ports/ARMCMx/chcore_v7m.h"
 114              		.file 9 "../ChibiOS/os/rt/include/chtm.h"
 115              		.file 10 "../ChibiOS/os/rt/include/chmtx.h"
 116              		.file 11 "../ChibiOS/os/hal/ports/STM32/LLD/GPIOv2/pal_lld.h"
 117              		.file 12 "../ChibiOS/os/ext/CMSIS/include/core_cm4.h"
 118              		.file 13 "../ChibiOS/os/hal/ports/STM32/STM32F3xx/hal_lld.h"
 119              		.section	.debug_info,"",%progbits
 120              	.Ldebug_info0:
 121 0000 DC060000 		.4byte	0x6dc
 122 0004 0400     		.2byte	0x4
 123 0006 00000000 		.4byte	.Ldebug_abbrev0
 124 000a 04       		.byte	0x4
 125 000b 01       		.uleb128 0x1
 126 000c 14040000 		.4byte	.LASF110
 127 0010 01       		.byte	0x1
 128 0011 0F020000 		.4byte	.LASF111
 129 0015 14010000 		.4byte	.LASF112
 130 0019 00000000 		.4byte	.Ldebug_ranges0+0
 131 001d 00000000 		.4byte	0
 132 0021 00000000 		.4byte	.Ldebug_line0
 133 0025 02       		.uleb128 0x2
 134 0026 04       		.byte	0x4
 135 0027 05       		.byte	0x5
 136 0028 696E7400 		.ascii	"int\000"
 137 002c 03       		.uleb128 0x3
 138 002d 04       		.byte	0x4
 139 002e 07       		.byte	0x7
 140 002f A9010000 		.4byte	.LASF0
 141 0033 03       		.uleb128 0x3
 142 0034 01       		.byte	0x1
 143 0035 06       		.byte	0x6
 144 0036 CF000000 		.4byte	.LASF1
 145 003a 04       		.uleb128 0x4
 146 003b 30000000 		.4byte	.LASF5
 147 003f 02       		.byte	0x2
 148 0040 1C       		.byte	0x1c
 149 0041 45000000 		.4byte	0x45
 150 0045 03       		.uleb128 0x3
 151 0046 01       		.byte	0x1
 152 0047 08       		.byte	0x8
 153 0048 51030000 		.4byte	.LASF2
 154 004c 03       		.uleb128 0x3
 155 004d 02       		.byte	0x2
 156 004e 05       		.byte	0x5
 157 004f 6E030000 		.4byte	.LASF3
 158 0053 03       		.uleb128 0x3
 159 0054 02       		.byte	0x2
 160 0055 07       		.byte	0x7
 161 0056 E5010000 		.4byte	.LASF4
 162 005a 04       		.uleb128 0x4
 163 005b 73020000 		.4byte	.LASF6
 164 005f 02       		.byte	0x2
 165 0060 37       		.byte	0x37
 166 0061 65000000 		.4byte	0x65
ARM GAS  /tmp/cc5hvTB5.s 			page 4


 167 0065 03       		.uleb128 0x3
 168 0066 04       		.byte	0x4
 169 0067 05       		.byte	0x5
 170 0068 FB000000 		.4byte	.LASF7
 171 006c 04       		.uleb128 0x4
 172 006d 13050000 		.4byte	.LASF8
 173 0071 02       		.byte	0x2
 174 0072 38       		.byte	0x38
 175 0073 77000000 		.4byte	0x77
 176 0077 03       		.uleb128 0x3
 177 0078 04       		.byte	0x4
 178 0079 07       		.byte	0x7
 179 007a F4030000 		.4byte	.LASF9
 180 007e 03       		.uleb128 0x3
 181 007f 08       		.byte	0x8
 182 0080 05       		.byte	0x5
 183 0081 C1000000 		.4byte	.LASF10
 184 0085 04       		.uleb128 0x4
 185 0086 FB020000 		.4byte	.LASF11
 186 008a 02       		.byte	0x2
 187 008b 4E       		.byte	0x4e
 188 008c 90000000 		.4byte	0x90
 189 0090 03       		.uleb128 0x3
 190 0091 08       		.byte	0x8
 191 0092 07       		.byte	0x7
 192 0093 55000000 		.4byte	.LASF12
 193 0097 04       		.uleb128 0x4
 194 0098 63050000 		.4byte	.LASF13
 195 009c 03       		.byte	0x3
 196 009d 2A       		.byte	0x2a
 197 009e 3A000000 		.4byte	0x3a
 198 00a2 04       		.uleb128 0x4
 199 00a3 49030000 		.4byte	.LASF14
 200 00a7 03       		.byte	0x3
 201 00a8 41       		.byte	0x41
 202 00a9 5A000000 		.4byte	0x5a
 203 00ad 04       		.uleb128 0x4
 204 00ae CA030000 		.4byte	.LASF15
 205 00b2 03       		.byte	0x3
 206 00b3 42       		.byte	0x42
 207 00b4 6C000000 		.4byte	0x6c
 208 00b8 04       		.uleb128 0x4
 209 00b9 27000000 		.4byte	.LASF16
 210 00bd 03       		.byte	0x3
 211 00be 4E       		.byte	0x4e
 212 00bf 85000000 		.4byte	0x85
 213 00c3 05       		.uleb128 0x5
 214 00c4 A2000000 		.4byte	0xa2
 215 00c8 04       		.uleb128 0x4
 216 00c9 37050000 		.4byte	.LASF17
 217 00cd 04       		.byte	0x4
 218 00ce 45       		.byte	0x45
 219 00cf AD000000 		.4byte	0xad
 220 00d3 04       		.uleb128 0x4
 221 00d4 51020000 		.4byte	.LASF18
 222 00d8 04       		.byte	0x4
 223 00d9 48       		.byte	0x48
ARM GAS  /tmp/cc5hvTB5.s 			page 5


 224 00da 97000000 		.4byte	0x97
 225 00de 04       		.uleb128 0x4
 226 00df 0B010000 		.4byte	.LASF19
 227 00e3 04       		.byte	0x4
 228 00e4 49       		.byte	0x49
 229 00e5 97000000 		.4byte	0x97
 230 00e9 04       		.uleb128 0x4
 231 00ea 06030000 		.4byte	.LASF20
 232 00ee 04       		.byte	0x4
 233 00ef 4A       		.byte	0x4a
 234 00f0 97000000 		.4byte	0x97
 235 00f4 04       		.uleb128 0x4
 236 00f5 25030000 		.4byte	.LASF21
 237 00f9 04       		.byte	0x4
 238 00fa 4C       		.byte	0x4c
 239 00fb AD000000 		.4byte	0xad
 240 00ff 04       		.uleb128 0x4
 241 0100 09020000 		.4byte	.LASF22
 242 0104 04       		.byte	0x4
 243 0105 4D       		.byte	0x4d
 244 0106 A2000000 		.4byte	0xa2
 245 010a 04       		.uleb128 0x4
 246 010b 67020000 		.4byte	.LASF23
 247 010f 04       		.byte	0x4
 248 0110 4F       		.byte	0x4f
 249 0111 AD000000 		.4byte	0xad
 250 0115 04       		.uleb128 0x4
 251 0116 F5040000 		.4byte	.LASF24
 252 011a 05       		.byte	0x5
 253 011b 33       		.byte	0x33
 254 011c AD000000 		.4byte	0xad
 255 0120 04       		.uleb128 0x4
 256 0121 0B040000 		.4byte	.LASF25
 257 0125 05       		.byte	0x5
 258 0126 3F       		.byte	0x3f
 259 0127 2B010000 		.4byte	0x12b
 260 012b 06       		.uleb128 0x6
 261 012c FF010000 		.4byte	.LASF44
 262 0130 44       		.byte	0x44
 263 0131 06       		.byte	0x6
 264 0132 BE       		.byte	0xbe
 265 0133 18020000 		.4byte	0x218
 266 0137 07       		.uleb128 0x7
 267 0138 9F030000 		.4byte	.LASF26
 268 013c 06       		.byte	0x6
 269 013d BF       		.byte	0xbf
 270 013e FC040000 		.4byte	0x4fc
 271 0142 00       		.byte	0
 272 0143 07       		.uleb128 0x7
 273 0144 1E030000 		.4byte	.LASF27
 274 0148 06       		.byte	0x6
 275 0149 C1       		.byte	0xc1
 276 014a FC040000 		.4byte	0x4fc
 277 014e 04       		.byte	0x4
 278 014f 07       		.uleb128 0x7
 279 0150 BA000000 		.4byte	.LASF28
 280 0154 06       		.byte	0x6
ARM GAS  /tmp/cc5hvTB5.s 			page 6


 281 0155 C3       		.byte	0xc3
 282 0156 F4000000 		.4byte	0xf4
 283 015a 08       		.byte	0x8
 284 015b 07       		.uleb128 0x7
 285 015c BA050000 		.4byte	.LASF29
 286 0160 06       		.byte	0x6
 287 0161 C4       		.byte	0xc4
 288 0162 42040000 		.4byte	0x442
 289 0166 0C       		.byte	0xc
 290 0167 07       		.uleb128 0x7
 291 0168 52010000 		.4byte	.LASF30
 292 016c 06       		.byte	0x6
 293 016d C6       		.byte	0xc6
 294 016e FC040000 		.4byte	0x4fc
 295 0172 10       		.byte	0x10
 296 0173 07       		.uleb128 0x7
 297 0174 BE020000 		.4byte	.LASF31
 298 0178 06       		.byte	0x6
 299 0179 C7       		.byte	0xc7
 300 017a FC040000 		.4byte	0x4fc
 301 017e 14       		.byte	0x14
 302 017f 07       		.uleb128 0x7
 303 0180 72050000 		.4byte	.LASF32
 304 0184 06       		.byte	0x6
 305 0185 CE       		.byte	0xce
 306 0186 3A050000 		.4byte	0x53a
 307 018a 18       		.byte	0x18
 308 018b 07       		.uleb128 0x7
 309 018c 78030000 		.4byte	.LASF33
 310 0190 06       		.byte	0x6
 311 0191 D9       		.byte	0xd9
 312 0192 DE000000 		.4byte	0xde
 313 0196 1C       		.byte	0x1c
 314 0197 07       		.uleb128 0x7
 315 0198 A6030000 		.4byte	.LASF34
 316 019c 06       		.byte	0x6
 317 019d DD       		.byte	0xdd
 318 019e D3000000 		.4byte	0xd3
 319 01a2 1D       		.byte	0x1d
 320 01a3 07       		.uleb128 0x7
 321 01a4 56050000 		.4byte	.LASF35
 322 01a8 06       		.byte	0x6
 323 01a9 E2       		.byte	0xe2
 324 01aa E9000000 		.4byte	0xe9
 325 01ae 1E       		.byte	0x1e
 326 01af 08       		.uleb128 0x8
 327 01b0 705F7500 		.ascii	"p_u\000"
 328 01b4 06       		.byte	0x6
 329 01b5 1401     		.2byte	0x114
 330 01b7 02050000 		.4byte	0x502
 331 01bb 20       		.byte	0x20
 332 01bc 09       		.uleb128 0x9
 333 01bd 88020000 		.4byte	.LASF36
 334 01c1 06       		.byte	0x6
 335 01c2 1901     		.2byte	0x119
 336 01c4 18020000 		.4byte	0x218
 337 01c8 24       		.byte	0x24
ARM GAS  /tmp/cc5hvTB5.s 			page 7


 338 01c9 09       		.uleb128 0x9
 339 01ca BE010000 		.4byte	.LASF37
 340 01ce 06       		.byte	0x6
 341 01cf 1F01     		.2byte	0x11f
 342 01d1 3C020000 		.4byte	0x23c
 343 01d5 28       		.byte	0x28
 344 01d6 09       		.uleb128 0x9
 345 01d7 8F050000 		.4byte	.LASF38
 346 01db 06       		.byte	0x6
 347 01dc 2301     		.2byte	0x123
 348 01de FF000000 		.4byte	0xff
 349 01e2 30       		.byte	0x30
 350 01e3 09       		.uleb128 0x9
 351 01e4 BF030000 		.4byte	.LASF39
 352 01e8 06       		.byte	0x6
 353 01e9 2901     		.2byte	0x129
 354 01eb 0A010000 		.4byte	0x10a
 355 01ef 34       		.byte	0x34
 356 01f0 09       		.uleb128 0x9
 357 01f1 64030000 		.4byte	.LASF40
 358 01f5 06       		.byte	0x6
 359 01f6 3001     		.2byte	0x130
 360 01f8 7D050000 		.4byte	0x57d
 361 01fc 38       		.byte	0x38
 362 01fd 09       		.uleb128 0x9
 363 01fe FF040000 		.4byte	.LASF41
 364 0202 06       		.byte	0x6
 365 0203 3401     		.2byte	0x134
 366 0205 F4000000 		.4byte	0xf4
 367 0209 3C       		.byte	0x3c
 368 020a 09       		.uleb128 0x9
 369 020b DB000000 		.4byte	.LASF42
 370 020f 06       		.byte	0x6
 371 0210 3A01     		.2byte	0x13a
 372 0212 EF020000 		.4byte	0x2ef
 373 0216 40       		.byte	0x40
 374 0217 00       		.byte	0
 375 0218 04       		.uleb128 0x4
 376 0219 80050000 		.4byte	.LASF43
 377 021d 05       		.byte	0x5
 378 021e 44       		.byte	0x44
 379 021f 23020000 		.4byte	0x223
 380 0223 06       		.uleb128 0x6
 381 0224 E4030000 		.4byte	.LASF45
 382 0228 04       		.byte	0x4
 383 0229 06       		.byte	0x6
 384 022a AC       		.byte	0xac
 385 022b 3C020000 		.4byte	0x23c
 386 022f 07       		.uleb128 0x7
 387 0230 9F030000 		.4byte	.LASF26
 388 0234 06       		.byte	0x6
 389 0235 AD       		.byte	0xad
 390 0236 FC040000 		.4byte	0x4fc
 391 023a 00       		.byte	0
 392 023b 00       		.byte	0
 393 023c 04       		.uleb128 0x4
 394 023d 46050000 		.4byte	.LASF46
ARM GAS  /tmp/cc5hvTB5.s 			page 8


 395 0241 05       		.byte	0x5
 396 0242 4B       		.byte	0x4b
 397 0243 47020000 		.4byte	0x247
 398 0247 06       		.uleb128 0x6
 399 0248 A9000000 		.4byte	.LASF47
 400 024c 08       		.byte	0x8
 401 024d 06       		.byte	0x6
 402 024e B3       		.byte	0xb3
 403 024f 6C020000 		.4byte	0x26c
 404 0253 07       		.uleb128 0x7
 405 0254 9F030000 		.4byte	.LASF26
 406 0258 06       		.byte	0x6
 407 0259 B4       		.byte	0xb4
 408 025a FC040000 		.4byte	0x4fc
 409 025e 00       		.byte	0
 410 025f 07       		.uleb128 0x7
 411 0260 1E030000 		.4byte	.LASF27
 412 0264 06       		.byte	0x6
 413 0265 B5       		.byte	0xb5
 414 0266 FC040000 		.4byte	0x4fc
 415 026a 04       		.byte	0x4
 416 026b 00       		.byte	0
 417 026c 04       		.uleb128 0x4
 418 026d 13000000 		.4byte	.LASF48
 419 0271 05       		.byte	0x5
 420 0272 52       		.byte	0x52
 421 0273 77020000 		.4byte	0x277
 422 0277 0A       		.uleb128 0xa
 423 0278 59020000 		.4byte	.LASF49
 424 027c 1C       		.byte	0x1c
 425 027d 06       		.byte	0x6
 426 027e 7201     		.2byte	0x172
 427 0280 D3020000 		.4byte	0x2d3
 428 0284 09       		.uleb128 0x9
 429 0285 D3030000 		.4byte	.LASF50
 430 0289 06       		.byte	0x6
 431 028a 7301     		.2byte	0x173
 432 028c 3C020000 		.4byte	0x23c
 433 0290 00       		.byte	0
 434 0291 09       		.uleb128 0x9
 435 0292 8A030000 		.4byte	.LASF51
 436 0296 06       		.byte	0x6
 437 0297 7401     		.2byte	0x174
 438 0299 F4000000 		.4byte	0xf4
 439 029d 08       		.byte	0x8
 440 029e 09       		.uleb128 0x9
 441 029f C6020000 		.4byte	.LASF52
 442 02a3 06       		.byte	0x6
 443 02a4 7601     		.2byte	0x176
 444 02a6 42040000 		.4byte	0x442
 445 02aa 0C       		.byte	0xc
 446 02ab 09       		.uleb128 0x9
 447 02ac 5A010000 		.4byte	.LASF53
 448 02b0 06       		.byte	0x6
 449 02b1 7901     		.2byte	0x179
 450 02b3 FC040000 		.4byte	0x4fc
 451 02b7 10       		.byte	0x10
ARM GAS  /tmp/cc5hvTB5.s 			page 9


 452 02b8 09       		.uleb128 0x9
 453 02b9 F3020000 		.4byte	.LASF54
 454 02bd 06       		.byte	0x6
 455 02be 7A01     		.2byte	0x17a
 456 02c0 FC040000 		.4byte	0x4fc
 457 02c4 14       		.byte	0x14
 458 02c5 09       		.uleb128 0x9
 459 02c6 E9020000 		.4byte	.LASF55
 460 02ca 06       		.byte	0x6
 461 02cb 7D01     		.2byte	0x17d
 462 02cd FC040000 		.4byte	0x4fc
 463 02d1 18       		.byte	0x18
 464 02d2 00       		.byte	0
 465 02d3 04       		.uleb128 0x4
 466 02d4 0A050000 		.4byte	.LASF56
 467 02d8 05       		.byte	0x5
 468 02d9 57       		.byte	0x57
 469 02da DE020000 		.4byte	0x2de
 470 02de 0B       		.uleb128 0xb
 471 02df 04       		.byte	0x4
 472 02e0 E4020000 		.4byte	0x2e4
 473 02e4 0C       		.uleb128 0xc
 474 02e5 EF020000 		.4byte	0x2ef
 475 02e9 0D       		.uleb128 0xd
 476 02ea EF020000 		.4byte	0x2ef
 477 02ee 00       		.byte	0
 478 02ef 0E       		.uleb128 0xe
 479 02f0 04       		.byte	0x4
 480 02f1 04       		.uleb128 0x4
 481 02f2 0E030000 		.4byte	.LASF57
 482 02f6 05       		.byte	0x5
 483 02f7 5C       		.byte	0x5c
 484 02f8 FC020000 		.4byte	0x2fc
 485 02fc 0A       		.uleb128 0xa
 486 02fd AE030000 		.4byte	.LASF58
 487 0301 14       		.byte	0x14
 488 0302 06       		.byte	0x6
 489 0303 4D01     		.2byte	0x14d
 490 0305 4B030000 		.4byte	0x34b
 491 0309 09       		.uleb128 0x9
 492 030a B6010000 		.4byte	.LASF59
 493 030e 06       		.byte	0x6
 494 030f 4E01     		.2byte	0x14e
 495 0311 83050000 		.4byte	0x583
 496 0315 00       		.byte	0
 497 0316 09       		.uleb128 0x9
 498 0317 6B010000 		.4byte	.LASF60
 499 031b 06       		.byte	0x6
 500 031c 4F01     		.2byte	0x14f
 501 031e 83050000 		.4byte	0x583
 502 0322 04       		.byte	0x4
 503 0323 09       		.uleb128 0x9
 504 0324 DB030000 		.4byte	.LASF61
 505 0328 06       		.byte	0x6
 506 0329 5001     		.2byte	0x150
 507 032b 15010000 		.4byte	0x115
 508 032f 08       		.byte	0x8
ARM GAS  /tmp/cc5hvTB5.s 			page 10


 509 0330 09       		.uleb128 0x9
 510 0331 C0050000 		.4byte	.LASF62
 511 0335 06       		.byte	0x6
 512 0336 5101     		.2byte	0x151
 513 0338 D3020000 		.4byte	0x2d3
 514 033c 0C       		.byte	0xc
 515 033d 09       		.uleb128 0x9
 516 033e 3F050000 		.4byte	.LASF63
 517 0342 06       		.byte	0x6
 518 0343 5301     		.2byte	0x153
 519 0345 EF020000 		.4byte	0x2ef
 520 0349 10       		.byte	0x10
 521 034a 00       		.byte	0
 522 034b 04       		.uleb128 0x4
 523 034c 86000000 		.4byte	.LASF64
 524 0350 05       		.byte	0x5
 525 0351 61       		.byte	0x61
 526 0352 56030000 		.4byte	0x356
 527 0356 0A       		.uleb128 0xa
 528 0357 9B020000 		.4byte	.LASF65
 529 035b 10       		.byte	0x10
 530 035c 06       		.byte	0x6
 531 035d 5D01     		.2byte	0x15d
 532 035f 98030000 		.4byte	0x398
 533 0363 09       		.uleb128 0x9
 534 0364 B6010000 		.4byte	.LASF59
 535 0368 06       		.byte	0x6
 536 0369 5E01     		.2byte	0x15e
 537 036b 83050000 		.4byte	0x583
 538 036f 00       		.byte	0
 539 0370 09       		.uleb128 0x9
 540 0371 6B010000 		.4byte	.LASF60
 541 0375 06       		.byte	0x6
 542 0376 6001     		.2byte	0x160
 543 0378 83050000 		.4byte	0x583
 544 037c 04       		.byte	0x4
 545 037d 09       		.uleb128 0x9
 546 037e DB030000 		.4byte	.LASF61
 547 0382 06       		.byte	0x6
 548 0383 6201     		.2byte	0x162
 549 0385 15010000 		.4byte	0x115
 550 0389 08       		.byte	0x8
 551 038a 09       		.uleb128 0x9
 552 038b B2020000 		.4byte	.LASF66
 553 038f 06       		.byte	0x6
 554 0390 6A01     		.2byte	0x16a
 555 0392 15010000 		.4byte	0x115
 556 0396 0C       		.byte	0xc
 557 0397 00       		.byte	0
 558 0398 04       		.uleb128 0x4
 559 0399 46000000 		.4byte	.LASF67
 560 039d 05       		.byte	0x5
 561 039e 66       		.byte	0x66
 562 039f A3030000 		.4byte	0x3a3
 563 03a3 0A       		.uleb128 0xa
 564 03a4 33030000 		.4byte	.LASF68
 565 03a8 04       		.byte	0x4
ARM GAS  /tmp/cc5hvTB5.s 			page 11


 566 03a9 06       		.byte	0x6
 567 03aa 8401     		.2byte	0x184
 568 03ac BE030000 		.4byte	0x3be
 569 03b0 09       		.uleb128 0x9
 570 03b1 1E050000 		.4byte	.LASF69
 571 03b5 06       		.byte	0x6
 572 03b6 8C01     		.2byte	0x18c
 573 03b8 89050000 		.4byte	0x589
 574 03bc 00       		.byte	0
 575 03bd 00       		.byte	0
 576 03be 04       		.uleb128 0x4
 577 03bf 45020000 		.4byte	.LASF70
 578 03c3 05       		.byte	0x5
 579 03c4 6B       		.byte	0x6b
 580 03c5 C9030000 		.4byte	0x3c9
 581 03c9 0F       		.uleb128 0xf
 582 03ca F1000000 		.4byte	.LASF71
 583 03ce 5001     		.2byte	0x150
 584 03d0 06       		.byte	0x6
 585 03d1 A401     		.2byte	0x1a4
 586 03d3 25040000 		.4byte	0x425
 587 03d7 09       		.uleb128 0x9
 588 03d8 5D050000 		.4byte	.LASF72
 589 03dc 06       		.byte	0x6
 590 03dd A801     		.2byte	0x1a8
 591 03df 6C020000 		.4byte	0x26c
 592 03e3 00       		.byte	0
 593 03e4 09       		.uleb128 0x9
 594 03e5 73010000 		.4byte	.LASF73
 595 03e9 06       		.byte	0x6
 596 03ea AC01     		.2byte	0x1ac
 597 03ec 4B030000 		.4byte	0x34b
 598 03f0 1C       		.byte	0x1c
 599 03f1 08       		.uleb128 0x8
 600 03f2 64626700 		.ascii	"dbg\000"
 601 03f6 06       		.byte	0x6
 602 03f7 B001     		.2byte	0x1b0
 603 03f9 98030000 		.4byte	0x398
 604 03fd 2C       		.byte	0x2c
 605 03fe 09       		.uleb128 0x9
 606 03ff 7B000000 		.4byte	.LASF74
 607 0403 06       		.byte	0x6
 608 0404 B401     		.2byte	0x1b4
 609 0406 20010000 		.4byte	0x120
 610 040a 30       		.byte	0x30
 611 040b 08       		.uleb128 0x8
 612 040c 746D00   		.ascii	"tm\000"
 613 040f 06       		.byte	0x6
 614 0410 B901     		.2byte	0x1b9
 615 0412 F1040000 		.4byte	0x4f1
 616 0416 74       		.byte	0x74
 617 0417 09       		.uleb128 0x9
 618 0418 9A010000 		.4byte	.LASF75
 619 041c 06       		.byte	0x6
 620 041d C501     		.2byte	0x1c5
 621 041f 8E050000 		.4byte	0x58e
 622 0423 78       		.byte	0x78
ARM GAS  /tmp/cc5hvTB5.s 			page 12


 623 0424 00       		.byte	0
 624 0425 03       		.uleb128 0x3
 625 0426 04       		.byte	0x4
 626 0427 07       		.byte	0x7
 627 0428 92020000 		.4byte	.LASF76
 628 042c 04       		.uleb128 0x4
 629 042d 62010000 		.4byte	.LASF77
 630 0431 07       		.byte	0x7
 631 0432 85       		.byte	0x85
 632 0433 EF020000 		.4byte	0x2ef
 633 0437 04       		.uleb128 0x4
 634 0438 7D020000 		.4byte	.LASF78
 635 043c 07       		.byte	0x7
 636 043d 8D       		.byte	0x8d
 637 043e B8000000 		.4byte	0xb8
 638 0442 06       		.uleb128 0x6
 639 0443 2F050000 		.4byte	.LASF79
 640 0447 04       		.byte	0x4
 641 0448 07       		.byte	0x7
 642 0449 A9       		.byte	0xa9
 643 044a 5B040000 		.4byte	0x45b
 644 044e 10       		.uleb128 0x10
 645 044f 72313300 		.ascii	"r13\000"
 646 0453 07       		.byte	0x7
 647 0454 AA       		.byte	0xaa
 648 0455 D6040000 		.4byte	0x4d6
 649 0459 00       		.byte	0
 650 045a 00       		.byte	0
 651 045b 06       		.uleb128 0x6
 652 045c 3A000000 		.4byte	.LASF80
 653 0460 24       		.byte	0x24
 654 0461 08       		.byte	0x8
 655 0462 F4       		.byte	0xf4
 656 0463 D6040000 		.4byte	0x4d6
 657 0467 08       		.uleb128 0x8
 658 0468 723400   		.ascii	"r4\000"
 659 046b 08       		.byte	0x8
 660 046c 0701     		.2byte	0x107
 661 046e 2C040000 		.4byte	0x42c
 662 0472 00       		.byte	0
 663 0473 08       		.uleb128 0x8
 664 0474 723500   		.ascii	"r5\000"
 665 0477 08       		.byte	0x8
 666 0478 0801     		.2byte	0x108
 667 047a 2C040000 		.4byte	0x42c
 668 047e 04       		.byte	0x4
 669 047f 08       		.uleb128 0x8
 670 0480 723600   		.ascii	"r6\000"
 671 0483 08       		.byte	0x8
 672 0484 0901     		.2byte	0x109
 673 0486 2C040000 		.4byte	0x42c
 674 048a 08       		.byte	0x8
 675 048b 08       		.uleb128 0x8
 676 048c 723700   		.ascii	"r7\000"
 677 048f 08       		.byte	0x8
 678 0490 0A01     		.2byte	0x10a
 679 0492 2C040000 		.4byte	0x42c
ARM GAS  /tmp/cc5hvTB5.s 			page 13


 680 0496 0C       		.byte	0xc
 681 0497 08       		.uleb128 0x8
 682 0498 723800   		.ascii	"r8\000"
 683 049b 08       		.byte	0x8
 684 049c 0B01     		.2byte	0x10b
 685 049e 2C040000 		.4byte	0x42c
 686 04a2 10       		.byte	0x10
 687 04a3 08       		.uleb128 0x8
 688 04a4 723900   		.ascii	"r9\000"
 689 04a7 08       		.byte	0x8
 690 04a8 0C01     		.2byte	0x10c
 691 04aa 2C040000 		.4byte	0x42c
 692 04ae 14       		.byte	0x14
 693 04af 08       		.uleb128 0x8
 694 04b0 72313000 		.ascii	"r10\000"
 695 04b4 08       		.byte	0x8
 696 04b5 0D01     		.2byte	0x10d
 697 04b7 2C040000 		.4byte	0x42c
 698 04bb 18       		.byte	0x18
 699 04bc 08       		.uleb128 0x8
 700 04bd 72313100 		.ascii	"r11\000"
 701 04c1 08       		.byte	0x8
 702 04c2 0E01     		.2byte	0x10e
 703 04c4 2C040000 		.4byte	0x42c
 704 04c8 1C       		.byte	0x1c
 705 04c9 08       		.uleb128 0x8
 706 04ca 6C7200   		.ascii	"lr\000"
 707 04cd 08       		.byte	0x8
 708 04ce 0F01     		.2byte	0x10f
 709 04d0 2C040000 		.4byte	0x42c
 710 04d4 20       		.byte	0x20
 711 04d5 00       		.byte	0
 712 04d6 0B       		.uleb128 0xb
 713 04d7 04       		.byte	0x4
 714 04d8 5B040000 		.4byte	0x45b
 715 04dc 11       		.uleb128 0x11
 716 04dd 04       		.byte	0x4
 717 04de 09       		.byte	0x9
 718 04df 38       		.byte	0x38
 719 04e0 F1040000 		.4byte	0x4f1
 720 04e4 07       		.uleb128 0x7
 721 04e5 28050000 		.4byte	.LASF81
 722 04e9 09       		.byte	0x9
 723 04ea 3C       		.byte	0x3c
 724 04eb C8000000 		.4byte	0xc8
 725 04ef 00       		.byte	0
 726 04f0 00       		.byte	0
 727 04f1 04       		.uleb128 0x4
 728 04f2 CC020000 		.4byte	.LASF82
 729 04f6 09       		.byte	0x9
 730 04f7 3D       		.byte	0x3d
 731 04f8 DC040000 		.4byte	0x4dc
 732 04fc 0B       		.uleb128 0xb
 733 04fd 04       		.byte	0x4
 734 04fe 20010000 		.4byte	0x120
 735 0502 12       		.uleb128 0x12
 736 0503 04       		.byte	0x4
ARM GAS  /tmp/cc5hvTB5.s 			page 14


 737 0504 06       		.byte	0x6
 738 0505 F6       		.byte	0xf6
 739 0506 3A050000 		.4byte	0x53a
 740 050a 13       		.uleb128 0x13
 741 050b 20000000 		.4byte	.LASF83
 742 050f 06       		.byte	0x6
 743 0510 FD       		.byte	0xfd
 744 0511 FF000000 		.4byte	0xff
 745 0515 14       		.uleb128 0x14
 746 0516 72000000 		.4byte	.LASF84
 747 051a 06       		.byte	0x6
 748 051b 0401     		.2byte	0x104
 749 051d FF000000 		.4byte	0xff
 750 0521 14       		.uleb128 0x14
 751 0522 6B050000 		.4byte	.LASF85
 752 0526 06       		.byte	0x6
 753 0527 0B01     		.2byte	0x10b
 754 0529 EF020000 		.4byte	0x2ef
 755 052d 14       		.uleb128 0x14
 756 052e 98030000 		.4byte	.LASF86
 757 0532 06       		.byte	0x6
 758 0533 1201     		.2byte	0x112
 759 0535 0A010000 		.4byte	0x10a
 760 0539 00       		.byte	0
 761 053a 0B       		.uleb128 0xb
 762 053b 04       		.byte	0x4
 763 053c 40050000 		.4byte	0x540
 764 0540 15       		.uleb128 0x15
 765 0541 45050000 		.4byte	0x545
 766 0545 03       		.uleb128 0x3
 767 0546 01       		.byte	0x1
 768 0547 08       		.byte	0x8
 769 0548 06040000 		.4byte	.LASF87
 770 054c 06       		.uleb128 0x6
 771 054d 2D030000 		.4byte	.LASF88
 772 0551 10       		.byte	0x10
 773 0552 0A       		.byte	0xa
 774 0553 39       		.byte	0x39
 775 0554 7D050000 		.4byte	0x57d
 776 0558 07       		.uleb128 0x7
 777 0559 E3000000 		.4byte	.LASF89
 778 055d 0A       		.byte	0xa
 779 055e 3A       		.byte	0x3a
 780 055f 3C020000 		.4byte	0x23c
 781 0563 00       		.byte	0
 782 0564 07       		.uleb128 0x7
 783 0565 9F050000 		.4byte	.LASF90
 784 0569 0A       		.byte	0xa
 785 056a 3C       		.byte	0x3c
 786 056b FC040000 		.4byte	0x4fc
 787 056f 08       		.byte	0x8
 788 0570 07       		.uleb128 0x7
 789 0571 EE040000 		.4byte	.LASF91
 790 0575 0A       		.byte	0xa
 791 0576 3E       		.byte	0x3e
 792 0577 A9050000 		.4byte	0x5a9
 793 057b 0C       		.byte	0xc
ARM GAS  /tmp/cc5hvTB5.s 			page 15


 794 057c 00       		.byte	0
 795 057d 0B       		.uleb128 0xb
 796 057e 04       		.byte	0x4
 797 057f 4C050000 		.4byte	0x54c
 798 0583 0B       		.uleb128 0xb
 799 0584 04       		.byte	0x4
 800 0585 F1020000 		.4byte	0x2f1
 801 0589 05       		.uleb128 0x5
 802 058a 3A050000 		.4byte	0x53a
 803 058e 16       		.uleb128 0x16
 804 058f 37040000 		.4byte	0x437
 805 0593 9E050000 		.4byte	0x59e
 806 0597 17       		.uleb128 0x17
 807 0598 25040000 		.4byte	0x425
 808 059c 1A       		.byte	0x1a
 809 059d 00       		.byte	0
 810 059e 04       		.uleb128 0x4
 811 059f 8B010000 		.4byte	.LASF92
 812 05a3 0A       		.byte	0xa
 813 05a4 34       		.byte	0x34
 814 05a5 4C050000 		.4byte	0x54c
 815 05a9 0B       		.uleb128 0xb
 816 05aa 04       		.byte	0x4
 817 05ab 9E050000 		.4byte	0x59e
 818 05af 03       		.uleb128 0x3
 819 05b0 01       		.byte	0x1
 820 05b1 02       		.byte	0x2
 821 05b2 43030000 		.4byte	.LASF93
 822 05b6 11       		.uleb128 0x11
 823 05b7 1C       		.byte	0x1c
 824 05b8 0B       		.byte	0xb
 825 05b9 C1       		.byte	0xc1
 826 05ba 13060000 		.4byte	0x613
 827 05be 07       		.uleb128 0x7
 828 05bf EB000000 		.4byte	.LASF94
 829 05c3 0B       		.byte	0xb
 830 05c4 C3       		.byte	0xc3
 831 05c5 AD000000 		.4byte	0xad
 832 05c9 00       		.byte	0
 833 05ca 07       		.uleb128 0x7
 834 05cb D1010000 		.4byte	.LASF95
 835 05cf 0B       		.byte	0xb
 836 05d0 C5       		.byte	0xc5
 837 05d1 AD000000 		.4byte	0xad
 838 05d5 04       		.byte	0x4
 839 05d6 07       		.uleb128 0x7
 840 05d7 C9010000 		.4byte	.LASF96
 841 05db 0B       		.byte	0xb
 842 05dc C7       		.byte	0xc7
 843 05dd AD000000 		.4byte	0xad
 844 05e1 08       		.byte	0x8
 845 05e2 07       		.uleb128 0x7
 846 05e3 6C000000 		.4byte	.LASF97
 847 05e7 0B       		.byte	0xb
 848 05e8 C9       		.byte	0xc9
 849 05e9 AD000000 		.4byte	0xad
 850 05ed 0C       		.byte	0xc
ARM GAS  /tmp/cc5hvTB5.s 			page 16


 851 05ee 10       		.uleb128 0x10
 852 05ef 6F647200 		.ascii	"odr\000"
 853 05f3 0B       		.byte	0xb
 854 05f4 CB       		.byte	0xcb
 855 05f5 AD000000 		.4byte	0xad
 856 05f9 10       		.byte	0x10
 857 05fa 07       		.uleb128 0x7
 858 05fb 5F030000 		.4byte	.LASF98
 859 05ff 0B       		.byte	0xb
 860 0600 CD       		.byte	0xcd
 861 0601 AD000000 		.4byte	0xad
 862 0605 14       		.byte	0x14
 863 0606 07       		.uleb128 0x7
 864 0607 DD020000 		.4byte	.LASF99
 865 060b 0B       		.byte	0xb
 866 060c CF       		.byte	0xcf
 867 060d AD000000 		.4byte	0xad
 868 0611 18       		.byte	0x18
 869 0612 00       		.byte	0
 870 0613 04       		.uleb128 0x4
 871 0614 00000000 		.4byte	.LASF100
 872 0618 0B       		.byte	0xb
 873 0619 D0       		.byte	0xd0
 874 061a B6050000 		.4byte	0x5b6
 875 061e 11       		.uleb128 0x11
 876 061f A8       		.byte	0xa8
 877 0620 0B       		.byte	0xb
 878 0621 D9       		.byte	0xd9
 879 0622 6F060000 		.4byte	0x66f
 880 0626 07       		.uleb128 0x7
 881 0627 91030000 		.4byte	.LASF101
 882 062b 0B       		.byte	0xb
 883 062c DC       		.byte	0xdc
 884 062d 13060000 		.4byte	0x613
 885 0631 00       		.byte	0
 886 0632 07       		.uleb128 0x7
 887 0633 93010000 		.4byte	.LASF102
 888 0637 0B       		.byte	0xb
 889 0638 E0       		.byte	0xe0
 890 0639 13060000 		.4byte	0x613
 891 063d 1C       		.byte	0x1c
 892 063e 07       		.uleb128 0x7
 893 063f 79050000 		.4byte	.LASF103
 894 0643 0B       		.byte	0xb
 895 0644 E4       		.byte	0xe4
 896 0645 13060000 		.4byte	0x613
 897 0649 38       		.byte	0x38
 898 064a 07       		.uleb128 0x7
 899 064b E2020000 		.4byte	.LASF104
 900 064f 0B       		.byte	0xb
 901 0650 E8       		.byte	0xe8
 902 0651 13060000 		.4byte	0x613
 903 0655 54       		.byte	0x54
 904 0656 07       		.uleb128 0x7
 905 0657 04010000 		.4byte	.LASF105
 906 065b 0B       		.byte	0xb
 907 065c EC       		.byte	0xec
ARM GAS  /tmp/cc5hvTB5.s 			page 17


 908 065d 13060000 		.4byte	0x613
 909 0661 70       		.byte	0x70
 910 0662 07       		.uleb128 0x7
 911 0663 F8010000 		.4byte	.LASF106
 912 0667 0B       		.byte	0xb
 913 0668 F0       		.byte	0xf0
 914 0669 13060000 		.4byte	0x613
 915 066d 8C       		.byte	0x8c
 916 066e 00       		.byte	0
 917 066f 04       		.uleb128 0x4
 918 0670 95050000 		.4byte	.LASF107
 919 0674 0B       		.byte	0xb
 920 0675 FE       		.byte	0xfe
 921 0676 1E060000 		.4byte	0x61e
 922 067a 18       		.uleb128 0x18
 923 067b D8010000 		.4byte	.LASF113
 924 067f 01       		.byte	0x1
 925 0680 46       		.byte	0x46
 926 0681 00000000 		.4byte	.LFB255
 927 0685 04000000 		.4byte	.LFE255-.LFB255
 928 0689 01       		.uleb128 0x1
 929 068a 9C       		.byte	0x9c
 930 068b 99060000 		.4byte	0x699
 931 068f 19       		.uleb128 0x19
 932 0690 04000000 		.4byte	.LVL0
 933 0694 D7060000 		.4byte	0x6d7
 934 0698 00       		.byte	0
 935 0699 1A       		.uleb128 0x1a
 936 069a 80030000 		.4byte	.LASF114
 937 069e 01       		.byte	0x1
 938 069f 7B       		.byte	0x7b
 939 06a0 00000000 		.4byte	.LFB256
 940 06a4 02000000 		.4byte	.LFE256-.LFB256
 941 06a8 01       		.uleb128 0x1
 942 06a9 9C       		.byte	0x9c
 943 06aa 1B       		.uleb128 0x1b
 944 06ab 9C000000 		.4byte	.LASF108
 945 06af 0C       		.byte	0xc
 946 06b0 A706     		.2byte	0x6a7
 947 06b2 C3000000 		.4byte	0xc3
 948 06b6 1C       		.uleb128 0x1c
 949 06b7 636800   		.ascii	"ch\000"
 950 06ba 06       		.byte	0x6
 951 06bb EB01     		.2byte	0x1eb
 952 06bd BE030000 		.4byte	0x3be
 953 06c1 1D       		.uleb128 0x1d
 954 06c2 A7050000 		.4byte	.LASF109
 955 06c6 01       		.byte	0x1
 956 06c7 19       		.byte	0x19
 957 06c8 D2060000 		.4byte	0x6d2
 958 06cc 05       		.uleb128 0x5
 959 06cd 03       		.byte	0x3
 960 06ce 00000000 		.4byte	pal_default_config
 961 06d2 15       		.uleb128 0x15
 962 06d3 6F060000 		.4byte	0x66f
 963 06d7 1E       		.uleb128 0x1e
 964 06d8 7A010000 		.4byte	.LASF115
ARM GAS  /tmp/cc5hvTB5.s 			page 18


 965 06dc 0D       		.byte	0xd
 966 06dd 7704     		.2byte	0x477
 967 06df 00       		.byte	0
 968              		.section	.debug_abbrev,"",%progbits
 969              	.Ldebug_abbrev0:
 970 0000 01       		.uleb128 0x1
 971 0001 11       		.uleb128 0x11
 972 0002 01       		.byte	0x1
 973 0003 25       		.uleb128 0x25
 974 0004 0E       		.uleb128 0xe
 975 0005 13       		.uleb128 0x13
 976 0006 0B       		.uleb128 0xb
 977 0007 03       		.uleb128 0x3
 978 0008 0E       		.uleb128 0xe
 979 0009 1B       		.uleb128 0x1b
 980 000a 0E       		.uleb128 0xe
 981 000b 55       		.uleb128 0x55
 982 000c 17       		.uleb128 0x17
 983 000d 11       		.uleb128 0x11
 984 000e 01       		.uleb128 0x1
 985 000f 10       		.uleb128 0x10
 986 0010 17       		.uleb128 0x17
 987 0011 00       		.byte	0
 988 0012 00       		.byte	0
 989 0013 02       		.uleb128 0x2
 990 0014 24       		.uleb128 0x24
 991 0015 00       		.byte	0
 992 0016 0B       		.uleb128 0xb
 993 0017 0B       		.uleb128 0xb
 994 0018 3E       		.uleb128 0x3e
 995 0019 0B       		.uleb128 0xb
 996 001a 03       		.uleb128 0x3
 997 001b 08       		.uleb128 0x8
 998 001c 00       		.byte	0
 999 001d 00       		.byte	0
 1000 001e 03       		.uleb128 0x3
 1001 001f 24       		.uleb128 0x24
 1002 0020 00       		.byte	0
 1003 0021 0B       		.uleb128 0xb
 1004 0022 0B       		.uleb128 0xb
 1005 0023 3E       		.uleb128 0x3e
 1006 0024 0B       		.uleb128 0xb
 1007 0025 03       		.uleb128 0x3
 1008 0026 0E       		.uleb128 0xe
 1009 0027 00       		.byte	0
 1010 0028 00       		.byte	0
 1011 0029 04       		.uleb128 0x4
 1012 002a 16       		.uleb128 0x16
 1013 002b 00       		.byte	0
 1014 002c 03       		.uleb128 0x3
 1015 002d 0E       		.uleb128 0xe
 1016 002e 3A       		.uleb128 0x3a
 1017 002f 0B       		.uleb128 0xb
 1018 0030 3B       		.uleb128 0x3b
 1019 0031 0B       		.uleb128 0xb
 1020 0032 49       		.uleb128 0x49
 1021 0033 13       		.uleb128 0x13
ARM GAS  /tmp/cc5hvTB5.s 			page 19


 1022 0034 00       		.byte	0
 1023 0035 00       		.byte	0
 1024 0036 05       		.uleb128 0x5
 1025 0037 35       		.uleb128 0x35
 1026 0038 00       		.byte	0
 1027 0039 49       		.uleb128 0x49
 1028 003a 13       		.uleb128 0x13
 1029 003b 00       		.byte	0
 1030 003c 00       		.byte	0
 1031 003d 06       		.uleb128 0x6
 1032 003e 13       		.uleb128 0x13
 1033 003f 01       		.byte	0x1
 1034 0040 03       		.uleb128 0x3
 1035 0041 0E       		.uleb128 0xe
 1036 0042 0B       		.uleb128 0xb
 1037 0043 0B       		.uleb128 0xb
 1038 0044 3A       		.uleb128 0x3a
 1039 0045 0B       		.uleb128 0xb
 1040 0046 3B       		.uleb128 0x3b
 1041 0047 0B       		.uleb128 0xb
 1042 0048 01       		.uleb128 0x1
 1043 0049 13       		.uleb128 0x13
 1044 004a 00       		.byte	0
 1045 004b 00       		.byte	0
 1046 004c 07       		.uleb128 0x7
 1047 004d 0D       		.uleb128 0xd
 1048 004e 00       		.byte	0
 1049 004f 03       		.uleb128 0x3
 1050 0050 0E       		.uleb128 0xe
 1051 0051 3A       		.uleb128 0x3a
 1052 0052 0B       		.uleb128 0xb
 1053 0053 3B       		.uleb128 0x3b
 1054 0054 0B       		.uleb128 0xb
 1055 0055 49       		.uleb128 0x49
 1056 0056 13       		.uleb128 0x13
 1057 0057 38       		.uleb128 0x38
 1058 0058 0B       		.uleb128 0xb
 1059 0059 00       		.byte	0
 1060 005a 00       		.byte	0
 1061 005b 08       		.uleb128 0x8
 1062 005c 0D       		.uleb128 0xd
 1063 005d 00       		.byte	0
 1064 005e 03       		.uleb128 0x3
 1065 005f 08       		.uleb128 0x8
 1066 0060 3A       		.uleb128 0x3a
 1067 0061 0B       		.uleb128 0xb
 1068 0062 3B       		.uleb128 0x3b
 1069 0063 05       		.uleb128 0x5
 1070 0064 49       		.uleb128 0x49
 1071 0065 13       		.uleb128 0x13
 1072 0066 38       		.uleb128 0x38
 1073 0067 0B       		.uleb128 0xb
 1074 0068 00       		.byte	0
 1075 0069 00       		.byte	0
 1076 006a 09       		.uleb128 0x9
 1077 006b 0D       		.uleb128 0xd
 1078 006c 00       		.byte	0
ARM GAS  /tmp/cc5hvTB5.s 			page 20


 1079 006d 03       		.uleb128 0x3
 1080 006e 0E       		.uleb128 0xe
 1081 006f 3A       		.uleb128 0x3a
 1082 0070 0B       		.uleb128 0xb
 1083 0071 3B       		.uleb128 0x3b
 1084 0072 05       		.uleb128 0x5
 1085 0073 49       		.uleb128 0x49
 1086 0074 13       		.uleb128 0x13
 1087 0075 38       		.uleb128 0x38
 1088 0076 0B       		.uleb128 0xb
 1089 0077 00       		.byte	0
 1090 0078 00       		.byte	0
 1091 0079 0A       		.uleb128 0xa
 1092 007a 13       		.uleb128 0x13
 1093 007b 01       		.byte	0x1
 1094 007c 03       		.uleb128 0x3
 1095 007d 0E       		.uleb128 0xe
 1096 007e 0B       		.uleb128 0xb
 1097 007f 0B       		.uleb128 0xb
 1098 0080 3A       		.uleb128 0x3a
 1099 0081 0B       		.uleb128 0xb
 1100 0082 3B       		.uleb128 0x3b
 1101 0083 05       		.uleb128 0x5
 1102 0084 01       		.uleb128 0x1
 1103 0085 13       		.uleb128 0x13
 1104 0086 00       		.byte	0
 1105 0087 00       		.byte	0
 1106 0088 0B       		.uleb128 0xb
 1107 0089 0F       		.uleb128 0xf
 1108 008a 00       		.byte	0
 1109 008b 0B       		.uleb128 0xb
 1110 008c 0B       		.uleb128 0xb
 1111 008d 49       		.uleb128 0x49
 1112 008e 13       		.uleb128 0x13
 1113 008f 00       		.byte	0
 1114 0090 00       		.byte	0
 1115 0091 0C       		.uleb128 0xc
 1116 0092 15       		.uleb128 0x15
 1117 0093 01       		.byte	0x1
 1118 0094 27       		.uleb128 0x27
 1119 0095 19       		.uleb128 0x19
 1120 0096 01       		.uleb128 0x1
 1121 0097 13       		.uleb128 0x13
 1122 0098 00       		.byte	0
 1123 0099 00       		.byte	0
 1124 009a 0D       		.uleb128 0xd
 1125 009b 05       		.uleb128 0x5
 1126 009c 00       		.byte	0
 1127 009d 49       		.uleb128 0x49
 1128 009e 13       		.uleb128 0x13
 1129 009f 00       		.byte	0
 1130 00a0 00       		.byte	0
 1131 00a1 0E       		.uleb128 0xe
 1132 00a2 0F       		.uleb128 0xf
 1133 00a3 00       		.byte	0
 1134 00a4 0B       		.uleb128 0xb
 1135 00a5 0B       		.uleb128 0xb
ARM GAS  /tmp/cc5hvTB5.s 			page 21


 1136 00a6 00       		.byte	0
 1137 00a7 00       		.byte	0
 1138 00a8 0F       		.uleb128 0xf
 1139 00a9 13       		.uleb128 0x13
 1140 00aa 01       		.byte	0x1
 1141 00ab 03       		.uleb128 0x3
 1142 00ac 0E       		.uleb128 0xe
 1143 00ad 0B       		.uleb128 0xb
 1144 00ae 05       		.uleb128 0x5
 1145 00af 3A       		.uleb128 0x3a
 1146 00b0 0B       		.uleb128 0xb
 1147 00b1 3B       		.uleb128 0x3b
 1148 00b2 05       		.uleb128 0x5
 1149 00b3 01       		.uleb128 0x1
 1150 00b4 13       		.uleb128 0x13
 1151 00b5 00       		.byte	0
 1152 00b6 00       		.byte	0
 1153 00b7 10       		.uleb128 0x10
 1154 00b8 0D       		.uleb128 0xd
 1155 00b9 00       		.byte	0
 1156 00ba 03       		.uleb128 0x3
 1157 00bb 08       		.uleb128 0x8
 1158 00bc 3A       		.uleb128 0x3a
 1159 00bd 0B       		.uleb128 0xb
 1160 00be 3B       		.uleb128 0x3b
 1161 00bf 0B       		.uleb128 0xb
 1162 00c0 49       		.uleb128 0x49
 1163 00c1 13       		.uleb128 0x13
 1164 00c2 38       		.uleb128 0x38
 1165 00c3 0B       		.uleb128 0xb
 1166 00c4 00       		.byte	0
 1167 00c5 00       		.byte	0
 1168 00c6 11       		.uleb128 0x11
 1169 00c7 13       		.uleb128 0x13
 1170 00c8 01       		.byte	0x1
 1171 00c9 0B       		.uleb128 0xb
 1172 00ca 0B       		.uleb128 0xb
 1173 00cb 3A       		.uleb128 0x3a
 1174 00cc 0B       		.uleb128 0xb
 1175 00cd 3B       		.uleb128 0x3b
 1176 00ce 0B       		.uleb128 0xb
 1177 00cf 01       		.uleb128 0x1
 1178 00d0 13       		.uleb128 0x13
 1179 00d1 00       		.byte	0
 1180 00d2 00       		.byte	0
 1181 00d3 12       		.uleb128 0x12
 1182 00d4 17       		.uleb128 0x17
 1183 00d5 01       		.byte	0x1
 1184 00d6 0B       		.uleb128 0xb
 1185 00d7 0B       		.uleb128 0xb
 1186 00d8 3A       		.uleb128 0x3a
 1187 00d9 0B       		.uleb128 0xb
 1188 00da 3B       		.uleb128 0x3b
 1189 00db 0B       		.uleb128 0xb
 1190 00dc 01       		.uleb128 0x1
 1191 00dd 13       		.uleb128 0x13
 1192 00de 00       		.byte	0
ARM GAS  /tmp/cc5hvTB5.s 			page 22


 1193 00df 00       		.byte	0
 1194 00e0 13       		.uleb128 0x13
 1195 00e1 0D       		.uleb128 0xd
 1196 00e2 00       		.byte	0
 1197 00e3 03       		.uleb128 0x3
 1198 00e4 0E       		.uleb128 0xe
 1199 00e5 3A       		.uleb128 0x3a
 1200 00e6 0B       		.uleb128 0xb
 1201 00e7 3B       		.uleb128 0x3b
 1202 00e8 0B       		.uleb128 0xb
 1203 00e9 49       		.uleb128 0x49
 1204 00ea 13       		.uleb128 0x13
 1205 00eb 00       		.byte	0
 1206 00ec 00       		.byte	0
 1207 00ed 14       		.uleb128 0x14
 1208 00ee 0D       		.uleb128 0xd
 1209 00ef 00       		.byte	0
 1210 00f0 03       		.uleb128 0x3
 1211 00f1 0E       		.uleb128 0xe
 1212 00f2 3A       		.uleb128 0x3a
 1213 00f3 0B       		.uleb128 0xb
 1214 00f4 3B       		.uleb128 0x3b
 1215 00f5 05       		.uleb128 0x5
 1216 00f6 49       		.uleb128 0x49
 1217 00f7 13       		.uleb128 0x13
 1218 00f8 00       		.byte	0
 1219 00f9 00       		.byte	0
 1220 00fa 15       		.uleb128 0x15
 1221 00fb 26       		.uleb128 0x26
 1222 00fc 00       		.byte	0
 1223 00fd 49       		.uleb128 0x49
 1224 00fe 13       		.uleb128 0x13
 1225 00ff 00       		.byte	0
 1226 0100 00       		.byte	0
 1227 0101 16       		.uleb128 0x16
 1228 0102 01       		.uleb128 0x1
 1229 0103 01       		.byte	0x1
 1230 0104 49       		.uleb128 0x49
 1231 0105 13       		.uleb128 0x13
 1232 0106 01       		.uleb128 0x1
 1233 0107 13       		.uleb128 0x13
 1234 0108 00       		.byte	0
 1235 0109 00       		.byte	0
 1236 010a 17       		.uleb128 0x17
 1237 010b 21       		.uleb128 0x21
 1238 010c 00       		.byte	0
 1239 010d 49       		.uleb128 0x49
 1240 010e 13       		.uleb128 0x13
 1241 010f 2F       		.uleb128 0x2f
 1242 0110 0B       		.uleb128 0xb
 1243 0111 00       		.byte	0
 1244 0112 00       		.byte	0
 1245 0113 18       		.uleb128 0x18
 1246 0114 2E       		.uleb128 0x2e
 1247 0115 01       		.byte	0x1
 1248 0116 3F       		.uleb128 0x3f
 1249 0117 19       		.uleb128 0x19
ARM GAS  /tmp/cc5hvTB5.s 			page 23


 1250 0118 03       		.uleb128 0x3
 1251 0119 0E       		.uleb128 0xe
 1252 011a 3A       		.uleb128 0x3a
 1253 011b 0B       		.uleb128 0xb
 1254 011c 3B       		.uleb128 0x3b
 1255 011d 0B       		.uleb128 0xb
 1256 011e 27       		.uleb128 0x27
 1257 011f 19       		.uleb128 0x19
 1258 0120 11       		.uleb128 0x11
 1259 0121 01       		.uleb128 0x1
 1260 0122 12       		.uleb128 0x12
 1261 0123 06       		.uleb128 0x6
 1262 0124 40       		.uleb128 0x40
 1263 0125 18       		.uleb128 0x18
 1264 0126 9742     		.uleb128 0x2117
 1265 0128 19       		.uleb128 0x19
 1266 0129 01       		.uleb128 0x1
 1267 012a 13       		.uleb128 0x13
 1268 012b 00       		.byte	0
 1269 012c 00       		.byte	0
 1270 012d 19       		.uleb128 0x19
 1271 012e 898201   		.uleb128 0x4109
 1272 0131 00       		.byte	0
 1273 0132 11       		.uleb128 0x11
 1274 0133 01       		.uleb128 0x1
 1275 0134 9542     		.uleb128 0x2115
 1276 0136 19       		.uleb128 0x19
 1277 0137 31       		.uleb128 0x31
 1278 0138 13       		.uleb128 0x13
 1279 0139 00       		.byte	0
 1280 013a 00       		.byte	0
 1281 013b 1A       		.uleb128 0x1a
 1282 013c 2E       		.uleb128 0x2e
 1283 013d 00       		.byte	0
 1284 013e 3F       		.uleb128 0x3f
 1285 013f 19       		.uleb128 0x19
 1286 0140 03       		.uleb128 0x3
 1287 0141 0E       		.uleb128 0xe
 1288 0142 3A       		.uleb128 0x3a
 1289 0143 0B       		.uleb128 0xb
 1290 0144 3B       		.uleb128 0x3b
 1291 0145 0B       		.uleb128 0xb
 1292 0146 27       		.uleb128 0x27
 1293 0147 19       		.uleb128 0x19
 1294 0148 11       		.uleb128 0x11
 1295 0149 01       		.uleb128 0x1
 1296 014a 12       		.uleb128 0x12
 1297 014b 06       		.uleb128 0x6
 1298 014c 40       		.uleb128 0x40
 1299 014d 18       		.uleb128 0x18
 1300 014e 9742     		.uleb128 0x2117
 1301 0150 19       		.uleb128 0x19
 1302 0151 00       		.byte	0
 1303 0152 00       		.byte	0
 1304 0153 1B       		.uleb128 0x1b
 1305 0154 34       		.uleb128 0x34
 1306 0155 00       		.byte	0
ARM GAS  /tmp/cc5hvTB5.s 			page 24


 1307 0156 03       		.uleb128 0x3
 1308 0157 0E       		.uleb128 0xe
 1309 0158 3A       		.uleb128 0x3a
 1310 0159 0B       		.uleb128 0xb
 1311 015a 3B       		.uleb128 0x3b
 1312 015b 05       		.uleb128 0x5
 1313 015c 49       		.uleb128 0x49
 1314 015d 13       		.uleb128 0x13
 1315 015e 3F       		.uleb128 0x3f
 1316 015f 19       		.uleb128 0x19
 1317 0160 3C       		.uleb128 0x3c
 1318 0161 19       		.uleb128 0x19
 1319 0162 00       		.byte	0
 1320 0163 00       		.byte	0
 1321 0164 1C       		.uleb128 0x1c
 1322 0165 34       		.uleb128 0x34
 1323 0166 00       		.byte	0
 1324 0167 03       		.uleb128 0x3
 1325 0168 08       		.uleb128 0x8
 1326 0169 3A       		.uleb128 0x3a
 1327 016a 0B       		.uleb128 0xb
 1328 016b 3B       		.uleb128 0x3b
 1329 016c 05       		.uleb128 0x5
 1330 016d 49       		.uleb128 0x49
 1331 016e 13       		.uleb128 0x13
 1332 016f 3F       		.uleb128 0x3f
 1333 0170 19       		.uleb128 0x19
 1334 0171 3C       		.uleb128 0x3c
 1335 0172 19       		.uleb128 0x19
 1336 0173 00       		.byte	0
 1337 0174 00       		.byte	0
 1338 0175 1D       		.uleb128 0x1d
 1339 0176 34       		.uleb128 0x34
 1340 0177 00       		.byte	0
 1341 0178 03       		.uleb128 0x3
 1342 0179 0E       		.uleb128 0xe
 1343 017a 3A       		.uleb128 0x3a
 1344 017b 0B       		.uleb128 0xb
 1345 017c 3B       		.uleb128 0x3b
 1346 017d 0B       		.uleb128 0xb
 1347 017e 49       		.uleb128 0x49
 1348 017f 13       		.uleb128 0x13
 1349 0180 3F       		.uleb128 0x3f
 1350 0181 19       		.uleb128 0x19
 1351 0182 02       		.uleb128 0x2
 1352 0183 18       		.uleb128 0x18
 1353 0184 00       		.byte	0
 1354 0185 00       		.byte	0
 1355 0186 1E       		.uleb128 0x1e
 1356 0187 2E       		.uleb128 0x2e
 1357 0188 00       		.byte	0
 1358 0189 3F       		.uleb128 0x3f
 1359 018a 19       		.uleb128 0x19
 1360 018b 03       		.uleb128 0x3
 1361 018c 0E       		.uleb128 0xe
 1362 018d 3A       		.uleb128 0x3a
 1363 018e 0B       		.uleb128 0xb
ARM GAS  /tmp/cc5hvTB5.s 			page 25


 1364 018f 3B       		.uleb128 0x3b
 1365 0190 05       		.uleb128 0x5
 1366 0191 27       		.uleb128 0x27
 1367 0192 19       		.uleb128 0x19
 1368 0193 3C       		.uleb128 0x3c
 1369 0194 19       		.uleb128 0x19
 1370 0195 00       		.byte	0
 1371 0196 00       		.byte	0
 1372 0197 00       		.byte	0
 1373              		.section	.debug_aranges,"",%progbits
 1374 0000 24000000 		.4byte	0x24
 1375 0004 0200     		.2byte	0x2
 1376 0006 00000000 		.4byte	.Ldebug_info0
 1377 000a 04       		.byte	0x4
 1378 000b 00       		.byte	0
 1379 000c 0000     		.2byte	0
 1380 000e 0000     		.2byte	0
 1381 0010 00000000 		.4byte	.LFB255
 1382 0014 04000000 		.4byte	.LFE255-.LFB255
 1383 0018 00000000 		.4byte	.LFB256
 1384 001c 02000000 		.4byte	.LFE256-.LFB256
 1385 0020 00000000 		.4byte	0
 1386 0024 00000000 		.4byte	0
 1387              		.section	.debug_ranges,"",%progbits
 1388              	.Ldebug_ranges0:
 1389 0000 00000000 		.4byte	.LFB255
 1390 0004 04000000 		.4byte	.LFE255
 1391 0008 00000000 		.4byte	.LFB256
 1392 000c 02000000 		.4byte	.LFE256
 1393 0010 00000000 		.4byte	0
 1394 0014 00000000 		.4byte	0
 1395              		.section	.debug_line,"",%progbits
 1396              	.Ldebug_line0:
 1397 0000 C5020000 		.section	.debug_str,"MS",%progbits,1
 1397      02009E02 
 1397      00000201 
 1397      FB0E0D00 
 1397      01010101 
 1398              	.LASF100:
 1399 0000 73746D33 		.ascii	"stm32_gpio_setup_t\000"
 1399      325F6770 
 1399      696F5F73 
 1399      65747570 
 1399      5F7400
 1400              	.LASF48:
 1401 0013 72656164 		.ascii	"ready_list_t\000"
 1401      795F6C69 
 1401      73745F74 
 1401      00
 1402              	.LASF83:
 1403 0020 7264796D 		.ascii	"rdymsg\000"
 1403      736700
 1404              	.LASF16:
 1405 0027 75696E74 		.ascii	"uint64_t\000"
 1405      36345F74 
 1405      00
 1406              	.LASF5:
ARM GAS  /tmp/cc5hvTB5.s 			page 26


 1407 0030 5F5F7569 		.ascii	"__uint8_t\000"
 1407      6E74385F 
 1407      7400
 1408              	.LASF80:
 1409 003a 706F7274 		.ascii	"port_intctx\000"
 1409      5F696E74 
 1409      63747800 
 1410              	.LASF67:
 1411 0046 73797374 		.ascii	"system_debug_t\000"
 1411      656D5F64 
 1411      65627567 
 1411      5F7400
 1412              	.LASF12:
 1413 0055 6C6F6E67 		.ascii	"long long unsigned int\000"
 1413      206C6F6E 
 1413      6720756E 
 1413      7369676E 
 1413      65642069 
 1414              	.LASF97:
 1415 006c 70757064 		.ascii	"pupdr\000"
 1415      7200
 1416              	.LASF84:
 1417 0072 65786974 		.ascii	"exitcode\000"
 1417      636F6465 
 1417      00
 1418              	.LASF74:
 1419 007b 6D61696E 		.ascii	"mainthread\000"
 1419      74687265 
 1419      616400
 1420              	.LASF64:
 1421 0086 76697274 		.ascii	"virtual_timers_list_t\000"
 1421      75616C5F 
 1421      74696D65 
 1421      72735F6C 
 1421      6973745F 
 1422              	.LASF108:
 1423 009c 49544D5F 		.ascii	"ITM_RxBuffer\000"
 1423      52784275 
 1423      66666572 
 1423      00
 1424              	.LASF47:
 1425 00a9 63685F74 		.ascii	"ch_threads_queue\000"
 1425      68726561 
 1425      64735F71 
 1425      75657565 
 1425      00
 1426              	.LASF28:
 1427 00ba 705F7072 		.ascii	"p_prio\000"
 1427      696F00
 1428              	.LASF10:
 1429 00c1 6C6F6E67 		.ascii	"long long int\000"
 1429      206C6F6E 
 1429      6720696E 
 1429      7400
 1430              	.LASF1:
 1431 00cf 7369676E 		.ascii	"signed char\000"
 1431      65642063 
ARM GAS  /tmp/cc5hvTB5.s 			page 27


 1431      68617200 
 1432              	.LASF42:
 1433 00db 705F6D70 		.ascii	"p_mpool\000"
 1433      6F6F6C00 
 1434              	.LASF89:
 1435 00e3 6D5F7175 		.ascii	"m_queue\000"
 1435      65756500 
 1436              	.LASF94:
 1437 00eb 6D6F6465 		.ascii	"moder\000"
 1437      7200
 1438              	.LASF71:
 1439 00f1 63685F73 		.ascii	"ch_system\000"
 1439      79737465 
 1439      6D00
 1440              	.LASF7:
 1441 00fb 6C6F6E67 		.ascii	"long int\000"
 1441      20696E74 
 1441      00
 1442              	.LASF105:
 1443 0104 50454461 		.ascii	"PEData\000"
 1443      746100
 1444              	.LASF19:
 1445 010b 74737461 		.ascii	"tstate_t\000"
 1445      74655F74 
 1445      00
 1446              	.LASF112:
 1447 0114 2F6E6673 		.ascii	"/nfs/nfs4/home/ruswang/p442-submissions/p442-submis"
 1447      2F6E6673 
 1447      342F686F 
 1447      6D652F72 
 1447      75737761 
 1448 0147 73696F6E 		.ascii	"sions/lab1\000"
 1448      732F6C61 
 1448      623100
 1449              	.LASF30:
 1450 0152 705F6E65 		.ascii	"p_newer\000"
 1450      77657200 
 1451              	.LASF53:
 1452 015a 725F6E65 		.ascii	"r_newer\000"
 1452      77657200 
 1453              	.LASF77:
 1454 0162 72656761 		.ascii	"regarm_t\000"
 1454      726D5F74 
 1454      00
 1455              	.LASF60:
 1456 016b 76745F70 		.ascii	"vt_prev\000"
 1456      72657600 
 1457              	.LASF73:
 1458 0173 76746C69 		.ascii	"vtlist\000"
 1458      737400
 1459              	.LASF115:
 1460 017a 73746D33 		.ascii	"stm32_clock_init\000"
 1460      325F636C 
 1460      6F636B5F 
 1460      696E6974 
 1460      00
 1461              	.LASF92:
ARM GAS  /tmp/cc5hvTB5.s 			page 28


 1462 018b 6D757465 		.ascii	"mutex_t\000"
 1462      785F7400 
 1463              	.LASF102:
 1464 0193 50424461 		.ascii	"PBData\000"
 1464      746100
 1465              	.LASF75:
 1466 019a 69646C65 		.ascii	"idle_thread_wa\000"
 1466      5F746872 
 1466      6561645F 
 1466      776100
 1467              	.LASF0:
 1468 01a9 756E7369 		.ascii	"unsigned int\000"
 1468      676E6564 
 1468      20696E74 
 1468      00
 1469              	.LASF59:
 1470 01b6 76745F6E 		.ascii	"vt_next\000"
 1470      65787400 
 1471              	.LASF37:
 1472 01be 705F6D73 		.ascii	"p_msgqueue\000"
 1472      67717565 
 1472      756500
 1473              	.LASF96:
 1474 01c9 6F737065 		.ascii	"ospeedr\000"
 1474      65647200 
 1475              	.LASF95:
 1476 01d1 6F747970 		.ascii	"otyper\000"
 1476      657200
 1477              	.LASF113:
 1478 01d8 5F5F6561 		.ascii	"__early_init\000"
 1478      726C795F 
 1478      696E6974 
 1478      00
 1479              	.LASF4:
 1480 01e5 73686F72 		.ascii	"short unsigned int\000"
 1480      7420756E 
 1480      7369676E 
 1480      65642069 
 1480      6E7400
 1481              	.LASF106:
 1482 01f8 50464461 		.ascii	"PFData\000"
 1482      746100
 1483              	.LASF44:
 1484 01ff 63685F74 		.ascii	"ch_thread\000"
 1484      68726561 
 1484      6400
 1485              	.LASF22:
 1486 0209 6D73675F 		.ascii	"msg_t\000"
 1486      7400
 1487              	.LASF111:
 1488 020f 2E2E2F43 		.ascii	"../ChibiOS/os/hal/boards/ST_STM32F3_DISCOVERY/board"
 1488      68696269 
 1488      4F532F6F 
 1488      732F6861 
 1488      6C2F626F 
 1489 0242 2E6300   		.ascii	".c\000"
 1490              	.LASF70:
ARM GAS  /tmp/cc5hvTB5.s 			page 29


 1491 0245 63685F73 		.ascii	"ch_system_t\000"
 1491      79737465 
 1491      6D5F7400 
 1492              	.LASF18:
 1493 0251 746D6F64 		.ascii	"tmode_t\000"
 1493      655F7400 
 1494              	.LASF49:
 1495 0259 63685F72 		.ascii	"ch_ready_list\000"
 1495      65616479 
 1495      5F6C6973 
 1495      7400
 1496              	.LASF23:
 1497 0267 6576656E 		.ascii	"eventmask_t\000"
 1497      746D6173 
 1497      6B5F7400 
 1498              	.LASF6:
 1499 0273 5F5F696E 		.ascii	"__int32_t\000"
 1499      7433325F 
 1499      7400
 1500              	.LASF78:
 1501 027d 73746B61 		.ascii	"stkalign_t\000"
 1501      6C69676E 
 1501      5F7400
 1502              	.LASF36:
 1503 0288 705F7761 		.ascii	"p_waiting\000"
 1503      6974696E 
 1503      6700
 1504              	.LASF76:
 1505 0292 73697A65 		.ascii	"sizetype\000"
 1505      74797065 
 1505      00
 1506              	.LASF65:
 1507 029b 63685F76 		.ascii	"ch_virtual_timers_list\000"
 1507      69727475 
 1507      616C5F74 
 1507      696D6572 
 1507      735F6C69 
 1508              	.LASF66:
 1509 02b2 76745F6C 		.ascii	"vt_lasttime\000"
 1509      61737474 
 1509      696D6500 
 1510              	.LASF31:
 1511 02be 705F6F6C 		.ascii	"p_older\000"
 1511      64657200 
 1512              	.LASF52:
 1513 02c6 725F6374 		.ascii	"r_ctx\000"
 1513      7800
 1514              	.LASF82:
 1515 02cc 746D5F63 		.ascii	"tm_calibration_t\000"
 1515      616C6962 
 1515      72617469 
 1515      6F6E5F74 
 1515      00
 1516              	.LASF99:
 1517 02dd 61667268 		.ascii	"afrh\000"
 1517      00
 1518              	.LASF104:
ARM GAS  /tmp/cc5hvTB5.s 			page 30


 1519 02e2 50444461 		.ascii	"PDData\000"
 1519      746100
 1520              	.LASF55:
 1521 02e9 725F6375 		.ascii	"r_current\000"
 1521      7272656E 
 1521      7400
 1522              	.LASF54:
 1523 02f3 725F6F6C 		.ascii	"r_older\000"
 1523      64657200 
 1524              	.LASF11:
 1525 02fb 5F5F7569 		.ascii	"__uint64_t\000"
 1525      6E743634 
 1525      5F7400
 1526              	.LASF20:
 1527 0306 74726566 		.ascii	"trefs_t\000"
 1527      735F7400 
 1528              	.LASF57:
 1529 030e 76697274 		.ascii	"virtual_timer_t\000"
 1529      75616C5F 
 1529      74696D65 
 1529      725F7400 
 1530              	.LASF27:
 1531 031e 705F7072 		.ascii	"p_prev\000"
 1531      657600
 1532              	.LASF21:
 1533 0325 74707269 		.ascii	"tprio_t\000"
 1533      6F5F7400 
 1534              	.LASF88:
 1535 032d 6D757465 		.ascii	"mutex\000"
 1535      7800
 1536              	.LASF68:
 1537 0333 63685F73 		.ascii	"ch_system_debug\000"
 1537      79737465 
 1537      6D5F6465 
 1537      62756700 
 1538              	.LASF93:
 1539 0343 5F426F6F 		.ascii	"_Bool\000"
 1539      6C00
 1540              	.LASF14:
 1541 0349 696E7433 		.ascii	"int32_t\000"
 1541      325F7400 
 1542              	.LASF2:
 1543 0351 756E7369 		.ascii	"unsigned char\000"
 1543      676E6564 
 1543      20636861 
 1543      7200
 1544              	.LASF98:
 1545 035f 6166726C 		.ascii	"afrl\000"
 1545      00
 1546              	.LASF40:
 1547 0364 705F6D74 		.ascii	"p_mtxlist\000"
 1547      786C6973 
 1547      7400
 1548              	.LASF3:
 1549 036e 73686F72 		.ascii	"short int\000"
 1549      7420696E 
 1549      7400
ARM GAS  /tmp/cc5hvTB5.s 			page 31


 1550              	.LASF33:
 1551 0378 705F7374 		.ascii	"p_state\000"
 1551      61746500 
 1552              	.LASF114:
 1553 0380 626F6172 		.ascii	"boardInit\000"
 1553      64496E69 
 1553      7400
 1554              	.LASF51:
 1555 038a 725F7072 		.ascii	"r_prio\000"
 1555      696F00
 1556              	.LASF101:
 1557 0391 50414461 		.ascii	"PAData\000"
 1557      746100
 1558              	.LASF86:
 1559 0398 65776D61 		.ascii	"ewmask\000"
 1559      736B00
 1560              	.LASF26:
 1561 039f 705F6E65 		.ascii	"p_next\000"
 1561      787400
 1562              	.LASF34:
 1563 03a6 705F666C 		.ascii	"p_flags\000"
 1563      61677300 
 1564              	.LASF58:
 1565 03ae 63685F76 		.ascii	"ch_virtual_timer\000"
 1565      69727475 
 1565      616C5F74 
 1565      696D6572 
 1565      00
 1566              	.LASF39:
 1567 03bf 705F6570 		.ascii	"p_epending\000"
 1567      656E6469 
 1567      6E6700
 1568              	.LASF15:
 1569 03ca 75696E74 		.ascii	"uint32_t\000"
 1569      33325F74 
 1569      00
 1570              	.LASF50:
 1571 03d3 725F7175 		.ascii	"r_queue\000"
 1571      65756500 
 1572              	.LASF61:
 1573 03db 76745F64 		.ascii	"vt_delta\000"
 1573      656C7461 
 1573      00
 1574              	.LASF45:
 1575 03e4 63685F74 		.ascii	"ch_threads_list\000"
 1575      68726561 
 1575      64735F6C 
 1575      69737400 
 1576              	.LASF9:
 1577 03f4 6C6F6E67 		.ascii	"long unsigned int\000"
 1577      20756E73 
 1577      69676E65 
 1577      6420696E 
 1577      7400
 1578              	.LASF87:
 1579 0406 63686172 		.ascii	"char\000"
 1579      00
ARM GAS  /tmp/cc5hvTB5.s 			page 32


 1580              	.LASF25:
 1581 040b 74687265 		.ascii	"thread_t\000"
 1581      61645F74 
 1581      00
 1582              	.LASF110:
 1583 0414 474E5520 		.ascii	"GNU C 4.8.4 20140526 (release) [ARM/embedded-4_8-br"
 1583      4320342E 
 1583      382E3420 
 1583      32303134 
 1583      30353236 
 1584 0447 616E6368 		.ascii	"anch revision 211358] -mcpu=cortex-m4 -mno-thumb-in"
 1584      20726576 
 1584      6973696F 
 1584      6E203231 
 1584      31333538 
 1585 047a 74657277 		.ascii	"terwork -mthumb -ggdb -O2 -fomit-frame-pointer -fal"
 1585      6F726B20 
 1585      2D6D7468 
 1585      756D6220 
 1585      2D676764 
 1586 04ad 69676E2D 		.ascii	"ign-functions=16 -ffunction-sections -fdata-section"
 1586      66756E63 
 1586      74696F6E 
 1586      733D3136 
 1586      202D6666 
 1587 04e0 73202D66 		.ascii	"s -fno-common\000"
 1587      6E6F2D63 
 1587      6F6D6D6F 
 1587      6E00
 1588              	.LASF91:
 1589 04ee 6D5F6E65 		.ascii	"m_next\000"
 1589      787400
 1590              	.LASF24:
 1591 04f5 73797374 		.ascii	"systime_t\000"
 1591      696D655F 
 1591      7400
 1592              	.LASF41:
 1593 04ff 705F7265 		.ascii	"p_realprio\000"
 1593      616C7072 
 1593      696F00
 1594              	.LASF56:
 1595 050a 76746675 		.ascii	"vtfunc_t\000"
 1595      6E635F74 
 1595      00
 1596              	.LASF8:
 1597 0513 5F5F7569 		.ascii	"__uint32_t\000"
 1597      6E743332 
 1597      5F7400
 1598              	.LASF69:
 1599 051e 70616E69 		.ascii	"panic_msg\000"
 1599      635F6D73 
 1599      6700
 1600              	.LASF81:
 1601 0528 6F666673 		.ascii	"offset\000"
 1601      657400
 1602              	.LASF79:
 1603 052f 636F6E74 		.ascii	"context\000"
ARM GAS  /tmp/cc5hvTB5.s 			page 33


 1603      65787400 
 1604              	.LASF17:
 1605 0537 7274636E 		.ascii	"rtcnt_t\000"
 1605      745F7400 
 1606              	.LASF63:
 1607 053f 76745F70 		.ascii	"vt_par\000"
 1607      617200
 1608              	.LASF46:
 1609 0546 74687265 		.ascii	"threads_queue_t\000"
 1609      6164735F 
 1609      71756575 
 1609      655F7400 
 1610              	.LASF35:
 1611 0556 705F7265 		.ascii	"p_refs\000"
 1611      667300
 1612              	.LASF72:
 1613 055d 726C6973 		.ascii	"rlist\000"
 1613      7400
 1614              	.LASF13:
 1615 0563 75696E74 		.ascii	"uint8_t\000"
 1615      385F7400 
 1616              	.LASF85:
 1617 056b 77746F62 		.ascii	"wtobjp\000"
 1617      6A7000
 1618              	.LASF32:
 1619 0572 705F6E61 		.ascii	"p_name\000"
 1619      6D6500
 1620              	.LASF103:
 1621 0579 50434461 		.ascii	"PCData\000"
 1621      746100
 1622              	.LASF43:
 1623 0580 74687265 		.ascii	"threads_list_t\000"
 1623      6164735F 
 1623      6C697374 
 1623      5F7400
 1624              	.LASF38:
 1625 058f 705F6D73 		.ascii	"p_msg\000"
 1625      6700
 1626              	.LASF107:
 1627 0595 50414C43 		.ascii	"PALConfig\000"
 1627      6F6E6669 
 1627      6700
 1628              	.LASF90:
 1629 059f 6D5F6F77 		.ascii	"m_owner\000"
 1629      6E657200 
 1630              	.LASF109:
 1631 05a7 70616C5F 		.ascii	"pal_default_config\000"
 1631      64656661 
 1631      756C745F 
 1631      636F6E66 
 1631      696700
 1632              	.LASF29:
 1633 05ba 705F6374 		.ascii	"p_ctx\000"
 1633      7800
 1634              	.LASF62:
 1635 05c0 76745F66 		.ascii	"vt_func\000"
 1635      756E6300 
ARM GAS  /tmp/cc5hvTB5.s 			page 34


 1636              		.ident	"GCC: (GNU Tools for ARM Embedded Processors) 4.8.4 20140526 (release) [ARM/embedded-4_8-br
ARM GAS  /tmp/cc5hvTB5.s 			page 35


DEFINED SYMBOLS
                            *ABS*:00000000 board.c
     /tmp/cc5hvTB5.s:19     .text.__early_init:00000000 $t
     /tmp/cc5hvTB5.s:25     .text.__early_init:00000000 __early_init
     /tmp/cc5hvTB5.s:40     .text.boardInit:00000000 $t
     /tmp/cc5hvTB5.s:46     .text.boardInit:00000000 boardInit
     /tmp/cc5hvTB5.s:62     .rodata.pal_default_config:00000000 pal_default_config
     /tmp/cc5hvTB5.s:59     .rodata.pal_default_config:00000000 $d
                     .debug_frame:00000010 $d

UNDEFINED SYMBOLS
stm32_clock_init
