ARM GAS  /tmp/ccX8GRcW.s 			page 1


   1              		.syntax unified
   2              		.cpu cortex-m4
   3              		.fpu softvfp
   4              		.eabi_attribute 20, 1
   5              		.eabi_attribute 21, 1
   6              		.eabi_attribute 23, 3
   7              		.eabi_attribute 24, 1
   8              		.eabi_attribute 25, 1
   9              		.eabi_attribute 26, 1
  10              		.eabi_attribute 30, 2
  11              		.eabi_attribute 34, 1
  12              		.eabi_attribute 18, 4
  13              		.thumb
  14              		.file	"i2c_lld.c"
  15              		.text
  16              	.Ltext0:
  17              		.cfi_sections	.debug_frame
  18              	.Letext0:
  19              		.file 1 "/nfs/nfs5/home/research/hardware/arm2/gcc-arm-embedded/gcc-arm-none-eabi-4_8-2014q2/arm-n
  20              		.file 2 "/nfs/nfs5/home/research/hardware/arm2/gcc-arm-embedded/gcc-arm-none-eabi-4_8-2014q2/arm-n
  21              		.file 3 "../ChibiOS/os/rt/ports/ARMCMx/compilers/GCC/chtypes.h"
  22              		.file 4 "../ChibiOS/os/rt/include/chsystypes.h"
  23              		.file 5 "../ChibiOS/os/rt/include/chschd.h"
  24              		.file 6 "../ChibiOS/os/rt/ports/ARMCMx/chcore.h"
  25              		.file 7 "../ChibiOS/os/rt/ports/ARMCMx/chcore_v7m.h"
  26              		.file 8 "../ChibiOS/os/rt/include/chtm.h"
  27              		.file 9 "../ChibiOS/os/rt/include/chmtx.h"
  28              		.file 10 "../ChibiOS/os/ext/CMSIS/include/core_cm4.h"
  29              		.section	.debug_info,"",%progbits
  30              	.Ldebug_info0:
  31 0000 C2050000 		.4byte	0x5c2
  32 0004 0400     		.2byte	0x4
  33 0006 00000000 		.4byte	.Ldebug_abbrev0
  34 000a 04       		.byte	0x4
  35 000b 01       		.uleb128 0x1
  36 000c 84000000 		.4byte	.LASF95
  37 0010 01       		.byte	0x1
  38 0011 76020000 		.4byte	.LASF96
  39 0015 09000000 		.4byte	.LASF97
  40 0019 00000000 		.4byte	.Ldebug_line0
  41 001d 02       		.uleb128 0x2
  42 001e 04       		.byte	0x4
  43 001f 05       		.byte	0x5
  44 0020 696E7400 		.ascii	"int\000"
  45 0024 03       		.uleb128 0x3
  46 0025 04       		.byte	0x4
  47 0026 07       		.byte	0x7
  48 0027 23030000 		.4byte	.LASF0
  49 002b 03       		.uleb128 0x3
  50 002c 01       		.byte	0x1
  51 002d 06       		.byte	0x6
  52 002e EF020000 		.4byte	.LASF1
  53 0032 04       		.uleb128 0x4
  54 0033 A8020000 		.4byte	.LASF5
  55 0037 01       		.byte	0x1
  56 0038 1C       		.byte	0x1c
  57 0039 3D000000 		.4byte	0x3d
ARM GAS  /tmp/ccX8GRcW.s 			page 2


  58 003d 03       		.uleb128 0x3
  59 003e 01       		.byte	0x1
  60 003f 08       		.byte	0x8
  61 0040 DA020000 		.4byte	.LASF2
  62 0044 03       		.uleb128 0x3
  63 0045 02       		.byte	0x2
  64 0046 05       		.byte	0x5
  65 0047 72000000 		.4byte	.LASF3
  66 004b 03       		.uleb128 0x3
  67 004c 02       		.byte	0x2
  68 004d 07       		.byte	0x7
  69 004e 34040000 		.4byte	.LASF4
  70 0052 04       		.uleb128 0x4
  71 0053 66040000 		.4byte	.LASF6
  72 0057 01       		.byte	0x1
  73 0058 37       		.byte	0x37
  74 0059 5D000000 		.4byte	0x5d
  75 005d 03       		.uleb128 0x3
  76 005e 04       		.byte	0x4
  77 005f 05       		.byte	0x5
  78 0060 35020000 		.4byte	.LASF7
  79 0064 04       		.uleb128 0x4
  80 0065 47040000 		.4byte	.LASF8
  81 0069 01       		.byte	0x1
  82 006a 38       		.byte	0x38
  83 006b 6F000000 		.4byte	0x6f
  84 006f 03       		.uleb128 0x3
  85 0070 04       		.byte	0x4
  86 0071 07       		.byte	0x7
  87 0072 18040000 		.4byte	.LASF9
  88 0076 03       		.uleb128 0x3
  89 0077 08       		.byte	0x8
  90 0078 05       		.byte	0x5
  91 0079 18020000 		.4byte	.LASF10
  92 007d 04       		.uleb128 0x4
  93 007e F4030000 		.4byte	.LASF11
  94 0082 01       		.byte	0x1
  95 0083 4E       		.byte	0x4e
  96 0084 88000000 		.4byte	0x88
  97 0088 03       		.uleb128 0x3
  98 0089 08       		.byte	0x8
  99 008a 07       		.byte	0x7
 100 008b 03030000 		.4byte	.LASF12
 101 008f 04       		.uleb128 0x4
 102 0090 CA010000 		.4byte	.LASF13
 103 0094 02       		.byte	0x2
 104 0095 2A       		.byte	0x2a
 105 0096 32000000 		.4byte	0x32
 106 009a 04       		.uleb128 0x4
 107 009b CD030000 		.4byte	.LASF14
 108 009f 02       		.byte	0x2
 109 00a0 41       		.byte	0x41
 110 00a1 52000000 		.4byte	0x52
 111 00a5 04       		.uleb128 0x4
 112 00a6 1A030000 		.4byte	.LASF15
 113 00aa 02       		.byte	0x2
 114 00ab 42       		.byte	0x42
ARM GAS  /tmp/ccX8GRcW.s 			page 3


 115 00ac 64000000 		.4byte	0x64
 116 00b0 04       		.uleb128 0x4
 117 00b1 5E000000 		.4byte	.LASF16
 118 00b5 02       		.byte	0x2
 119 00b6 4E       		.byte	0x4e
 120 00b7 7D000000 		.4byte	0x7d
 121 00bb 05       		.uleb128 0x5
 122 00bc 9A000000 		.4byte	0x9a
 123 00c0 04       		.uleb128 0x4
 124 00c1 99010000 		.4byte	.LASF17
 125 00c5 03       		.byte	0x3
 126 00c6 45       		.byte	0x45
 127 00c7 A5000000 		.4byte	0xa5
 128 00cb 04       		.uleb128 0x4
 129 00cc 10020000 		.4byte	.LASF18
 130 00d0 03       		.byte	0x3
 131 00d1 48       		.byte	0x48
 132 00d2 8F000000 		.4byte	0x8f
 133 00d6 04       		.uleb128 0x4
 134 00d7 77040000 		.4byte	.LASF19
 135 00db 03       		.byte	0x3
 136 00dc 49       		.byte	0x49
 137 00dd 8F000000 		.4byte	0x8f
 138 00e1 04       		.uleb128 0x4
 139 00e2 06050000 		.4byte	.LASF20
 140 00e6 03       		.byte	0x3
 141 00e7 4A       		.byte	0x4a
 142 00e8 8F000000 		.4byte	0x8f
 143 00ec 04       		.uleb128 0x4
 144 00ed 2D020000 		.4byte	.LASF21
 145 00f1 03       		.byte	0x3
 146 00f2 4C       		.byte	0x4c
 147 00f3 A5000000 		.4byte	0xa5
 148 00f7 04       		.uleb128 0x4
 149 00f8 F8040000 		.4byte	.LASF22
 150 00fc 03       		.byte	0x3
 151 00fd 4D       		.byte	0x4d
 152 00fe 9A000000 		.4byte	0x9a
 153 0102 04       		.uleb128 0x4
 154 0103 74010000 		.4byte	.LASF23
 155 0107 03       		.byte	0x3
 156 0108 4F       		.byte	0x4f
 157 0109 A5000000 		.4byte	0xa5
 158 010d 04       		.uleb128 0x4
 159 010e 9F030000 		.4byte	.LASF24
 160 0112 04       		.byte	0x4
 161 0113 33       		.byte	0x33
 162 0114 A5000000 		.4byte	0xa5
 163 0118 04       		.uleb128 0x4
 164 0119 00000000 		.4byte	.LASF25
 165 011d 04       		.byte	0x4
 166 011e 3F       		.byte	0x3f
 167 011f 23010000 		.4byte	0x123
 168 0123 06       		.uleb128 0x6
 169 0124 E3010000 		.4byte	.LASF44
 170 0128 44       		.byte	0x44
 171 0129 05       		.byte	0x5
ARM GAS  /tmp/ccX8GRcW.s 			page 4


 172 012a BE       		.byte	0xbe
 173 012b 10020000 		.4byte	0x210
 174 012f 07       		.uleb128 0x7
 175 0130 92010000 		.4byte	.LASF26
 176 0134 05       		.byte	0x5
 177 0135 BF       		.byte	0xbf
 178 0136 F4040000 		.4byte	0x4f4
 179 013a 00       		.byte	0
 180 013b 07       		.uleb128 0x7
 181 013c 67010000 		.4byte	.LASF27
 182 0140 05       		.byte	0x5
 183 0141 C1       		.byte	0xc1
 184 0142 F4040000 		.4byte	0x4f4
 185 0146 04       		.byte	0x4
 186 0147 07       		.uleb128 0x7
 187 0148 8B010000 		.4byte	.LASF28
 188 014c 05       		.byte	0x5
 189 014d C3       		.byte	0xc3
 190 014e EC000000 		.4byte	0xec
 191 0152 08       		.byte	0x8
 192 0153 07       		.uleb128 0x7
 193 0154 C7040000 		.4byte	.LASF29
 194 0158 05       		.byte	0x5
 195 0159 C4       		.byte	0xc4
 196 015a 3A040000 		.4byte	0x43a
 197 015e 0C       		.byte	0xc
 198 015f 07       		.uleb128 0x7
 199 0160 FB020000 		.4byte	.LASF30
 200 0164 05       		.byte	0x5
 201 0165 C6       		.byte	0xc6
 202 0166 F4040000 		.4byte	0x4f4
 203 016a 10       		.byte	0x10
 204 016b 07       		.uleb128 0x7
 205 016c 9D040000 		.4byte	.LASF31
 206 0170 05       		.byte	0x5
 207 0171 C7       		.byte	0xc7
 208 0172 F4040000 		.4byte	0x4f4
 209 0176 14       		.byte	0x14
 210 0177 07       		.uleb128 0x7
 211 0178 26020000 		.4byte	.LASF32
 212 017c 05       		.byte	0x5
 213 017d CE       		.byte	0xce
 214 017e 32050000 		.4byte	0x532
 215 0182 18       		.byte	0x18
 216 0183 07       		.uleb128 0x7
 217 0184 DC030000 		.4byte	.LASF33
 218 0188 05       		.byte	0x5
 219 0189 D9       		.byte	0xd9
 220 018a D6000000 		.4byte	0xd6
 221 018e 1C       		.byte	0x1c
 222 018f 07       		.uleb128 0x7
 223 0190 83030000 		.4byte	.LASF34
 224 0194 05       		.byte	0x5
 225 0195 DD       		.byte	0xdd
 226 0196 CB000000 		.4byte	0xcb
 227 019a 1D       		.byte	0x1d
 228 019b 07       		.uleb128 0x7
ARM GAS  /tmp/ccX8GRcW.s 			page 5


 229 019c B2040000 		.4byte	.LASF35
 230 01a0 05       		.byte	0x5
 231 01a1 E2       		.byte	0xe2
 232 01a2 E1000000 		.4byte	0xe1
 233 01a6 1E       		.byte	0x1e
 234 01a7 08       		.uleb128 0x8
 235 01a8 705F7500 		.ascii	"p_u\000"
 236 01ac 05       		.byte	0x5
 237 01ad 1401     		.2byte	0x114
 238 01af FA040000 		.4byte	0x4fa
 239 01b3 20       		.byte	0x20
 240 01b4 09       		.uleb128 0x9
 241 01b5 EA030000 		.4byte	.LASF36
 242 01b9 05       		.byte	0x5
 243 01ba 1901     		.2byte	0x119
 244 01bc 10020000 		.4byte	0x210
 245 01c0 24       		.byte	0x24
 246 01c1 09       		.uleb128 0x9
 247 01c2 80010000 		.4byte	.LASF37
 248 01c6 05       		.byte	0x5
 249 01c7 1F01     		.2byte	0x11f
 250 01c9 34020000 		.4byte	0x234
 251 01cd 28       		.byte	0x28
 252 01ce 09       		.uleb128 0x9
 253 01cf D4020000 		.4byte	.LASF38
 254 01d3 05       		.byte	0x5
 255 01d4 2301     		.2byte	0x123
 256 01d6 F7000000 		.4byte	0xf7
 257 01da 30       		.byte	0x30
 258 01db 09       		.uleb128 0x9
 259 01dc ED010000 		.4byte	.LASF39
 260 01e0 05       		.byte	0x5
 261 01e1 2901     		.2byte	0x129
 262 01e3 02010000 		.4byte	0x102
 263 01e7 34       		.byte	0x34
 264 01e8 09       		.uleb128 0x9
 265 01e9 FF030000 		.4byte	.LASF40
 266 01ed 05       		.byte	0x5
 267 01ee 3001     		.2byte	0x130
 268 01f0 75050000 		.4byte	0x575
 269 01f4 38       		.byte	0x38
 270 01f5 09       		.uleb128 0x9
 271 01f6 94030000 		.4byte	.LASF41
 272 01fa 05       		.byte	0x5
 273 01fb 3401     		.2byte	0x134
 274 01fd EC000000 		.4byte	0xec
 275 0201 3C       		.byte	0x3c
 276 0202 09       		.uleb128 0x9
 277 0203 E2040000 		.4byte	.LASF42
 278 0207 05       		.byte	0x5
 279 0208 3A01     		.2byte	0x13a
 280 020a E7020000 		.4byte	0x2e7
 281 020e 40       		.byte	0x40
 282 020f 00       		.byte	0
 283 0210 04       		.uleb128 0x4
 284 0211 0E050000 		.4byte	.LASF43
 285 0215 04       		.byte	0x4
ARM GAS  /tmp/ccX8GRcW.s 			page 6


 286 0216 44       		.byte	0x44
 287 0217 1B020000 		.4byte	0x21b
 288 021b 06       		.uleb128 0x6
 289 021c BA020000 		.4byte	.LASF45
 290 0220 04       		.byte	0x4
 291 0221 05       		.byte	0x5
 292 0222 AC       		.byte	0xac
 293 0223 34020000 		.4byte	0x234
 294 0227 07       		.uleb128 0x7
 295 0228 92010000 		.4byte	.LASF26
 296 022c 05       		.byte	0x5
 297 022d AD       		.byte	0xad
 298 022e F4040000 		.4byte	0x4f4
 299 0232 00       		.byte	0
 300 0233 00       		.byte	0
 301 0234 04       		.uleb128 0x4
 302 0235 65030000 		.4byte	.LASF46
 303 0239 04       		.byte	0x4
 304 023a 4B       		.byte	0x4b
 305 023b 3F020000 		.4byte	0x23f
 306 023f 06       		.uleb128 0x6
 307 0240 D2010000 		.4byte	.LASF47
 308 0244 08       		.byte	0x8
 309 0245 05       		.byte	0x5
 310 0246 B3       		.byte	0xb3
 311 0247 64020000 		.4byte	0x264
 312 024b 07       		.uleb128 0x7
 313 024c 92010000 		.4byte	.LASF26
 314 0250 05       		.byte	0x5
 315 0251 B4       		.byte	0xb4
 316 0252 F4040000 		.4byte	0x4f4
 317 0256 00       		.byte	0
 318 0257 07       		.uleb128 0x7
 319 0258 67010000 		.4byte	.LASF27
 320 025c 05       		.byte	0x5
 321 025d B5       		.byte	0xb5
 322 025e F4040000 		.4byte	0x4f4
 323 0262 04       		.byte	0x4
 324 0263 00       		.byte	0
 325 0264 04       		.uleb128 0x4
 326 0265 A5040000 		.4byte	.LASF48
 327 0269 04       		.byte	0x4
 328 026a 52       		.byte	0x52
 329 026b 6F020000 		.4byte	0x26f
 330 026f 0A       		.uleb128 0xa
 331 0270 B9040000 		.4byte	.LASF49
 332 0274 1C       		.byte	0x1c
 333 0275 05       		.byte	0x5
 334 0276 7201     		.2byte	0x172
 335 0278 CB020000 		.4byte	0x2cb
 336 027c 09       		.uleb128 0x9
 337 027d 7C000000 		.4byte	.LASF50
 338 0281 05       		.byte	0x5
 339 0282 7301     		.2byte	0x173
 340 0284 34020000 		.4byte	0x234
 341 0288 00       		.byte	0
 342 0289 09       		.uleb128 0x9
ARM GAS  /tmp/ccX8GRcW.s 			page 7


 343 028a D5030000 		.4byte	.LASF51
 344 028e 05       		.byte	0x5
 345 028f 7401     		.2byte	0x174
 346 0291 EC000000 		.4byte	0xec
 347 0295 08       		.byte	0x8
 348 0296 09       		.uleb128 0x9
 349 0297 6E010000 		.4byte	.LASF52
 350 029b 05       		.byte	0x5
 351 029c 7601     		.2byte	0x176
 352 029e 3A040000 		.4byte	0x43a
 353 02a2 0C       		.byte	0xc
 354 02a3 09       		.uleb128 0x9
 355 02a4 7B030000 		.4byte	.LASF53
 356 02a8 05       		.byte	0x5
 357 02a9 7901     		.2byte	0x179
 358 02ab F4040000 		.4byte	0x4f4
 359 02af 10       		.byte	0x10
 360 02b0 09       		.uleb128 0x9
 361 02b1 FE040000 		.4byte	.LASF54
 362 02b5 05       		.byte	0x5
 363 02b6 7A01     		.2byte	0x17a
 364 02b8 F4040000 		.4byte	0x4f4
 365 02bc 14       		.byte	0x14
 366 02bd 09       		.uleb128 0x9
 367 02be CA020000 		.4byte	.LASF55
 368 02c2 05       		.byte	0x5
 369 02c3 7D01     		.2byte	0x17d
 370 02c5 F4040000 		.4byte	0x4f4
 371 02c9 18       		.byte	0x18
 372 02ca 00       		.byte	0
 373 02cb 04       		.uleb128 0x4
 374 02cc 94040000 		.4byte	.LASF56
 375 02d0 04       		.byte	0x4
 376 02d1 57       		.byte	0x57
 377 02d2 D6020000 		.4byte	0x2d6
 378 02d6 0B       		.uleb128 0xb
 379 02d7 04       		.byte	0x4
 380 02d8 DC020000 		.4byte	0x2dc
 381 02dc 0C       		.uleb128 0xc
 382 02dd E7020000 		.4byte	0x2e7
 383 02e1 0D       		.uleb128 0xd
 384 02e2 E7020000 		.4byte	0x2e7
 385 02e6 00       		.byte	0
 386 02e7 0E       		.uleb128 0xe
 387 02e8 04       		.byte	0x4
 388 02e9 04       		.uleb128 0x4
 389 02ea 4F020000 		.4byte	.LASF57
 390 02ee 04       		.byte	0x4
 391 02ef 5C       		.byte	0x5c
 392 02f0 F4020000 		.4byte	0x2f4
 393 02f4 0A       		.uleb128 0xa
 394 02f5 BC030000 		.4byte	.LASF58
 395 02f9 14       		.byte	0x14
 396 02fa 05       		.byte	0x5
 397 02fb 4D01     		.2byte	0x14d
 398 02fd 43030000 		.4byte	0x343
 399 0301 09       		.uleb128 0x9
ARM GAS  /tmp/ccX8GRcW.s 			page 8


 400 0302 47030000 		.4byte	.LASF59
 401 0306 05       		.byte	0x5
 402 0307 4E01     		.2byte	0x14e
 403 0309 7B050000 		.4byte	0x57b
 404 030d 00       		.byte	0
 405 030e 09       		.uleb128 0x9
 406 030f 5E040000 		.4byte	.LASF60
 407 0313 05       		.byte	0x5
 408 0314 4F01     		.2byte	0x14f
 409 0316 7B050000 		.4byte	0x57b
 410 031a 04       		.byte	0x4
 411 031b 09       		.uleb128 0x9
 412 031c 8B030000 		.4byte	.LASF61
 413 0320 05       		.byte	0x5
 414 0321 5001     		.2byte	0x150
 415 0323 0D010000 		.4byte	0x10d
 416 0327 08       		.byte	0x8
 417 0328 09       		.uleb128 0x9
 418 0329 B9010000 		.4byte	.LASF62
 419 032d 05       		.byte	0x5
 420 032e 5101     		.2byte	0x151
 421 0330 CB020000 		.4byte	0x2cb
 422 0334 0C       		.byte	0xc
 423 0335 09       		.uleb128 0x9
 424 0336 B2010000 		.4byte	.LASF63
 425 033a 05       		.byte	0x5
 426 033b 5301     		.2byte	0x153
 427 033d E7020000 		.4byte	0x2e7
 428 0341 10       		.byte	0x10
 429 0342 00       		.byte	0
 430 0343 04       		.uleb128 0x4
 431 0344 4F030000 		.4byte	.LASF64
 432 0348 04       		.byte	0x4
 433 0349 61       		.byte	0x61
 434 034a 4E030000 		.4byte	0x34e
 435 034e 0A       		.uleb128 0xa
 436 034f 30030000 		.4byte	.LASF65
 437 0353 10       		.byte	0x10
 438 0354 05       		.byte	0x5
 439 0355 5D01     		.2byte	0x15d
 440 0357 90030000 		.4byte	0x390
 441 035b 09       		.uleb128 0x9
 442 035c 47030000 		.4byte	.LASF59
 443 0360 05       		.byte	0x5
 444 0361 5E01     		.2byte	0x15e
 445 0363 7B050000 		.4byte	0x57b
 446 0367 00       		.byte	0
 447 0368 09       		.uleb128 0x9
 448 0369 5E040000 		.4byte	.LASF60
 449 036d 05       		.byte	0x5
 450 036e 6001     		.2byte	0x160
 451 0370 7B050000 		.4byte	0x57b
 452 0374 04       		.byte	0x4
 453 0375 09       		.uleb128 0x9
 454 0376 8B030000 		.4byte	.LASF61
 455 037a 05       		.byte	0x5
 456 037b 6201     		.2byte	0x162
ARM GAS  /tmp/ccX8GRcW.s 			page 9


 457 037d 0D010000 		.4byte	0x10d
 458 0381 08       		.byte	0x8
 459 0382 09       		.uleb128 0x9
 460 0383 04020000 		.4byte	.LASF66
 461 0387 05       		.byte	0x5
 462 0388 6A01     		.2byte	0x16a
 463 038a 0D010000 		.4byte	0x10d
 464 038e 0C       		.byte	0xc
 465 038f 00       		.byte	0
 466 0390 04       		.uleb128 0x4
 467 0391 5F020000 		.4byte	.LASF67
 468 0395 04       		.byte	0x4
 469 0396 66       		.byte	0x66
 470 0397 9B030000 		.4byte	0x39b
 471 039b 0A       		.uleb128 0xa
 472 039c 4E000000 		.4byte	.LASF68
 473 03a0 04       		.byte	0x4
 474 03a1 05       		.byte	0x5
 475 03a2 8401     		.2byte	0x184
 476 03a4 B6030000 		.4byte	0x3b6
 477 03a8 09       		.uleb128 0x9
 478 03a9 2A040000 		.4byte	.LASF69
 479 03ad 05       		.byte	0x5
 480 03ae 8C01     		.2byte	0x18c
 481 03b0 81050000 		.4byte	0x581
 482 03b4 00       		.byte	0
 483 03b5 00       		.byte	0
 484 03b6 04       		.uleb128 0x4
 485 03b7 F8010000 		.4byte	.LASF70
 486 03bb 04       		.byte	0x4
 487 03bc 6B       		.byte	0x6b
 488 03bd C1030000 		.4byte	0x3c1
 489 03c1 0F       		.uleb128 0xf
 490 03c2 3E020000 		.4byte	.LASF71
 491 03c6 5001     		.2byte	0x150
 492 03c8 05       		.byte	0x5
 493 03c9 A401     		.2byte	0x1a4
 494 03cb 1D040000 		.4byte	0x41d
 495 03cf 09       		.uleb128 0x9
 496 03d0 A9030000 		.4byte	.LASF72
 497 03d4 05       		.byte	0x5
 498 03d5 A801     		.2byte	0x1a8
 499 03d7 64020000 		.4byte	0x264
 500 03db 00       		.byte	0
 501 03dc 09       		.uleb128 0x9
 502 03dd F1040000 		.4byte	.LASF73
 503 03e1 05       		.byte	0x5
 504 03e2 AC01     		.2byte	0x1ac
 505 03e4 43030000 		.4byte	0x343
 506 03e8 1C       		.byte	0x1c
 507 03e9 08       		.uleb128 0x8
 508 03ea 64626700 		.ascii	"dbg\000"
 509 03ee 05       		.byte	0x5
 510 03ef B001     		.2byte	0x1b0
 511 03f1 90030000 		.4byte	0x390
 512 03f5 2C       		.byte	0x2c
 513 03f6 09       		.uleb128 0x9
ARM GAS  /tmp/ccX8GRcW.s 			page 10


 514 03f7 67000000 		.4byte	.LASF74
 515 03fb 05       		.byte	0x5
 516 03fc B401     		.2byte	0x1b4
 517 03fe 18010000 		.4byte	0x118
 518 0402 30       		.byte	0x30
 519 0403 08       		.uleb128 0x8
 520 0404 746D00   		.ascii	"tm\000"
 521 0407 05       		.byte	0x5
 522 0408 B901     		.2byte	0x1b9
 523 040a E9040000 		.4byte	0x4e9
 524 040e 74       		.byte	0x74
 525 040f 09       		.uleb128 0x9
 526 0410 09040000 		.4byte	.LASF75
 527 0414 05       		.byte	0x5
 528 0415 C501     		.2byte	0x1c5
 529 0417 86050000 		.4byte	0x586
 530 041b 78       		.byte	0x78
 531 041c 00       		.byte	0
 532 041d 03       		.uleb128 0x3
 533 041e 04       		.byte	0x4
 534 041f 07       		.byte	0x7
 535 0420 5E010000 		.4byte	.LASF76
 536 0424 04       		.uleb128 0x4
 537 0425 C1010000 		.4byte	.LASF77
 538 0429 06       		.byte	0x6
 539 042a 85       		.byte	0x85
 540 042b E7020000 		.4byte	0x2e7
 541 042f 04       		.uleb128 0x4
 542 0430 80040000 		.4byte	.LASF78
 543 0434 06       		.byte	0x6
 544 0435 8D       		.byte	0x8d
 545 0436 B0000000 		.4byte	0xb0
 546 043a 06       		.uleb128 0x6
 547 043b B2020000 		.4byte	.LASF79
 548 043f 04       		.byte	0x4
 549 0440 06       		.byte	0x6
 550 0441 A9       		.byte	0xa9
 551 0442 53040000 		.4byte	0x453
 552 0446 10       		.uleb128 0x10
 553 0447 72313300 		.ascii	"r13\000"
 554 044b 06       		.byte	0x6
 555 044c AA       		.byte	0xaa
 556 044d CE040000 		.4byte	0x4ce
 557 0451 00       		.byte	0
 558 0452 00       		.byte	0
 559 0453 06       		.uleb128 0x6
 560 0454 52040000 		.4byte	.LASF80
 561 0458 24       		.byte	0x24
 562 0459 07       		.byte	0x7
 563 045a F4       		.byte	0xf4
 564 045b CE040000 		.4byte	0x4ce
 565 045f 08       		.uleb128 0x8
 566 0460 723400   		.ascii	"r4\000"
 567 0463 07       		.byte	0x7
 568 0464 0701     		.2byte	0x107
 569 0466 24040000 		.4byte	0x424
 570 046a 00       		.byte	0
ARM GAS  /tmp/ccX8GRcW.s 			page 11


 571 046b 08       		.uleb128 0x8
 572 046c 723500   		.ascii	"r5\000"
 573 046f 07       		.byte	0x7
 574 0470 0801     		.2byte	0x108
 575 0472 24040000 		.4byte	0x424
 576 0476 04       		.byte	0x4
 577 0477 08       		.uleb128 0x8
 578 0478 723600   		.ascii	"r6\000"
 579 047b 07       		.byte	0x7
 580 047c 0901     		.2byte	0x109
 581 047e 24040000 		.4byte	0x424
 582 0482 08       		.byte	0x8
 583 0483 08       		.uleb128 0x8
 584 0484 723700   		.ascii	"r7\000"
 585 0487 07       		.byte	0x7
 586 0488 0A01     		.2byte	0x10a
 587 048a 24040000 		.4byte	0x424
 588 048e 0C       		.byte	0xc
 589 048f 08       		.uleb128 0x8
 590 0490 723800   		.ascii	"r8\000"
 591 0493 07       		.byte	0x7
 592 0494 0B01     		.2byte	0x10b
 593 0496 24040000 		.4byte	0x424
 594 049a 10       		.byte	0x10
 595 049b 08       		.uleb128 0x8
 596 049c 723900   		.ascii	"r9\000"
 597 049f 07       		.byte	0x7
 598 04a0 0C01     		.2byte	0x10c
 599 04a2 24040000 		.4byte	0x424
 600 04a6 14       		.byte	0x14
 601 04a7 08       		.uleb128 0x8
 602 04a8 72313000 		.ascii	"r10\000"
 603 04ac 07       		.byte	0x7
 604 04ad 0D01     		.2byte	0x10d
 605 04af 24040000 		.4byte	0x424
 606 04b3 18       		.byte	0x18
 607 04b4 08       		.uleb128 0x8
 608 04b5 72313100 		.ascii	"r11\000"
 609 04b9 07       		.byte	0x7
 610 04ba 0E01     		.2byte	0x10e
 611 04bc 24040000 		.4byte	0x424
 612 04c0 1C       		.byte	0x1c
 613 04c1 08       		.uleb128 0x8
 614 04c2 6C7200   		.ascii	"lr\000"
 615 04c5 07       		.byte	0x7
 616 04c6 0F01     		.2byte	0x10f
 617 04c8 24040000 		.4byte	0x424
 618 04cc 20       		.byte	0x20
 619 04cd 00       		.byte	0
 620 04ce 0B       		.uleb128 0xb
 621 04cf 04       		.byte	0x4
 622 04d0 53040000 		.4byte	0x453
 623 04d4 11       		.uleb128 0x11
 624 04d5 04       		.byte	0x4
 625 04d6 08       		.byte	0x8
 626 04d7 38       		.byte	0x38
 627 04d8 E9040000 		.4byte	0x4e9
ARM GAS  /tmp/ccX8GRcW.s 			page 12


 628 04dc 07       		.uleb128 0x7
 629 04dd 48020000 		.4byte	.LASF81
 630 04e1 08       		.byte	0x8
 631 04e2 3C       		.byte	0x3c
 632 04e3 C0000000 		.4byte	0xc0
 633 04e7 00       		.byte	0
 634 04e8 00       		.byte	0
 635 04e9 04       		.uleb128 0x4
 636 04ea A1010000 		.4byte	.LASF82
 637 04ee 08       		.byte	0x8
 638 04ef 3D       		.byte	0x3d
 639 04f0 D4040000 		.4byte	0x4d4
 640 04f4 0B       		.uleb128 0xb
 641 04f5 04       		.byte	0x4
 642 04f6 18010000 		.4byte	0x118
 643 04fa 12       		.uleb128 0x12
 644 04fb 04       		.byte	0x4
 645 04fc 05       		.byte	0x5
 646 04fd F6       		.byte	0xf6
 647 04fe 32050000 		.4byte	0x532
 648 0502 13       		.uleb128 0x13
 649 0503 EA040000 		.4byte	.LASF83
 650 0507 05       		.byte	0x5
 651 0508 FD       		.byte	0xfd
 652 0509 F7000000 		.4byte	0xf7
 653 050d 14       		.uleb128 0x14
 654 050e 8B040000 		.4byte	.LASF84
 655 0512 05       		.byte	0x5
 656 0513 0401     		.2byte	0x104
 657 0515 F7000000 		.4byte	0xf7
 658 0519 14       		.uleb128 0x14
 659 051a 70040000 		.4byte	.LASF85
 660 051e 05       		.byte	0x5
 661 051f 0B01     		.2byte	0x10b
 662 0521 E7020000 		.4byte	0x2e7
 663 0525 14       		.uleb128 0x14
 664 0526 E8020000 		.4byte	.LASF86
 665 052a 05       		.byte	0x5
 666 052b 1201     		.2byte	0x112
 667 052d 02010000 		.4byte	0x102
 668 0531 00       		.byte	0
 669 0532 0B       		.uleb128 0xb
 670 0533 04       		.byte	0x4
 671 0534 38050000 		.4byte	0x538
 672 0538 15       		.uleb128 0x15
 673 0539 3D050000 		.4byte	0x53d
 674 053d 03       		.uleb128 0x3
 675 053e 01       		.byte	0x1
 676 053f 08       		.byte	0x8
 677 0540 AF030000 		.4byte	.LASF87
 678 0544 06       		.uleb128 0x6
 679 0545 75030000 		.4byte	.LASF88
 680 0549 10       		.byte	0x10
 681 054a 09       		.byte	0x9
 682 054b 39       		.byte	0x39
 683 054c 75050000 		.4byte	0x575
 684 0550 07       		.uleb128 0x7
ARM GAS  /tmp/ccX8GRcW.s 			page 13


 685 0551 6E020000 		.4byte	.LASF89
 686 0555 09       		.byte	0x9
 687 0556 3A       		.byte	0x3a
 688 0557 34020000 		.4byte	0x234
 689 055b 00       		.byte	0
 690 055c 07       		.uleb128 0x7
 691 055d DA040000 		.4byte	.LASF90
 692 0561 09       		.byte	0x9
 693 0562 3C       		.byte	0x3c
 694 0563 F4040000 		.4byte	0x4f4
 695 0567 08       		.byte	0x8
 696 0568 07       		.uleb128 0x7
 697 0569 47000000 		.4byte	.LASF91
 698 056d 09       		.byte	0x9
 699 056e 3E       		.byte	0x3e
 700 056f A1050000 		.4byte	0x5a1
 701 0573 0C       		.byte	0xc
 702 0574 00       		.byte	0
 703 0575 0B       		.uleb128 0xb
 704 0576 04       		.byte	0x4
 705 0577 44050000 		.4byte	0x544
 706 057b 0B       		.uleb128 0xb
 707 057c 04       		.byte	0x4
 708 057d E9020000 		.4byte	0x2e9
 709 0581 05       		.uleb128 0x5
 710 0582 32050000 		.4byte	0x532
 711 0586 16       		.uleb128 0x16
 712 0587 2F040000 		.4byte	0x42f
 713 058b 96050000 		.4byte	0x596
 714 058f 17       		.uleb128 0x17
 715 0590 1D040000 		.4byte	0x41d
 716 0594 1A       		.byte	0x1a
 717 0595 00       		.byte	0
 718 0596 04       		.uleb128 0x4
 719 0597 B4030000 		.4byte	.LASF92
 720 059b 09       		.byte	0x9
 721 059c 34       		.byte	0x34
 722 059d 44050000 		.4byte	0x544
 723 05a1 0B       		.uleb128 0xb
 724 05a2 04       		.byte	0x4
 725 05a3 96050000 		.4byte	0x596
 726 05a7 03       		.uleb128 0x3
 727 05a8 01       		.byte	0x1
 728 05a9 02       		.byte	0x2
 729 05aa E4030000 		.4byte	.LASF93
 730 05ae 18       		.uleb128 0x18
 731 05af CD040000 		.4byte	.LASF94
 732 05b3 0A       		.byte	0xa
 733 05b4 A706     		.2byte	0x6a7
 734 05b6 BB000000 		.4byte	0xbb
 735 05ba 19       		.uleb128 0x19
 736 05bb 636800   		.ascii	"ch\000"
 737 05be 05       		.byte	0x5
 738 05bf EB01     		.2byte	0x1eb
 739 05c1 B6030000 		.4byte	0x3b6
 740 05c5 00       		.byte	0
 741              		.section	.debug_abbrev,"",%progbits
ARM GAS  /tmp/ccX8GRcW.s 			page 14


 742              	.Ldebug_abbrev0:
 743 0000 01       		.uleb128 0x1
 744 0001 11       		.uleb128 0x11
 745 0002 01       		.byte	0x1
 746 0003 25       		.uleb128 0x25
 747 0004 0E       		.uleb128 0xe
 748 0005 13       		.uleb128 0x13
 749 0006 0B       		.uleb128 0xb
 750 0007 03       		.uleb128 0x3
 751 0008 0E       		.uleb128 0xe
 752 0009 1B       		.uleb128 0x1b
 753 000a 0E       		.uleb128 0xe
 754 000b 10       		.uleb128 0x10
 755 000c 17       		.uleb128 0x17
 756 000d 00       		.byte	0
 757 000e 00       		.byte	0
 758 000f 02       		.uleb128 0x2
 759 0010 24       		.uleb128 0x24
 760 0011 00       		.byte	0
 761 0012 0B       		.uleb128 0xb
 762 0013 0B       		.uleb128 0xb
 763 0014 3E       		.uleb128 0x3e
 764 0015 0B       		.uleb128 0xb
 765 0016 03       		.uleb128 0x3
 766 0017 08       		.uleb128 0x8
 767 0018 00       		.byte	0
 768 0019 00       		.byte	0
 769 001a 03       		.uleb128 0x3
 770 001b 24       		.uleb128 0x24
 771 001c 00       		.byte	0
 772 001d 0B       		.uleb128 0xb
 773 001e 0B       		.uleb128 0xb
 774 001f 3E       		.uleb128 0x3e
 775 0020 0B       		.uleb128 0xb
 776 0021 03       		.uleb128 0x3
 777 0022 0E       		.uleb128 0xe
 778 0023 00       		.byte	0
 779 0024 00       		.byte	0
 780 0025 04       		.uleb128 0x4
 781 0026 16       		.uleb128 0x16
 782 0027 00       		.byte	0
 783 0028 03       		.uleb128 0x3
 784 0029 0E       		.uleb128 0xe
 785 002a 3A       		.uleb128 0x3a
 786 002b 0B       		.uleb128 0xb
 787 002c 3B       		.uleb128 0x3b
 788 002d 0B       		.uleb128 0xb
 789 002e 49       		.uleb128 0x49
 790 002f 13       		.uleb128 0x13
 791 0030 00       		.byte	0
 792 0031 00       		.byte	0
 793 0032 05       		.uleb128 0x5
 794 0033 35       		.uleb128 0x35
 795 0034 00       		.byte	0
 796 0035 49       		.uleb128 0x49
 797 0036 13       		.uleb128 0x13
 798 0037 00       		.byte	0
ARM GAS  /tmp/ccX8GRcW.s 			page 15


 799 0038 00       		.byte	0
 800 0039 06       		.uleb128 0x6
 801 003a 13       		.uleb128 0x13
 802 003b 01       		.byte	0x1
 803 003c 03       		.uleb128 0x3
 804 003d 0E       		.uleb128 0xe
 805 003e 0B       		.uleb128 0xb
 806 003f 0B       		.uleb128 0xb
 807 0040 3A       		.uleb128 0x3a
 808 0041 0B       		.uleb128 0xb
 809 0042 3B       		.uleb128 0x3b
 810 0043 0B       		.uleb128 0xb
 811 0044 01       		.uleb128 0x1
 812 0045 13       		.uleb128 0x13
 813 0046 00       		.byte	0
 814 0047 00       		.byte	0
 815 0048 07       		.uleb128 0x7
 816 0049 0D       		.uleb128 0xd
 817 004a 00       		.byte	0
 818 004b 03       		.uleb128 0x3
 819 004c 0E       		.uleb128 0xe
 820 004d 3A       		.uleb128 0x3a
 821 004e 0B       		.uleb128 0xb
 822 004f 3B       		.uleb128 0x3b
 823 0050 0B       		.uleb128 0xb
 824 0051 49       		.uleb128 0x49
 825 0052 13       		.uleb128 0x13
 826 0053 38       		.uleb128 0x38
 827 0054 0B       		.uleb128 0xb
 828 0055 00       		.byte	0
 829 0056 00       		.byte	0
 830 0057 08       		.uleb128 0x8
 831 0058 0D       		.uleb128 0xd
 832 0059 00       		.byte	0
 833 005a 03       		.uleb128 0x3
 834 005b 08       		.uleb128 0x8
 835 005c 3A       		.uleb128 0x3a
 836 005d 0B       		.uleb128 0xb
 837 005e 3B       		.uleb128 0x3b
 838 005f 05       		.uleb128 0x5
 839 0060 49       		.uleb128 0x49
 840 0061 13       		.uleb128 0x13
 841 0062 38       		.uleb128 0x38
 842 0063 0B       		.uleb128 0xb
 843 0064 00       		.byte	0
 844 0065 00       		.byte	0
 845 0066 09       		.uleb128 0x9
 846 0067 0D       		.uleb128 0xd
 847 0068 00       		.byte	0
 848 0069 03       		.uleb128 0x3
 849 006a 0E       		.uleb128 0xe
 850 006b 3A       		.uleb128 0x3a
 851 006c 0B       		.uleb128 0xb
 852 006d 3B       		.uleb128 0x3b
 853 006e 05       		.uleb128 0x5
 854 006f 49       		.uleb128 0x49
 855 0070 13       		.uleb128 0x13
ARM GAS  /tmp/ccX8GRcW.s 			page 16


 856 0071 38       		.uleb128 0x38
 857 0072 0B       		.uleb128 0xb
 858 0073 00       		.byte	0
 859 0074 00       		.byte	0
 860 0075 0A       		.uleb128 0xa
 861 0076 13       		.uleb128 0x13
 862 0077 01       		.byte	0x1
 863 0078 03       		.uleb128 0x3
 864 0079 0E       		.uleb128 0xe
 865 007a 0B       		.uleb128 0xb
 866 007b 0B       		.uleb128 0xb
 867 007c 3A       		.uleb128 0x3a
 868 007d 0B       		.uleb128 0xb
 869 007e 3B       		.uleb128 0x3b
 870 007f 05       		.uleb128 0x5
 871 0080 01       		.uleb128 0x1
 872 0081 13       		.uleb128 0x13
 873 0082 00       		.byte	0
 874 0083 00       		.byte	0
 875 0084 0B       		.uleb128 0xb
 876 0085 0F       		.uleb128 0xf
 877 0086 00       		.byte	0
 878 0087 0B       		.uleb128 0xb
 879 0088 0B       		.uleb128 0xb
 880 0089 49       		.uleb128 0x49
 881 008a 13       		.uleb128 0x13
 882 008b 00       		.byte	0
 883 008c 00       		.byte	0
 884 008d 0C       		.uleb128 0xc
 885 008e 15       		.uleb128 0x15
 886 008f 01       		.byte	0x1
 887 0090 27       		.uleb128 0x27
 888 0091 19       		.uleb128 0x19
 889 0092 01       		.uleb128 0x1
 890 0093 13       		.uleb128 0x13
 891 0094 00       		.byte	0
 892 0095 00       		.byte	0
 893 0096 0D       		.uleb128 0xd
 894 0097 05       		.uleb128 0x5
 895 0098 00       		.byte	0
 896 0099 49       		.uleb128 0x49
 897 009a 13       		.uleb128 0x13
 898 009b 00       		.byte	0
 899 009c 00       		.byte	0
 900 009d 0E       		.uleb128 0xe
 901 009e 0F       		.uleb128 0xf
 902 009f 00       		.byte	0
 903 00a0 0B       		.uleb128 0xb
 904 00a1 0B       		.uleb128 0xb
 905 00a2 00       		.byte	0
 906 00a3 00       		.byte	0
 907 00a4 0F       		.uleb128 0xf
 908 00a5 13       		.uleb128 0x13
 909 00a6 01       		.byte	0x1
 910 00a7 03       		.uleb128 0x3
 911 00a8 0E       		.uleb128 0xe
 912 00a9 0B       		.uleb128 0xb
ARM GAS  /tmp/ccX8GRcW.s 			page 17


 913 00aa 05       		.uleb128 0x5
 914 00ab 3A       		.uleb128 0x3a
 915 00ac 0B       		.uleb128 0xb
 916 00ad 3B       		.uleb128 0x3b
 917 00ae 05       		.uleb128 0x5
 918 00af 01       		.uleb128 0x1
 919 00b0 13       		.uleb128 0x13
 920 00b1 00       		.byte	0
 921 00b2 00       		.byte	0
 922 00b3 10       		.uleb128 0x10
 923 00b4 0D       		.uleb128 0xd
 924 00b5 00       		.byte	0
 925 00b6 03       		.uleb128 0x3
 926 00b7 08       		.uleb128 0x8
 927 00b8 3A       		.uleb128 0x3a
 928 00b9 0B       		.uleb128 0xb
 929 00ba 3B       		.uleb128 0x3b
 930 00bb 0B       		.uleb128 0xb
 931 00bc 49       		.uleb128 0x49
 932 00bd 13       		.uleb128 0x13
 933 00be 38       		.uleb128 0x38
 934 00bf 0B       		.uleb128 0xb
 935 00c0 00       		.byte	0
 936 00c1 00       		.byte	0
 937 00c2 11       		.uleb128 0x11
 938 00c3 13       		.uleb128 0x13
 939 00c4 01       		.byte	0x1
 940 00c5 0B       		.uleb128 0xb
 941 00c6 0B       		.uleb128 0xb
 942 00c7 3A       		.uleb128 0x3a
 943 00c8 0B       		.uleb128 0xb
 944 00c9 3B       		.uleb128 0x3b
 945 00ca 0B       		.uleb128 0xb
 946 00cb 01       		.uleb128 0x1
 947 00cc 13       		.uleb128 0x13
 948 00cd 00       		.byte	0
 949 00ce 00       		.byte	0
 950 00cf 12       		.uleb128 0x12
 951 00d0 17       		.uleb128 0x17
 952 00d1 01       		.byte	0x1
 953 00d2 0B       		.uleb128 0xb
 954 00d3 0B       		.uleb128 0xb
 955 00d4 3A       		.uleb128 0x3a
 956 00d5 0B       		.uleb128 0xb
 957 00d6 3B       		.uleb128 0x3b
 958 00d7 0B       		.uleb128 0xb
 959 00d8 01       		.uleb128 0x1
 960 00d9 13       		.uleb128 0x13
 961 00da 00       		.byte	0
 962 00db 00       		.byte	0
 963 00dc 13       		.uleb128 0x13
 964 00dd 0D       		.uleb128 0xd
 965 00de 00       		.byte	0
 966 00df 03       		.uleb128 0x3
 967 00e0 0E       		.uleb128 0xe
 968 00e1 3A       		.uleb128 0x3a
 969 00e2 0B       		.uleb128 0xb
ARM GAS  /tmp/ccX8GRcW.s 			page 18


 970 00e3 3B       		.uleb128 0x3b
 971 00e4 0B       		.uleb128 0xb
 972 00e5 49       		.uleb128 0x49
 973 00e6 13       		.uleb128 0x13
 974 00e7 00       		.byte	0
 975 00e8 00       		.byte	0
 976 00e9 14       		.uleb128 0x14
 977 00ea 0D       		.uleb128 0xd
 978 00eb 00       		.byte	0
 979 00ec 03       		.uleb128 0x3
 980 00ed 0E       		.uleb128 0xe
 981 00ee 3A       		.uleb128 0x3a
 982 00ef 0B       		.uleb128 0xb
 983 00f0 3B       		.uleb128 0x3b
 984 00f1 05       		.uleb128 0x5
 985 00f2 49       		.uleb128 0x49
 986 00f3 13       		.uleb128 0x13
 987 00f4 00       		.byte	0
 988 00f5 00       		.byte	0
 989 00f6 15       		.uleb128 0x15
 990 00f7 26       		.uleb128 0x26
 991 00f8 00       		.byte	0
 992 00f9 49       		.uleb128 0x49
 993 00fa 13       		.uleb128 0x13
 994 00fb 00       		.byte	0
 995 00fc 00       		.byte	0
 996 00fd 16       		.uleb128 0x16
 997 00fe 01       		.uleb128 0x1
 998 00ff 01       		.byte	0x1
 999 0100 49       		.uleb128 0x49
 1000 0101 13       		.uleb128 0x13
 1001 0102 01       		.uleb128 0x1
 1002 0103 13       		.uleb128 0x13
 1003 0104 00       		.byte	0
 1004 0105 00       		.byte	0
 1005 0106 17       		.uleb128 0x17
 1006 0107 21       		.uleb128 0x21
 1007 0108 00       		.byte	0
 1008 0109 49       		.uleb128 0x49
 1009 010a 13       		.uleb128 0x13
 1010 010b 2F       		.uleb128 0x2f
 1011 010c 0B       		.uleb128 0xb
 1012 010d 00       		.byte	0
 1013 010e 00       		.byte	0
 1014 010f 18       		.uleb128 0x18
 1015 0110 34       		.uleb128 0x34
 1016 0111 00       		.byte	0
 1017 0112 03       		.uleb128 0x3
 1018 0113 0E       		.uleb128 0xe
 1019 0114 3A       		.uleb128 0x3a
 1020 0115 0B       		.uleb128 0xb
 1021 0116 3B       		.uleb128 0x3b
 1022 0117 05       		.uleb128 0x5
 1023 0118 49       		.uleb128 0x49
 1024 0119 13       		.uleb128 0x13
 1025 011a 3F       		.uleb128 0x3f
 1026 011b 19       		.uleb128 0x19
ARM GAS  /tmp/ccX8GRcW.s 			page 19


 1027 011c 3C       		.uleb128 0x3c
 1028 011d 19       		.uleb128 0x19
 1029 011e 00       		.byte	0
 1030 011f 00       		.byte	0
 1031 0120 19       		.uleb128 0x19
 1032 0121 34       		.uleb128 0x34
 1033 0122 00       		.byte	0
 1034 0123 03       		.uleb128 0x3
 1035 0124 08       		.uleb128 0x8
 1036 0125 3A       		.uleb128 0x3a
 1037 0126 0B       		.uleb128 0xb
 1038 0127 3B       		.uleb128 0x3b
 1039 0128 05       		.uleb128 0x5
 1040 0129 49       		.uleb128 0x49
 1041 012a 13       		.uleb128 0x13
 1042 012b 3F       		.uleb128 0x3f
 1043 012c 19       		.uleb128 0x19
 1044 012d 3C       		.uleb128 0x3c
 1045 012e 19       		.uleb128 0x19
 1046 012f 00       		.byte	0
 1047 0130 00       		.byte	0
 1048 0131 00       		.byte	0
 1049              		.section	.debug_aranges,"",%progbits
 1050 0000 14000000 		.4byte	0x14
 1051 0004 0200     		.2byte	0x2
 1052 0006 00000000 		.4byte	.Ldebug_info0
 1053 000a 04       		.byte	0x4
 1054 000b 00       		.byte	0
 1055 000c 0000     		.2byte	0
 1056 000e 0000     		.2byte	0
 1057 0010 00000000 		.4byte	0
 1058 0014 00000000 		.4byte	0
 1059              		.section	.debug_line,"",%progbits
 1060              	.Ldebug_line0:
 1061 0000 00020000 		.section	.debug_str,"MS",%progbits,1
 1061      0200FA01 
 1061      00000201 
 1061      FB0E0D00 
 1061      01010101 
 1062              	.LASF25:
 1063 0000 74687265 		.ascii	"thread_t\000"
 1063      61645F74 
 1063      00
 1064              	.LASF97:
 1065 0009 2F6E6673 		.ascii	"/nfs/nfs4/home/ruswang/p442-submissions/p442-submis"
 1065      2F6E6673 
 1065      342F686F 
 1065      6D652F72 
 1065      75737761 
 1066 003c 73696F6E 		.ascii	"sions/lab1\000"
 1066      732F6C61 
 1066      623100
 1067              	.LASF91:
 1068 0047 6D5F6E65 		.ascii	"m_next\000"
 1068      787400
 1069              	.LASF68:
 1070 004e 63685F73 		.ascii	"ch_system_debug\000"
ARM GAS  /tmp/ccX8GRcW.s 			page 20


 1070      79737465 
 1070      6D5F6465 
 1070      62756700 
 1071              	.LASF16:
 1072 005e 75696E74 		.ascii	"uint64_t\000"
 1072      36345F74 
 1072      00
 1073              	.LASF74:
 1074 0067 6D61696E 		.ascii	"mainthread\000"
 1074      74687265 
 1074      616400
 1075              	.LASF3:
 1076 0072 73686F72 		.ascii	"short int\000"
 1076      7420696E 
 1076      7400
 1077              	.LASF50:
 1078 007c 725F7175 		.ascii	"r_queue\000"
 1078      65756500 
 1079              	.LASF95:
 1080 0084 474E5520 		.ascii	"GNU C 4.8.4 20140526 (release) [ARM/embedded-4_8-br"
 1080      4320342E 
 1080      382E3420 
 1080      32303134 
 1080      30353236 
 1081 00b7 616E6368 		.ascii	"anch revision 211358] -mcpu=cortex-m4 -mno-thumb-in"
 1081      20726576 
 1081      6973696F 
 1081      6E203231 
 1081      31333538 
 1082 00ea 74657277 		.ascii	"terwork -mthumb -ggdb -O2 -fomit-frame-pointer -fal"
 1082      6F726B20 
 1082      2D6D7468 
 1082      756D6220 
 1082      2D676764 
 1083 011d 69676E2D 		.ascii	"ign-functions=16 -ffunction-sections -fdata-section"
 1083      66756E63 
 1083      74696F6E 
 1083      733D3136 
 1083      202D6666 
 1084 0150 73202D66 		.ascii	"s -fno-common\000"
 1084      6E6F2D63 
 1084      6F6D6D6F 
 1084      6E00
 1085              	.LASF76:
 1086 015e 73697A65 		.ascii	"sizetype\000"
 1086      74797065 
 1086      00
 1087              	.LASF27:
 1088 0167 705F7072 		.ascii	"p_prev\000"
 1088      657600
 1089              	.LASF52:
 1090 016e 725F6374 		.ascii	"r_ctx\000"
 1090      7800
 1091              	.LASF23:
 1092 0174 6576656E 		.ascii	"eventmask_t\000"
 1092      746D6173 
 1092      6B5F7400 
ARM GAS  /tmp/ccX8GRcW.s 			page 21


 1093              	.LASF37:
 1094 0180 705F6D73 		.ascii	"p_msgqueue\000"
 1094      67717565 
 1094      756500
 1095              	.LASF28:
 1096 018b 705F7072 		.ascii	"p_prio\000"
 1096      696F00
 1097              	.LASF26:
 1098 0192 705F6E65 		.ascii	"p_next\000"
 1098      787400
 1099              	.LASF17:
 1100 0199 7274636E 		.ascii	"rtcnt_t\000"
 1100      745F7400 
 1101              	.LASF82:
 1102 01a1 746D5F63 		.ascii	"tm_calibration_t\000"
 1102      616C6962 
 1102      72617469 
 1102      6F6E5F74 
 1102      00
 1103              	.LASF63:
 1104 01b2 76745F70 		.ascii	"vt_par\000"
 1104      617200
 1105              	.LASF62:
 1106 01b9 76745F66 		.ascii	"vt_func\000"
 1106      756E6300 
 1107              	.LASF77:
 1108 01c1 72656761 		.ascii	"regarm_t\000"
 1108      726D5F74 
 1108      00
 1109              	.LASF13:
 1110 01ca 75696E74 		.ascii	"uint8_t\000"
 1110      385F7400 
 1111              	.LASF47:
 1112 01d2 63685F74 		.ascii	"ch_threads_queue\000"
 1112      68726561 
 1112      64735F71 
 1112      75657565 
 1112      00
 1113              	.LASF44:
 1114 01e3 63685F74 		.ascii	"ch_thread\000"
 1114      68726561 
 1114      6400
 1115              	.LASF39:
 1116 01ed 705F6570 		.ascii	"p_epending\000"
 1116      656E6469 
 1116      6E6700
 1117              	.LASF70:
 1118 01f8 63685F73 		.ascii	"ch_system_t\000"
 1118      79737465 
 1118      6D5F7400 
 1119              	.LASF66:
 1120 0204 76745F6C 		.ascii	"vt_lasttime\000"
 1120      61737474 
 1120      696D6500 
 1121              	.LASF18:
 1122 0210 746D6F64 		.ascii	"tmode_t\000"
 1122      655F7400 
ARM GAS  /tmp/ccX8GRcW.s 			page 22


 1123              	.LASF10:
 1124 0218 6C6F6E67 		.ascii	"long long int\000"
 1124      206C6F6E 
 1124      6720696E 
 1124      7400
 1125              	.LASF32:
 1126 0226 705F6E61 		.ascii	"p_name\000"
 1126      6D6500
 1127              	.LASF21:
 1128 022d 74707269 		.ascii	"tprio_t\000"
 1128      6F5F7400 
 1129              	.LASF7:
 1130 0235 6C6F6E67 		.ascii	"long int\000"
 1130      20696E74 
 1130      00
 1131              	.LASF71:
 1132 023e 63685F73 		.ascii	"ch_system\000"
 1132      79737465 
 1132      6D00
 1133              	.LASF81:
 1134 0248 6F666673 		.ascii	"offset\000"
 1134      657400
 1135              	.LASF57:
 1136 024f 76697274 		.ascii	"virtual_timer_t\000"
 1136      75616C5F 
 1136      74696D65 
 1136      725F7400 
 1137              	.LASF67:
 1138 025f 73797374 		.ascii	"system_debug_t\000"
 1138      656D5F64 
 1138      65627567 
 1138      5F7400
 1139              	.LASF89:
 1140 026e 6D5F7175 		.ascii	"m_queue\000"
 1140      65756500 
 1141              	.LASF96:
 1142 0276 2E2E2F43 		.ascii	"../ChibiOS/os/hal/ports/STM32/LLD/I2Cv2/i2c_lld.c\000"
 1142      68696269 
 1142      4F532F6F 
 1142      732F6861 
 1142      6C2F706F 
 1143              	.LASF5:
 1144 02a8 5F5F7569 		.ascii	"__uint8_t\000"
 1144      6E74385F 
 1144      7400
 1145              	.LASF79:
 1146 02b2 636F6E74 		.ascii	"context\000"
 1146      65787400 
 1147              	.LASF45:
 1148 02ba 63685F74 		.ascii	"ch_threads_list\000"
 1148      68726561 
 1148      64735F6C 
 1148      69737400 
 1149              	.LASF55:
 1150 02ca 725F6375 		.ascii	"r_current\000"
 1150      7272656E 
 1150      7400
ARM GAS  /tmp/ccX8GRcW.s 			page 23


 1151              	.LASF38:
 1152 02d4 705F6D73 		.ascii	"p_msg\000"
 1152      6700
 1153              	.LASF2:
 1154 02da 756E7369 		.ascii	"unsigned char\000"
 1154      676E6564 
 1154      20636861 
 1154      7200
 1155              	.LASF86:
 1156 02e8 65776D61 		.ascii	"ewmask\000"
 1156      736B00
 1157              	.LASF1:
 1158 02ef 7369676E 		.ascii	"signed char\000"
 1158      65642063 
 1158      68617200 
 1159              	.LASF30:
 1160 02fb 705F6E65 		.ascii	"p_newer\000"
 1160      77657200 
 1161              	.LASF12:
 1162 0303 6C6F6E67 		.ascii	"long long unsigned int\000"
 1162      206C6F6E 
 1162      6720756E 
 1162      7369676E 
 1162      65642069 
 1163              	.LASF15:
 1164 031a 75696E74 		.ascii	"uint32_t\000"
 1164      33325F74 
 1164      00
 1165              	.LASF0:
 1166 0323 756E7369 		.ascii	"unsigned int\000"
 1166      676E6564 
 1166      20696E74 
 1166      00
 1167              	.LASF65:
 1168 0330 63685F76 		.ascii	"ch_virtual_timers_list\000"
 1168      69727475 
 1168      616C5F74 
 1168      696D6572 
 1168      735F6C69 
 1169              	.LASF59:
 1170 0347 76745F6E 		.ascii	"vt_next\000"
 1170      65787400 
 1171              	.LASF64:
 1172 034f 76697274 		.ascii	"virtual_timers_list_t\000"
 1172      75616C5F 
 1172      74696D65 
 1172      72735F6C 
 1172      6973745F 
 1173              	.LASF46:
 1174 0365 74687265 		.ascii	"threads_queue_t\000"
 1174      6164735F 
 1174      71756575 
 1174      655F7400 
 1175              	.LASF88:
 1176 0375 6D757465 		.ascii	"mutex\000"
 1176      7800
 1177              	.LASF53:
ARM GAS  /tmp/ccX8GRcW.s 			page 24


 1178 037b 725F6E65 		.ascii	"r_newer\000"
 1178      77657200 
 1179              	.LASF34:
 1180 0383 705F666C 		.ascii	"p_flags\000"
 1180      61677300 
 1181              	.LASF61:
 1182 038b 76745F64 		.ascii	"vt_delta\000"
 1182      656C7461 
 1182      00
 1183              	.LASF41:
 1184 0394 705F7265 		.ascii	"p_realprio\000"
 1184      616C7072 
 1184      696F00
 1185              	.LASF24:
 1186 039f 73797374 		.ascii	"systime_t\000"
 1186      696D655F 
 1186      7400
 1187              	.LASF72:
 1188 03a9 726C6973 		.ascii	"rlist\000"
 1188      7400
 1189              	.LASF87:
 1190 03af 63686172 		.ascii	"char\000"
 1190      00
 1191              	.LASF92:
 1192 03b4 6D757465 		.ascii	"mutex_t\000"
 1192      785F7400 
 1193              	.LASF58:
 1194 03bc 63685F76 		.ascii	"ch_virtual_timer\000"
 1194      69727475 
 1194      616C5F74 
 1194      696D6572 
 1194      00
 1195              	.LASF14:
 1196 03cd 696E7433 		.ascii	"int32_t\000"
 1196      325F7400 
 1197              	.LASF51:
 1198 03d5 725F7072 		.ascii	"r_prio\000"
 1198      696F00
 1199              	.LASF33:
 1200 03dc 705F7374 		.ascii	"p_state\000"
 1200      61746500 
 1201              	.LASF93:
 1202 03e4 5F426F6F 		.ascii	"_Bool\000"
 1202      6C00
 1203              	.LASF36:
 1204 03ea 705F7761 		.ascii	"p_waiting\000"
 1204      6974696E 
 1204      6700
 1205              	.LASF11:
 1206 03f4 5F5F7569 		.ascii	"__uint64_t\000"
 1206      6E743634 
 1206      5F7400
 1207              	.LASF40:
 1208 03ff 705F6D74 		.ascii	"p_mtxlist\000"
 1208      786C6973 
 1208      7400
 1209              	.LASF75:
ARM GAS  /tmp/ccX8GRcW.s 			page 25


 1210 0409 69646C65 		.ascii	"idle_thread_wa\000"
 1210      5F746872 
 1210      6561645F 
 1210      776100
 1211              	.LASF9:
 1212 0418 6C6F6E67 		.ascii	"long unsigned int\000"
 1212      20756E73 
 1212      69676E65 
 1212      6420696E 
 1212      7400
 1213              	.LASF69:
 1214 042a 70616E69 		.ascii	"panic_msg\000"
 1214      635F6D73 
 1214      6700
 1215              	.LASF4:
 1216 0434 73686F72 		.ascii	"short unsigned int\000"
 1216      7420756E 
 1216      7369676E 
 1216      65642069 
 1216      6E7400
 1217              	.LASF8:
 1218 0447 5F5F7569 		.ascii	"__uint32_t\000"
 1218      6E743332 
 1218      5F7400
 1219              	.LASF80:
 1220 0452 706F7274 		.ascii	"port_intctx\000"
 1220      5F696E74 
 1220      63747800 
 1221              	.LASF60:
 1222 045e 76745F70 		.ascii	"vt_prev\000"
 1222      72657600 
 1223              	.LASF6:
 1224 0466 5F5F696E 		.ascii	"__int32_t\000"
 1224      7433325F 
 1224      7400
 1225              	.LASF85:
 1226 0470 77746F62 		.ascii	"wtobjp\000"
 1226      6A7000
 1227              	.LASF19:
 1228 0477 74737461 		.ascii	"tstate_t\000"
 1228      74655F74 
 1228      00
 1229              	.LASF78:
 1230 0480 73746B61 		.ascii	"stkalign_t\000"
 1230      6C69676E 
 1230      5F7400
 1231              	.LASF84:
 1232 048b 65786974 		.ascii	"exitcode\000"
 1232      636F6465 
 1232      00
 1233              	.LASF56:
 1234 0494 76746675 		.ascii	"vtfunc_t\000"
 1234      6E635F74 
 1234      00
 1235              	.LASF31:
 1236 049d 705F6F6C 		.ascii	"p_older\000"
 1236      64657200 
ARM GAS  /tmp/ccX8GRcW.s 			page 26


 1237              	.LASF48:
 1238 04a5 72656164 		.ascii	"ready_list_t\000"
 1238      795F6C69 
 1238      73745F74 
 1238      00
 1239              	.LASF35:
 1240 04b2 705F7265 		.ascii	"p_refs\000"
 1240      667300
 1241              	.LASF49:
 1242 04b9 63685F72 		.ascii	"ch_ready_list\000"
 1242      65616479 
 1242      5F6C6973 
 1242      7400
 1243              	.LASF29:
 1244 04c7 705F6374 		.ascii	"p_ctx\000"
 1244      7800
 1245              	.LASF94:
 1246 04cd 49544D5F 		.ascii	"ITM_RxBuffer\000"
 1246      52784275 
 1246      66666572 
 1246      00
 1247              	.LASF90:
 1248 04da 6D5F6F77 		.ascii	"m_owner\000"
 1248      6E657200 
 1249              	.LASF42:
 1250 04e2 705F6D70 		.ascii	"p_mpool\000"
 1250      6F6F6C00 
 1251              	.LASF83:
 1252 04ea 7264796D 		.ascii	"rdymsg\000"
 1252      736700
 1253              	.LASF73:
 1254 04f1 76746C69 		.ascii	"vtlist\000"
 1254      737400
 1255              	.LASF22:
 1256 04f8 6D73675F 		.ascii	"msg_t\000"
 1256      7400
 1257              	.LASF54:
 1258 04fe 725F6F6C 		.ascii	"r_older\000"
 1258      64657200 
 1259              	.LASF20:
 1260 0506 74726566 		.ascii	"trefs_t\000"
 1260      735F7400 
 1261              	.LASF43:
 1262 050e 74687265 		.ascii	"threads_list_t\000"
 1262      6164735F 
 1262      6C697374 
 1262      5F7400
 1263              		.ident	"GCC: (GNU Tools for ARM Embedded Processors) 4.8.4 20140526 (release) [ARM/embedded-4_8-br
ARM GAS  /tmp/ccX8GRcW.s 			page 27


DEFINED SYMBOLS
                            *ABS*:00000000 i2c_lld.c

NO UNDEFINED SYMBOLS
