ARM GAS  /tmp/cclZmKMG.s 			page 1


   1              		.syntax unified
   2              		.cpu cortex-m4
   3              		.fpu softvfp
   4              		.eabi_attribute 20, 1
   5              		.eabi_attribute 21, 1
   6              		.eabi_attribute 23, 3
   7              		.eabi_attribute 24, 1
   8              		.eabi_attribute 25, 1
   9              		.eabi_attribute 26, 1
  10              		.eabi_attribute 30, 2
  11              		.eabi_attribute 34, 1
  12              		.eabi_attribute 18, 4
  13              		.thumb
  14              		.file	"mmc_spi.c"
  15              		.text
  16              	.Ltext0:
  17              		.cfi_sections	.debug_frame
  18              	.Letext0:
  19              		.file 1 "/nfs/nfs5/home/research/hardware/arm2/gcc-arm-embedded/gcc-arm-none-eabi-4_8-2014q2/arm-n
  20              		.file 2 "/nfs/nfs5/home/research/hardware/arm2/gcc-arm-embedded/gcc-arm-none-eabi-4_8-2014q2/arm-n
  21              		.file 3 "../ChibiOS/os/rt/ports/ARMCMx/compilers/GCC/chtypes.h"
  22              		.file 4 "../ChibiOS/os/rt/include/chsystypes.h"
  23              		.file 5 "../ChibiOS/os/rt/include/chschd.h"
  24              		.file 6 "../ChibiOS/os/rt/ports/ARMCMx/chcore.h"
  25              		.file 7 "../ChibiOS/os/rt/ports/ARMCMx/chcore_v7m.h"
  26              		.file 8 "../ChibiOS/os/rt/include/chtm.h"
  27              		.file 9 "../ChibiOS/os/rt/include/chmtx.h"
  28              		.file 10 "../ChibiOS/os/ext/CMSIS/include/core_cm4.h"
  29              		.section	.debug_info,"",%progbits
  30              	.Ldebug_info0:
  31 0000 C2050000 		.4byte	0x5c2
  32 0004 0400     		.2byte	0x4
  33 0006 00000000 		.4byte	.Ldebug_abbrev0
  34 000a 04       		.byte	0x4
  35 000b 01       		.uleb128 0x1
  36 000c 84000000 		.4byte	.LASF95
  37 0010 01       		.byte	0x1
  38 0011 3E040000 		.4byte	.LASF96
  39 0015 09000000 		.4byte	.LASF97
  40 0019 00000000 		.4byte	.Ldebug_line0
  41 001d 02       		.uleb128 0x2
  42 001e 04       		.byte	0x4
  43 001f 05       		.byte	0x5
  44 0020 696E7400 		.ascii	"int\000"
  45 0024 03       		.uleb128 0x3
  46 0025 04       		.byte	0x4
  47 0026 07       		.byte	0x7
  48 0027 F1020000 		.4byte	.LASF0
  49 002b 03       		.uleb128 0x3
  50 002c 01       		.byte	0x1
  51 002d 06       		.byte	0x6
  52 002e BD020000 		.4byte	.LASF1
  53 0032 04       		.uleb128 0x4
  54 0033 76020000 		.4byte	.LASF5
  55 0037 01       		.byte	0x1
  56 0038 1C       		.byte	0x1c
  57 0039 3D000000 		.4byte	0x3d
ARM GAS  /tmp/cclZmKMG.s 			page 2


  58 003d 03       		.uleb128 0x3
  59 003e 01       		.byte	0x1
  60 003f 08       		.byte	0x8
  61 0040 A8020000 		.4byte	.LASF2
  62 0044 03       		.uleb128 0x3
  63 0045 02       		.byte	0x2
  64 0046 05       		.byte	0x5
  65 0047 72000000 		.4byte	.LASF3
  66 004b 03       		.uleb128 0x3
  67 004c 02       		.byte	0x2
  68 004d 07       		.byte	0x7
  69 004e 02040000 		.4byte	.LASF4
  70 0052 04       		.uleb128 0x4
  71 0053 34040000 		.4byte	.LASF6
  72 0057 01       		.byte	0x1
  73 0058 37       		.byte	0x37
  74 0059 5D000000 		.4byte	0x5d
  75 005d 03       		.uleb128 0x3
  76 005e 04       		.byte	0x4
  77 005f 05       		.byte	0x5
  78 0060 35020000 		.4byte	.LASF7
  79 0064 04       		.uleb128 0x4
  80 0065 15040000 		.4byte	.LASF8
  81 0069 01       		.byte	0x1
  82 006a 38       		.byte	0x38
  83 006b 6F000000 		.4byte	0x6f
  84 006f 03       		.uleb128 0x3
  85 0070 04       		.byte	0x4
  86 0071 07       		.byte	0x7
  87 0072 E6030000 		.4byte	.LASF9
  88 0076 03       		.uleb128 0x3
  89 0077 08       		.byte	0x8
  90 0078 05       		.byte	0x5
  91 0079 18020000 		.4byte	.LASF10
  92 007d 04       		.uleb128 0x4
  93 007e C2030000 		.4byte	.LASF11
  94 0082 01       		.byte	0x1
  95 0083 4E       		.byte	0x4e
  96 0084 88000000 		.4byte	0x88
  97 0088 03       		.uleb128 0x3
  98 0089 08       		.byte	0x8
  99 008a 07       		.byte	0x7
 100 008b D1020000 		.4byte	.LASF12
 101 008f 03       		.uleb128 0x3
 102 0090 04       		.byte	0x4
 103 0091 07       		.byte	0x7
 104 0092 5E010000 		.4byte	.LASF13
 105 0096 05       		.uleb128 0x5
 106 0097 04       		.byte	0x4
 107 0098 03       		.uleb128 0x3
 108 0099 01       		.byte	0x1
 109 009a 08       		.byte	0x8
 110 009b 7D030000 		.4byte	.LASF14
 111 009f 06       		.uleb128 0x6
 112 00a0 04       		.byte	0x4
 113 00a1 A5000000 		.4byte	0xa5
 114 00a5 07       		.uleb128 0x7
ARM GAS  /tmp/cclZmKMG.s 			page 3


 115 00a6 98000000 		.4byte	0x98
 116 00aa 04       		.uleb128 0x4
 117 00ab CA010000 		.4byte	.LASF15
 118 00af 02       		.byte	0x2
 119 00b0 2A       		.byte	0x2a
 120 00b1 32000000 		.4byte	0x32
 121 00b5 04       		.uleb128 0x4
 122 00b6 9B030000 		.4byte	.LASF16
 123 00ba 02       		.byte	0x2
 124 00bb 41       		.byte	0x41
 125 00bc 52000000 		.4byte	0x52
 126 00c0 04       		.uleb128 0x4
 127 00c1 E8020000 		.4byte	.LASF17
 128 00c5 02       		.byte	0x2
 129 00c6 42       		.byte	0x42
 130 00c7 64000000 		.4byte	0x64
 131 00cb 04       		.uleb128 0x4
 132 00cc 5E000000 		.4byte	.LASF18
 133 00d0 02       		.byte	0x2
 134 00d1 4E       		.byte	0x4e
 135 00d2 7D000000 		.4byte	0x7d
 136 00d6 08       		.uleb128 0x8
 137 00d7 B5000000 		.4byte	0xb5
 138 00db 04       		.uleb128 0x4
 139 00dc 99010000 		.4byte	.LASF19
 140 00e0 03       		.byte	0x3
 141 00e1 45       		.byte	0x45
 142 00e2 C0000000 		.4byte	0xc0
 143 00e6 04       		.uleb128 0x4
 144 00e7 10020000 		.4byte	.LASF20
 145 00eb 03       		.byte	0x3
 146 00ec 48       		.byte	0x48
 147 00ed AA000000 		.4byte	0xaa
 148 00f1 04       		.uleb128 0x4
 149 00f2 65040000 		.4byte	.LASF21
 150 00f6 03       		.byte	0x3
 151 00f7 49       		.byte	0x49
 152 00f8 AA000000 		.4byte	0xaa
 153 00fc 04       		.uleb128 0x4
 154 00fd F4040000 		.4byte	.LASF22
 155 0101 03       		.byte	0x3
 156 0102 4A       		.byte	0x4a
 157 0103 AA000000 		.4byte	0xaa
 158 0107 04       		.uleb128 0x4
 159 0108 2D020000 		.4byte	.LASF23
 160 010c 03       		.byte	0x3
 161 010d 4C       		.byte	0x4c
 162 010e C0000000 		.4byte	0xc0
 163 0112 04       		.uleb128 0x4
 164 0113 E6040000 		.4byte	.LASF24
 165 0117 03       		.byte	0x3
 166 0118 4D       		.byte	0x4d
 167 0119 B5000000 		.4byte	0xb5
 168 011d 04       		.uleb128 0x4
 169 011e 74010000 		.4byte	.LASF25
 170 0122 03       		.byte	0x3
 171 0123 4F       		.byte	0x4f
ARM GAS  /tmp/cclZmKMG.s 			page 4


 172 0124 C0000000 		.4byte	0xc0
 173 0128 04       		.uleb128 0x4
 174 0129 6D030000 		.4byte	.LASF26
 175 012d 04       		.byte	0x4
 176 012e 33       		.byte	0x33
 177 012f C0000000 		.4byte	0xc0
 178 0133 04       		.uleb128 0x4
 179 0134 00000000 		.4byte	.LASF27
 180 0138 04       		.byte	0x4
 181 0139 3F       		.byte	0x3f
 182 013a 3E010000 		.4byte	0x13e
 183 013e 09       		.uleb128 0x9
 184 013f E3010000 		.4byte	.LASF46
 185 0143 44       		.byte	0x44
 186 0144 05       		.byte	0x5
 187 0145 BE       		.byte	0xbe
 188 0146 2B020000 		.4byte	0x22b
 189 014a 0A       		.uleb128 0xa
 190 014b 92010000 		.4byte	.LASF28
 191 014f 05       		.byte	0x5
 192 0150 BF       		.byte	0xbf
 193 0151 06050000 		.4byte	0x506
 194 0155 00       		.byte	0
 195 0156 0A       		.uleb128 0xa
 196 0157 67010000 		.4byte	.LASF29
 197 015b 05       		.byte	0x5
 198 015c C1       		.byte	0xc1
 199 015d 06050000 		.4byte	0x506
 200 0161 04       		.byte	0x4
 201 0162 0A       		.uleb128 0xa
 202 0163 8B010000 		.4byte	.LASF30
 203 0167 05       		.byte	0x5
 204 0168 C3       		.byte	0xc3
 205 0169 07010000 		.4byte	0x107
 206 016d 08       		.byte	0x8
 207 016e 0A       		.uleb128 0xa
 208 016f B5040000 		.4byte	.LASF31
 209 0173 05       		.byte	0x5
 210 0174 C4       		.byte	0xc4
 211 0175 4C040000 		.4byte	0x44c
 212 0179 0C       		.byte	0xc
 213 017a 0A       		.uleb128 0xa
 214 017b C9020000 		.4byte	.LASF32
 215 017f 05       		.byte	0x5
 216 0180 C6       		.byte	0xc6
 217 0181 06050000 		.4byte	0x506
 218 0185 10       		.byte	0x10
 219 0186 0A       		.uleb128 0xa
 220 0187 8B040000 		.4byte	.LASF33
 221 018b 05       		.byte	0x5
 222 018c C7       		.byte	0xc7
 223 018d 06050000 		.4byte	0x506
 224 0191 14       		.byte	0x14
 225 0192 0A       		.uleb128 0xa
 226 0193 26020000 		.4byte	.LASF34
 227 0197 05       		.byte	0x5
 228 0198 CE       		.byte	0xce
ARM GAS  /tmp/cclZmKMG.s 			page 5


 229 0199 9F000000 		.4byte	0x9f
 230 019d 18       		.byte	0x18
 231 019e 0A       		.uleb128 0xa
 232 019f AA030000 		.4byte	.LASF35
 233 01a3 05       		.byte	0x5
 234 01a4 D9       		.byte	0xd9
 235 01a5 F1000000 		.4byte	0xf1
 236 01a9 1C       		.byte	0x1c
 237 01aa 0A       		.uleb128 0xa
 238 01ab 51030000 		.4byte	.LASF36
 239 01af 05       		.byte	0x5
 240 01b0 DD       		.byte	0xdd
 241 01b1 E6000000 		.4byte	0xe6
 242 01b5 1D       		.byte	0x1d
 243 01b6 0A       		.uleb128 0xa
 244 01b7 A0040000 		.4byte	.LASF37
 245 01bb 05       		.byte	0x5
 246 01bc E2       		.byte	0xe2
 247 01bd FC000000 		.4byte	0xfc
 248 01c1 1E       		.byte	0x1e
 249 01c2 0B       		.uleb128 0xb
 250 01c3 705F7500 		.ascii	"p_u\000"
 251 01c7 05       		.byte	0x5
 252 01c8 1401     		.2byte	0x114
 253 01ca 0C050000 		.4byte	0x50c
 254 01ce 20       		.byte	0x20
 255 01cf 0C       		.uleb128 0xc
 256 01d0 B8030000 		.4byte	.LASF38
 257 01d4 05       		.byte	0x5
 258 01d5 1901     		.2byte	0x119
 259 01d7 2B020000 		.4byte	0x22b
 260 01db 24       		.byte	0x24
 261 01dc 0C       		.uleb128 0xc
 262 01dd 80010000 		.4byte	.LASF39
 263 01e1 05       		.byte	0x5
 264 01e2 1F01     		.2byte	0x11f
 265 01e4 4F020000 		.4byte	0x24f
 266 01e8 28       		.byte	0x28
 267 01e9 0C       		.uleb128 0xc
 268 01ea A2020000 		.4byte	.LASF40
 269 01ee 05       		.byte	0x5
 270 01ef 2301     		.2byte	0x123
 271 01f1 12010000 		.4byte	0x112
 272 01f5 30       		.byte	0x30
 273 01f6 0C       		.uleb128 0xc
 274 01f7 ED010000 		.4byte	.LASF41
 275 01fb 05       		.byte	0x5
 276 01fc 2901     		.2byte	0x129
 277 01fe 1D010000 		.4byte	0x11d
 278 0202 34       		.byte	0x34
 279 0203 0C       		.uleb128 0xc
 280 0204 CD030000 		.4byte	.LASF42
 281 0208 05       		.byte	0x5
 282 0209 3001     		.2byte	0x130
 283 020b 75050000 		.4byte	0x575
 284 020f 38       		.byte	0x38
 285 0210 0C       		.uleb128 0xc
ARM GAS  /tmp/cclZmKMG.s 			page 6


 286 0211 62030000 		.4byte	.LASF43
 287 0215 05       		.byte	0x5
 288 0216 3401     		.2byte	0x134
 289 0218 07010000 		.4byte	0x107
 290 021c 3C       		.byte	0x3c
 291 021d 0C       		.uleb128 0xc
 292 021e D0040000 		.4byte	.LASF44
 293 0222 05       		.byte	0x5
 294 0223 3A01     		.2byte	0x13a
 295 0225 96000000 		.4byte	0x96
 296 0229 40       		.byte	0x40
 297 022a 00       		.byte	0
 298 022b 04       		.uleb128 0x4
 299 022c FC040000 		.4byte	.LASF45
 300 0230 04       		.byte	0x4
 301 0231 44       		.byte	0x44
 302 0232 36020000 		.4byte	0x236
 303 0236 09       		.uleb128 0x9
 304 0237 88020000 		.4byte	.LASF47
 305 023b 04       		.byte	0x4
 306 023c 05       		.byte	0x5
 307 023d AC       		.byte	0xac
 308 023e 4F020000 		.4byte	0x24f
 309 0242 0A       		.uleb128 0xa
 310 0243 92010000 		.4byte	.LASF28
 311 0247 05       		.byte	0x5
 312 0248 AD       		.byte	0xad
 313 0249 06050000 		.4byte	0x506
 314 024d 00       		.byte	0
 315 024e 00       		.byte	0
 316 024f 04       		.uleb128 0x4
 317 0250 33030000 		.4byte	.LASF48
 318 0254 04       		.byte	0x4
 319 0255 4B       		.byte	0x4b
 320 0256 5A020000 		.4byte	0x25a
 321 025a 09       		.uleb128 0x9
 322 025b D2010000 		.4byte	.LASF49
 323 025f 08       		.byte	0x8
 324 0260 05       		.byte	0x5
 325 0261 B3       		.byte	0xb3
 326 0262 7F020000 		.4byte	0x27f
 327 0266 0A       		.uleb128 0xa
 328 0267 92010000 		.4byte	.LASF28
 329 026b 05       		.byte	0x5
 330 026c B4       		.byte	0xb4
 331 026d 06050000 		.4byte	0x506
 332 0271 00       		.byte	0
 333 0272 0A       		.uleb128 0xa
 334 0273 67010000 		.4byte	.LASF29
 335 0277 05       		.byte	0x5
 336 0278 B5       		.byte	0xb5
 337 0279 06050000 		.4byte	0x506
 338 027d 04       		.byte	0x4
 339 027e 00       		.byte	0
 340 027f 04       		.uleb128 0x4
 341 0280 93040000 		.4byte	.LASF50
 342 0284 04       		.byte	0x4
ARM GAS  /tmp/cclZmKMG.s 			page 7


 343 0285 52       		.byte	0x52
 344 0286 8A020000 		.4byte	0x28a
 345 028a 0D       		.uleb128 0xd
 346 028b A7040000 		.4byte	.LASF51
 347 028f 1C       		.byte	0x1c
 348 0290 05       		.byte	0x5
 349 0291 7201     		.2byte	0x172
 350 0293 E6020000 		.4byte	0x2e6
 351 0297 0C       		.uleb128 0xc
 352 0298 7C000000 		.4byte	.LASF52
 353 029c 05       		.byte	0x5
 354 029d 7301     		.2byte	0x173
 355 029f 4F020000 		.4byte	0x24f
 356 02a3 00       		.byte	0
 357 02a4 0C       		.uleb128 0xc
 358 02a5 A3030000 		.4byte	.LASF53
 359 02a9 05       		.byte	0x5
 360 02aa 7401     		.2byte	0x174
 361 02ac 07010000 		.4byte	0x107
 362 02b0 08       		.byte	0x8
 363 02b1 0C       		.uleb128 0xc
 364 02b2 6E010000 		.4byte	.LASF54
 365 02b6 05       		.byte	0x5
 366 02b7 7601     		.2byte	0x176
 367 02b9 4C040000 		.4byte	0x44c
 368 02bd 0C       		.byte	0xc
 369 02be 0C       		.uleb128 0xc
 370 02bf 49030000 		.4byte	.LASF55
 371 02c3 05       		.byte	0x5
 372 02c4 7901     		.2byte	0x179
 373 02c6 06050000 		.4byte	0x506
 374 02ca 10       		.byte	0x10
 375 02cb 0C       		.uleb128 0xc
 376 02cc EC040000 		.4byte	.LASF56
 377 02d0 05       		.byte	0x5
 378 02d1 7A01     		.2byte	0x17a
 379 02d3 06050000 		.4byte	0x506
 380 02d7 14       		.byte	0x14
 381 02d8 0C       		.uleb128 0xc
 382 02d9 98020000 		.4byte	.LASF57
 383 02dd 05       		.byte	0x5
 384 02de 7D01     		.2byte	0x17d
 385 02e0 06050000 		.4byte	0x506
 386 02e4 18       		.byte	0x18
 387 02e5 00       		.byte	0
 388 02e6 04       		.uleb128 0x4
 389 02e7 82040000 		.4byte	.LASF58
 390 02eb 04       		.byte	0x4
 391 02ec 57       		.byte	0x57
 392 02ed F1020000 		.4byte	0x2f1
 393 02f1 06       		.uleb128 0x6
 394 02f2 04       		.byte	0x4
 395 02f3 F7020000 		.4byte	0x2f7
 396 02f7 0E       		.uleb128 0xe
 397 02f8 02030000 		.4byte	0x302
 398 02fc 0F       		.uleb128 0xf
 399 02fd 96000000 		.4byte	0x96
ARM GAS  /tmp/cclZmKMG.s 			page 8


 400 0301 00       		.byte	0
 401 0302 04       		.uleb128 0x4
 402 0303 4F020000 		.4byte	.LASF59
 403 0307 04       		.byte	0x4
 404 0308 5C       		.byte	0x5c
 405 0309 0D030000 		.4byte	0x30d
 406 030d 0D       		.uleb128 0xd
 407 030e 8A030000 		.4byte	.LASF60
 408 0312 14       		.byte	0x14
 409 0313 05       		.byte	0x5
 410 0314 4D01     		.2byte	0x14d
 411 0316 5C030000 		.4byte	0x35c
 412 031a 0C       		.uleb128 0xc
 413 031b 15030000 		.4byte	.LASF61
 414 031f 05       		.byte	0x5
 415 0320 4E01     		.2byte	0x14e
 416 0322 7B050000 		.4byte	0x57b
 417 0326 00       		.byte	0
 418 0327 0C       		.uleb128 0xc
 419 0328 2C040000 		.4byte	.LASF62
 420 032c 05       		.byte	0x5
 421 032d 4F01     		.2byte	0x14f
 422 032f 7B050000 		.4byte	0x57b
 423 0333 04       		.byte	0x4
 424 0334 0C       		.uleb128 0xc
 425 0335 59030000 		.4byte	.LASF63
 426 0339 05       		.byte	0x5
 427 033a 5001     		.2byte	0x150
 428 033c 28010000 		.4byte	0x128
 429 0340 08       		.byte	0x8
 430 0341 0C       		.uleb128 0xc
 431 0342 B9010000 		.4byte	.LASF64
 432 0346 05       		.byte	0x5
 433 0347 5101     		.2byte	0x151
 434 0349 E6020000 		.4byte	0x2e6
 435 034d 0C       		.byte	0xc
 436 034e 0C       		.uleb128 0xc
 437 034f B2010000 		.4byte	.LASF65
 438 0353 05       		.byte	0x5
 439 0354 5301     		.2byte	0x153
 440 0356 96000000 		.4byte	0x96
 441 035a 10       		.byte	0x10
 442 035b 00       		.byte	0
 443 035c 04       		.uleb128 0x4
 444 035d 1D030000 		.4byte	.LASF66
 445 0361 04       		.byte	0x4
 446 0362 61       		.byte	0x61
 447 0363 67030000 		.4byte	0x367
 448 0367 0D       		.uleb128 0xd
 449 0368 FE020000 		.4byte	.LASF67
 450 036c 10       		.byte	0x10
 451 036d 05       		.byte	0x5
 452 036e 5D01     		.2byte	0x15d
 453 0370 A9030000 		.4byte	0x3a9
 454 0374 0C       		.uleb128 0xc
 455 0375 15030000 		.4byte	.LASF61
 456 0379 05       		.byte	0x5
ARM GAS  /tmp/cclZmKMG.s 			page 9


 457 037a 5E01     		.2byte	0x15e
 458 037c 7B050000 		.4byte	0x57b
 459 0380 00       		.byte	0
 460 0381 0C       		.uleb128 0xc
 461 0382 2C040000 		.4byte	.LASF62
 462 0386 05       		.byte	0x5
 463 0387 6001     		.2byte	0x160
 464 0389 7B050000 		.4byte	0x57b
 465 038d 04       		.byte	0x4
 466 038e 0C       		.uleb128 0xc
 467 038f 59030000 		.4byte	.LASF63
 468 0393 05       		.byte	0x5
 469 0394 6201     		.2byte	0x162
 470 0396 28010000 		.4byte	0x128
 471 039a 08       		.byte	0x8
 472 039b 0C       		.uleb128 0xc
 473 039c 04020000 		.4byte	.LASF68
 474 03a0 05       		.byte	0x5
 475 03a1 6A01     		.2byte	0x16a
 476 03a3 28010000 		.4byte	0x128
 477 03a7 0C       		.byte	0xc
 478 03a8 00       		.byte	0
 479 03a9 04       		.uleb128 0x4
 480 03aa 5F020000 		.4byte	.LASF69
 481 03ae 04       		.byte	0x4
 482 03af 66       		.byte	0x66
 483 03b0 B4030000 		.4byte	0x3b4
 484 03b4 0D       		.uleb128 0xd
 485 03b5 4E000000 		.4byte	.LASF70
 486 03b9 04       		.byte	0x4
 487 03ba 05       		.byte	0x5
 488 03bb 8401     		.2byte	0x184
 489 03bd CF030000 		.4byte	0x3cf
 490 03c1 0C       		.uleb128 0xc
 491 03c2 F8030000 		.4byte	.LASF71
 492 03c6 05       		.byte	0x5
 493 03c7 8C01     		.2byte	0x18c
 494 03c9 81050000 		.4byte	0x581
 495 03cd 00       		.byte	0
 496 03ce 00       		.byte	0
 497 03cf 04       		.uleb128 0x4
 498 03d0 F8010000 		.4byte	.LASF72
 499 03d4 04       		.byte	0x4
 500 03d5 6B       		.byte	0x6b
 501 03d6 DA030000 		.4byte	0x3da
 502 03da 10       		.uleb128 0x10
 503 03db 3E020000 		.4byte	.LASF73
 504 03df 5001     		.2byte	0x150
 505 03e1 05       		.byte	0x5
 506 03e2 A401     		.2byte	0x1a4
 507 03e4 36040000 		.4byte	0x436
 508 03e8 0C       		.uleb128 0xc
 509 03e9 77030000 		.4byte	.LASF74
 510 03ed 05       		.byte	0x5
 511 03ee A801     		.2byte	0x1a8
 512 03f0 7F020000 		.4byte	0x27f
 513 03f4 00       		.byte	0
ARM GAS  /tmp/cclZmKMG.s 			page 10


 514 03f5 0C       		.uleb128 0xc
 515 03f6 DF040000 		.4byte	.LASF75
 516 03fa 05       		.byte	0x5
 517 03fb AC01     		.2byte	0x1ac
 518 03fd 5C030000 		.4byte	0x35c
 519 0401 1C       		.byte	0x1c
 520 0402 0B       		.uleb128 0xb
 521 0403 64626700 		.ascii	"dbg\000"
 522 0407 05       		.byte	0x5
 523 0408 B001     		.2byte	0x1b0
 524 040a A9030000 		.4byte	0x3a9
 525 040e 2C       		.byte	0x2c
 526 040f 0C       		.uleb128 0xc
 527 0410 67000000 		.4byte	.LASF76
 528 0414 05       		.byte	0x5
 529 0415 B401     		.2byte	0x1b4
 530 0417 33010000 		.4byte	0x133
 531 041b 30       		.byte	0x30
 532 041c 0B       		.uleb128 0xb
 533 041d 746D00   		.ascii	"tm\000"
 534 0420 05       		.byte	0x5
 535 0421 B901     		.2byte	0x1b9
 536 0423 FB040000 		.4byte	0x4fb
 537 0427 74       		.byte	0x74
 538 0428 0C       		.uleb128 0xc
 539 0429 D7030000 		.4byte	.LASF77
 540 042d 05       		.byte	0x5
 541 042e C501     		.2byte	0x1c5
 542 0430 86050000 		.4byte	0x586
 543 0434 78       		.byte	0x78
 544 0435 00       		.byte	0
 545 0436 04       		.uleb128 0x4
 546 0437 C1010000 		.4byte	.LASF78
 547 043b 06       		.byte	0x6
 548 043c 85       		.byte	0x85
 549 043d 96000000 		.4byte	0x96
 550 0441 04       		.uleb128 0x4
 551 0442 6E040000 		.4byte	.LASF79
 552 0446 06       		.byte	0x6
 553 0447 8D       		.byte	0x8d
 554 0448 CB000000 		.4byte	0xcb
 555 044c 09       		.uleb128 0x9
 556 044d 80020000 		.4byte	.LASF80
 557 0451 04       		.byte	0x4
 558 0452 06       		.byte	0x6
 559 0453 A9       		.byte	0xa9
 560 0454 65040000 		.4byte	0x465
 561 0458 11       		.uleb128 0x11
 562 0459 72313300 		.ascii	"r13\000"
 563 045d 06       		.byte	0x6
 564 045e AA       		.byte	0xaa
 565 045f E0040000 		.4byte	0x4e0
 566 0463 00       		.byte	0
 567 0464 00       		.byte	0
 568 0465 09       		.uleb128 0x9
 569 0466 20040000 		.4byte	.LASF81
 570 046a 24       		.byte	0x24
ARM GAS  /tmp/cclZmKMG.s 			page 11


 571 046b 07       		.byte	0x7
 572 046c F4       		.byte	0xf4
 573 046d E0040000 		.4byte	0x4e0
 574 0471 0B       		.uleb128 0xb
 575 0472 723400   		.ascii	"r4\000"
 576 0475 07       		.byte	0x7
 577 0476 0701     		.2byte	0x107
 578 0478 36040000 		.4byte	0x436
 579 047c 00       		.byte	0
 580 047d 0B       		.uleb128 0xb
 581 047e 723500   		.ascii	"r5\000"
 582 0481 07       		.byte	0x7
 583 0482 0801     		.2byte	0x108
 584 0484 36040000 		.4byte	0x436
 585 0488 04       		.byte	0x4
 586 0489 0B       		.uleb128 0xb
 587 048a 723600   		.ascii	"r6\000"
 588 048d 07       		.byte	0x7
 589 048e 0901     		.2byte	0x109
 590 0490 36040000 		.4byte	0x436
 591 0494 08       		.byte	0x8
 592 0495 0B       		.uleb128 0xb
 593 0496 723700   		.ascii	"r7\000"
 594 0499 07       		.byte	0x7
 595 049a 0A01     		.2byte	0x10a
 596 049c 36040000 		.4byte	0x436
 597 04a0 0C       		.byte	0xc
 598 04a1 0B       		.uleb128 0xb
 599 04a2 723800   		.ascii	"r8\000"
 600 04a5 07       		.byte	0x7
 601 04a6 0B01     		.2byte	0x10b
 602 04a8 36040000 		.4byte	0x436
 603 04ac 10       		.byte	0x10
 604 04ad 0B       		.uleb128 0xb
 605 04ae 723900   		.ascii	"r9\000"
 606 04b1 07       		.byte	0x7
 607 04b2 0C01     		.2byte	0x10c
 608 04b4 36040000 		.4byte	0x436
 609 04b8 14       		.byte	0x14
 610 04b9 0B       		.uleb128 0xb
 611 04ba 72313000 		.ascii	"r10\000"
 612 04be 07       		.byte	0x7
 613 04bf 0D01     		.2byte	0x10d
 614 04c1 36040000 		.4byte	0x436
 615 04c5 18       		.byte	0x18
 616 04c6 0B       		.uleb128 0xb
 617 04c7 72313100 		.ascii	"r11\000"
 618 04cb 07       		.byte	0x7
 619 04cc 0E01     		.2byte	0x10e
 620 04ce 36040000 		.4byte	0x436
 621 04d2 1C       		.byte	0x1c
 622 04d3 0B       		.uleb128 0xb
 623 04d4 6C7200   		.ascii	"lr\000"
 624 04d7 07       		.byte	0x7
 625 04d8 0F01     		.2byte	0x10f
 626 04da 36040000 		.4byte	0x436
 627 04de 20       		.byte	0x20
ARM GAS  /tmp/cclZmKMG.s 			page 12


 628 04df 00       		.byte	0
 629 04e0 06       		.uleb128 0x6
 630 04e1 04       		.byte	0x4
 631 04e2 65040000 		.4byte	0x465
 632 04e6 12       		.uleb128 0x12
 633 04e7 04       		.byte	0x4
 634 04e8 08       		.byte	0x8
 635 04e9 38       		.byte	0x38
 636 04ea FB040000 		.4byte	0x4fb
 637 04ee 0A       		.uleb128 0xa
 638 04ef 48020000 		.4byte	.LASF82
 639 04f3 08       		.byte	0x8
 640 04f4 3C       		.byte	0x3c
 641 04f5 DB000000 		.4byte	0xdb
 642 04f9 00       		.byte	0
 643 04fa 00       		.byte	0
 644 04fb 04       		.uleb128 0x4
 645 04fc A1010000 		.4byte	.LASF83
 646 0500 08       		.byte	0x8
 647 0501 3D       		.byte	0x3d
 648 0502 E6040000 		.4byte	0x4e6
 649 0506 06       		.uleb128 0x6
 650 0507 04       		.byte	0x4
 651 0508 33010000 		.4byte	0x133
 652 050c 13       		.uleb128 0x13
 653 050d 04       		.byte	0x4
 654 050e 05       		.byte	0x5
 655 050f F6       		.byte	0xf6
 656 0510 44050000 		.4byte	0x544
 657 0514 14       		.uleb128 0x14
 658 0515 D8040000 		.4byte	.LASF84
 659 0519 05       		.byte	0x5
 660 051a FD       		.byte	0xfd
 661 051b 12010000 		.4byte	0x112
 662 051f 15       		.uleb128 0x15
 663 0520 79040000 		.4byte	.LASF85
 664 0524 05       		.byte	0x5
 665 0525 0401     		.2byte	0x104
 666 0527 12010000 		.4byte	0x112
 667 052b 15       		.uleb128 0x15
 668 052c 5E040000 		.4byte	.LASF86
 669 0530 05       		.byte	0x5
 670 0531 0B01     		.2byte	0x10b
 671 0533 96000000 		.4byte	0x96
 672 0537 15       		.uleb128 0x15
 673 0538 B6020000 		.4byte	.LASF87
 674 053c 05       		.byte	0x5
 675 053d 1201     		.2byte	0x112
 676 053f 1D010000 		.4byte	0x11d
 677 0543 00       		.byte	0
 678 0544 09       		.uleb128 0x9
 679 0545 43030000 		.4byte	.LASF88
 680 0549 10       		.byte	0x10
 681 054a 09       		.byte	0x9
 682 054b 39       		.byte	0x39
 683 054c 75050000 		.4byte	0x575
 684 0550 0A       		.uleb128 0xa
ARM GAS  /tmp/cclZmKMG.s 			page 13


 685 0551 6E020000 		.4byte	.LASF89
 686 0555 09       		.byte	0x9
 687 0556 3A       		.byte	0x3a
 688 0557 4F020000 		.4byte	0x24f
 689 055b 00       		.byte	0
 690 055c 0A       		.uleb128 0xa
 691 055d C8040000 		.4byte	.LASF90
 692 0561 09       		.byte	0x9
 693 0562 3C       		.byte	0x3c
 694 0563 06050000 		.4byte	0x506
 695 0567 08       		.byte	0x8
 696 0568 0A       		.uleb128 0xa
 697 0569 47000000 		.4byte	.LASF91
 698 056d 09       		.byte	0x9
 699 056e 3E       		.byte	0x3e
 700 056f A1050000 		.4byte	0x5a1
 701 0573 0C       		.byte	0xc
 702 0574 00       		.byte	0
 703 0575 06       		.uleb128 0x6
 704 0576 04       		.byte	0x4
 705 0577 44050000 		.4byte	0x544
 706 057b 06       		.uleb128 0x6
 707 057c 04       		.byte	0x4
 708 057d 02030000 		.4byte	0x302
 709 0581 08       		.uleb128 0x8
 710 0582 9F000000 		.4byte	0x9f
 711 0586 16       		.uleb128 0x16
 712 0587 41040000 		.4byte	0x441
 713 058b 96050000 		.4byte	0x596
 714 058f 17       		.uleb128 0x17
 715 0590 8F000000 		.4byte	0x8f
 716 0594 1A       		.byte	0x1a
 717 0595 00       		.byte	0
 718 0596 04       		.uleb128 0x4
 719 0597 82030000 		.4byte	.LASF92
 720 059b 09       		.byte	0x9
 721 059c 34       		.byte	0x34
 722 059d 44050000 		.4byte	0x544
 723 05a1 06       		.uleb128 0x6
 724 05a2 04       		.byte	0x4
 725 05a3 96050000 		.4byte	0x596
 726 05a7 03       		.uleb128 0x3
 727 05a8 01       		.byte	0x1
 728 05a9 02       		.byte	0x2
 729 05aa B2030000 		.4byte	.LASF93
 730 05ae 18       		.uleb128 0x18
 731 05af BB040000 		.4byte	.LASF94
 732 05b3 0A       		.byte	0xa
 733 05b4 A706     		.2byte	0x6a7
 734 05b6 D6000000 		.4byte	0xd6
 735 05ba 19       		.uleb128 0x19
 736 05bb 636800   		.ascii	"ch\000"
 737 05be 05       		.byte	0x5
 738 05bf EB01     		.2byte	0x1eb
 739 05c1 CF030000 		.4byte	0x3cf
 740 05c5 00       		.byte	0
 741              		.section	.debug_abbrev,"",%progbits
ARM GAS  /tmp/cclZmKMG.s 			page 14


 742              	.Ldebug_abbrev0:
 743 0000 01       		.uleb128 0x1
 744 0001 11       		.uleb128 0x11
 745 0002 01       		.byte	0x1
 746 0003 25       		.uleb128 0x25
 747 0004 0E       		.uleb128 0xe
 748 0005 13       		.uleb128 0x13
 749 0006 0B       		.uleb128 0xb
 750 0007 03       		.uleb128 0x3
 751 0008 0E       		.uleb128 0xe
 752 0009 1B       		.uleb128 0x1b
 753 000a 0E       		.uleb128 0xe
 754 000b 10       		.uleb128 0x10
 755 000c 17       		.uleb128 0x17
 756 000d 00       		.byte	0
 757 000e 00       		.byte	0
 758 000f 02       		.uleb128 0x2
 759 0010 24       		.uleb128 0x24
 760 0011 00       		.byte	0
 761 0012 0B       		.uleb128 0xb
 762 0013 0B       		.uleb128 0xb
 763 0014 3E       		.uleb128 0x3e
 764 0015 0B       		.uleb128 0xb
 765 0016 03       		.uleb128 0x3
 766 0017 08       		.uleb128 0x8
 767 0018 00       		.byte	0
 768 0019 00       		.byte	0
 769 001a 03       		.uleb128 0x3
 770 001b 24       		.uleb128 0x24
 771 001c 00       		.byte	0
 772 001d 0B       		.uleb128 0xb
 773 001e 0B       		.uleb128 0xb
 774 001f 3E       		.uleb128 0x3e
 775 0020 0B       		.uleb128 0xb
 776 0021 03       		.uleb128 0x3
 777 0022 0E       		.uleb128 0xe
 778 0023 00       		.byte	0
 779 0024 00       		.byte	0
 780 0025 04       		.uleb128 0x4
 781 0026 16       		.uleb128 0x16
 782 0027 00       		.byte	0
 783 0028 03       		.uleb128 0x3
 784 0029 0E       		.uleb128 0xe
 785 002a 3A       		.uleb128 0x3a
 786 002b 0B       		.uleb128 0xb
 787 002c 3B       		.uleb128 0x3b
 788 002d 0B       		.uleb128 0xb
 789 002e 49       		.uleb128 0x49
 790 002f 13       		.uleb128 0x13
 791 0030 00       		.byte	0
 792 0031 00       		.byte	0
 793 0032 05       		.uleb128 0x5
 794 0033 0F       		.uleb128 0xf
 795 0034 00       		.byte	0
 796 0035 0B       		.uleb128 0xb
 797 0036 0B       		.uleb128 0xb
 798 0037 00       		.byte	0
ARM GAS  /tmp/cclZmKMG.s 			page 15


 799 0038 00       		.byte	0
 800 0039 06       		.uleb128 0x6
 801 003a 0F       		.uleb128 0xf
 802 003b 00       		.byte	0
 803 003c 0B       		.uleb128 0xb
 804 003d 0B       		.uleb128 0xb
 805 003e 49       		.uleb128 0x49
 806 003f 13       		.uleb128 0x13
 807 0040 00       		.byte	0
 808 0041 00       		.byte	0
 809 0042 07       		.uleb128 0x7
 810 0043 26       		.uleb128 0x26
 811 0044 00       		.byte	0
 812 0045 49       		.uleb128 0x49
 813 0046 13       		.uleb128 0x13
 814 0047 00       		.byte	0
 815 0048 00       		.byte	0
 816 0049 08       		.uleb128 0x8
 817 004a 35       		.uleb128 0x35
 818 004b 00       		.byte	0
 819 004c 49       		.uleb128 0x49
 820 004d 13       		.uleb128 0x13
 821 004e 00       		.byte	0
 822 004f 00       		.byte	0
 823 0050 09       		.uleb128 0x9
 824 0051 13       		.uleb128 0x13
 825 0052 01       		.byte	0x1
 826 0053 03       		.uleb128 0x3
 827 0054 0E       		.uleb128 0xe
 828 0055 0B       		.uleb128 0xb
 829 0056 0B       		.uleb128 0xb
 830 0057 3A       		.uleb128 0x3a
 831 0058 0B       		.uleb128 0xb
 832 0059 3B       		.uleb128 0x3b
 833 005a 0B       		.uleb128 0xb
 834 005b 01       		.uleb128 0x1
 835 005c 13       		.uleb128 0x13
 836 005d 00       		.byte	0
 837 005e 00       		.byte	0
 838 005f 0A       		.uleb128 0xa
 839 0060 0D       		.uleb128 0xd
 840 0061 00       		.byte	0
 841 0062 03       		.uleb128 0x3
 842 0063 0E       		.uleb128 0xe
 843 0064 3A       		.uleb128 0x3a
 844 0065 0B       		.uleb128 0xb
 845 0066 3B       		.uleb128 0x3b
 846 0067 0B       		.uleb128 0xb
 847 0068 49       		.uleb128 0x49
 848 0069 13       		.uleb128 0x13
 849 006a 38       		.uleb128 0x38
 850 006b 0B       		.uleb128 0xb
 851 006c 00       		.byte	0
 852 006d 00       		.byte	0
 853 006e 0B       		.uleb128 0xb
 854 006f 0D       		.uleb128 0xd
 855 0070 00       		.byte	0
ARM GAS  /tmp/cclZmKMG.s 			page 16


 856 0071 03       		.uleb128 0x3
 857 0072 08       		.uleb128 0x8
 858 0073 3A       		.uleb128 0x3a
 859 0074 0B       		.uleb128 0xb
 860 0075 3B       		.uleb128 0x3b
 861 0076 05       		.uleb128 0x5
 862 0077 49       		.uleb128 0x49
 863 0078 13       		.uleb128 0x13
 864 0079 38       		.uleb128 0x38
 865 007a 0B       		.uleb128 0xb
 866 007b 00       		.byte	0
 867 007c 00       		.byte	0
 868 007d 0C       		.uleb128 0xc
 869 007e 0D       		.uleb128 0xd
 870 007f 00       		.byte	0
 871 0080 03       		.uleb128 0x3
 872 0081 0E       		.uleb128 0xe
 873 0082 3A       		.uleb128 0x3a
 874 0083 0B       		.uleb128 0xb
 875 0084 3B       		.uleb128 0x3b
 876 0085 05       		.uleb128 0x5
 877 0086 49       		.uleb128 0x49
 878 0087 13       		.uleb128 0x13
 879 0088 38       		.uleb128 0x38
 880 0089 0B       		.uleb128 0xb
 881 008a 00       		.byte	0
 882 008b 00       		.byte	0
 883 008c 0D       		.uleb128 0xd
 884 008d 13       		.uleb128 0x13
 885 008e 01       		.byte	0x1
 886 008f 03       		.uleb128 0x3
 887 0090 0E       		.uleb128 0xe
 888 0091 0B       		.uleb128 0xb
 889 0092 0B       		.uleb128 0xb
 890 0093 3A       		.uleb128 0x3a
 891 0094 0B       		.uleb128 0xb
 892 0095 3B       		.uleb128 0x3b
 893 0096 05       		.uleb128 0x5
 894 0097 01       		.uleb128 0x1
 895 0098 13       		.uleb128 0x13
 896 0099 00       		.byte	0
 897 009a 00       		.byte	0
 898 009b 0E       		.uleb128 0xe
 899 009c 15       		.uleb128 0x15
 900 009d 01       		.byte	0x1
 901 009e 27       		.uleb128 0x27
 902 009f 19       		.uleb128 0x19
 903 00a0 01       		.uleb128 0x1
 904 00a1 13       		.uleb128 0x13
 905 00a2 00       		.byte	0
 906 00a3 00       		.byte	0
 907 00a4 0F       		.uleb128 0xf
 908 00a5 05       		.uleb128 0x5
 909 00a6 00       		.byte	0
 910 00a7 49       		.uleb128 0x49
 911 00a8 13       		.uleb128 0x13
 912 00a9 00       		.byte	0
ARM GAS  /tmp/cclZmKMG.s 			page 17


 913 00aa 00       		.byte	0
 914 00ab 10       		.uleb128 0x10
 915 00ac 13       		.uleb128 0x13
 916 00ad 01       		.byte	0x1
 917 00ae 03       		.uleb128 0x3
 918 00af 0E       		.uleb128 0xe
 919 00b0 0B       		.uleb128 0xb
 920 00b1 05       		.uleb128 0x5
 921 00b2 3A       		.uleb128 0x3a
 922 00b3 0B       		.uleb128 0xb
 923 00b4 3B       		.uleb128 0x3b
 924 00b5 05       		.uleb128 0x5
 925 00b6 01       		.uleb128 0x1
 926 00b7 13       		.uleb128 0x13
 927 00b8 00       		.byte	0
 928 00b9 00       		.byte	0
 929 00ba 11       		.uleb128 0x11
 930 00bb 0D       		.uleb128 0xd
 931 00bc 00       		.byte	0
 932 00bd 03       		.uleb128 0x3
 933 00be 08       		.uleb128 0x8
 934 00bf 3A       		.uleb128 0x3a
 935 00c0 0B       		.uleb128 0xb
 936 00c1 3B       		.uleb128 0x3b
 937 00c2 0B       		.uleb128 0xb
 938 00c3 49       		.uleb128 0x49
 939 00c4 13       		.uleb128 0x13
 940 00c5 38       		.uleb128 0x38
 941 00c6 0B       		.uleb128 0xb
 942 00c7 00       		.byte	0
 943 00c8 00       		.byte	0
 944 00c9 12       		.uleb128 0x12
 945 00ca 13       		.uleb128 0x13
 946 00cb 01       		.byte	0x1
 947 00cc 0B       		.uleb128 0xb
 948 00cd 0B       		.uleb128 0xb
 949 00ce 3A       		.uleb128 0x3a
 950 00cf 0B       		.uleb128 0xb
 951 00d0 3B       		.uleb128 0x3b
 952 00d1 0B       		.uleb128 0xb
 953 00d2 01       		.uleb128 0x1
 954 00d3 13       		.uleb128 0x13
 955 00d4 00       		.byte	0
 956 00d5 00       		.byte	0
 957 00d6 13       		.uleb128 0x13
 958 00d7 17       		.uleb128 0x17
 959 00d8 01       		.byte	0x1
 960 00d9 0B       		.uleb128 0xb
 961 00da 0B       		.uleb128 0xb
 962 00db 3A       		.uleb128 0x3a
 963 00dc 0B       		.uleb128 0xb
 964 00dd 3B       		.uleb128 0x3b
 965 00de 0B       		.uleb128 0xb
 966 00df 01       		.uleb128 0x1
 967 00e0 13       		.uleb128 0x13
 968 00e1 00       		.byte	0
 969 00e2 00       		.byte	0
ARM GAS  /tmp/cclZmKMG.s 			page 18


 970 00e3 14       		.uleb128 0x14
 971 00e4 0D       		.uleb128 0xd
 972 00e5 00       		.byte	0
 973 00e6 03       		.uleb128 0x3
 974 00e7 0E       		.uleb128 0xe
 975 00e8 3A       		.uleb128 0x3a
 976 00e9 0B       		.uleb128 0xb
 977 00ea 3B       		.uleb128 0x3b
 978 00eb 0B       		.uleb128 0xb
 979 00ec 49       		.uleb128 0x49
 980 00ed 13       		.uleb128 0x13
 981 00ee 00       		.byte	0
 982 00ef 00       		.byte	0
 983 00f0 15       		.uleb128 0x15
 984 00f1 0D       		.uleb128 0xd
 985 00f2 00       		.byte	0
 986 00f3 03       		.uleb128 0x3
 987 00f4 0E       		.uleb128 0xe
 988 00f5 3A       		.uleb128 0x3a
 989 00f6 0B       		.uleb128 0xb
 990 00f7 3B       		.uleb128 0x3b
 991 00f8 05       		.uleb128 0x5
 992 00f9 49       		.uleb128 0x49
 993 00fa 13       		.uleb128 0x13
 994 00fb 00       		.byte	0
 995 00fc 00       		.byte	0
 996 00fd 16       		.uleb128 0x16
 997 00fe 01       		.uleb128 0x1
 998 00ff 01       		.byte	0x1
 999 0100 49       		.uleb128 0x49
 1000 0101 13       		.uleb128 0x13
 1001 0102 01       		.uleb128 0x1
 1002 0103 13       		.uleb128 0x13
 1003 0104 00       		.byte	0
 1004 0105 00       		.byte	0
 1005 0106 17       		.uleb128 0x17
 1006 0107 21       		.uleb128 0x21
 1007 0108 00       		.byte	0
 1008 0109 49       		.uleb128 0x49
 1009 010a 13       		.uleb128 0x13
 1010 010b 2F       		.uleb128 0x2f
 1011 010c 0B       		.uleb128 0xb
 1012 010d 00       		.byte	0
 1013 010e 00       		.byte	0
 1014 010f 18       		.uleb128 0x18
 1015 0110 34       		.uleb128 0x34
 1016 0111 00       		.byte	0
 1017 0112 03       		.uleb128 0x3
 1018 0113 0E       		.uleb128 0xe
 1019 0114 3A       		.uleb128 0x3a
 1020 0115 0B       		.uleb128 0xb
 1021 0116 3B       		.uleb128 0x3b
 1022 0117 05       		.uleb128 0x5
 1023 0118 49       		.uleb128 0x49
 1024 0119 13       		.uleb128 0x13
 1025 011a 3F       		.uleb128 0x3f
 1026 011b 19       		.uleb128 0x19
ARM GAS  /tmp/cclZmKMG.s 			page 19


 1027 011c 3C       		.uleb128 0x3c
 1028 011d 19       		.uleb128 0x19
 1029 011e 00       		.byte	0
 1030 011f 00       		.byte	0
 1031 0120 19       		.uleb128 0x19
 1032 0121 34       		.uleb128 0x34
 1033 0122 00       		.byte	0
 1034 0123 03       		.uleb128 0x3
 1035 0124 08       		.uleb128 0x8
 1036 0125 3A       		.uleb128 0x3a
 1037 0126 0B       		.uleb128 0xb
 1038 0127 3B       		.uleb128 0x3b
 1039 0128 05       		.uleb128 0x5
 1040 0129 49       		.uleb128 0x49
 1041 012a 13       		.uleb128 0x13
 1042 012b 3F       		.uleb128 0x3f
 1043 012c 19       		.uleb128 0x19
 1044 012d 3C       		.uleb128 0x3c
 1045 012e 19       		.uleb128 0x19
 1046 012f 00       		.byte	0
 1047 0130 00       		.byte	0
 1048 0131 00       		.byte	0
 1049              		.section	.debug_aranges,"",%progbits
 1050 0000 14000000 		.4byte	0x14
 1051 0004 0200     		.2byte	0x2
 1052 0006 00000000 		.4byte	.Ldebug_info0
 1053 000a 04       		.byte	0x4
 1054 000b 00       		.byte	0
 1055 000c 0000     		.2byte	0
 1056 000e 0000     		.2byte	0
 1057 0010 00000000 		.4byte	0
 1058 0014 00000000 		.4byte	0
 1059              		.section	.debug_line,"",%progbits
 1060              	.Ldebug_line0:
 1061 0000 00020000 		.section	.debug_str,"MS",%progbits,1
 1061      0200FA01 
 1061      00000201 
 1061      FB0E0D00 
 1061      01010101 
 1062              	.LASF27:
 1063 0000 74687265 		.ascii	"thread_t\000"
 1063      61645F74 
 1063      00
 1064              	.LASF97:
 1065 0009 2F6E6673 		.ascii	"/nfs/nfs4/home/ruswang/p442-submissions/p442-submis"
 1065      2F6E6673 
 1065      342F686F 
 1065      6D652F72 
 1065      75737761 
 1066 003c 73696F6E 		.ascii	"sions/lab1\000"
 1066      732F6C61 
 1066      623100
 1067              	.LASF91:
 1068 0047 6D5F6E65 		.ascii	"m_next\000"
 1068      787400
 1069              	.LASF70:
 1070 004e 63685F73 		.ascii	"ch_system_debug\000"
ARM GAS  /tmp/cclZmKMG.s 			page 20


 1070      79737465 
 1070      6D5F6465 
 1070      62756700 
 1071              	.LASF18:
 1072 005e 75696E74 		.ascii	"uint64_t\000"
 1072      36345F74 
 1072      00
 1073              	.LASF76:
 1074 0067 6D61696E 		.ascii	"mainthread\000"
 1074      74687265 
 1074      616400
 1075              	.LASF3:
 1076 0072 73686F72 		.ascii	"short int\000"
 1076      7420696E 
 1076      7400
 1077              	.LASF52:
 1078 007c 725F7175 		.ascii	"r_queue\000"
 1078      65756500 
 1079              	.LASF95:
 1080 0084 474E5520 		.ascii	"GNU C 4.8.4 20140526 (release) [ARM/embedded-4_8-br"
 1080      4320342E 
 1080      382E3420 
 1080      32303134 
 1080      30353236 
 1081 00b7 616E6368 		.ascii	"anch revision 211358] -mcpu=cortex-m4 -mno-thumb-in"
 1081      20726576 
 1081      6973696F 
 1081      6E203231 
 1081      31333538 
 1082 00ea 74657277 		.ascii	"terwork -mthumb -ggdb -O2 -fomit-frame-pointer -fal"
 1082      6F726B20 
 1082      2D6D7468 
 1082      756D6220 
 1082      2D676764 
 1083 011d 69676E2D 		.ascii	"ign-functions=16 -ffunction-sections -fdata-section"
 1083      66756E63 
 1083      74696F6E 
 1083      733D3136 
 1083      202D6666 
 1084 0150 73202D66 		.ascii	"s -fno-common\000"
 1084      6E6F2D63 
 1084      6F6D6D6F 
 1084      6E00
 1085              	.LASF13:
 1086 015e 73697A65 		.ascii	"sizetype\000"
 1086      74797065 
 1086      00
 1087              	.LASF29:
 1088 0167 705F7072 		.ascii	"p_prev\000"
 1088      657600
 1089              	.LASF54:
 1090 016e 725F6374 		.ascii	"r_ctx\000"
 1090      7800
 1091              	.LASF25:
 1092 0174 6576656E 		.ascii	"eventmask_t\000"
 1092      746D6173 
 1092      6B5F7400 
ARM GAS  /tmp/cclZmKMG.s 			page 21


 1093              	.LASF39:
 1094 0180 705F6D73 		.ascii	"p_msgqueue\000"
 1094      67717565 
 1094      756500
 1095              	.LASF30:
 1096 018b 705F7072 		.ascii	"p_prio\000"
 1096      696F00
 1097              	.LASF28:
 1098 0192 705F6E65 		.ascii	"p_next\000"
 1098      787400
 1099              	.LASF19:
 1100 0199 7274636E 		.ascii	"rtcnt_t\000"
 1100      745F7400 
 1101              	.LASF83:
 1102 01a1 746D5F63 		.ascii	"tm_calibration_t\000"
 1102      616C6962 
 1102      72617469 
 1102      6F6E5F74 
 1102      00
 1103              	.LASF65:
 1104 01b2 76745F70 		.ascii	"vt_par\000"
 1104      617200
 1105              	.LASF64:
 1106 01b9 76745F66 		.ascii	"vt_func\000"
 1106      756E6300 
 1107              	.LASF78:
 1108 01c1 72656761 		.ascii	"regarm_t\000"
 1108      726D5F74 
 1108      00
 1109              	.LASF15:
 1110 01ca 75696E74 		.ascii	"uint8_t\000"
 1110      385F7400 
 1111              	.LASF49:
 1112 01d2 63685F74 		.ascii	"ch_threads_queue\000"
 1112      68726561 
 1112      64735F71 
 1112      75657565 
 1112      00
 1113              	.LASF46:
 1114 01e3 63685F74 		.ascii	"ch_thread\000"
 1114      68726561 
 1114      6400
 1115              	.LASF41:
 1116 01ed 705F6570 		.ascii	"p_epending\000"
 1116      656E6469 
 1116      6E6700
 1117              	.LASF72:
 1118 01f8 63685F73 		.ascii	"ch_system_t\000"
 1118      79737465 
 1118      6D5F7400 
 1119              	.LASF68:
 1120 0204 76745F6C 		.ascii	"vt_lasttime\000"
 1120      61737474 
 1120      696D6500 
 1121              	.LASF20:
 1122 0210 746D6F64 		.ascii	"tmode_t\000"
 1122      655F7400 
ARM GAS  /tmp/cclZmKMG.s 			page 22


 1123              	.LASF10:
 1124 0218 6C6F6E67 		.ascii	"long long int\000"
 1124      206C6F6E 
 1124      6720696E 
 1124      7400
 1125              	.LASF34:
 1126 0226 705F6E61 		.ascii	"p_name\000"
 1126      6D6500
 1127              	.LASF23:
 1128 022d 74707269 		.ascii	"tprio_t\000"
 1128      6F5F7400 
 1129              	.LASF7:
 1130 0235 6C6F6E67 		.ascii	"long int\000"
 1130      20696E74 
 1130      00
 1131              	.LASF73:
 1132 023e 63685F73 		.ascii	"ch_system\000"
 1132      79737465 
 1132      6D00
 1133              	.LASF82:
 1134 0248 6F666673 		.ascii	"offset\000"
 1134      657400
 1135              	.LASF59:
 1136 024f 76697274 		.ascii	"virtual_timer_t\000"
 1136      75616C5F 
 1136      74696D65 
 1136      725F7400 
 1137              	.LASF69:
 1138 025f 73797374 		.ascii	"system_debug_t\000"
 1138      656D5F64 
 1138      65627567 
 1138      5F7400
 1139              	.LASF89:
 1140 026e 6D5F7175 		.ascii	"m_queue\000"
 1140      65756500 
 1141              	.LASF5:
 1142 0276 5F5F7569 		.ascii	"__uint8_t\000"
 1142      6E74385F 
 1142      7400
 1143              	.LASF80:
 1144 0280 636F6E74 		.ascii	"context\000"
 1144      65787400 
 1145              	.LASF47:
 1146 0288 63685F74 		.ascii	"ch_threads_list\000"
 1146      68726561 
 1146      64735F6C 
 1146      69737400 
 1147              	.LASF57:
 1148 0298 725F6375 		.ascii	"r_current\000"
 1148      7272656E 
 1148      7400
 1149              	.LASF40:
 1150 02a2 705F6D73 		.ascii	"p_msg\000"
 1150      6700
 1151              	.LASF2:
 1152 02a8 756E7369 		.ascii	"unsigned char\000"
 1152      676E6564 
ARM GAS  /tmp/cclZmKMG.s 			page 23


 1152      20636861 
 1152      7200
 1153              	.LASF87:
 1154 02b6 65776D61 		.ascii	"ewmask\000"
 1154      736B00
 1155              	.LASF1:
 1156 02bd 7369676E 		.ascii	"signed char\000"
 1156      65642063 
 1156      68617200 
 1157              	.LASF32:
 1158 02c9 705F6E65 		.ascii	"p_newer\000"
 1158      77657200 
 1159              	.LASF12:
 1160 02d1 6C6F6E67 		.ascii	"long long unsigned int\000"
 1160      206C6F6E 
 1160      6720756E 
 1160      7369676E 
 1160      65642069 
 1161              	.LASF17:
 1162 02e8 75696E74 		.ascii	"uint32_t\000"
 1162      33325F74 
 1162      00
 1163              	.LASF0:
 1164 02f1 756E7369 		.ascii	"unsigned int\000"
 1164      676E6564 
 1164      20696E74 
 1164      00
 1165              	.LASF67:
 1166 02fe 63685F76 		.ascii	"ch_virtual_timers_list\000"
 1166      69727475 
 1166      616C5F74 
 1166      696D6572 
 1166      735F6C69 
 1167              	.LASF61:
 1168 0315 76745F6E 		.ascii	"vt_next\000"
 1168      65787400 
 1169              	.LASF66:
 1170 031d 76697274 		.ascii	"virtual_timers_list_t\000"
 1170      75616C5F 
 1170      74696D65 
 1170      72735F6C 
 1170      6973745F 
 1171              	.LASF48:
 1172 0333 74687265 		.ascii	"threads_queue_t\000"
 1172      6164735F 
 1172      71756575 
 1172      655F7400 
 1173              	.LASF88:
 1174 0343 6D757465 		.ascii	"mutex\000"
 1174      7800
 1175              	.LASF55:
 1176 0349 725F6E65 		.ascii	"r_newer\000"
 1176      77657200 
 1177              	.LASF36:
 1178 0351 705F666C 		.ascii	"p_flags\000"
 1178      61677300 
 1179              	.LASF63:
ARM GAS  /tmp/cclZmKMG.s 			page 24


 1180 0359 76745F64 		.ascii	"vt_delta\000"
 1180      656C7461 
 1180      00
 1181              	.LASF43:
 1182 0362 705F7265 		.ascii	"p_realprio\000"
 1182      616C7072 
 1182      696F00
 1183              	.LASF26:
 1184 036d 73797374 		.ascii	"systime_t\000"
 1184      696D655F 
 1184      7400
 1185              	.LASF74:
 1186 0377 726C6973 		.ascii	"rlist\000"
 1186      7400
 1187              	.LASF14:
 1188 037d 63686172 		.ascii	"char\000"
 1188      00
 1189              	.LASF92:
 1190 0382 6D757465 		.ascii	"mutex_t\000"
 1190      785F7400 
 1191              	.LASF60:
 1192 038a 63685F76 		.ascii	"ch_virtual_timer\000"
 1192      69727475 
 1192      616C5F74 
 1192      696D6572 
 1192      00
 1193              	.LASF16:
 1194 039b 696E7433 		.ascii	"int32_t\000"
 1194      325F7400 
 1195              	.LASF53:
 1196 03a3 725F7072 		.ascii	"r_prio\000"
 1196      696F00
 1197              	.LASF35:
 1198 03aa 705F7374 		.ascii	"p_state\000"
 1198      61746500 
 1199              	.LASF93:
 1200 03b2 5F426F6F 		.ascii	"_Bool\000"
 1200      6C00
 1201              	.LASF38:
 1202 03b8 705F7761 		.ascii	"p_waiting\000"
 1202      6974696E 
 1202      6700
 1203              	.LASF11:
 1204 03c2 5F5F7569 		.ascii	"__uint64_t\000"
 1204      6E743634 
 1204      5F7400
 1205              	.LASF42:
 1206 03cd 705F6D74 		.ascii	"p_mtxlist\000"
 1206      786C6973 
 1206      7400
 1207              	.LASF77:
 1208 03d7 69646C65 		.ascii	"idle_thread_wa\000"
 1208      5F746872 
 1208      6561645F 
 1208      776100
 1209              	.LASF9:
 1210 03e6 6C6F6E67 		.ascii	"long unsigned int\000"
ARM GAS  /tmp/cclZmKMG.s 			page 25


 1210      20756E73 
 1210      69676E65 
 1210      6420696E 
 1210      7400
 1211              	.LASF71:
 1212 03f8 70616E69 		.ascii	"panic_msg\000"
 1212      635F6D73 
 1212      6700
 1213              	.LASF4:
 1214 0402 73686F72 		.ascii	"short unsigned int\000"
 1214      7420756E 
 1214      7369676E 
 1214      65642069 
 1214      6E7400
 1215              	.LASF8:
 1216 0415 5F5F7569 		.ascii	"__uint32_t\000"
 1216      6E743332 
 1216      5F7400
 1217              	.LASF81:
 1218 0420 706F7274 		.ascii	"port_intctx\000"
 1218      5F696E74 
 1218      63747800 
 1219              	.LASF62:
 1220 042c 76745F70 		.ascii	"vt_prev\000"
 1220      72657600 
 1221              	.LASF6:
 1222 0434 5F5F696E 		.ascii	"__int32_t\000"
 1222      7433325F 
 1222      7400
 1223              	.LASF96:
 1224 043e 2E2E2F43 		.ascii	"../ChibiOS/os/hal/src/mmc_spi.c\000"
 1224      68696269 
 1224      4F532F6F 
 1224      732F6861 
 1224      6C2F7372 
 1225              	.LASF86:
 1226 045e 77746F62 		.ascii	"wtobjp\000"
 1226      6A7000
 1227              	.LASF21:
 1228 0465 74737461 		.ascii	"tstate_t\000"
 1228      74655F74 
 1228      00
 1229              	.LASF79:
 1230 046e 73746B61 		.ascii	"stkalign_t\000"
 1230      6C69676E 
 1230      5F7400
 1231              	.LASF85:
 1232 0479 65786974 		.ascii	"exitcode\000"
 1232      636F6465 
 1232      00
 1233              	.LASF58:
 1234 0482 76746675 		.ascii	"vtfunc_t\000"
 1234      6E635F74 
 1234      00
 1235              	.LASF33:
 1236 048b 705F6F6C 		.ascii	"p_older\000"
 1236      64657200 
ARM GAS  /tmp/cclZmKMG.s 			page 26


 1237              	.LASF50:
 1238 0493 72656164 		.ascii	"ready_list_t\000"
 1238      795F6C69 
 1238      73745F74 
 1238      00
 1239              	.LASF37:
 1240 04a0 705F7265 		.ascii	"p_refs\000"
 1240      667300
 1241              	.LASF51:
 1242 04a7 63685F72 		.ascii	"ch_ready_list\000"
 1242      65616479 
 1242      5F6C6973 
 1242      7400
 1243              	.LASF31:
 1244 04b5 705F6374 		.ascii	"p_ctx\000"
 1244      7800
 1245              	.LASF94:
 1246 04bb 49544D5F 		.ascii	"ITM_RxBuffer\000"
 1246      52784275 
 1246      66666572 
 1246      00
 1247              	.LASF90:
 1248 04c8 6D5F6F77 		.ascii	"m_owner\000"
 1248      6E657200 
 1249              	.LASF44:
 1250 04d0 705F6D70 		.ascii	"p_mpool\000"
 1250      6F6F6C00 
 1251              	.LASF84:
 1252 04d8 7264796D 		.ascii	"rdymsg\000"
 1252      736700
 1253              	.LASF75:
 1254 04df 76746C69 		.ascii	"vtlist\000"
 1254      737400
 1255              	.LASF24:
 1256 04e6 6D73675F 		.ascii	"msg_t\000"
 1256      7400
 1257              	.LASF56:
 1258 04ec 725F6F6C 		.ascii	"r_older\000"
 1258      64657200 
 1259              	.LASF22:
 1260 04f4 74726566 		.ascii	"trefs_t\000"
 1260      735F7400 
 1261              	.LASF45:
 1262 04fc 74687265 		.ascii	"threads_list_t\000"
 1262      6164735F 
 1262      6C697374 
 1262      5F7400
 1263              		.ident	"GCC: (GNU Tools for ARM Embedded Processors) 4.8.4 20140526 (release) [ARM/embedded-4_8-br
ARM GAS  /tmp/cclZmKMG.s 			page 27


DEFINED SYMBOLS
                            *ABS*:00000000 mmc_spi.c

NO UNDEFINED SYMBOLS
