ARM GAS  /tmp/cccyQZIb.s 			page 1


   1              		.syntax unified
   2              		.cpu cortex-m4
   3              		.fpu softvfp
   4              		.eabi_attribute 20, 1
   5              		.eabi_attribute 21, 1
   6              		.eabi_attribute 23, 3
   7              		.eabi_attribute 24, 1
   8              		.eabi_attribute 25, 1
   9              		.eabi_attribute 26, 1
  10              		.eabi_attribute 30, 2
  11              		.eabi_attribute 34, 1
  12              		.eabi_attribute 18, 4
  13              		.thumb
  14              		.file	"nvic.c"
  15              		.text
  16              	.Ltext0:
  17              		.cfi_sections	.debug_frame
  18              		.section	.text.nvicEnableVector,"ax",%progbits
  19              		.align	2
  20              		.p2align 4,,15
  21              		.global	nvicEnableVector
  22              		.thumb
  23              		.thumb_func
  24              		.type	nvicEnableVector, %function
  25              	nvicEnableVector:
  26              	.LFB255:
  27              		.file 1 "../ChibiOS/os/hal/ports/common/ARMCMx/nvic.c"
  28              		.loc 1 57 0
  29              		.cfi_startproc
  30              		@ args = 0, pretend = 0, frame = 0
  31              		@ frame_needed = 0, uses_anonymous_args = 0
  32              		@ link register save eliminated.
  33              	.LVL0:
  34              		.loc 1 60 0
  35 0000 4309     		lsrs	r3, r0, #5
  36 0002 9B00     		lsls	r3, r3, #2
  37              		.loc 1 59 0
  38 0004 00F16042 		add	r2, r0, #-536870912
  39 0008 03F16043 		add	r3, r3, #-536870912
  40              		.loc 1 57 0
  41 000c 10B4     		push	{r4}
  42              		.cfi_def_cfa_offset 4
  43              		.cfi_offset 4, -4
  44 000e 03F56143 		add	r3, r3, #57600
  45              		.loc 1 60 0
  46 0012 0124     		movs	r4, #1
  47              		.loc 1 59 0
  48 0014 0901     		lsls	r1, r1, #4
  49              	.LVL1:
  50 0016 02F56142 		add	r2, r2, #57600
  51              		.loc 1 60 0
  52 001a 00F01F00 		and	r0, r0, #31
  53              	.LVL2:
  54 001e 04FA00F0 		lsl	r0, r4, r0
  55              		.loc 1 59 0
  56 0022 C9B2     		uxtb	r1, r1
  57 0024 82F80013 		strb	r1, [r2, #768]
ARM GAS  /tmp/cccyQZIb.s 			page 2


  58              		.loc 1 60 0
  59 0028 C3F88001 		str	r0, [r3, #384]
  60              		.loc 1 61 0
  61 002c 1860     		str	r0, [r3]
  62              		.loc 1 62 0
  63 002e 5DF8044B 		ldr	r4, [sp], #4
  64 0032 7047     		bx	lr
  65              		.cfi_endproc
  66              	.LFE255:
  67              		.size	nvicEnableVector, .-nvicEnableVector
  68 0034 AFF30080 		.section	.text.nvicDisableVector,"ax",%progbits
  68      AFF30080 
  68      AFF30080 
  69              		.align	2
  70              		.p2align 4,,15
  71              		.global	nvicDisableVector
  72              		.thumb
  73              		.thumb_func
  74              		.type	nvicDisableVector, %function
  75              	nvicDisableVector:
  76              	.LFB256:
  77              		.loc 1 69 0
  78              		.cfi_startproc
  79              		@ args = 0, pretend = 0, frame = 0
  80              		@ frame_needed = 0, uses_anonymous_args = 0
  81              		@ link register save eliminated.
  82              	.LVL3:
  83              		.loc 1 71 0
  84 0000 084B     		ldr	r3, .L3
  85 0002 4109     		lsrs	r1, r0, #5
  86              		.loc 1 69 0
  87 0004 10B4     		push	{r4}
  88              		.cfi_def_cfa_offset 4
  89              		.cfi_offset 4, -4
  90              		.loc 1 71 0
  91 0006 00F01F02 		and	r2, r0, #31
  92 000a 2031     		adds	r1, r1, #32
  93 000c 0124     		movs	r4, #1
  94              		.loc 1 72 0
  95 000e 1844     		add	r0, r0, r3
  96              	.LVL4:
  97              		.loc 1 71 0
  98 0010 9440     		lsls	r4, r4, r2
  99              		.loc 1 72 0
 100 0012 0022     		movs	r2, #0
 101              		.loc 1 71 0
 102 0014 43F82140 		str	r4, [r3, r1, lsl #2]
 103              		.loc 1 72 0
 104 0018 80F80023 		strb	r2, [r0, #768]
 105              		.loc 1 73 0
 106 001c 5DF8044B 		ldr	r4, [sp], #4
 107 0020 7047     		bx	lr
 108              	.L4:
 109 0022 00BF     		.align	2
 110              	.L3:
 111 0024 00E100E0 		.word	-536813312
 112              		.cfi_endproc
ARM GAS  /tmp/cccyQZIb.s 			page 3


 113              	.LFE256:
 114              		.size	nvicDisableVector, .-nvicDisableVector
 115 0028 AFF30080 		.section	.text.nvicSetSystemHandlerPriority,"ax",%progbits
 115      AFF30080 
 116              		.align	2
 117              		.p2align 4,,15
 118              		.global	nvicSetSystemHandlerPriority
 119              		.thumb
 120              		.thumb_func
 121              		.type	nvicSetSystemHandlerPriority, %function
 122              	nvicSetSystemHandlerPriority:
 123              	.LFB257:
 124              		.loc 1 81 0
 125              		.cfi_startproc
 126              		@ args = 0, pretend = 0, frame = 0
 127              		@ frame_needed = 0, uses_anonymous_args = 0
 128              		@ link register save eliminated.
 129              	.LVL5:
 130              		.loc 1 85 0
 131 0000 00F16040 		add	r0, r0, #-536870912
 132              	.LVL6:
 133 0004 00F56D40 		add	r0, r0, #60672
 134              	.LVL7:
 135 0008 0901     		lsls	r1, r1, #4
 136              	.LVL8:
 137 000a C9B2     		uxtb	r1, r1
 138 000c 0176     		strb	r1, [r0, #24]
 139 000e 7047     		bx	lr
 140              		.cfi_endproc
 141              	.LFE257:
 142              		.size	nvicSetSystemHandlerPriority, .-nvicSetSystemHandlerPriority
 143              		.text
 144              	.Letext0:
 145              		.file 2 "/nfs/nfs5/home/research/hardware/arm2/gcc-arm-embedded/gcc-arm-none-eabi-4_8-2014q2/arm-n
 146              		.file 3 "/nfs/nfs5/home/research/hardware/arm2/gcc-arm-embedded/gcc-arm-none-eabi-4_8-2014q2/arm-n
 147              		.file 4 "../ChibiOS/os/rt/ports/ARMCMx/compilers/GCC/chtypes.h"
 148              		.file 5 "../ChibiOS/os/rt/include/chsystypes.h"
 149              		.file 6 "../ChibiOS/os/rt/include/chschd.h"
 150              		.file 7 "../ChibiOS/os/ext/CMSIS/include/core_cm4.h"
 151              		.file 8 "../ChibiOS/os/rt/ports/ARMCMx/chcore.h"
 152              		.file 9 "../ChibiOS/os/rt/ports/ARMCMx/chcore_v7m.h"
 153              		.file 10 "../ChibiOS/os/rt/include/chtm.h"
 154              		.file 11 "../ChibiOS/os/rt/include/chmtx.h"
 155              		.section	.debug_info,"",%progbits
 156              	.Ldebug_info0:
 157 0000 3C090000 		.4byte	0x93c
 158 0004 0400     		.2byte	0x4
 159 0006 00000000 		.4byte	.Ldebug_abbrev0
 160 000a 04       		.byte	0x4
 161 000b 01       		.uleb128 0x1
 162 000c 86040000 		.4byte	.LASF128
 163 0010 01       		.byte	0x1
 164 0011 DD010000 		.4byte	.LASF129
 165 0015 1D010000 		.4byte	.LASF130
 166 0019 00000000 		.4byte	.Ldebug_ranges0+0
 167 001d 00000000 		.4byte	0
 168 0021 00000000 		.4byte	.Ldebug_line0
ARM GAS  /tmp/cccyQZIb.s 			page 4


 169 0025 02       		.uleb128 0x2
 170 0026 04       		.byte	0x4
 171 0027 05       		.byte	0x5
 172 0028 696E7400 		.ascii	"int\000"
 173 002c 03       		.uleb128 0x3
 174 002d 04       		.byte	0x4
 175 002e 07       		.byte	0x7
 176 002f A6010000 		.4byte	.LASF0
 177 0033 03       		.uleb128 0x3
 178 0034 01       		.byte	0x1
 179 0035 06       		.byte	0x6
 180 0036 DE000000 		.4byte	.LASF1
 181 003a 04       		.uleb128 0x4
 182 003b 31000000 		.4byte	.LASF5
 183 003f 02       		.byte	0x2
 184 0040 1C       		.byte	0x1c
 185 0041 45000000 		.4byte	0x45
 186 0045 03       		.uleb128 0x3
 187 0046 01       		.byte	0x1
 188 0047 08       		.byte	0x8
 189 0048 6A030000 		.4byte	.LASF2
 190 004c 03       		.uleb128 0x3
 191 004d 02       		.byte	0x2
 192 004e 05       		.byte	0x5
 193 004f 9D030000 		.4byte	.LASF3
 194 0053 03       		.uleb128 0x3
 195 0054 02       		.byte	0x2
 196 0055 07       		.byte	0x7
 197 0056 F9030000 		.4byte	.LASF4
 198 005a 04       		.uleb128 0x4
 199 005b 5E020000 		.4byte	.LASF6
 200 005f 02       		.byte	0x2
 201 0060 37       		.byte	0x37
 202 0061 65000000 		.4byte	0x65
 203 0065 03       		.uleb128 0x3
 204 0066 04       		.byte	0x4
 205 0067 05       		.byte	0x5
 206 0068 0B010000 		.4byte	.LASF7
 207 006c 04       		.uleb128 0x4
 208 006d 85050000 		.4byte	.LASF8
 209 0071 02       		.byte	0x2
 210 0072 38       		.byte	0x38
 211 0073 77000000 		.4byte	0x77
 212 0077 03       		.uleb128 0x3
 213 0078 04       		.byte	0x4
 214 0079 07       		.byte	0x7
 215 007a 5C040000 		.4byte	.LASF9
 216 007e 03       		.uleb128 0x3
 217 007f 08       		.byte	0x8
 218 0080 05       		.byte	0x5
 219 0081 D0000000 		.4byte	.LASF10
 220 0085 04       		.uleb128 0x4
 221 0086 FC020000 		.4byte	.LASF11
 222 008a 02       		.byte	0x2
 223 008b 4E       		.byte	0x4e
 224 008c 90000000 		.4byte	0x90
 225 0090 03       		.uleb128 0x3
ARM GAS  /tmp/cccyQZIb.s 			page 5


 226 0091 08       		.byte	0x8
 227 0092 07       		.byte	0x7
 228 0093 56000000 		.4byte	.LASF12
 229 0097 04       		.uleb128 0x4
 230 0098 DA050000 		.4byte	.LASF13
 231 009c 03       		.byte	0x3
 232 009d 2A       		.byte	0x2a
 233 009e 3A000000 		.4byte	0x3a
 234 00a2 04       		.uleb128 0x4
 235 00a3 62030000 		.4byte	.LASF14
 236 00a7 03       		.byte	0x3
 237 00a8 41       		.byte	0x41
 238 00a9 5A000000 		.4byte	0x5a
 239 00ad 04       		.uleb128 0x4
 240 00ae 32040000 		.4byte	.LASF15
 241 00b2 03       		.byte	0x3
 242 00b3 42       		.byte	0x42
 243 00b4 6C000000 		.4byte	0x6c
 244 00b8 04       		.uleb128 0x4
 245 00b9 28000000 		.4byte	.LASF16
 246 00bd 03       		.byte	0x3
 247 00be 4E       		.byte	0x4e
 248 00bf 85000000 		.4byte	0x85
 249 00c3 05       		.uleb128 0x5
 250 00c4 A2000000 		.4byte	0xa2
 251 00c8 05       		.uleb128 0x5
 252 00c9 AD000000 		.4byte	0xad
 253 00cd 04       		.uleb128 0x4
 254 00ce A9050000 		.4byte	.LASF17
 255 00d2 04       		.byte	0x4
 256 00d3 45       		.byte	0x45
 257 00d4 AD000000 		.4byte	0xad
 258 00d8 04       		.uleb128 0x4
 259 00d9 3C020000 		.4byte	.LASF18
 260 00dd 04       		.byte	0x4
 261 00de 48       		.byte	0x48
 262 00df 97000000 		.4byte	0x97
 263 00e3 04       		.uleb128 0x4
 264 00e4 14010000 		.4byte	.LASF19
 265 00e8 04       		.byte	0x4
 266 00e9 49       		.byte	0x49
 267 00ea 97000000 		.4byte	0x97
 268 00ee 04       		.uleb128 0x4
 269 00ef 07030000 		.4byte	.LASF20
 270 00f3 04       		.byte	0x4
 271 00f4 4A       		.byte	0x4a
 272 00f5 97000000 		.4byte	0x97
 273 00f9 04       		.uleb128 0x4
 274 00fa 3E030000 		.4byte	.LASF21
 275 00fe 04       		.byte	0x4
 276 00ff 4C       		.byte	0x4c
 277 0100 AD000000 		.4byte	0xad
 278 0104 04       		.uleb128 0x4
 279 0105 19020000 		.4byte	.LASF22
 280 0109 04       		.byte	0x4
 281 010a 4D       		.byte	0x4d
 282 010b A2000000 		.4byte	0xa2
ARM GAS  /tmp/cccyQZIb.s 			page 6


 283 010f 04       		.uleb128 0x4
 284 0110 52020000 		.4byte	.LASF23
 285 0114 04       		.byte	0x4
 286 0115 4F       		.byte	0x4f
 287 0116 AD000000 		.4byte	0xad
 288 011a 04       		.uleb128 0x4
 289 011b 67050000 		.4byte	.LASF24
 290 011f 05       		.byte	0x5
 291 0120 33       		.byte	0x33
 292 0121 AD000000 		.4byte	0xad
 293 0125 04       		.uleb128 0x4
 294 0126 7D040000 		.4byte	.LASF25
 295 012a 05       		.byte	0x5
 296 012b 3F       		.byte	0x3f
 297 012c 30010000 		.4byte	0x130
 298 0130 06       		.uleb128 0x6
 299 0131 0A020000 		.4byte	.LASF44
 300 0135 44       		.byte	0x44
 301 0136 06       		.byte	0x6
 302 0137 BE       		.byte	0xbe
 303 0138 1D020000 		.4byte	0x21d
 304 013c 07       		.uleb128 0x7
 305 013d E1030000 		.4byte	.LASF26
 306 0141 06       		.byte	0x6
 307 0142 BF       		.byte	0xbf
 308 0143 C7070000 		.4byte	0x7c7
 309 0147 00       		.byte	0
 310 0148 07       		.uleb128 0x7
 311 0149 37030000 		.4byte	.LASF27
 312 014d 06       		.byte	0x6
 313 014e C1       		.byte	0xc1
 314 014f C7070000 		.4byte	0x7c7
 315 0153 04       		.byte	0x4
 316 0154 07       		.uleb128 0x7
 317 0155 B3000000 		.4byte	.LASF28
 318 0159 06       		.byte	0x6
 319 015a C3       		.byte	0xc3
 320 015b F9000000 		.4byte	0xf9
 321 015f 08       		.byte	0x8
 322 0160 07       		.uleb128 0x7
 323 0161 17060000 		.4byte	.LASF29
 324 0165 06       		.byte	0x6
 325 0166 C4       		.byte	0xc4
 326 0167 0D070000 		.4byte	0x70d
 327 016b 0C       		.byte	0xc
 328 016c 07       		.uleb128 0x7
 329 016d 5B010000 		.4byte	.LASF30
 330 0171 06       		.byte	0x6
 331 0172 C6       		.byte	0xc6
 332 0173 C7070000 		.4byte	0x7c7
 333 0177 10       		.byte	0x10
 334 0178 07       		.uleb128 0x7
 335 0179 CB020000 		.4byte	.LASF31
 336 017d 06       		.byte	0x6
 337 017e C7       		.byte	0xc7
 338 017f C7070000 		.4byte	0x7c7
 339 0183 14       		.byte	0x14
ARM GAS  /tmp/cccyQZIb.s 			page 7


 340 0184 07       		.uleb128 0x7
 341 0185 F7050000 		.4byte	.LASF32
 342 0189 06       		.byte	0x6
 343 018a CE       		.byte	0xce
 344 018b 05080000 		.4byte	0x805
 345 018f 18       		.byte	0x18
 346 0190 07       		.uleb128 0x7
 347 0191 8B030000 		.4byte	.LASF33
 348 0195 06       		.byte	0x6
 349 0196 D9       		.byte	0xd9
 350 0197 E3000000 		.4byte	0xe3
 351 019b 1C       		.byte	0x1c
 352 019c 07       		.uleb128 0x7
 353 019d E8030000 		.4byte	.LASF34
 354 01a1 06       		.byte	0x6
 355 01a2 DD       		.byte	0xdd
 356 01a3 D8000000 		.4byte	0xd8
 357 01a7 1D       		.byte	0x1d
 358 01a8 07       		.uleb128 0x7
 359 01a9 C8050000 		.4byte	.LASF35
 360 01ad 06       		.byte	0x6
 361 01ae E2       		.byte	0xe2
 362 01af EE000000 		.4byte	0xee
 363 01b3 1E       		.byte	0x1e
 364 01b4 08       		.uleb128 0x8
 365 01b5 705F7500 		.ascii	"p_u\000"
 366 01b9 06       		.byte	0x6
 367 01ba 1401     		.2byte	0x114
 368 01bc CD070000 		.4byte	0x7cd
 369 01c0 20       		.byte	0x20
 370 01c1 09       		.uleb128 0x9
 371 01c2 8B020000 		.4byte	.LASF36
 372 01c6 06       		.byte	0x6
 373 01c7 1901     		.2byte	0x119
 374 01c9 1D020000 		.4byte	0x21d
 375 01cd 24       		.byte	0x24
 376 01ce 09       		.uleb128 0x9
 377 01cf CD010000 		.4byte	.LASF37
 378 01d3 06       		.byte	0x6
 379 01d4 1F01     		.2byte	0x11f
 380 01d6 41020000 		.4byte	0x241
 381 01da 28       		.byte	0x28
 382 01db 09       		.uleb128 0x9
 383 01dc FE050000 		.4byte	.LASF38
 384 01e0 06       		.byte	0x6
 385 01e1 2301     		.2byte	0x123
 386 01e3 04010000 		.4byte	0x104
 387 01e7 30       		.byte	0x30
 388 01e8 09       		.uleb128 0x9
 389 01e9 1D040000 		.4byte	.LASF39
 390 01ed 06       		.byte	0x6
 391 01ee 2901     		.2byte	0x129
 392 01f0 0F010000 		.4byte	0x10f
 393 01f4 34       		.byte	0x34
 394 01f5 09       		.uleb128 0x9
 395 01f6 93030000 		.4byte	.LASF40
 396 01fa 06       		.byte	0x6
ARM GAS  /tmp/cccyQZIb.s 			page 8


 397 01fb 3001     		.2byte	0x130
 398 01fd 48080000 		.4byte	0x848
 399 0201 38       		.byte	0x38
 400 0202 09       		.uleb128 0x9
 401 0203 71050000 		.4byte	.LASF41
 402 0207 06       		.byte	0x6
 403 0208 3401     		.2byte	0x134
 404 020a F9000000 		.4byte	0xf9
 405 020e 3C       		.byte	0x3c
 406 020f 09       		.uleb128 0x9
 407 0210 EA000000 		.4byte	.LASF42
 408 0214 06       		.byte	0x6
 409 0215 3A01     		.2byte	0x13a
 410 0217 F4020000 		.4byte	0x2f4
 411 021b 40       		.byte	0x40
 412 021c 00       		.byte	0
 413 021d 04       		.uleb128 0x4
 414 021e 00000000 		.4byte	.LASF43
 415 0222 05       		.byte	0x5
 416 0223 44       		.byte	0x44
 417 0224 28020000 		.4byte	0x228
 418 0228 06       		.uleb128 0x6
 419 0229 4C040000 		.4byte	.LASF45
 420 022d 04       		.byte	0x4
 421 022e 06       		.byte	0x6
 422 022f AC       		.byte	0xac
 423 0230 41020000 		.4byte	0x241
 424 0234 07       		.uleb128 0x7
 425 0235 E1030000 		.4byte	.LASF26
 426 0239 06       		.byte	0x6
 427 023a AD       		.byte	0xad
 428 023b C7070000 		.4byte	0x7c7
 429 023f 00       		.byte	0
 430 0240 00       		.byte	0
 431 0241 04       		.uleb128 0x4
 432 0242 B8050000 		.4byte	.LASF46
 433 0246 05       		.byte	0x5
 434 0247 4B       		.byte	0x4b
 435 0248 4C020000 		.4byte	0x24c
 436 024c 06       		.uleb128 0x6
 437 024d 9D000000 		.4byte	.LASF47
 438 0251 08       		.byte	0x8
 439 0252 06       		.byte	0x6
 440 0253 B3       		.byte	0xb3
 441 0254 71020000 		.4byte	0x271
 442 0258 07       		.uleb128 0x7
 443 0259 E1030000 		.4byte	.LASF26
 444 025d 06       		.byte	0x6
 445 025e B4       		.byte	0xb4
 446 025f C7070000 		.4byte	0x7c7
 447 0263 00       		.byte	0
 448 0264 07       		.uleb128 0x7
 449 0265 37030000 		.4byte	.LASF27
 450 0269 06       		.byte	0x6
 451 026a B5       		.byte	0xb5
 452 026b C7070000 		.4byte	0x7c7
 453 026f 04       		.byte	0x4
ARM GAS  /tmp/cccyQZIb.s 			page 9


 454 0270 00       		.byte	0
 455 0271 04       		.uleb128 0x4
 456 0272 14000000 		.4byte	.LASF48
 457 0276 05       		.byte	0x5
 458 0277 52       		.byte	0x52
 459 0278 7C020000 		.4byte	0x27c
 460 027c 0A       		.uleb128 0xa
 461 027d 44020000 		.4byte	.LASF49
 462 0281 1C       		.byte	0x1c
 463 0282 06       		.byte	0x6
 464 0283 7201     		.2byte	0x172
 465 0285 D8020000 		.4byte	0x2d8
 466 0289 09       		.uleb128 0x9
 467 028a 3B040000 		.4byte	.LASF50
 468 028e 06       		.byte	0x6
 469 028f 7301     		.2byte	0x173
 470 0291 41020000 		.4byte	0x241
 471 0295 00       		.byte	0
 472 0296 09       		.uleb128 0x9
 473 0297 D3030000 		.4byte	.LASF51
 474 029b 06       		.byte	0x6
 475 029c 7401     		.2byte	0x174
 476 029e F9000000 		.4byte	0xf9
 477 02a2 08       		.byte	0x8
 478 02a3 09       		.uleb128 0x9
 479 02a4 D3020000 		.4byte	.LASF52
 480 02a8 06       		.byte	0x6
 481 02a9 7601     		.2byte	0x176
 482 02ab 0D070000 		.4byte	0x70d
 483 02af 0C       		.byte	0xc
 484 02b0 09       		.uleb128 0x9
 485 02b1 6D010000 		.4byte	.LASF53
 486 02b5 06       		.byte	0x6
 487 02b6 7901     		.2byte	0x179
 488 02b8 C7070000 		.4byte	0x7c7
 489 02bc 10       		.byte	0x10
 490 02bd 09       		.uleb128 0x9
 491 02be F4020000 		.4byte	.LASF54
 492 02c2 06       		.byte	0x6
 493 02c3 7A01     		.2byte	0x17a
 494 02c5 C7070000 		.4byte	0x7c7
 495 02c9 14       		.byte	0x14
 496 02ca 09       		.uleb128 0x9
 497 02cb 6E040000 		.4byte	.LASF55
 498 02cf 06       		.byte	0x6
 499 02d0 7D01     		.2byte	0x17d
 500 02d2 C7070000 		.4byte	0x7c7
 501 02d6 18       		.byte	0x18
 502 02d7 00       		.byte	0
 503 02d8 04       		.uleb128 0x4
 504 02d9 7C050000 		.4byte	.LASF56
 505 02dd 05       		.byte	0x5
 506 02de 57       		.byte	0x57
 507 02df E3020000 		.4byte	0x2e3
 508 02e3 0B       		.uleb128 0xb
 509 02e4 04       		.byte	0x4
 510 02e5 E9020000 		.4byte	0x2e9
ARM GAS  /tmp/cccyQZIb.s 			page 10


 511 02e9 0C       		.uleb128 0xc
 512 02ea F4020000 		.4byte	0x2f4
 513 02ee 0D       		.uleb128 0xd
 514 02ef F4020000 		.4byte	0x2f4
 515 02f3 00       		.byte	0
 516 02f4 0E       		.uleb128 0xe
 517 02f5 04       		.byte	0x4
 518 02f6 04       		.uleb128 0x4
 519 02f7 7B020000 		.4byte	.LASF57
 520 02fb 05       		.byte	0x5
 521 02fc 5C       		.byte	0x5c
 522 02fd 01030000 		.4byte	0x301
 523 0301 0A       		.uleb128 0xa
 524 0302 0C040000 		.4byte	.LASF58
 525 0306 14       		.byte	0x14
 526 0307 06       		.byte	0x6
 527 0308 4D01     		.2byte	0x14d
 528 030a 50030000 		.4byte	0x350
 529 030e 09       		.uleb128 0x9
 530 030f B3010000 		.4byte	.LASF59
 531 0313 06       		.byte	0x6
 532 0314 4E01     		.2byte	0x14e
 533 0316 4E080000 		.4byte	0x84e
 534 031a 00       		.byte	0
 535 031b 09       		.uleb128 0x9
 536 031c 7E010000 		.4byte	.LASF60
 537 0320 06       		.byte	0x6
 538 0321 4F01     		.2byte	0x14f
 539 0323 4E080000 		.4byte	0x84e
 540 0327 04       		.byte	0x4
 541 0328 09       		.uleb128 0x9
 542 0329 43040000 		.4byte	.LASF61
 543 032d 06       		.byte	0x6
 544 032e 5001     		.2byte	0x150
 545 0330 1A010000 		.4byte	0x11a
 546 0334 08       		.byte	0x8
 547 0335 09       		.uleb128 0x9
 548 0336 1D060000 		.4byte	.LASF62
 549 033a 06       		.byte	0x6
 550 033b 5101     		.2byte	0x151
 551 033d D8020000 		.4byte	0x2d8
 552 0341 0C       		.byte	0xc
 553 0342 09       		.uleb128 0x9
 554 0343 B1050000 		.4byte	.LASF63
 555 0347 06       		.byte	0x6
 556 0348 5301     		.2byte	0x153
 557 034a F4020000 		.4byte	0x2f4
 558 034e 10       		.byte	0x10
 559 034f 00       		.byte	0
 560 0350 04       		.uleb128 0x4
 561 0351 81000000 		.4byte	.LASF64
 562 0355 05       		.byte	0x5
 563 0356 61       		.byte	0x61
 564 0357 5B030000 		.4byte	0x35b
 565 035b 0A       		.uleb128 0xa
 566 035c 9E020000 		.4byte	.LASF65
 567 0360 10       		.byte	0x10
ARM GAS  /tmp/cccyQZIb.s 			page 11


 568 0361 06       		.byte	0x6
 569 0362 5D01     		.2byte	0x15d
 570 0364 9D030000 		.4byte	0x39d
 571 0368 09       		.uleb128 0x9
 572 0369 B3010000 		.4byte	.LASF59
 573 036d 06       		.byte	0x6
 574 036e 5E01     		.2byte	0x15e
 575 0370 4E080000 		.4byte	0x84e
 576 0374 00       		.byte	0
 577 0375 09       		.uleb128 0x9
 578 0376 7E010000 		.4byte	.LASF60
 579 037a 06       		.byte	0x6
 580 037b 6001     		.2byte	0x160
 581 037d 4E080000 		.4byte	0x84e
 582 0381 04       		.byte	0x4
 583 0382 09       		.uleb128 0x9
 584 0383 43040000 		.4byte	.LASF61
 585 0387 06       		.byte	0x6
 586 0388 6201     		.2byte	0x162
 587 038a 1A010000 		.4byte	0x11a
 588 038e 08       		.byte	0x8
 589 038f 09       		.uleb128 0x9
 590 0390 BF020000 		.4byte	.LASF66
 591 0394 06       		.byte	0x6
 592 0395 6A01     		.2byte	0x16a
 593 0397 1A010000 		.4byte	0x11a
 594 039b 0C       		.byte	0xc
 595 039c 00       		.byte	0
 596 039d 04       		.uleb128 0x4
 597 039e 47000000 		.4byte	.LASF67
 598 03a2 05       		.byte	0x5
 599 03a3 66       		.byte	0x66
 600 03a4 A8030000 		.4byte	0x3a8
 601 03a8 0A       		.uleb128 0xa
 602 03a9 4C030000 		.4byte	.LASF68
 603 03ad 04       		.byte	0x4
 604 03ae 06       		.byte	0x6
 605 03af 8401     		.2byte	0x184
 606 03b1 C3030000 		.4byte	0x3c3
 607 03b5 09       		.uleb128 0x9
 608 03b6 90050000 		.4byte	.LASF69
 609 03ba 06       		.byte	0x6
 610 03bb 8C01     		.2byte	0x18c
 611 03bd 54080000 		.4byte	0x854
 612 03c1 00       		.byte	0
 613 03c2 00       		.byte	0
 614 03c3 04       		.uleb128 0x4
 615 03c4 30020000 		.4byte	.LASF70
 616 03c8 05       		.byte	0x5
 617 03c9 6B       		.byte	0x6b
 618 03ca CE030000 		.4byte	0x3ce
 619 03ce 0F       		.uleb128 0xf
 620 03cf 01010000 		.4byte	.LASF71
 621 03d3 5001     		.2byte	0x150
 622 03d5 06       		.byte	0x6
 623 03d6 A401     		.2byte	0x1a4
 624 03d8 2A040000 		.4byte	0x42a
ARM GAS  /tmp/cccyQZIb.s 			page 12


 625 03dc 09       		.uleb128 0x9
 626 03dd D4050000 		.4byte	.LASF72
 627 03e1 06       		.byte	0x6
 628 03e2 A801     		.2byte	0x1a8
 629 03e4 71020000 		.4byte	0x271
 630 03e8 00       		.byte	0
 631 03e9 09       		.uleb128 0x9
 632 03ea FA000000 		.4byte	.LASF73
 633 03ee 06       		.byte	0x6
 634 03ef AC01     		.2byte	0x1ac
 635 03f1 50030000 		.4byte	0x350
 636 03f5 1C       		.byte	0x1c
 637 03f6 08       		.uleb128 0x8
 638 03f7 64626700 		.ascii	"dbg\000"
 639 03fb 06       		.byte	0x6
 640 03fc B001     		.2byte	0x1b0
 641 03fe 9D030000 		.4byte	0x39d
 642 0402 2C       		.byte	0x2c
 643 0403 09       		.uleb128 0x9
 644 0404 76000000 		.4byte	.LASF74
 645 0408 06       		.byte	0x6
 646 0409 B401     		.2byte	0x1b4
 647 040b 25010000 		.4byte	0x125
 648 040f 30       		.byte	0x30
 649 0410 08       		.uleb128 0x8
 650 0411 746D00   		.ascii	"tm\000"
 651 0414 06       		.byte	0x6
 652 0415 B901     		.2byte	0x1b9
 653 0417 BC070000 		.4byte	0x7bc
 654 041b 74       		.byte	0x74
 655 041c 09       		.uleb128 0x9
 656 041d 97010000 		.4byte	.LASF75
 657 0421 06       		.byte	0x6
 658 0422 C501     		.2byte	0x1c5
 659 0424 59080000 		.4byte	0x859
 660 0428 78       		.byte	0x78
 661 0429 00       		.byte	0
 662 042a 10       		.uleb128 0x10
 663 042b 040E     		.2byte	0xe04
 664 042d 07       		.byte	0x7
 665 042e 5001     		.2byte	0x150
 666 0430 E6040000 		.4byte	0x4e6
 667 0434 09       		.uleb128 0x9
 668 0435 A7030000 		.4byte	.LASF76
 669 0439 07       		.byte	0x7
 670 043a 5201     		.2byte	0x152
 671 043c FD040000 		.4byte	0x4fd
 672 0440 00       		.byte	0
 673 0441 09       		.uleb128 0x9
 674 0442 0F030000 		.4byte	.LASF77
 675 0446 07       		.byte	0x7
 676 0447 5301     		.2byte	0x153
 677 0449 02050000 		.4byte	0x502
 678 044d 20       		.byte	0x20
 679 044e 09       		.uleb128 0x9
 680 044f EA020000 		.4byte	.LASF78
 681 0453 07       		.byte	0x7
ARM GAS  /tmp/cccyQZIb.s 			page 13


 682 0454 5401     		.2byte	0x154
 683 0456 12050000 		.4byte	0x512
 684 045a 80       		.byte	0x80
 685 045b 09       		.uleb128 0x9
 686 045c E2050000 		.4byte	.LASF79
 687 0460 07       		.byte	0x7
 688 0461 5501     		.2byte	0x155
 689 0463 02050000 		.4byte	0x502
 690 0467 A0       		.byte	0xa0
 691 0468 11       		.uleb128 0x11
 692 0469 AE000000 		.4byte	.LASF80
 693 046d 07       		.byte	0x7
 694 046e 5601     		.2byte	0x156
 695 0470 17050000 		.4byte	0x517
 696 0474 0001     		.2byte	0x100
 697 0476 11       		.uleb128 0x11
 698 0477 19030000 		.4byte	.LASF81
 699 047b 07       		.byte	0x7
 700 047c 5701     		.2byte	0x157
 701 047e 02050000 		.4byte	0x502
 702 0482 2001     		.2byte	0x120
 703 0484 11       		.uleb128 0x11
 704 0485 0F000000 		.4byte	.LASF82
 705 0489 07       		.byte	0x7
 706 048a 5801     		.2byte	0x158
 707 048c 1C050000 		.4byte	0x51c
 708 0490 8001     		.2byte	0x180
 709 0492 11       		.uleb128 0x11
 710 0493 23030000 		.4byte	.LASF83
 711 0497 07       		.byte	0x7
 712 0498 5901     		.2byte	0x159
 713 049a 02050000 		.4byte	0x502
 714 049e A001     		.2byte	0x1a0
 715 04a0 11       		.uleb128 0x11
 716 04a1 BA020000 		.4byte	.LASF84
 717 04a5 07       		.byte	0x7
 718 04a6 5A01     		.2byte	0x15a
 719 04a8 21050000 		.4byte	0x521
 720 04ac 0002     		.2byte	0x200
 721 04ae 11       		.uleb128 0x11
 722 04af 2D030000 		.4byte	.LASF85
 723 04b3 07       		.byte	0x7
 724 04b4 5B01     		.2byte	0x15b
 725 04b6 26050000 		.4byte	0x526
 726 04ba 2002     		.2byte	0x220
 727 04bc 12       		.uleb128 0x12
 728 04bd 495000   		.ascii	"IP\000"
 729 04c0 07       		.byte	0x7
 730 04c1 5C01     		.2byte	0x15c
 731 04c3 46050000 		.4byte	0x546
 732 04c7 0003     		.2byte	0x300
 733 04c9 11       		.uleb128 0x11
 734 04ca 28040000 		.4byte	.LASF86
 735 04ce 07       		.byte	0x7
 736 04cf 5D01     		.2byte	0x15d
 737 04d1 4B050000 		.4byte	0x54b
 738 04d5 F003     		.2byte	0x3f0
ARM GAS  /tmp/cccyQZIb.s 			page 14


 739 04d7 11       		.uleb128 0x11
 740 04d8 EB050000 		.4byte	.LASF87
 741 04dc 07       		.byte	0x7
 742 04dd 5E01     		.2byte	0x15e
 743 04df C8000000 		.4byte	0xc8
 744 04e3 000E     		.2byte	0xe00
 745 04e5 00       		.byte	0
 746 04e6 13       		.uleb128 0x13
 747 04e7 AD000000 		.4byte	0xad
 748 04eb F6040000 		.4byte	0x4f6
 749 04ef 14       		.uleb128 0x14
 750 04f0 F6040000 		.4byte	0x4f6
 751 04f4 07       		.byte	0x7
 752 04f5 00       		.byte	0
 753 04f6 03       		.uleb128 0x3
 754 04f7 04       		.byte	0x4
 755 04f8 07       		.byte	0x7
 756 04f9 95020000 		.4byte	.LASF88
 757 04fd 05       		.uleb128 0x5
 758 04fe E6040000 		.4byte	0x4e6
 759 0502 13       		.uleb128 0x13
 760 0503 AD000000 		.4byte	0xad
 761 0507 12050000 		.4byte	0x512
 762 050b 14       		.uleb128 0x14
 763 050c F6040000 		.4byte	0x4f6
 764 0510 17       		.byte	0x17
 765 0511 00       		.byte	0
 766 0512 05       		.uleb128 0x5
 767 0513 E6040000 		.4byte	0x4e6
 768 0517 05       		.uleb128 0x5
 769 0518 E6040000 		.4byte	0x4e6
 770 051c 05       		.uleb128 0x5
 771 051d E6040000 		.4byte	0x4e6
 772 0521 05       		.uleb128 0x5
 773 0522 E6040000 		.4byte	0x4e6
 774 0526 13       		.uleb128 0x13
 775 0527 AD000000 		.4byte	0xad
 776 052b 36050000 		.4byte	0x536
 777 052f 14       		.uleb128 0x14
 778 0530 F6040000 		.4byte	0x4f6
 779 0534 37       		.byte	0x37
 780 0535 00       		.byte	0
 781 0536 13       		.uleb128 0x13
 782 0537 97000000 		.4byte	0x97
 783 053b 46050000 		.4byte	0x546
 784 053f 14       		.uleb128 0x14
 785 0540 F6040000 		.4byte	0x4f6
 786 0544 EF       		.byte	0xef
 787 0545 00       		.byte	0
 788 0546 05       		.uleb128 0x5
 789 0547 36050000 		.4byte	0x536
 790 054b 13       		.uleb128 0x13
 791 054c AD000000 		.4byte	0xad
 792 0550 5C050000 		.4byte	0x55c
 793 0554 15       		.uleb128 0x15
 794 0555 F6040000 		.4byte	0x4f6
 795 0559 8302     		.2byte	0x283
ARM GAS  /tmp/cccyQZIb.s 			page 15


 796 055b 00       		.byte	0
 797 055c 16       		.uleb128 0x16
 798 055d AC030000 		.4byte	.LASF89
 799 0561 07       		.byte	0x7
 800 0562 5F01     		.2byte	0x15f
 801 0564 2A040000 		.4byte	0x42a
 802 0568 17       		.uleb128 0x17
 803 0569 8C       		.byte	0x8c
 804 056a 07       		.byte	0x7
 805 056b 7001     		.2byte	0x170
 806 056d 83060000 		.4byte	0x683
 807 0571 09       		.uleb128 0x9
 808 0572 97000000 		.4byte	.LASF90
 809 0576 07       		.byte	0x7
 810 0577 7201     		.2byte	0x172
 811 0579 83060000 		.4byte	0x683
 812 057d 00       		.byte	0
 813 057e 09       		.uleb128 0x9
 814 057f 14020000 		.4byte	.LASF91
 815 0583 07       		.byte	0x7
 816 0584 7301     		.2byte	0x173
 817 0586 C8000000 		.4byte	0xc8
 818 058a 04       		.byte	0x4
 819 058b 09       		.uleb128 0x9
 820 058c D8010000 		.4byte	.LASF92
 821 0590 07       		.byte	0x7
 822 0591 7401     		.2byte	0x174
 823 0593 C8000000 		.4byte	0xc8
 824 0597 08       		.byte	0x8
 825 0598 09       		.uleb128 0x9
 826 0599 1F020000 		.4byte	.LASF93
 827 059d 07       		.byte	0x7
 828 059e 7501     		.2byte	0x175
 829 05a0 C8000000 		.4byte	0xc8
 830 05a4 0C       		.byte	0xc
 831 05a5 08       		.uleb128 0x8
 832 05a6 53435200 		.ascii	"SCR\000"
 833 05aa 07       		.byte	0x7
 834 05ab 7601     		.2byte	0x176
 835 05ad C8000000 		.4byte	0xc8
 836 05b1 10       		.byte	0x10
 837 05b2 08       		.uleb128 0x8
 838 05b3 43435200 		.ascii	"CCR\000"
 839 05b7 07       		.byte	0x7
 840 05b8 7701     		.2byte	0x177
 841 05ba C8000000 		.4byte	0xc8
 842 05be 14       		.byte	0x14
 843 05bf 08       		.uleb128 0x8
 844 05c0 53485000 		.ascii	"SHP\000"
 845 05c4 07       		.byte	0x7
 846 05c5 7801     		.2byte	0x178
 847 05c7 98060000 		.4byte	0x698
 848 05cb 18       		.byte	0x18
 849 05cc 09       		.uleb128 0x9
 850 05cd 78030000 		.4byte	.LASF94
 851 05d1 07       		.byte	0x7
 852 05d2 7901     		.2byte	0x179
ARM GAS  /tmp/cccyQZIb.s 			page 16


 853 05d4 C8000000 		.4byte	0xc8
 854 05d8 24       		.byte	0x24
 855 05d9 09       		.uleb128 0x9
 856 05da B5020000 		.4byte	.LASF95
 857 05de 07       		.byte	0x7
 858 05df 7A01     		.2byte	0x17a
 859 05e1 C8000000 		.4byte	0xc8
 860 05e5 28       		.byte	0x28
 861 05e6 09       		.uleb128 0x9
 862 05e7 0A060000 		.4byte	.LASF96
 863 05eb 07       		.byte	0x7
 864 05ec 7B01     		.2byte	0x17b
 865 05ee C8000000 		.4byte	0xc8
 866 05f2 2C       		.byte	0x2c
 867 05f3 09       		.uleb128 0x9
 868 05f4 25020000 		.4byte	.LASF97
 869 05f8 07       		.byte	0x7
 870 05f9 7C01     		.2byte	0x17c
 871 05fb C8000000 		.4byte	0xc8
 872 05ff 30       		.byte	0x30
 873 0600 09       		.uleb128 0x9
 874 0601 2A020000 		.4byte	.LASF98
 875 0605 07       		.byte	0x7
 876 0606 7D01     		.2byte	0x17d
 877 0608 C8000000 		.4byte	0xc8
 878 060c 34       		.byte	0x34
 879 060d 09       		.uleb128 0x9
 880 060e 63010000 		.4byte	.LASF99
 881 0612 07       		.byte	0x7
 882 0613 7E01     		.2byte	0x17e
 883 0615 C8000000 		.4byte	0xc8
 884 0619 38       		.byte	0x38
 885 061a 09       		.uleb128 0x9
 886 061b 68010000 		.4byte	.LASF100
 887 061f 07       		.byte	0x7
 888 0620 7F01     		.2byte	0x17f
 889 0622 C8000000 		.4byte	0xc8
 890 0626 3C       		.byte	0x3c
 891 0627 08       		.uleb128 0x8
 892 0628 50465200 		.ascii	"PFR\000"
 893 062c 07       		.byte	0x7
 894 062d 8001     		.2byte	0x180
 895 062f AD060000 		.4byte	0x6ad
 896 0633 40       		.byte	0x40
 897 0634 08       		.uleb128 0x8
 898 0635 44465200 		.ascii	"DFR\000"
 899 0639 07       		.byte	0x7
 900 063a 8101     		.2byte	0x181
 901 063c 83060000 		.4byte	0x683
 902 0640 48       		.byte	0x48
 903 0641 08       		.uleb128 0x8
 904 0642 41445200 		.ascii	"ADR\000"
 905 0646 07       		.byte	0x7
 906 0647 8201     		.2byte	0x182
 907 0649 83060000 		.4byte	0x683
 908 064d 4C       		.byte	0x4c
 909 064e 09       		.uleb128 0x9
ARM GAS  /tmp/cccyQZIb.s 			page 17


 910 064f CF050000 		.4byte	.LASF101
 911 0653 07       		.byte	0x7
 912 0654 8301     		.2byte	0x183
 913 0656 C7060000 		.4byte	0x6c7
 914 065a 50       		.byte	0x50
 915 065b 09       		.uleb128 0x9
 916 065c CB000000 		.4byte	.LASF102
 917 0660 07       		.byte	0x7
 918 0661 8401     		.2byte	0x184
 919 0663 E1060000 		.4byte	0x6e1
 920 0667 60       		.byte	0x60
 921 0668 09       		.uleb128 0x9
 922 0669 0F030000 		.4byte	.LASF77
 923 066d 07       		.byte	0x7
 924 066e 8501     		.2byte	0x185
 925 0670 D1060000 		.4byte	0x6d1
 926 0674 74       		.byte	0x74
 927 0675 09       		.uleb128 0x9
 928 0676 04060000 		.4byte	.LASF103
 929 067a 07       		.byte	0x7
 930 067b 8601     		.2byte	0x186
 931 067d C8000000 		.4byte	0xc8
 932 0681 88       		.byte	0x88
 933 0682 00       		.byte	0
 934 0683 18       		.uleb128 0x18
 935 0684 C8000000 		.4byte	0xc8
 936 0688 13       		.uleb128 0x13
 937 0689 97000000 		.4byte	0x97
 938 068d 98060000 		.4byte	0x698
 939 0691 14       		.uleb128 0x14
 940 0692 F6040000 		.4byte	0x4f6
 941 0696 0B       		.byte	0xb
 942 0697 00       		.byte	0
 943 0698 05       		.uleb128 0x5
 944 0699 88060000 		.4byte	0x688
 945 069d 13       		.uleb128 0x13
 946 069e AD000000 		.4byte	0xad
 947 06a2 AD060000 		.4byte	0x6ad
 948 06a6 14       		.uleb128 0x14
 949 06a7 F6040000 		.4byte	0x4f6
 950 06ab 01       		.byte	0x1
 951 06ac 00       		.byte	0
 952 06ad 18       		.uleb128 0x18
 953 06ae B2060000 		.4byte	0x6b2
 954 06b2 05       		.uleb128 0x5
 955 06b3 9D060000 		.4byte	0x69d
 956 06b7 13       		.uleb128 0x13
 957 06b8 AD000000 		.4byte	0xad
 958 06bc C7060000 		.4byte	0x6c7
 959 06c0 14       		.uleb128 0x14
 960 06c1 F6040000 		.4byte	0x4f6
 961 06c5 03       		.byte	0x3
 962 06c6 00       		.byte	0
 963 06c7 18       		.uleb128 0x18
 964 06c8 CC060000 		.4byte	0x6cc
 965 06cc 05       		.uleb128 0x5
 966 06cd B7060000 		.4byte	0x6b7
ARM GAS  /tmp/cccyQZIb.s 			page 18


 967 06d1 13       		.uleb128 0x13
 968 06d2 AD000000 		.4byte	0xad
 969 06d6 E1060000 		.4byte	0x6e1
 970 06da 14       		.uleb128 0x14
 971 06db F6040000 		.4byte	0x4f6
 972 06df 04       		.byte	0x4
 973 06e0 00       		.byte	0
 974 06e1 18       		.uleb128 0x18
 975 06e2 E6060000 		.4byte	0x6e6
 976 06e6 05       		.uleb128 0x5
 977 06e7 D1060000 		.4byte	0x6d1
 978 06eb 16       		.uleb128 0x16
 979 06ec 86010000 		.4byte	.LASF104
 980 06f0 07       		.byte	0x7
 981 06f1 8701     		.2byte	0x187
 982 06f3 68050000 		.4byte	0x568
 983 06f7 04       		.uleb128 0x4
 984 06f8 75010000 		.4byte	.LASF105
 985 06fc 08       		.byte	0x8
 986 06fd 85       		.byte	0x85
 987 06fe F4020000 		.4byte	0x2f4
 988 0702 04       		.uleb128 0x4
 989 0703 68020000 		.4byte	.LASF106
 990 0707 08       		.byte	0x8
 991 0708 8D       		.byte	0x8d
 992 0709 B8000000 		.4byte	0xb8
 993 070d 06       		.uleb128 0x6
 994 070e A1050000 		.4byte	.LASF107
 995 0712 04       		.byte	0x4
 996 0713 08       		.byte	0x8
 997 0714 A9       		.byte	0xa9
 998 0715 26070000 		.4byte	0x726
 999 0719 19       		.uleb128 0x19
 1000 071a 72313300 		.ascii	"r13\000"
 1001 071e 08       		.byte	0x8
 1002 071f AA       		.byte	0xaa
 1003 0720 A1070000 		.4byte	0x7a1
 1004 0724 00       		.byte	0
 1005 0725 00       		.byte	0
 1006 0726 06       		.uleb128 0x6
 1007 0727 3B000000 		.4byte	.LASF108
 1008 072b 24       		.byte	0x24
 1009 072c 09       		.byte	0x9
 1010 072d F4       		.byte	0xf4
 1011 072e A1070000 		.4byte	0x7a1
 1012 0732 08       		.uleb128 0x8
 1013 0733 723400   		.ascii	"r4\000"
 1014 0736 09       		.byte	0x9
 1015 0737 0701     		.2byte	0x107
 1016 0739 F7060000 		.4byte	0x6f7
 1017 073d 00       		.byte	0
 1018 073e 08       		.uleb128 0x8
 1019 073f 723500   		.ascii	"r5\000"
 1020 0742 09       		.byte	0x9
 1021 0743 0801     		.2byte	0x108
 1022 0745 F7060000 		.4byte	0x6f7
 1023 0749 04       		.byte	0x4
ARM GAS  /tmp/cccyQZIb.s 			page 19


 1024 074a 08       		.uleb128 0x8
 1025 074b 723600   		.ascii	"r6\000"
 1026 074e 09       		.byte	0x9
 1027 074f 0901     		.2byte	0x109
 1028 0751 F7060000 		.4byte	0x6f7
 1029 0755 08       		.byte	0x8
 1030 0756 08       		.uleb128 0x8
 1031 0757 723700   		.ascii	"r7\000"
 1032 075a 09       		.byte	0x9
 1033 075b 0A01     		.2byte	0x10a
 1034 075d F7060000 		.4byte	0x6f7
 1035 0761 0C       		.byte	0xc
 1036 0762 08       		.uleb128 0x8
 1037 0763 723800   		.ascii	"r8\000"
 1038 0766 09       		.byte	0x9
 1039 0767 0B01     		.2byte	0x10b
 1040 0769 F7060000 		.4byte	0x6f7
 1041 076d 10       		.byte	0x10
 1042 076e 08       		.uleb128 0x8
 1043 076f 723900   		.ascii	"r9\000"
 1044 0772 09       		.byte	0x9
 1045 0773 0C01     		.2byte	0x10c
 1046 0775 F7060000 		.4byte	0x6f7
 1047 0779 14       		.byte	0x14
 1048 077a 08       		.uleb128 0x8
 1049 077b 72313000 		.ascii	"r10\000"
 1050 077f 09       		.byte	0x9
 1051 0780 0D01     		.2byte	0x10d
 1052 0782 F7060000 		.4byte	0x6f7
 1053 0786 18       		.byte	0x18
 1054 0787 08       		.uleb128 0x8
 1055 0788 72313100 		.ascii	"r11\000"
 1056 078c 09       		.byte	0x9
 1057 078d 0E01     		.2byte	0x10e
 1058 078f F7060000 		.4byte	0x6f7
 1059 0793 1C       		.byte	0x1c
 1060 0794 08       		.uleb128 0x8
 1061 0795 6C7200   		.ascii	"lr\000"
 1062 0798 09       		.byte	0x9
 1063 0799 0F01     		.2byte	0x10f
 1064 079b F7060000 		.4byte	0x6f7
 1065 079f 20       		.byte	0x20
 1066 07a0 00       		.byte	0
 1067 07a1 0B       		.uleb128 0xb
 1068 07a2 04       		.byte	0x4
 1069 07a3 26070000 		.4byte	0x726
 1070 07a7 1A       		.uleb128 0x1a
 1071 07a8 04       		.byte	0x4
 1072 07a9 0A       		.byte	0xa
 1073 07aa 38       		.byte	0x38
 1074 07ab BC070000 		.4byte	0x7bc
 1075 07af 07       		.uleb128 0x7
 1076 07b0 9A050000 		.4byte	.LASF109
 1077 07b4 0A       		.byte	0xa
 1078 07b5 3C       		.byte	0x3c
 1079 07b6 CD000000 		.4byte	0xcd
 1080 07ba 00       		.byte	0
ARM GAS  /tmp/cccyQZIb.s 			page 20


 1081 07bb 00       		.byte	0
 1082 07bc 04       		.uleb128 0x4
 1083 07bd D9020000 		.4byte	.LASF110
 1084 07c1 0A       		.byte	0xa
 1085 07c2 3D       		.byte	0x3d
 1086 07c3 A7070000 		.4byte	0x7a7
 1087 07c7 0B       		.uleb128 0xb
 1088 07c8 04       		.byte	0x4
 1089 07c9 25010000 		.4byte	0x125
 1090 07cd 1B       		.uleb128 0x1b
 1091 07ce 04       		.byte	0x4
 1092 07cf 06       		.byte	0x6
 1093 07d0 F6       		.byte	0xf6
 1094 07d1 05080000 		.4byte	0x805
 1095 07d5 1C       		.uleb128 0x1c
 1096 07d6 21000000 		.4byte	.LASF111
 1097 07da 06       		.byte	0x6
 1098 07db FD       		.byte	0xfd
 1099 07dc 04010000 		.4byte	0x104
 1100 07e0 1D       		.uleb128 0x1d
 1101 07e1 6D000000 		.4byte	.LASF112
 1102 07e5 06       		.byte	0x6
 1103 07e6 0401     		.2byte	0x104
 1104 07e8 04010000 		.4byte	0x104
 1105 07ec 1D       		.uleb128 0x1d
 1106 07ed F0050000 		.4byte	.LASF113
 1107 07f1 06       		.byte	0x6
 1108 07f2 0B01     		.2byte	0x10b
 1109 07f4 F4020000 		.4byte	0x2f4
 1110 07f8 1D       		.uleb128 0x1d
 1111 07f9 DA030000 		.4byte	.LASF114
 1112 07fd 06       		.byte	0x6
 1113 07fe 1201     		.2byte	0x112
 1114 0800 0F010000 		.4byte	0x10f
 1115 0804 00       		.byte	0
 1116 0805 0B       		.uleb128 0xb
 1117 0806 04       		.byte	0x4
 1118 0807 0B080000 		.4byte	0x80b
 1119 080b 18       		.uleb128 0x18
 1120 080c 10080000 		.4byte	0x810
 1121 0810 03       		.uleb128 0x3
 1122 0811 01       		.byte	0x1
 1123 0812 08       		.byte	0x8
 1124 0813 78040000 		.4byte	.LASF115
 1125 0817 06       		.uleb128 0x6
 1126 0818 46030000 		.4byte	.LASF116
 1127 081c 10       		.byte	0x10
 1128 081d 0B       		.byte	0xb
 1129 081e 39       		.byte	0x39
 1130 081f 48080000 		.4byte	0x848
 1131 0823 07       		.uleb128 0x7
 1132 0824 F2000000 		.4byte	.LASF117
 1133 0828 0B       		.byte	0xb
 1134 0829 3A       		.byte	0x3a
 1135 082a 41020000 		.4byte	0x241
 1136 082e 00       		.byte	0
 1137 082f 07       		.uleb128 0x7
ARM GAS  /tmp/cccyQZIb.s 			page 21


 1138 0830 0F060000 		.4byte	.LASF118
 1139 0834 0B       		.byte	0xb
 1140 0835 3C       		.byte	0x3c
 1141 0836 C7070000 		.4byte	0x7c7
 1142 083a 08       		.byte	0x8
 1143 083b 07       		.uleb128 0x7
 1144 083c 60050000 		.4byte	.LASF119
 1145 0840 0B       		.byte	0xb
 1146 0841 3E       		.byte	0x3e
 1147 0842 74080000 		.4byte	0x874
 1148 0846 0C       		.byte	0xc
 1149 0847 00       		.byte	0
 1150 0848 0B       		.uleb128 0xb
 1151 0849 04       		.byte	0x4
 1152 084a 17080000 		.4byte	0x817
 1153 084e 0B       		.uleb128 0xb
 1154 084f 04       		.byte	0x4
 1155 0850 F6020000 		.4byte	0x2f6
 1156 0854 05       		.uleb128 0x5
 1157 0855 05080000 		.4byte	0x805
 1158 0859 13       		.uleb128 0x13
 1159 085a 02070000 		.4byte	0x702
 1160 085e 69080000 		.4byte	0x869
 1161 0862 14       		.uleb128 0x14
 1162 0863 F6040000 		.4byte	0x4f6
 1163 0867 1A       		.byte	0x1a
 1164 0868 00       		.byte	0
 1165 0869 04       		.uleb128 0x4
 1166 086a 8F010000 		.4byte	.LASF120
 1167 086e 0B       		.byte	0xb
 1168 086f 34       		.byte	0x34
 1169 0870 17080000 		.4byte	0x817
 1170 0874 0B       		.uleb128 0xb
 1171 0875 04       		.byte	0x4
 1172 0876 69080000 		.4byte	0x869
 1173 087a 03       		.uleb128 0x3
 1174 087b 01       		.byte	0x1
 1175 087c 02       		.byte	0x2
 1176 087d 5C030000 		.4byte	.LASF121
 1177 0881 1E       		.uleb128 0x1e
 1178 0882 BA000000 		.4byte	.LASF123
 1179 0886 01       		.byte	0x1
 1180 0887 39       		.byte	0x39
 1181 0888 00000000 		.4byte	.LFB255
 1182 088c 34000000 		.4byte	.LFE255-.LFB255
 1183 0890 01       		.uleb128 0x1
 1184 0891 9C       		.byte	0x9c
 1185 0892 B3080000 		.4byte	0x8b3
 1186 0896 1F       		.uleb128 0x1f
 1187 0897 6E00     		.ascii	"n\000"
 1188 0899 01       		.byte	0x1
 1189 089a 39       		.byte	0x39
 1190 089b AD000000 		.4byte	0xad
 1191 089f 00000000 		.4byte	.LLST0
 1192 08a3 20       		.uleb128 0x20
 1193 08a4 EF020000 		.4byte	.LASF122
 1194 08a8 01       		.byte	0x1
ARM GAS  /tmp/cccyQZIb.s 			page 22


 1195 08a9 39       		.byte	0x39
 1196 08aa AD000000 		.4byte	0xad
 1197 08ae 24000000 		.4byte	.LLST1
 1198 08b2 00       		.byte	0
 1199 08b3 1E       		.uleb128 0x1e
 1200 08b4 BB010000 		.4byte	.LASF124
 1201 08b8 01       		.byte	0x1
 1202 08b9 45       		.byte	0x45
 1203 08ba 00000000 		.4byte	.LFB256
 1204 08be 28000000 		.4byte	.LFE256-.LFB256
 1205 08c2 01       		.uleb128 0x1
 1206 08c3 9C       		.byte	0x9c
 1207 08c4 D6080000 		.4byte	0x8d6
 1208 08c8 1F       		.uleb128 0x1f
 1209 08c9 6E00     		.ascii	"n\000"
 1210 08cb 01       		.byte	0x1
 1211 08cc 45       		.byte	0x45
 1212 08cd AD000000 		.4byte	0xad
 1213 08d1 45000000 		.4byte	.LLST2
 1214 08d5 00       		.byte	0
 1215 08d6 1E       		.uleb128 0x1e
 1216 08d7 B6030000 		.4byte	.LASF125
 1217 08db 01       		.byte	0x1
 1218 08dc 51       		.byte	0x51
 1219 08dd 00000000 		.4byte	.LFB257
 1220 08e1 10000000 		.4byte	.LFE257-.LFB257
 1221 08e5 01       		.uleb128 0x1
 1222 08e6 9C       		.byte	0x9c
 1223 08e7 13090000 		.4byte	0x913
 1224 08eb 20       		.uleb128 0x20
 1225 08ec 73020000 		.4byte	.LASF126
 1226 08f0 01       		.byte	0x1
 1227 08f1 51       		.byte	0x51
 1228 08f2 AD000000 		.4byte	0xad
 1229 08f6 69000000 		.4byte	.LLST3
 1230 08fa 20       		.uleb128 0x20
 1231 08fb EF020000 		.4byte	.LASF122
 1232 08ff 01       		.byte	0x1
 1233 0900 51       		.byte	0x51
 1234 0901 AD000000 		.4byte	0xad
 1235 0905 9E000000 		.4byte	.LLST4
 1236 0909 21       		.uleb128 0x21
 1237 090a F0030000 		.4byte	.LASF131
 1238 090e 23090000 		.4byte	0x923
 1239 0912 00       		.byte	0
 1240 0913 13       		.uleb128 0x13
 1241 0914 10080000 		.4byte	0x810
 1242 0918 23090000 		.4byte	0x923
 1243 091c 14       		.uleb128 0x14
 1244 091d F6040000 		.4byte	0x4f6
 1245 0921 1C       		.byte	0x1c
 1246 0922 00       		.byte	0
 1247 0923 18       		.uleb128 0x18
 1248 0924 13090000 		.4byte	0x913
 1249 0928 22       		.uleb128 0x22
 1250 0929 7E030000 		.4byte	.LASF127
 1251 092d 07       		.byte	0x7
ARM GAS  /tmp/cccyQZIb.s 			page 23


 1252 092e A706     		.2byte	0x6a7
 1253 0930 C3000000 		.4byte	0xc3
 1254 0934 23       		.uleb128 0x23
 1255 0935 636800   		.ascii	"ch\000"
 1256 0938 06       		.byte	0x6
 1257 0939 EB01     		.2byte	0x1eb
 1258 093b C3030000 		.4byte	0x3c3
 1259 093f 00       		.byte	0
 1260              		.section	.debug_abbrev,"",%progbits
 1261              	.Ldebug_abbrev0:
 1262 0000 01       		.uleb128 0x1
 1263 0001 11       		.uleb128 0x11
 1264 0002 01       		.byte	0x1
 1265 0003 25       		.uleb128 0x25
 1266 0004 0E       		.uleb128 0xe
 1267 0005 13       		.uleb128 0x13
 1268 0006 0B       		.uleb128 0xb
 1269 0007 03       		.uleb128 0x3
 1270 0008 0E       		.uleb128 0xe
 1271 0009 1B       		.uleb128 0x1b
 1272 000a 0E       		.uleb128 0xe
 1273 000b 55       		.uleb128 0x55
 1274 000c 17       		.uleb128 0x17
 1275 000d 11       		.uleb128 0x11
 1276 000e 01       		.uleb128 0x1
 1277 000f 10       		.uleb128 0x10
 1278 0010 17       		.uleb128 0x17
 1279 0011 00       		.byte	0
 1280 0012 00       		.byte	0
 1281 0013 02       		.uleb128 0x2
 1282 0014 24       		.uleb128 0x24
 1283 0015 00       		.byte	0
 1284 0016 0B       		.uleb128 0xb
 1285 0017 0B       		.uleb128 0xb
 1286 0018 3E       		.uleb128 0x3e
 1287 0019 0B       		.uleb128 0xb
 1288 001a 03       		.uleb128 0x3
 1289 001b 08       		.uleb128 0x8
 1290 001c 00       		.byte	0
 1291 001d 00       		.byte	0
 1292 001e 03       		.uleb128 0x3
 1293 001f 24       		.uleb128 0x24
 1294 0020 00       		.byte	0
 1295 0021 0B       		.uleb128 0xb
 1296 0022 0B       		.uleb128 0xb
 1297 0023 3E       		.uleb128 0x3e
 1298 0024 0B       		.uleb128 0xb
 1299 0025 03       		.uleb128 0x3
 1300 0026 0E       		.uleb128 0xe
 1301 0027 00       		.byte	0
 1302 0028 00       		.byte	0
 1303 0029 04       		.uleb128 0x4
 1304 002a 16       		.uleb128 0x16
 1305 002b 00       		.byte	0
 1306 002c 03       		.uleb128 0x3
 1307 002d 0E       		.uleb128 0xe
 1308 002e 3A       		.uleb128 0x3a
ARM GAS  /tmp/cccyQZIb.s 			page 24


 1309 002f 0B       		.uleb128 0xb
 1310 0030 3B       		.uleb128 0x3b
 1311 0031 0B       		.uleb128 0xb
 1312 0032 49       		.uleb128 0x49
 1313 0033 13       		.uleb128 0x13
 1314 0034 00       		.byte	0
 1315 0035 00       		.byte	0
 1316 0036 05       		.uleb128 0x5
 1317 0037 35       		.uleb128 0x35
 1318 0038 00       		.byte	0
 1319 0039 49       		.uleb128 0x49
 1320 003a 13       		.uleb128 0x13
 1321 003b 00       		.byte	0
 1322 003c 00       		.byte	0
 1323 003d 06       		.uleb128 0x6
 1324 003e 13       		.uleb128 0x13
 1325 003f 01       		.byte	0x1
 1326 0040 03       		.uleb128 0x3
 1327 0041 0E       		.uleb128 0xe
 1328 0042 0B       		.uleb128 0xb
 1329 0043 0B       		.uleb128 0xb
 1330 0044 3A       		.uleb128 0x3a
 1331 0045 0B       		.uleb128 0xb
 1332 0046 3B       		.uleb128 0x3b
 1333 0047 0B       		.uleb128 0xb
 1334 0048 01       		.uleb128 0x1
 1335 0049 13       		.uleb128 0x13
 1336 004a 00       		.byte	0
 1337 004b 00       		.byte	0
 1338 004c 07       		.uleb128 0x7
 1339 004d 0D       		.uleb128 0xd
 1340 004e 00       		.byte	0
 1341 004f 03       		.uleb128 0x3
 1342 0050 0E       		.uleb128 0xe
 1343 0051 3A       		.uleb128 0x3a
 1344 0052 0B       		.uleb128 0xb
 1345 0053 3B       		.uleb128 0x3b
 1346 0054 0B       		.uleb128 0xb
 1347 0055 49       		.uleb128 0x49
 1348 0056 13       		.uleb128 0x13
 1349 0057 38       		.uleb128 0x38
 1350 0058 0B       		.uleb128 0xb
 1351 0059 00       		.byte	0
 1352 005a 00       		.byte	0
 1353 005b 08       		.uleb128 0x8
 1354 005c 0D       		.uleb128 0xd
 1355 005d 00       		.byte	0
 1356 005e 03       		.uleb128 0x3
 1357 005f 08       		.uleb128 0x8
 1358 0060 3A       		.uleb128 0x3a
 1359 0061 0B       		.uleb128 0xb
 1360 0062 3B       		.uleb128 0x3b
 1361 0063 05       		.uleb128 0x5
 1362 0064 49       		.uleb128 0x49
 1363 0065 13       		.uleb128 0x13
 1364 0066 38       		.uleb128 0x38
 1365 0067 0B       		.uleb128 0xb
ARM GAS  /tmp/cccyQZIb.s 			page 25


 1366 0068 00       		.byte	0
 1367 0069 00       		.byte	0
 1368 006a 09       		.uleb128 0x9
 1369 006b 0D       		.uleb128 0xd
 1370 006c 00       		.byte	0
 1371 006d 03       		.uleb128 0x3
 1372 006e 0E       		.uleb128 0xe
 1373 006f 3A       		.uleb128 0x3a
 1374 0070 0B       		.uleb128 0xb
 1375 0071 3B       		.uleb128 0x3b
 1376 0072 05       		.uleb128 0x5
 1377 0073 49       		.uleb128 0x49
 1378 0074 13       		.uleb128 0x13
 1379 0075 38       		.uleb128 0x38
 1380 0076 0B       		.uleb128 0xb
 1381 0077 00       		.byte	0
 1382 0078 00       		.byte	0
 1383 0079 0A       		.uleb128 0xa
 1384 007a 13       		.uleb128 0x13
 1385 007b 01       		.byte	0x1
 1386 007c 03       		.uleb128 0x3
 1387 007d 0E       		.uleb128 0xe
 1388 007e 0B       		.uleb128 0xb
 1389 007f 0B       		.uleb128 0xb
 1390 0080 3A       		.uleb128 0x3a
 1391 0081 0B       		.uleb128 0xb
 1392 0082 3B       		.uleb128 0x3b
 1393 0083 05       		.uleb128 0x5
 1394 0084 01       		.uleb128 0x1
 1395 0085 13       		.uleb128 0x13
 1396 0086 00       		.byte	0
 1397 0087 00       		.byte	0
 1398 0088 0B       		.uleb128 0xb
 1399 0089 0F       		.uleb128 0xf
 1400 008a 00       		.byte	0
 1401 008b 0B       		.uleb128 0xb
 1402 008c 0B       		.uleb128 0xb
 1403 008d 49       		.uleb128 0x49
 1404 008e 13       		.uleb128 0x13
 1405 008f 00       		.byte	0
 1406 0090 00       		.byte	0
 1407 0091 0C       		.uleb128 0xc
 1408 0092 15       		.uleb128 0x15
 1409 0093 01       		.byte	0x1
 1410 0094 27       		.uleb128 0x27
 1411 0095 19       		.uleb128 0x19
 1412 0096 01       		.uleb128 0x1
 1413 0097 13       		.uleb128 0x13
 1414 0098 00       		.byte	0
 1415 0099 00       		.byte	0
 1416 009a 0D       		.uleb128 0xd
 1417 009b 05       		.uleb128 0x5
 1418 009c 00       		.byte	0
 1419 009d 49       		.uleb128 0x49
 1420 009e 13       		.uleb128 0x13
 1421 009f 00       		.byte	0
 1422 00a0 00       		.byte	0
ARM GAS  /tmp/cccyQZIb.s 			page 26


 1423 00a1 0E       		.uleb128 0xe
 1424 00a2 0F       		.uleb128 0xf
 1425 00a3 00       		.byte	0
 1426 00a4 0B       		.uleb128 0xb
 1427 00a5 0B       		.uleb128 0xb
 1428 00a6 00       		.byte	0
 1429 00a7 00       		.byte	0
 1430 00a8 0F       		.uleb128 0xf
 1431 00a9 13       		.uleb128 0x13
 1432 00aa 01       		.byte	0x1
 1433 00ab 03       		.uleb128 0x3
 1434 00ac 0E       		.uleb128 0xe
 1435 00ad 0B       		.uleb128 0xb
 1436 00ae 05       		.uleb128 0x5
 1437 00af 3A       		.uleb128 0x3a
 1438 00b0 0B       		.uleb128 0xb
 1439 00b1 3B       		.uleb128 0x3b
 1440 00b2 05       		.uleb128 0x5
 1441 00b3 01       		.uleb128 0x1
 1442 00b4 13       		.uleb128 0x13
 1443 00b5 00       		.byte	0
 1444 00b6 00       		.byte	0
 1445 00b7 10       		.uleb128 0x10
 1446 00b8 13       		.uleb128 0x13
 1447 00b9 01       		.byte	0x1
 1448 00ba 0B       		.uleb128 0xb
 1449 00bb 05       		.uleb128 0x5
 1450 00bc 3A       		.uleb128 0x3a
 1451 00bd 0B       		.uleb128 0xb
 1452 00be 3B       		.uleb128 0x3b
 1453 00bf 05       		.uleb128 0x5
 1454 00c0 01       		.uleb128 0x1
 1455 00c1 13       		.uleb128 0x13
 1456 00c2 00       		.byte	0
 1457 00c3 00       		.byte	0
 1458 00c4 11       		.uleb128 0x11
 1459 00c5 0D       		.uleb128 0xd
 1460 00c6 00       		.byte	0
 1461 00c7 03       		.uleb128 0x3
 1462 00c8 0E       		.uleb128 0xe
 1463 00c9 3A       		.uleb128 0x3a
 1464 00ca 0B       		.uleb128 0xb
 1465 00cb 3B       		.uleb128 0x3b
 1466 00cc 05       		.uleb128 0x5
 1467 00cd 49       		.uleb128 0x49
 1468 00ce 13       		.uleb128 0x13
 1469 00cf 38       		.uleb128 0x38
 1470 00d0 05       		.uleb128 0x5
 1471 00d1 00       		.byte	0
 1472 00d2 00       		.byte	0
 1473 00d3 12       		.uleb128 0x12
 1474 00d4 0D       		.uleb128 0xd
 1475 00d5 00       		.byte	0
 1476 00d6 03       		.uleb128 0x3
 1477 00d7 08       		.uleb128 0x8
 1478 00d8 3A       		.uleb128 0x3a
 1479 00d9 0B       		.uleb128 0xb
ARM GAS  /tmp/cccyQZIb.s 			page 27


 1480 00da 3B       		.uleb128 0x3b
 1481 00db 05       		.uleb128 0x5
 1482 00dc 49       		.uleb128 0x49
 1483 00dd 13       		.uleb128 0x13
 1484 00de 38       		.uleb128 0x38
 1485 00df 05       		.uleb128 0x5
 1486 00e0 00       		.byte	0
 1487 00e1 00       		.byte	0
 1488 00e2 13       		.uleb128 0x13
 1489 00e3 01       		.uleb128 0x1
 1490 00e4 01       		.byte	0x1
 1491 00e5 49       		.uleb128 0x49
 1492 00e6 13       		.uleb128 0x13
 1493 00e7 01       		.uleb128 0x1
 1494 00e8 13       		.uleb128 0x13
 1495 00e9 00       		.byte	0
 1496 00ea 00       		.byte	0
 1497 00eb 14       		.uleb128 0x14
 1498 00ec 21       		.uleb128 0x21
 1499 00ed 00       		.byte	0
 1500 00ee 49       		.uleb128 0x49
 1501 00ef 13       		.uleb128 0x13
 1502 00f0 2F       		.uleb128 0x2f
 1503 00f1 0B       		.uleb128 0xb
 1504 00f2 00       		.byte	0
 1505 00f3 00       		.byte	0
 1506 00f4 15       		.uleb128 0x15
 1507 00f5 21       		.uleb128 0x21
 1508 00f6 00       		.byte	0
 1509 00f7 49       		.uleb128 0x49
 1510 00f8 13       		.uleb128 0x13
 1511 00f9 2F       		.uleb128 0x2f
 1512 00fa 05       		.uleb128 0x5
 1513 00fb 00       		.byte	0
 1514 00fc 00       		.byte	0
 1515 00fd 16       		.uleb128 0x16
 1516 00fe 16       		.uleb128 0x16
 1517 00ff 00       		.byte	0
 1518 0100 03       		.uleb128 0x3
 1519 0101 0E       		.uleb128 0xe
 1520 0102 3A       		.uleb128 0x3a
 1521 0103 0B       		.uleb128 0xb
 1522 0104 3B       		.uleb128 0x3b
 1523 0105 05       		.uleb128 0x5
 1524 0106 49       		.uleb128 0x49
 1525 0107 13       		.uleb128 0x13
 1526 0108 00       		.byte	0
 1527 0109 00       		.byte	0
 1528 010a 17       		.uleb128 0x17
 1529 010b 13       		.uleb128 0x13
 1530 010c 01       		.byte	0x1
 1531 010d 0B       		.uleb128 0xb
 1532 010e 0B       		.uleb128 0xb
 1533 010f 3A       		.uleb128 0x3a
 1534 0110 0B       		.uleb128 0xb
 1535 0111 3B       		.uleb128 0x3b
 1536 0112 05       		.uleb128 0x5
ARM GAS  /tmp/cccyQZIb.s 			page 28


 1537 0113 01       		.uleb128 0x1
 1538 0114 13       		.uleb128 0x13
 1539 0115 00       		.byte	0
 1540 0116 00       		.byte	0
 1541 0117 18       		.uleb128 0x18
 1542 0118 26       		.uleb128 0x26
 1543 0119 00       		.byte	0
 1544 011a 49       		.uleb128 0x49
 1545 011b 13       		.uleb128 0x13
 1546 011c 00       		.byte	0
 1547 011d 00       		.byte	0
 1548 011e 19       		.uleb128 0x19
 1549 011f 0D       		.uleb128 0xd
 1550 0120 00       		.byte	0
 1551 0121 03       		.uleb128 0x3
 1552 0122 08       		.uleb128 0x8
 1553 0123 3A       		.uleb128 0x3a
 1554 0124 0B       		.uleb128 0xb
 1555 0125 3B       		.uleb128 0x3b
 1556 0126 0B       		.uleb128 0xb
 1557 0127 49       		.uleb128 0x49
 1558 0128 13       		.uleb128 0x13
 1559 0129 38       		.uleb128 0x38
 1560 012a 0B       		.uleb128 0xb
 1561 012b 00       		.byte	0
 1562 012c 00       		.byte	0
 1563 012d 1A       		.uleb128 0x1a
 1564 012e 13       		.uleb128 0x13
 1565 012f 01       		.byte	0x1
 1566 0130 0B       		.uleb128 0xb
 1567 0131 0B       		.uleb128 0xb
 1568 0132 3A       		.uleb128 0x3a
 1569 0133 0B       		.uleb128 0xb
 1570 0134 3B       		.uleb128 0x3b
 1571 0135 0B       		.uleb128 0xb
 1572 0136 01       		.uleb128 0x1
 1573 0137 13       		.uleb128 0x13
 1574 0138 00       		.byte	0
 1575 0139 00       		.byte	0
 1576 013a 1B       		.uleb128 0x1b
 1577 013b 17       		.uleb128 0x17
 1578 013c 01       		.byte	0x1
 1579 013d 0B       		.uleb128 0xb
 1580 013e 0B       		.uleb128 0xb
 1581 013f 3A       		.uleb128 0x3a
 1582 0140 0B       		.uleb128 0xb
 1583 0141 3B       		.uleb128 0x3b
 1584 0142 0B       		.uleb128 0xb
 1585 0143 01       		.uleb128 0x1
 1586 0144 13       		.uleb128 0x13
 1587 0145 00       		.byte	0
 1588 0146 00       		.byte	0
 1589 0147 1C       		.uleb128 0x1c
 1590 0148 0D       		.uleb128 0xd
 1591 0149 00       		.byte	0
 1592 014a 03       		.uleb128 0x3
 1593 014b 0E       		.uleb128 0xe
ARM GAS  /tmp/cccyQZIb.s 			page 29


 1594 014c 3A       		.uleb128 0x3a
 1595 014d 0B       		.uleb128 0xb
 1596 014e 3B       		.uleb128 0x3b
 1597 014f 0B       		.uleb128 0xb
 1598 0150 49       		.uleb128 0x49
 1599 0151 13       		.uleb128 0x13
 1600 0152 00       		.byte	0
 1601 0153 00       		.byte	0
 1602 0154 1D       		.uleb128 0x1d
 1603 0155 0D       		.uleb128 0xd
 1604 0156 00       		.byte	0
 1605 0157 03       		.uleb128 0x3
 1606 0158 0E       		.uleb128 0xe
 1607 0159 3A       		.uleb128 0x3a
 1608 015a 0B       		.uleb128 0xb
 1609 015b 3B       		.uleb128 0x3b
 1610 015c 05       		.uleb128 0x5
 1611 015d 49       		.uleb128 0x49
 1612 015e 13       		.uleb128 0x13
 1613 015f 00       		.byte	0
 1614 0160 00       		.byte	0
 1615 0161 1E       		.uleb128 0x1e
 1616 0162 2E       		.uleb128 0x2e
 1617 0163 01       		.byte	0x1
 1618 0164 3F       		.uleb128 0x3f
 1619 0165 19       		.uleb128 0x19
 1620 0166 03       		.uleb128 0x3
 1621 0167 0E       		.uleb128 0xe
 1622 0168 3A       		.uleb128 0x3a
 1623 0169 0B       		.uleb128 0xb
 1624 016a 3B       		.uleb128 0x3b
 1625 016b 0B       		.uleb128 0xb
 1626 016c 27       		.uleb128 0x27
 1627 016d 19       		.uleb128 0x19
 1628 016e 11       		.uleb128 0x11
 1629 016f 01       		.uleb128 0x1
 1630 0170 12       		.uleb128 0x12
 1631 0171 06       		.uleb128 0x6
 1632 0172 40       		.uleb128 0x40
 1633 0173 18       		.uleb128 0x18
 1634 0174 9742     		.uleb128 0x2117
 1635 0176 19       		.uleb128 0x19
 1636 0177 01       		.uleb128 0x1
 1637 0178 13       		.uleb128 0x13
 1638 0179 00       		.byte	0
 1639 017a 00       		.byte	0
 1640 017b 1F       		.uleb128 0x1f
 1641 017c 05       		.uleb128 0x5
 1642 017d 00       		.byte	0
 1643 017e 03       		.uleb128 0x3
 1644 017f 08       		.uleb128 0x8
 1645 0180 3A       		.uleb128 0x3a
 1646 0181 0B       		.uleb128 0xb
 1647 0182 3B       		.uleb128 0x3b
 1648 0183 0B       		.uleb128 0xb
 1649 0184 49       		.uleb128 0x49
 1650 0185 13       		.uleb128 0x13
ARM GAS  /tmp/cccyQZIb.s 			page 30


 1651 0186 02       		.uleb128 0x2
 1652 0187 17       		.uleb128 0x17
 1653 0188 00       		.byte	0
 1654 0189 00       		.byte	0
 1655 018a 20       		.uleb128 0x20
 1656 018b 05       		.uleb128 0x5
 1657 018c 00       		.byte	0
 1658 018d 03       		.uleb128 0x3
 1659 018e 0E       		.uleb128 0xe
 1660 018f 3A       		.uleb128 0x3a
 1661 0190 0B       		.uleb128 0xb
 1662 0191 3B       		.uleb128 0x3b
 1663 0192 0B       		.uleb128 0xb
 1664 0193 49       		.uleb128 0x49
 1665 0194 13       		.uleb128 0x13
 1666 0195 02       		.uleb128 0x2
 1667 0196 17       		.uleb128 0x17
 1668 0197 00       		.byte	0
 1669 0198 00       		.byte	0
 1670 0199 21       		.uleb128 0x21
 1671 019a 34       		.uleb128 0x34
 1672 019b 00       		.byte	0
 1673 019c 03       		.uleb128 0x3
 1674 019d 0E       		.uleb128 0xe
 1675 019e 49       		.uleb128 0x49
 1676 019f 13       		.uleb128 0x13
 1677 01a0 34       		.uleb128 0x34
 1678 01a1 19       		.uleb128 0x19
 1679 01a2 00       		.byte	0
 1680 01a3 00       		.byte	0
 1681 01a4 22       		.uleb128 0x22
 1682 01a5 34       		.uleb128 0x34
 1683 01a6 00       		.byte	0
 1684 01a7 03       		.uleb128 0x3
 1685 01a8 0E       		.uleb128 0xe
 1686 01a9 3A       		.uleb128 0x3a
 1687 01aa 0B       		.uleb128 0xb
 1688 01ab 3B       		.uleb128 0x3b
 1689 01ac 05       		.uleb128 0x5
 1690 01ad 49       		.uleb128 0x49
 1691 01ae 13       		.uleb128 0x13
 1692 01af 3F       		.uleb128 0x3f
 1693 01b0 19       		.uleb128 0x19
 1694 01b1 3C       		.uleb128 0x3c
 1695 01b2 19       		.uleb128 0x19
 1696 01b3 00       		.byte	0
 1697 01b4 00       		.byte	0
 1698 01b5 23       		.uleb128 0x23
 1699 01b6 34       		.uleb128 0x34
 1700 01b7 00       		.byte	0
 1701 01b8 03       		.uleb128 0x3
 1702 01b9 08       		.uleb128 0x8
 1703 01ba 3A       		.uleb128 0x3a
 1704 01bb 0B       		.uleb128 0xb
 1705 01bc 3B       		.uleb128 0x3b
 1706 01bd 05       		.uleb128 0x5
 1707 01be 49       		.uleb128 0x49
ARM GAS  /tmp/cccyQZIb.s 			page 31


 1708 01bf 13       		.uleb128 0x13
 1709 01c0 3F       		.uleb128 0x3f
 1710 01c1 19       		.uleb128 0x19
 1711 01c2 3C       		.uleb128 0x3c
 1712 01c3 19       		.uleb128 0x19
 1713 01c4 00       		.byte	0
 1714 01c5 00       		.byte	0
 1715 01c6 00       		.byte	0
 1716              		.section	.debug_loc,"",%progbits
 1717              	.Ldebug_loc0:
 1718              	.LLST0:
 1719 0000 00000000 		.4byte	.LVL0
 1720 0004 1E000000 		.4byte	.LVL2
 1721 0008 0100     		.2byte	0x1
 1722 000a 50       		.byte	0x50
 1723 000b 1E000000 		.4byte	.LVL2
 1724 000f 34000000 		.4byte	.LFE255
 1725 0013 0700     		.2byte	0x7
 1726 0015 72       		.byte	0x72
 1727 0016 80BEFCFF 		.sleb128 536813312
 1727      01
 1728 001b 9F       		.byte	0x9f
 1729 001c 00000000 		.4byte	0
 1730 0020 00000000 		.4byte	0
 1731              	.LLST1:
 1732 0024 00000000 		.4byte	.LVL0
 1733 0028 16000000 		.4byte	.LVL1
 1734 002c 0100     		.2byte	0x1
 1735 002e 51       		.byte	0x51
 1736 002f 16000000 		.4byte	.LVL1
 1737 0033 34000000 		.4byte	.LFE255
 1738 0037 0400     		.2byte	0x4
 1739 0039 F3       		.byte	0xf3
 1740 003a 01       		.uleb128 0x1
 1741 003b 51       		.byte	0x51
 1742 003c 9F       		.byte	0x9f
 1743 003d 00000000 		.4byte	0
 1744 0041 00000000 		.4byte	0
 1745              	.LLST2:
 1746 0045 00000000 		.4byte	.LVL3
 1747 0049 10000000 		.4byte	.LVL4
 1748 004d 0100     		.2byte	0x1
 1749 004f 50       		.byte	0x50
 1750 0050 10000000 		.4byte	.LVL4
 1751 0054 28000000 		.4byte	.LFE256
 1752 0058 0700     		.2byte	0x7
 1753 005a 70       		.byte	0x70
 1754 005b 80BEFCFF 		.sleb128 536813312
 1754      01
 1755 0060 9F       		.byte	0x9f
 1756 0061 00000000 		.4byte	0
 1757 0065 00000000 		.4byte	0
 1758              	.LLST3:
 1759 0069 00000000 		.4byte	.LVL5
 1760 006d 04000000 		.4byte	.LVL6
 1761 0071 0100     		.2byte	0x1
 1762 0073 50       		.byte	0x50
ARM GAS  /tmp/cccyQZIb.s 			page 32


 1763 0074 04000000 		.4byte	.LVL6
 1764 0078 08000000 		.4byte	.LVL7
 1765 007c 0700     		.2byte	0x7
 1766 007e 70       		.byte	0x70
 1767 007f 80808080 		.sleb128 536870912
 1767      02
 1768 0084 9F       		.byte	0x9f
 1769 0085 08000000 		.4byte	.LVL7
 1770 0089 10000000 		.4byte	.LFE257
 1771 008d 0700     		.2byte	0x7
 1772 008f 70       		.byte	0x70
 1773 0090 80A6FCFF 		.sleb128 536810240
 1773      01
 1774 0095 9F       		.byte	0x9f
 1775 0096 00000000 		.4byte	0
 1776 009a 00000000 		.4byte	0
 1777              	.LLST4:
 1778 009e 00000000 		.4byte	.LVL5
 1779 00a2 0A000000 		.4byte	.LVL8
 1780 00a6 0100     		.2byte	0x1
 1781 00a8 51       		.byte	0x51
 1782 00a9 0A000000 		.4byte	.LVL8
 1783 00ad 10000000 		.4byte	.LFE257
 1784 00b1 0400     		.2byte	0x4
 1785 00b3 F3       		.byte	0xf3
 1786 00b4 01       		.uleb128 0x1
 1787 00b5 51       		.byte	0x51
 1788 00b6 9F       		.byte	0x9f
 1789 00b7 00000000 		.4byte	0
 1790 00bb 00000000 		.4byte	0
 1791              		.section	.debug_aranges,"",%progbits
 1792 0000 2C000000 		.4byte	0x2c
 1793 0004 0200     		.2byte	0x2
 1794 0006 00000000 		.4byte	.Ldebug_info0
 1795 000a 04       		.byte	0x4
 1796 000b 00       		.byte	0
 1797 000c 0000     		.2byte	0
 1798 000e 0000     		.2byte	0
 1799 0010 00000000 		.4byte	.LFB255
 1800 0014 34000000 		.4byte	.LFE255-.LFB255
 1801 0018 00000000 		.4byte	.LFB256
 1802 001c 28000000 		.4byte	.LFE256-.LFB256
 1803 0020 00000000 		.4byte	.LFB257
 1804 0024 10000000 		.4byte	.LFE257-.LFB257
 1805 0028 00000000 		.4byte	0
 1806 002c 00000000 		.4byte	0
 1807              		.section	.debug_ranges,"",%progbits
 1808              	.Ldebug_ranges0:
 1809 0000 00000000 		.4byte	.LFB255
 1810 0004 34000000 		.4byte	.LFE255
 1811 0008 00000000 		.4byte	.LFB256
 1812 000c 28000000 		.4byte	.LFE256
 1813 0010 00000000 		.4byte	.LFB257
 1814 0014 10000000 		.4byte	.LFE257
 1815 0018 00000000 		.4byte	0
 1816 001c 00000000 		.4byte	0
 1817              		.section	.debug_line,"",%progbits
ARM GAS  /tmp/cccyQZIb.s 			page 33


 1818              	.Ldebug_line0:
 1819 0000 73020000 		.section	.debug_str,"MS",%progbits,1
 1819      02002A02 
 1819      00000201 
 1819      FB0E0D00 
 1819      01010101 
 1820              	.LASF43:
 1821 0000 74687265 		.ascii	"threads_list_t\000"
 1821      6164735F 
 1821      6C697374 
 1821      5F7400
 1822              	.LASF82:
 1823 000f 49435052 		.ascii	"ICPR\000"
 1823      00
 1824              	.LASF48:
 1825 0014 72656164 		.ascii	"ready_list_t\000"
 1825      795F6C69 
 1825      73745F74 
 1825      00
 1826              	.LASF111:
 1827 0021 7264796D 		.ascii	"rdymsg\000"
 1827      736700
 1828              	.LASF16:
 1829 0028 75696E74 		.ascii	"uint64_t\000"
 1829      36345F74 
 1829      00
 1830              	.LASF5:
 1831 0031 5F5F7569 		.ascii	"__uint8_t\000"
 1831      6E74385F 
 1831      7400
 1832              	.LASF108:
 1833 003b 706F7274 		.ascii	"port_intctx\000"
 1833      5F696E74 
 1833      63747800 
 1834              	.LASF67:
 1835 0047 73797374 		.ascii	"system_debug_t\000"
 1835      656D5F64 
 1835      65627567 
 1835      5F7400
 1836              	.LASF12:
 1837 0056 6C6F6E67 		.ascii	"long long unsigned int\000"
 1837      206C6F6E 
 1837      6720756E 
 1837      7369676E 
 1837      65642069 
 1838              	.LASF112:
 1839 006d 65786974 		.ascii	"exitcode\000"
 1839      636F6465 
 1839      00
 1840              	.LASF74:
 1841 0076 6D61696E 		.ascii	"mainthread\000"
 1841      74687265 
 1841      616400
 1842              	.LASF64:
 1843 0081 76697274 		.ascii	"virtual_timers_list_t\000"
 1843      75616C5F 
 1843      74696D65 
ARM GAS  /tmp/cccyQZIb.s 			page 34


 1843      72735F6C 
 1843      6973745F 
 1844              	.LASF90:
 1845 0097 43505549 		.ascii	"CPUID\000"
 1845      4400
 1846              	.LASF47:
 1847 009d 63685F74 		.ascii	"ch_threads_queue\000"
 1847      68726561 
 1847      64735F71 
 1847      75657565 
 1847      00
 1848              	.LASF80:
 1849 00ae 49535052 		.ascii	"ISPR\000"
 1849      00
 1850              	.LASF28:
 1851 00b3 705F7072 		.ascii	"p_prio\000"
 1851      696F00
 1852              	.LASF123:
 1853 00ba 6E766963 		.ascii	"nvicEnableVector\000"
 1853      456E6162 
 1853      6C655665 
 1853      63746F72 
 1853      00
 1854              	.LASF102:
 1855 00cb 49534152 		.ascii	"ISAR\000"
 1855      00
 1856              	.LASF10:
 1857 00d0 6C6F6E67 		.ascii	"long long int\000"
 1857      206C6F6E 
 1857      6720696E 
 1857      7400
 1858              	.LASF1:
 1859 00de 7369676E 		.ascii	"signed char\000"
 1859      65642063 
 1859      68617200 
 1860              	.LASF42:
 1861 00ea 705F6D70 		.ascii	"p_mpool\000"
 1861      6F6F6C00 
 1862              	.LASF117:
 1863 00f2 6D5F7175 		.ascii	"m_queue\000"
 1863      65756500 
 1864              	.LASF73:
 1865 00fa 76746C69 		.ascii	"vtlist\000"
 1865      737400
 1866              	.LASF71:
 1867 0101 63685F73 		.ascii	"ch_system\000"
 1867      79737465 
 1867      6D00
 1868              	.LASF7:
 1869 010b 6C6F6E67 		.ascii	"long int\000"
 1869      20696E74 
 1869      00
 1870              	.LASF19:
 1871 0114 74737461 		.ascii	"tstate_t\000"
 1871      74655F74 
 1871      00
 1872              	.LASF130:
ARM GAS  /tmp/cccyQZIb.s 			page 35


 1873 011d 2F6E6673 		.ascii	"/nfs/nfs4/home/ruswang/p442-submissions/p442-submis"
 1873      2F6E6673 
 1873      342F686F 
 1873      6D652F72 
 1873      75737761 
 1874 0150 73696F6E 		.ascii	"sions/lab1\000"
 1874      732F6C61 
 1874      623100
 1875              	.LASF30:
 1876 015b 705F6E65 		.ascii	"p_newer\000"
 1876      77657200 
 1877              	.LASF99:
 1878 0163 42464152 		.ascii	"BFAR\000"
 1878      00
 1879              	.LASF100:
 1880 0168 41465352 		.ascii	"AFSR\000"
 1880      00
 1881              	.LASF53:
 1882 016d 725F6E65 		.ascii	"r_newer\000"
 1882      77657200 
 1883              	.LASF105:
 1884 0175 72656761 		.ascii	"regarm_t\000"
 1884      726D5F74 
 1884      00
 1885              	.LASF60:
 1886 017e 76745F70 		.ascii	"vt_prev\000"
 1886      72657600 
 1887              	.LASF104:
 1888 0186 5343425F 		.ascii	"SCB_Type\000"
 1888      54797065 
 1888      00
 1889              	.LASF120:
 1890 018f 6D757465 		.ascii	"mutex_t\000"
 1890      785F7400 
 1891              	.LASF75:
 1892 0197 69646C65 		.ascii	"idle_thread_wa\000"
 1892      5F746872 
 1892      6561645F 
 1892      776100
 1893              	.LASF0:
 1894 01a6 756E7369 		.ascii	"unsigned int\000"
 1894      676E6564 
 1894      20696E74 
 1894      00
 1895              	.LASF59:
 1896 01b3 76745F6E 		.ascii	"vt_next\000"
 1896      65787400 
 1897              	.LASF124:
 1898 01bb 6E766963 		.ascii	"nvicDisableVector\000"
 1898      44697361 
 1898      626C6556 
 1898      6563746F 
 1898      7200
 1899              	.LASF37:
 1900 01cd 705F6D73 		.ascii	"p_msgqueue\000"
 1900      67717565 
 1900      756500
ARM GAS  /tmp/cccyQZIb.s 			page 36


 1901              	.LASF92:
 1902 01d8 56544F52 		.ascii	"VTOR\000"
 1902      00
 1903              	.LASF129:
 1904 01dd 2E2E2F43 		.ascii	"../ChibiOS/os/hal/ports/common/ARMCMx/nvic.c\000"
 1904      68696269 
 1904      4F532F6F 
 1904      732F6861 
 1904      6C2F706F 
 1905              	.LASF44:
 1906 020a 63685F74 		.ascii	"ch_thread\000"
 1906      68726561 
 1906      6400
 1907              	.LASF91:
 1908 0214 49435352 		.ascii	"ICSR\000"
 1908      00
 1909              	.LASF22:
 1910 0219 6D73675F 		.ascii	"msg_t\000"
 1910      7400
 1911              	.LASF93:
 1912 021f 41495243 		.ascii	"AIRCR\000"
 1912      5200
 1913              	.LASF97:
 1914 0225 44465352 		.ascii	"DFSR\000"
 1914      00
 1915              	.LASF98:
 1916 022a 4D4D4641 		.ascii	"MMFAR\000"
 1916      5200
 1917              	.LASF70:
 1918 0230 63685F73 		.ascii	"ch_system_t\000"
 1918      79737465 
 1918      6D5F7400 
 1919              	.LASF18:
 1920 023c 746D6F64 		.ascii	"tmode_t\000"
 1920      655F7400 
 1921              	.LASF49:
 1922 0244 63685F72 		.ascii	"ch_ready_list\000"
 1922      65616479 
 1922      5F6C6973 
 1922      7400
 1923              	.LASF23:
 1924 0252 6576656E 		.ascii	"eventmask_t\000"
 1924      746D6173 
 1924      6B5F7400 
 1925              	.LASF6:
 1926 025e 5F5F696E 		.ascii	"__int32_t\000"
 1926      7433325F 
 1926      7400
 1927              	.LASF106:
 1928 0268 73746B61 		.ascii	"stkalign_t\000"
 1928      6C69676E 
 1928      5F7400
 1929              	.LASF126:
 1930 0273 68616E64 		.ascii	"handler\000"
 1930      6C657200 
 1931              	.LASF57:
 1932 027b 76697274 		.ascii	"virtual_timer_t\000"
ARM GAS  /tmp/cccyQZIb.s 			page 37


 1932      75616C5F 
 1932      74696D65 
 1932      725F7400 
 1933              	.LASF36:
 1934 028b 705F7761 		.ascii	"p_waiting\000"
 1934      6974696E 
 1934      6700
 1935              	.LASF88:
 1936 0295 73697A65 		.ascii	"sizetype\000"
 1936      74797065 
 1936      00
 1937              	.LASF65:
 1938 029e 63685F76 		.ascii	"ch_virtual_timers_list\000"
 1938      69727475 
 1938      616C5F74 
 1938      696D6572 
 1938      735F6C69 
 1939              	.LASF95:
 1940 02b5 43465352 		.ascii	"CFSR\000"
 1940      00
 1941              	.LASF84:
 1942 02ba 49414252 		.ascii	"IABR\000"
 1942      00
 1943              	.LASF66:
 1944 02bf 76745F6C 		.ascii	"vt_lasttime\000"
 1944      61737474 
 1944      696D6500 
 1945              	.LASF31:
 1946 02cb 705F6F6C 		.ascii	"p_older\000"
 1946      64657200 
 1947              	.LASF52:
 1948 02d3 725F6374 		.ascii	"r_ctx\000"
 1948      7800
 1949              	.LASF110:
 1950 02d9 746D5F63 		.ascii	"tm_calibration_t\000"
 1950      616C6962 
 1950      72617469 
 1950      6F6E5F74 
 1950      00
 1951              	.LASF78:
 1952 02ea 49434552 		.ascii	"ICER\000"
 1952      00
 1953              	.LASF122:
 1954 02ef 7072696F 		.ascii	"prio\000"
 1954      00
 1955              	.LASF54:
 1956 02f4 725F6F6C 		.ascii	"r_older\000"
 1956      64657200 
 1957              	.LASF11:
 1958 02fc 5F5F7569 		.ascii	"__uint64_t\000"
 1958      6E743634 
 1958      5F7400
 1959              	.LASF20:
 1960 0307 74726566 		.ascii	"trefs_t\000"
 1960      735F7400 
 1961              	.LASF77:
 1962 030f 52455345 		.ascii	"RESERVED0\000"
ARM GAS  /tmp/cccyQZIb.s 			page 38


 1962      52564544 
 1962      3000
 1963              	.LASF81:
 1964 0319 52455345 		.ascii	"RESERVED2\000"
 1964      52564544 
 1964      3200
 1965              	.LASF83:
 1966 0323 52455345 		.ascii	"RESERVED3\000"
 1966      52564544 
 1966      3300
 1967              	.LASF85:
 1968 032d 52455345 		.ascii	"RESERVED4\000"
 1968      52564544 
 1968      3400
 1969              	.LASF27:
 1970 0337 705F7072 		.ascii	"p_prev\000"
 1970      657600
 1971              	.LASF21:
 1972 033e 74707269 		.ascii	"tprio_t\000"
 1972      6F5F7400 
 1973              	.LASF116:
 1974 0346 6D757465 		.ascii	"mutex\000"
 1974      7800
 1975              	.LASF68:
 1976 034c 63685F73 		.ascii	"ch_system_debug\000"
 1976      79737465 
 1976      6D5F6465 
 1976      62756700 
 1977              	.LASF121:
 1978 035c 5F426F6F 		.ascii	"_Bool\000"
 1978      6C00
 1979              	.LASF14:
 1980 0362 696E7433 		.ascii	"int32_t\000"
 1980      325F7400 
 1981              	.LASF2:
 1982 036a 756E7369 		.ascii	"unsigned char\000"
 1982      676E6564 
 1982      20636861 
 1982      7200
 1983              	.LASF94:
 1984 0378 53484353 		.ascii	"SHCSR\000"
 1984      5200
 1985              	.LASF127:
 1986 037e 49544D5F 		.ascii	"ITM_RxBuffer\000"
 1986      52784275 
 1986      66666572 
 1986      00
 1987              	.LASF33:
 1988 038b 705F7374 		.ascii	"p_state\000"
 1988      61746500 
 1989              	.LASF40:
 1990 0393 705F6D74 		.ascii	"p_mtxlist\000"
 1990      786C6973 
 1990      7400
 1991              	.LASF3:
 1992 039d 73686F72 		.ascii	"short int\000"
 1992      7420696E 
ARM GAS  /tmp/cccyQZIb.s 			page 39


 1992      7400
 1993              	.LASF76:
 1994 03a7 49534552 		.ascii	"ISER\000"
 1994      00
 1995              	.LASF89:
 1996 03ac 4E564943 		.ascii	"NVIC_Type\000"
 1996      5F547970 
 1996      6500
 1997              	.LASF125:
 1998 03b6 6E766963 		.ascii	"nvicSetSystemHandlerPriority\000"
 1998      53657453 
 1998      79737465 
 1998      6D48616E 
 1998      646C6572 
 1999              	.LASF51:
 2000 03d3 725F7072 		.ascii	"r_prio\000"
 2000      696F00
 2001              	.LASF114:
 2002 03da 65776D61 		.ascii	"ewmask\000"
 2002      736B00
 2003              	.LASF26:
 2004 03e1 705F6E65 		.ascii	"p_next\000"
 2004      787400
 2005              	.LASF34:
 2006 03e8 705F666C 		.ascii	"p_flags\000"
 2006      61677300 
 2007              	.LASF131:
 2008 03f0 5F5F6675 		.ascii	"__func__\000"
 2008      6E635F5F 
 2008      00
 2009              	.LASF4:
 2010 03f9 73686F72 		.ascii	"short unsigned int\000"
 2010      7420756E 
 2010      7369676E 
 2010      65642069 
 2010      6E7400
 2011              	.LASF58:
 2012 040c 63685F76 		.ascii	"ch_virtual_timer\000"
 2012      69727475 
 2012      616C5F74 
 2012      696D6572 
 2012      00
 2013              	.LASF39:
 2014 041d 705F6570 		.ascii	"p_epending\000"
 2014      656E6469 
 2014      6E6700
 2015              	.LASF86:
 2016 0428 52455345 		.ascii	"RESERVED5\000"
 2016      52564544 
 2016      3500
 2017              	.LASF15:
 2018 0432 75696E74 		.ascii	"uint32_t\000"
 2018      33325F74 
 2018      00
 2019              	.LASF50:
 2020 043b 725F7175 		.ascii	"r_queue\000"
 2020      65756500 
ARM GAS  /tmp/cccyQZIb.s 			page 40


 2021              	.LASF61:
 2022 0443 76745F64 		.ascii	"vt_delta\000"
 2022      656C7461 
 2022      00
 2023              	.LASF45:
 2024 044c 63685F74 		.ascii	"ch_threads_list\000"
 2024      68726561 
 2024      64735F6C 
 2024      69737400 
 2025              	.LASF9:
 2026 045c 6C6F6E67 		.ascii	"long unsigned int\000"
 2026      20756E73 
 2026      69676E65 
 2026      6420696E 
 2026      7400
 2027              	.LASF55:
 2028 046e 725F6375 		.ascii	"r_current\000"
 2028      7272656E 
 2028      7400
 2029              	.LASF115:
 2030 0478 63686172 		.ascii	"char\000"
 2030      00
 2031              	.LASF25:
 2032 047d 74687265 		.ascii	"thread_t\000"
 2032      61645F74 
 2032      00
 2033              	.LASF128:
 2034 0486 474E5520 		.ascii	"GNU C 4.8.4 20140526 (release) [ARM/embedded-4_8-br"
 2034      4320342E 
 2034      382E3420 
 2034      32303134 
 2034      30353236 
 2035 04b9 616E6368 		.ascii	"anch revision 211358] -mcpu=cortex-m4 -mno-thumb-in"
 2035      20726576 
 2035      6973696F 
 2035      6E203231 
 2035      31333538 
 2036 04ec 74657277 		.ascii	"terwork -mthumb -ggdb -O2 -fomit-frame-pointer -fal"
 2036      6F726B20 
 2036      2D6D7468 
 2036      756D6220 
 2036      2D676764 
 2037 051f 69676E2D 		.ascii	"ign-functions=16 -ffunction-sections -fdata-section"
 2037      66756E63 
 2037      74696F6E 
 2037      733D3136 
 2037      202D6666 
 2038 0552 73202D66 		.ascii	"s -fno-common\000"
 2038      6E6F2D63 
 2038      6F6D6D6F 
 2038      6E00
 2039              	.LASF119:
 2040 0560 6D5F6E65 		.ascii	"m_next\000"
 2040      787400
 2041              	.LASF24:
 2042 0567 73797374 		.ascii	"systime_t\000"
 2042      696D655F 
ARM GAS  /tmp/cccyQZIb.s 			page 41


 2042      7400
 2043              	.LASF41:
 2044 0571 705F7265 		.ascii	"p_realprio\000"
 2044      616C7072 
 2044      696F00
 2045              	.LASF56:
 2046 057c 76746675 		.ascii	"vtfunc_t\000"
 2046      6E635F74 
 2046      00
 2047              	.LASF8:
 2048 0585 5F5F7569 		.ascii	"__uint32_t\000"
 2048      6E743332 
 2048      5F7400
 2049              	.LASF69:
 2050 0590 70616E69 		.ascii	"panic_msg\000"
 2050      635F6D73 
 2050      6700
 2051              	.LASF109:
 2052 059a 6F666673 		.ascii	"offset\000"
 2052      657400
 2053              	.LASF107:
 2054 05a1 636F6E74 		.ascii	"context\000"
 2054      65787400 
 2055              	.LASF17:
 2056 05a9 7274636E 		.ascii	"rtcnt_t\000"
 2056      745F7400 
 2057              	.LASF63:
 2058 05b1 76745F70 		.ascii	"vt_par\000"
 2058      617200
 2059              	.LASF46:
 2060 05b8 74687265 		.ascii	"threads_queue_t\000"
 2060      6164735F 
 2060      71756575 
 2060      655F7400 
 2061              	.LASF35:
 2062 05c8 705F7265 		.ascii	"p_refs\000"
 2062      667300
 2063              	.LASF101:
 2064 05cf 4D4D4652 		.ascii	"MMFR\000"
 2064      00
 2065              	.LASF72:
 2066 05d4 726C6973 		.ascii	"rlist\000"
 2066      7400
 2067              	.LASF13:
 2068 05da 75696E74 		.ascii	"uint8_t\000"
 2068      385F7400 
 2069              	.LASF79:
 2070 05e2 52534552 		.ascii	"RSERVED1\000"
 2070      56454431 
 2070      00
 2071              	.LASF87:
 2072 05eb 53544952 		.ascii	"STIR\000"
 2072      00
 2073              	.LASF113:
 2074 05f0 77746F62 		.ascii	"wtobjp\000"
 2074      6A7000
 2075              	.LASF32:
ARM GAS  /tmp/cccyQZIb.s 			page 42


 2076 05f7 705F6E61 		.ascii	"p_name\000"
 2076      6D6500
 2077              	.LASF38:
 2078 05fe 705F6D73 		.ascii	"p_msg\000"
 2078      6700
 2079              	.LASF103:
 2080 0604 43504143 		.ascii	"CPACR\000"
 2080      5200
 2081              	.LASF96:
 2082 060a 48465352 		.ascii	"HFSR\000"
 2082      00
 2083              	.LASF118:
 2084 060f 6D5F6F77 		.ascii	"m_owner\000"
 2084      6E657200 
 2085              	.LASF29:
 2086 0617 705F6374 		.ascii	"p_ctx\000"
 2086      7800
 2087              	.LASF62:
 2088 061d 76745F66 		.ascii	"vt_func\000"
 2088      756E6300 
 2089              		.ident	"GCC: (GNU Tools for ARM Embedded Processors) 4.8.4 20140526 (release) [ARM/embedded-4_8-br
ARM GAS  /tmp/cccyQZIb.s 			page 43


DEFINED SYMBOLS
                            *ABS*:00000000 nvic.c
     /tmp/cccyQZIb.s:19     .text.nvicEnableVector:00000000 $t
     /tmp/cccyQZIb.s:25     .text.nvicEnableVector:00000000 nvicEnableVector
     /tmp/cccyQZIb.s:69     .text.nvicDisableVector:00000000 $t
     /tmp/cccyQZIb.s:75     .text.nvicDisableVector:00000000 nvicDisableVector
     /tmp/cccyQZIb.s:111    .text.nvicDisableVector:00000024 $d
     /tmp/cccyQZIb.s:116    .text.nvicSetSystemHandlerPriority:00000000 $t
     /tmp/cccyQZIb.s:122    .text.nvicSetSystemHandlerPriority:00000000 nvicSetSystemHandlerPriority
                     .debug_frame:00000010 $d
     /tmp/cccyQZIb.s:115    .text.nvicDisableVector:00000028 $t

NO UNDEFINED SYMBOLS
