ARM GAS  /tmp/ccnPvrEa.s 			page 1


   1              		.syntax unified
   2              		.cpu cortex-m4
   3              		.fpu softvfp
   4              		.eabi_attribute 20, 1
   5              		.eabi_attribute 21, 1
   6              		.eabi_attribute 23, 3
   7              		.eabi_attribute 24, 1
   8              		.eabi_attribute 25, 1
   9              		.eabi_attribute 26, 1
  10              		.eabi_attribute 30, 2
  11              		.eabi_attribute 34, 1
  12              		.eabi_attribute 18, 4
  13              		.thumb
  14              		.file	"osal.c"
  15              		.text
  16              	.Ltext0:
  17              		.cfi_sections	.debug_frame
  18              	.Letext0:
  19              		.file 1 "/nfs/nfs5/home/research/hardware/arm2/gcc-arm-embedded/gcc-arm-none-eabi-4_8-2014q2/arm-n
  20              		.file 2 "/nfs/nfs5/home/research/hardware/arm2/gcc-arm-embedded/gcc-arm-none-eabi-4_8-2014q2/arm-n
  21              		.file 3 "../ChibiOS/os/rt/ports/ARMCMx/compilers/GCC/chtypes.h"
  22              		.file 4 "../ChibiOS/os/rt/include/chsystypes.h"
  23              		.file 5 "../ChibiOS/os/rt/include/chschd.h"
  24              		.file 6 "../ChibiOS/os/rt/ports/ARMCMx/chcore.h"
  25              		.file 7 "../ChibiOS/os/rt/ports/ARMCMx/chcore_v7m.h"
  26              		.file 8 "../ChibiOS/os/rt/include/chtm.h"
  27              		.file 9 "../ChibiOS/os/rt/include/chmtx.h"
  28              		.file 10 "../ChibiOS/os/ext/CMSIS/include/core_cm4.h"
  29              		.section	.debug_info,"",%progbits
  30              	.Ldebug_info0:
  31 0000 BB050000 		.4byte	0x5bb
  32 0004 0400     		.2byte	0x4
  33 0006 00000000 		.4byte	.Ldebug_abbrev0
  34 000a 04       		.byte	0x4
  35 000b 01       		.uleb128 0x1
  36 000c 5E000000 		.4byte	.LASF94
  37 0010 01       		.byte	0x1
  38 0011 59010000 		.4byte	.LASF95
  39 0015 07020000 		.4byte	.LASF96
  40 0019 00000000 		.4byte	.Ldebug_line0
  41 001d 02       		.uleb128 0x2
  42 001e 04       		.byte	0x4
  43 001f 05       		.byte	0x5
  44 0020 696E7400 		.ascii	"int\000"
  45 0024 03       		.uleb128 0x3
  46 0025 04       		.byte	0x4
  47 0026 07       		.byte	0x7
  48 0027 39030000 		.4byte	.LASF0
  49 002b 03       		.uleb128 0x3
  50 002c 01       		.byte	0x1
  51 002d 06       		.byte	0x6
  52 002e 05030000 		.4byte	.LASF1
  53 0032 04       		.uleb128 0x4
  54 0033 BE020000 		.4byte	.LASF5
  55 0037 01       		.byte	0x1
  56 0038 1C       		.byte	0x1c
  57 0039 3D000000 		.4byte	0x3d
ARM GAS  /tmp/ccnPvrEa.s 			page 2


  58 003d 03       		.uleb128 0x3
  59 003e 01       		.byte	0x1
  60 003f 08       		.byte	0x8
  61 0040 F0020000 		.4byte	.LASF2
  62 0044 03       		.uleb128 0x3
  63 0045 02       		.byte	0x2
  64 0046 05       		.byte	0x5
  65 0047 4C000000 		.4byte	.LASF3
  66 004b 03       		.uleb128 0x3
  67 004c 02       		.byte	0x2
  68 004d 07       		.byte	0x7
  69 004e D0030000 		.4byte	.LASF4
  70 0052 04       		.uleb128 0x4
  71 0053 3F040000 		.4byte	.LASF6
  72 0057 01       		.byte	0x1
  73 0058 37       		.byte	0x37
  74 0059 5D000000 		.4byte	0x5d
  75 005d 03       		.uleb128 0x3
  76 005e 04       		.byte	0x4
  77 005f 05       		.byte	0x5
  78 0060 8C020000 		.4byte	.LASF7
  79 0064 04       		.uleb128 0x4
  80 0065 2D040000 		.4byte	.LASF8
  81 0069 01       		.byte	0x1
  82 006a 38       		.byte	0x38
  83 006b 6F000000 		.4byte	0x6f
  84 006f 03       		.uleb128 0x3
  85 0070 04       		.byte	0x4
  86 0071 07       		.byte	0x7
  87 0072 11040000 		.4byte	.LASF9
  88 0076 03       		.uleb128 0x3
  89 0077 08       		.byte	0x8
  90 0078 05       		.byte	0x5
  91 0079 59020000 		.4byte	.LASF10
  92 007d 04       		.uleb128 0x4
  93 007e ED030000 		.4byte	.LASF11
  94 0082 01       		.byte	0x1
  95 0083 4E       		.byte	0x4e
  96 0084 88000000 		.4byte	0x88
  97 0088 03       		.uleb128 0x3
  98 0089 08       		.byte	0x8
  99 008a 07       		.byte	0x7
 100 008b 19030000 		.4byte	.LASF12
 101 008f 04       		.uleb128 0x4
 102 0090 DC010000 		.4byte	.LASF13
 103 0094 02       		.byte	0x2
 104 0095 2A       		.byte	0x2a
 105 0096 32000000 		.4byte	0x32
 106 009a 04       		.uleb128 0x4
 107 009b F5010000 		.4byte	.LASF14
 108 009f 02       		.byte	0x2
 109 00a0 41       		.byte	0x41
 110 00a1 52000000 		.4byte	0x52
 111 00a5 04       		.uleb128 0x4
 112 00a6 30030000 		.4byte	.LASF15
 113 00aa 02       		.byte	0x2
 114 00ab 42       		.byte	0x42
ARM GAS  /tmp/ccnPvrEa.s 			page 3


 115 00ac 64000000 		.4byte	0x64
 116 00b0 04       		.uleb128 0x4
 117 00b1 38000000 		.4byte	.LASF16
 118 00b5 02       		.byte	0x2
 119 00b6 4E       		.byte	0x4e
 120 00b7 7D000000 		.4byte	0x7d
 121 00bb 05       		.uleb128 0x5
 122 00bc 9A000000 		.4byte	0x9a
 123 00c0 04       		.uleb128 0x4
 124 00c1 E8020000 		.4byte	.LASF17
 125 00c5 03       		.byte	0x3
 126 00c6 45       		.byte	0x45
 127 00c7 A5000000 		.4byte	0xa5
 128 00cb 04       		.uleb128 0x4
 129 00cc 51020000 		.4byte	.LASF18
 130 00d0 03       		.byte	0x3
 131 00d1 48       		.byte	0x48
 132 00d2 8F000000 		.4byte	0x8f
 133 00d6 04       		.uleb128 0x4
 134 00d7 58040000 		.4byte	.LASF19
 135 00db 03       		.byte	0x3
 136 00dc 49       		.byte	0x49
 137 00dd 8F000000 		.4byte	0x8f
 138 00e1 04       		.uleb128 0x4
 139 00e2 09000000 		.4byte	.LASF20
 140 00e6 03       		.byte	0x3
 141 00e7 4A       		.byte	0x4a
 142 00e8 8F000000 		.4byte	0x8f
 143 00ec 04       		.uleb128 0x4
 144 00ed 6D020000 		.4byte	.LASF21
 145 00f1 03       		.byte	0x3
 146 00f2 4C       		.byte	0x4c
 147 00f3 A5000000 		.4byte	0xa5
 148 00f7 04       		.uleb128 0x4
 149 00f8 E9040000 		.4byte	.LASF22
 150 00fc 03       		.byte	0x3
 151 00fd 4D       		.byte	0x4d
 152 00fe 9A000000 		.4byte	0x9a
 153 0102 04       		.uleb128 0x4
 154 0103 7A010000 		.4byte	.LASF23
 155 0107 03       		.byte	0x3
 156 0108 4F       		.byte	0x4f
 157 0109 A5000000 		.4byte	0xa5
 158 010d 04       		.uleb128 0x4
 159 010e 94030000 		.4byte	.LASF24
 160 0112 04       		.byte	0x4
 161 0113 33       		.byte	0x33
 162 0114 A5000000 		.4byte	0xa5
 163 0118 04       		.uleb128 0x4
 164 0119 00000000 		.4byte	.LASF25
 165 011d 04       		.byte	0x4
 166 011e 3F       		.byte	0x3f
 167 011f 23010000 		.4byte	0x123
 168 0123 06       		.uleb128 0x6
 169 0124 FD010000 		.4byte	.LASF44
 170 0128 44       		.byte	0x44
 171 0129 05       		.byte	0x5
ARM GAS  /tmp/ccnPvrEa.s 			page 4


 172 012a BE       		.byte	0xbe
 173 012b 10020000 		.4byte	0x210
 174 012f 07       		.uleb128 0x7
 175 0130 38040000 		.4byte	.LASF26
 176 0134 05       		.byte	0x5
 177 0135 BF       		.byte	0xbf
 178 0136 F4040000 		.4byte	0x4f4
 179 013a 00       		.byte	0
 180 013b 07       		.uleb128 0x7
 181 013c 43010000 		.4byte	.LASF27
 182 0140 05       		.byte	0x5
 183 0141 C1       		.byte	0xc1
 184 0142 F4040000 		.4byte	0x4f4
 185 0146 04       		.byte	0x4
 186 0147 07       		.uleb128 0x7
 187 0148 91010000 		.4byte	.LASF28
 188 014c 05       		.byte	0x5
 189 014d C3       		.byte	0xc3
 190 014e EC000000 		.4byte	0xec
 191 0152 08       		.byte	0x8
 192 0153 07       		.uleb128 0x7
 193 0154 C7040000 		.4byte	.LASF29
 194 0158 05       		.byte	0x5
 195 0159 C4       		.byte	0xc4
 196 015a 3A040000 		.4byte	0x43a
 197 015e 0C       		.byte	0xc
 198 015f 07       		.uleb128 0x7
 199 0160 11030000 		.4byte	.LASF30
 200 0164 05       		.byte	0x5
 201 0165 C6       		.byte	0xc6
 202 0166 F4040000 		.4byte	0x4f4
 203 016a 10       		.byte	0x10
 204 016b 07       		.uleb128 0x7
 205 016c 7E040000 		.4byte	.LASF31
 206 0170 05       		.byte	0x5
 207 0171 C7       		.byte	0xc7
 208 0172 F4040000 		.4byte	0x4f4
 209 0176 14       		.byte	0x14
 210 0177 07       		.uleb128 0x7
 211 0178 A9030000 		.4byte	.LASF32
 212 017c 05       		.byte	0x5
 213 017d CE       		.byte	0xce
 214 017e 32050000 		.4byte	0x532
 215 0182 18       		.byte	0x18
 216 0183 07       		.uleb128 0x7
 217 0184 C1030000 		.4byte	.LASF33
 218 0188 05       		.byte	0x5
 219 0189 D9       		.byte	0xd9
 220 018a D6000000 		.4byte	0xd6
 221 018e 1C       		.byte	0x1c
 222 018f 07       		.uleb128 0x7
 223 0190 78030000 		.4byte	.LASF34
 224 0194 05       		.byte	0x5
 225 0195 DD       		.byte	0xdd
 226 0196 CB000000 		.4byte	0xcb
 227 019a 1D       		.byte	0x1d
 228 019b 07       		.uleb128 0x7
ARM GAS  /tmp/ccnPvrEa.s 			page 5


 229 019c B2040000 		.4byte	.LASF35
 230 01a0 05       		.byte	0x5
 231 01a1 E2       		.byte	0xe2
 232 01a2 E1000000 		.4byte	0xe1
 233 01a6 1E       		.byte	0x1e
 234 01a7 08       		.uleb128 0x8
 235 01a8 705F7500 		.ascii	"p_u\000"
 236 01ac 05       		.byte	0x5
 237 01ad 1401     		.2byte	0x114
 238 01af FA040000 		.4byte	0x4fa
 239 01b3 20       		.byte	0x20
 240 01b4 09       		.uleb128 0x9
 241 01b5 E3030000 		.4byte	.LASF36
 242 01b9 05       		.byte	0x5
 243 01ba 1901     		.2byte	0x119
 244 01bc 10020000 		.4byte	0x210
 245 01c0 24       		.byte	0x24
 246 01c1 09       		.uleb128 0x9
 247 01c2 86010000 		.4byte	.LASF37
 248 01c6 05       		.byte	0x5
 249 01c7 1F01     		.2byte	0x11f
 250 01c9 34020000 		.4byte	0x234
 251 01cd 28       		.byte	0x28
 252 01ce 09       		.uleb128 0x9
 253 01cf E2020000 		.4byte	.LASF38
 254 01d3 05       		.byte	0x5
 255 01d4 2301     		.2byte	0x123
 256 01d6 F7000000 		.4byte	0xf7
 257 01da 30       		.byte	0x30
 258 01db 09       		.uleb128 0x9
 259 01dc 38010000 		.4byte	.LASF39
 260 01e0 05       		.byte	0x5
 261 01e1 2901     		.2byte	0x129
 262 01e3 02010000 		.4byte	0x102
 263 01e7 34       		.byte	0x34
 264 01e8 09       		.uleb128 0x9
 265 01e9 F8030000 		.4byte	.LASF40
 266 01ed 05       		.byte	0x5
 267 01ee 3001     		.2byte	0x130
 268 01f0 75050000 		.4byte	0x575
 269 01f4 38       		.byte	0x38
 270 01f5 09       		.uleb128 0x9
 271 01f6 89030000 		.4byte	.LASF41
 272 01fa 05       		.byte	0x5
 273 01fb 3401     		.2byte	0x134
 274 01fd EC000000 		.4byte	0xec
 275 0201 3C       		.byte	0x3c
 276 0202 09       		.uleb128 0x9
 277 0203 62030000 		.4byte	.LASF42
 278 0207 05       		.byte	0x5
 279 0208 3A01     		.2byte	0x13a
 280 020a E7020000 		.4byte	0x2e7
 281 020e 40       		.byte	0x40
 282 020f 00       		.byte	0
 283 0210 04       		.uleb128 0x4
 284 0211 F7040000 		.4byte	.LASF43
 285 0215 04       		.byte	0x4
ARM GAS  /tmp/ccnPvrEa.s 			page 6


 286 0216 44       		.byte	0x44
 287 0217 1B020000 		.4byte	0x21b
 288 021b 06       		.uleb128 0x6
 289 021c 98010000 		.4byte	.LASF45
 290 0220 04       		.byte	0x4
 291 0221 05       		.byte	0x5
 292 0222 AC       		.byte	0xac
 293 0223 34020000 		.4byte	0x234
 294 0227 07       		.uleb128 0x7
 295 0228 38040000 		.4byte	.LASF26
 296 022c 05       		.byte	0x5
 297 022d AD       		.byte	0xad
 298 022e F4040000 		.4byte	0x4f4
 299 0232 00       		.byte	0
 300 0233 00       		.byte	0
 301 0234 04       		.uleb128 0x4
 302 0235 18000000 		.4byte	.LASF46
 303 0239 04       		.byte	0x4
 304 023a 4B       		.byte	0x4b
 305 023b 3F020000 		.4byte	0x23f
 306 023f 06       		.uleb128 0x6
 307 0240 E4010000 		.4byte	.LASF47
 308 0244 08       		.byte	0x8
 309 0245 05       		.byte	0x5
 310 0246 B3       		.byte	0xb3
 311 0247 64020000 		.4byte	0x264
 312 024b 07       		.uleb128 0x7
 313 024c 38040000 		.4byte	.LASF26
 314 0250 05       		.byte	0x5
 315 0251 B4       		.byte	0xb4
 316 0252 F4040000 		.4byte	0x4f4
 317 0256 00       		.byte	0
 318 0257 07       		.uleb128 0x7
 319 0258 43010000 		.4byte	.LASF27
 320 025c 05       		.byte	0x5
 321 025d B5       		.byte	0xb5
 322 025e F4040000 		.4byte	0x4f4
 323 0262 04       		.byte	0x4
 324 0263 00       		.byte	0
 325 0264 04       		.uleb128 0x4
 326 0265 86040000 		.4byte	.LASF48
 327 0269 04       		.byte	0x4
 328 026a 52       		.byte	0x52
 329 026b 6F020000 		.4byte	0x26f
 330 026f 0A       		.uleb128 0xa
 331 0270 B9040000 		.4byte	.LASF49
 332 0274 1C       		.byte	0x1c
 333 0275 05       		.byte	0x5
 334 0276 7201     		.2byte	0x172
 335 0278 CB020000 		.4byte	0x2cb
 336 027c 09       		.uleb128 0x9
 337 027d 56000000 		.4byte	.LASF50
 338 0281 05       		.byte	0x5
 339 0282 7301     		.2byte	0x173
 340 0284 34020000 		.4byte	0x234
 341 0288 00       		.byte	0
 342 0289 09       		.uleb128 0x9
ARM GAS  /tmp/ccnPvrEa.s 			page 7


 343 028a C9030000 		.4byte	.LASF51
 344 028e 05       		.byte	0x5
 345 028f 7401     		.2byte	0x174
 346 0291 EC000000 		.4byte	0xec
 347 0295 08       		.byte	0x8
 348 0296 09       		.uleb128 0x9
 349 0297 67020000 		.4byte	.LASF52
 350 029b 05       		.byte	0x5
 351 029c 7601     		.2byte	0x176
 352 029e 3A040000 		.4byte	0x43a
 353 02a2 0C       		.byte	0xc
 354 02a3 09       		.uleb128 0x9
 355 02a4 70030000 		.4byte	.LASF53
 356 02a8 05       		.byte	0x5
 357 02a9 7901     		.2byte	0x179
 358 02ab F4040000 		.4byte	0x4f4
 359 02af 10       		.byte	0x10
 360 02b0 09       		.uleb128 0x9
 361 02b1 EF040000 		.4byte	.LASF54
 362 02b5 05       		.byte	0x5
 363 02b6 7A01     		.2byte	0x17a
 364 02b8 F4040000 		.4byte	0x4f4
 365 02bc 14       		.byte	0x14
 366 02bd 09       		.uleb128 0x9
 367 02be D8020000 		.4byte	.LASF55
 368 02c2 05       		.byte	0x5
 369 02c3 7D01     		.2byte	0x17d
 370 02c5 F4040000 		.4byte	0x4f4
 371 02c9 18       		.byte	0x18
 372 02ca 00       		.byte	0
 373 02cb 04       		.uleb128 0x4
 374 02cc 75040000 		.4byte	.LASF56
 375 02d0 04       		.byte	0x4
 376 02d1 57       		.byte	0x57
 377 02d2 D6020000 		.4byte	0x2d6
 378 02d6 0B       		.uleb128 0xb
 379 02d7 04       		.byte	0x4
 380 02d8 DC020000 		.4byte	0x2dc
 381 02dc 0C       		.uleb128 0xc
 382 02dd E7020000 		.4byte	0x2e7
 383 02e1 0D       		.uleb128 0xd
 384 02e2 E7020000 		.4byte	0x2e7
 385 02e6 00       		.byte	0
 386 02e7 0E       		.uleb128 0xe
 387 02e8 04       		.byte	0x4
 388 02e9 04       		.uleb128 0x4
 389 02ea A6020000 		.4byte	.LASF57
 390 02ee 04       		.byte	0x4
 391 02ef 5C       		.byte	0x5c
 392 02f0 F4020000 		.4byte	0x2f4
 393 02f4 0A       		.uleb128 0xa
 394 02f5 B0030000 		.4byte	.LASF58
 395 02f9 14       		.byte	0x14
 396 02fa 05       		.byte	0x5
 397 02fb 4D01     		.2byte	0x14d
 398 02fd 43030000 		.4byte	0x343
 399 0301 09       		.uleb128 0x9
ARM GAS  /tmp/ccnPvrEa.s 			page 8


 400 0302 4E030000 		.4byte	.LASF59
 401 0306 05       		.byte	0x5
 402 0307 4E01     		.2byte	0x14e
 403 0309 7B050000 		.4byte	0x57b
 404 030d 00       		.byte	0
 405 030e 09       		.uleb128 0x9
 406 030f D0020000 		.4byte	.LASF60
 407 0313 05       		.byte	0x5
 408 0314 4F01     		.2byte	0x14f
 409 0316 7B050000 		.4byte	0x57b
 410 031a 04       		.byte	0x4
 411 031b 09       		.uleb128 0x9
 412 031c 80030000 		.4byte	.LASF61
 413 0320 05       		.byte	0x5
 414 0321 5001     		.2byte	0x150
 415 0323 0D010000 		.4byte	0x10d
 416 0327 08       		.byte	0x8
 417 0328 09       		.uleb128 0x9
 418 0329 50040000 		.4byte	.LASF62
 419 032d 05       		.byte	0x5
 420 032e 5101     		.2byte	0x151
 421 0330 CB020000 		.4byte	0x2cb
 422 0334 0C       		.byte	0xc
 423 0335 09       		.uleb128 0x9
 424 0336 C0010000 		.4byte	.LASF63
 425 033a 05       		.byte	0x5
 426 033b 5301     		.2byte	0x153
 427 033d E7020000 		.4byte	0x2e7
 428 0341 10       		.byte	0x10
 429 0342 00       		.byte	0
 430 0343 04       		.uleb128 0x4
 431 0344 9C040000 		.4byte	.LASF64
 432 0348 04       		.byte	0x4
 433 0349 61       		.byte	0x61
 434 034a 4E030000 		.4byte	0x34e
 435 034e 0A       		.uleb128 0xa
 436 034f 75020000 		.4byte	.LASF65
 437 0353 10       		.byte	0x10
 438 0354 05       		.byte	0x5
 439 0355 5D01     		.2byte	0x15d
 440 0357 90030000 		.4byte	0x390
 441 035b 09       		.uleb128 0x9
 442 035c 4E030000 		.4byte	.LASF59
 443 0360 05       		.byte	0x5
 444 0361 5E01     		.2byte	0x15e
 445 0363 7B050000 		.4byte	0x57b
 446 0367 00       		.byte	0
 447 0368 09       		.uleb128 0x9
 448 0369 D0020000 		.4byte	.LASF60
 449 036d 05       		.byte	0x5
 450 036e 6001     		.2byte	0x160
 451 0370 7B050000 		.4byte	0x57b
 452 0374 04       		.byte	0x4
 453 0375 09       		.uleb128 0x9
 454 0376 80030000 		.4byte	.LASF61
 455 037a 05       		.byte	0x5
 456 037b 6201     		.2byte	0x162
ARM GAS  /tmp/ccnPvrEa.s 			page 9


 457 037d 0D010000 		.4byte	0x10d
 458 0381 08       		.byte	0x8
 459 0382 09       		.uleb128 0x9
 460 0383 45020000 		.4byte	.LASF66
 461 0387 05       		.byte	0x5
 462 0388 6A01     		.2byte	0x16a
 463 038a 0D010000 		.4byte	0x10d
 464 038e 0C       		.byte	0xc
 465 038f 00       		.byte	0
 466 0390 04       		.uleb128 0x4
 467 0391 4A010000 		.4byte	.LASF67
 468 0395 04       		.byte	0x4
 469 0396 66       		.byte	0x66
 470 0397 9B030000 		.4byte	0x39b
 471 039b 0A       		.uleb128 0xa
 472 039c 28000000 		.4byte	.LASF68
 473 03a0 04       		.byte	0x4
 474 03a1 05       		.byte	0x5
 475 03a2 8401     		.2byte	0x184
 476 03a4 B6030000 		.4byte	0x3b6
 477 03a8 09       		.uleb128 0x9
 478 03a9 23040000 		.4byte	.LASF69
 479 03ad 05       		.byte	0x5
 480 03ae 8C01     		.2byte	0x18c
 481 03b0 81050000 		.4byte	0x581
 482 03b4 00       		.byte	0
 483 03b5 00       		.byte	0
 484 03b6 04       		.uleb128 0x4
 485 03b7 C7010000 		.4byte	.LASF70
 486 03bb 04       		.byte	0x4
 487 03bc 6B       		.byte	0x6b
 488 03bd C1030000 		.4byte	0x3c1
 489 03c1 0F       		.uleb128 0xf
 490 03c2 95020000 		.4byte	.LASF71
 491 03c6 5001     		.2byte	0x150
 492 03c8 05       		.byte	0x5
 493 03c9 A401     		.2byte	0x1a4
 494 03cb 1D040000 		.4byte	0x41d
 495 03cf 09       		.uleb128 0x9
 496 03d0 9E030000 		.4byte	.LASF72
 497 03d4 05       		.byte	0x5
 498 03d5 A801     		.2byte	0x1a8
 499 03d7 64020000 		.4byte	0x264
 500 03db 00       		.byte	0
 501 03dc 09       		.uleb128 0x9
 502 03dd A8010000 		.4byte	.LASF73
 503 03e1 05       		.byte	0x5
 504 03e2 AC01     		.2byte	0x1ac
 505 03e4 43030000 		.4byte	0x343
 506 03e8 1C       		.byte	0x1c
 507 03e9 08       		.uleb128 0x8
 508 03ea 64626700 		.ascii	"dbg\000"
 509 03ee 05       		.byte	0x5
 510 03ef B001     		.2byte	0x1b0
 511 03f1 90030000 		.4byte	0x390
 512 03f5 2C       		.byte	0x2c
 513 03f6 09       		.uleb128 0x9
ARM GAS  /tmp/ccnPvrEa.s 			page 10


 514 03f7 41000000 		.4byte	.LASF74
 515 03fb 05       		.byte	0x5
 516 03fc B401     		.2byte	0x1b4
 517 03fe 18010000 		.4byte	0x118
 518 0402 30       		.byte	0x30
 519 0403 08       		.uleb128 0x8
 520 0404 746D00   		.ascii	"tm\000"
 521 0407 05       		.byte	0x5
 522 0408 B901     		.2byte	0x1b9
 523 040a E9040000 		.4byte	0x4e9
 524 040e 74       		.byte	0x74
 525 040f 09       		.uleb128 0x9
 526 0410 02040000 		.4byte	.LASF75
 527 0414 05       		.byte	0x5
 528 0415 C501     		.2byte	0x1c5
 529 0417 86050000 		.4byte	0x586
 530 041b 78       		.byte	0x78
 531 041c 00       		.byte	0
 532 041d 03       		.uleb128 0x3
 533 041e 04       		.byte	0x4
 534 041f 07       		.byte	0x7
 535 0420 93040000 		.4byte	.LASF76
 536 0424 04       		.uleb128 0x4
 537 0425 D3010000 		.4byte	.LASF77
 538 0429 06       		.byte	0x6
 539 042a 85       		.byte	0x85
 540 042b E7020000 		.4byte	0x2e7
 541 042f 04       		.uleb128 0x4
 542 0430 61040000 		.4byte	.LASF78
 543 0434 06       		.byte	0x6
 544 0435 8D       		.byte	0x8d
 545 0436 B0000000 		.4byte	0xb0
 546 043a 06       		.uleb128 0x6
 547 043b C8020000 		.4byte	.LASF79
 548 043f 04       		.byte	0x4
 549 0440 06       		.byte	0x6
 550 0441 A9       		.byte	0xa9
 551 0442 53040000 		.4byte	0x453
 552 0446 10       		.uleb128 0x10
 553 0447 72313300 		.ascii	"r13\000"
 554 044b 06       		.byte	0x6
 555 044c AA       		.byte	0xaa
 556 044d CE040000 		.4byte	0x4ce
 557 0451 00       		.byte	0
 558 0452 00       		.byte	0
 559 0453 06       		.uleb128 0x6
 560 0454 56030000 		.4byte	.LASF80
 561 0458 24       		.byte	0x24
 562 0459 07       		.byte	0x7
 563 045a F4       		.byte	0xf4
 564 045b CE040000 		.4byte	0x4ce
 565 045f 08       		.uleb128 0x8
 566 0460 723400   		.ascii	"r4\000"
 567 0463 07       		.byte	0x7
 568 0464 0701     		.2byte	0x107
 569 0466 24040000 		.4byte	0x424
 570 046a 00       		.byte	0
ARM GAS  /tmp/ccnPvrEa.s 			page 11


 571 046b 08       		.uleb128 0x8
 572 046c 723500   		.ascii	"r5\000"
 573 046f 07       		.byte	0x7
 574 0470 0801     		.2byte	0x108
 575 0472 24040000 		.4byte	0x424
 576 0476 04       		.byte	0x4
 577 0477 08       		.uleb128 0x8
 578 0478 723600   		.ascii	"r6\000"
 579 047b 07       		.byte	0x7
 580 047c 0901     		.2byte	0x109
 581 047e 24040000 		.4byte	0x424
 582 0482 08       		.byte	0x8
 583 0483 08       		.uleb128 0x8
 584 0484 723700   		.ascii	"r7\000"
 585 0487 07       		.byte	0x7
 586 0488 0A01     		.2byte	0x10a
 587 048a 24040000 		.4byte	0x424
 588 048e 0C       		.byte	0xc
 589 048f 08       		.uleb128 0x8
 590 0490 723800   		.ascii	"r8\000"
 591 0493 07       		.byte	0x7
 592 0494 0B01     		.2byte	0x10b
 593 0496 24040000 		.4byte	0x424
 594 049a 10       		.byte	0x10
 595 049b 08       		.uleb128 0x8
 596 049c 723900   		.ascii	"r9\000"
 597 049f 07       		.byte	0x7
 598 04a0 0C01     		.2byte	0x10c
 599 04a2 24040000 		.4byte	0x424
 600 04a6 14       		.byte	0x14
 601 04a7 08       		.uleb128 0x8
 602 04a8 72313000 		.ascii	"r10\000"
 603 04ac 07       		.byte	0x7
 604 04ad 0D01     		.2byte	0x10d
 605 04af 24040000 		.4byte	0x424
 606 04b3 18       		.byte	0x18
 607 04b4 08       		.uleb128 0x8
 608 04b5 72313100 		.ascii	"r11\000"
 609 04b9 07       		.byte	0x7
 610 04ba 0E01     		.2byte	0x10e
 611 04bc 24040000 		.4byte	0x424
 612 04c0 1C       		.byte	0x1c
 613 04c1 08       		.uleb128 0x8
 614 04c2 6C7200   		.ascii	"lr\000"
 615 04c5 07       		.byte	0x7
 616 04c6 0F01     		.2byte	0x10f
 617 04c8 24040000 		.4byte	0x424
 618 04cc 20       		.byte	0x20
 619 04cd 00       		.byte	0
 620 04ce 0B       		.uleb128 0xb
 621 04cf 04       		.byte	0x4
 622 04d0 53040000 		.4byte	0x453
 623 04d4 11       		.uleb128 0x11
 624 04d5 04       		.byte	0x4
 625 04d6 08       		.byte	0x8
 626 04d7 38       		.byte	0x38
 627 04d8 E9040000 		.4byte	0x4e9
ARM GAS  /tmp/ccnPvrEa.s 			page 12


 628 04dc 07       		.uleb128 0x7
 629 04dd 9F020000 		.4byte	.LASF81
 630 04e1 08       		.byte	0x8
 631 04e2 3C       		.byte	0x3c
 632 04e3 C0000000 		.4byte	0xc0
 633 04e7 00       		.byte	0
 634 04e8 00       		.byte	0
 635 04e9 04       		.uleb128 0x4
 636 04ea AF010000 		.4byte	.LASF82
 637 04ee 08       		.byte	0x8
 638 04ef 3D       		.byte	0x3d
 639 04f0 D4040000 		.4byte	0x4d4
 640 04f4 0B       		.uleb128 0xb
 641 04f5 04       		.byte	0x4
 642 04f6 18010000 		.4byte	0x118
 643 04fa 12       		.uleb128 0x12
 644 04fb 04       		.byte	0x4
 645 04fc 05       		.byte	0x5
 646 04fd F6       		.byte	0xf6
 647 04fe 32050000 		.4byte	0x532
 648 0502 13       		.uleb128 0x13
 649 0503 E2040000 		.4byte	.LASF83
 650 0507 05       		.byte	0x5
 651 0508 FD       		.byte	0xfd
 652 0509 F7000000 		.4byte	0xf7
 653 050d 14       		.uleb128 0x14
 654 050e 6C040000 		.4byte	.LASF84
 655 0512 05       		.byte	0x5
 656 0513 0401     		.2byte	0x104
 657 0515 F7000000 		.4byte	0xf7
 658 0519 14       		.uleb128 0x14
 659 051a 49040000 		.4byte	.LASF85
 660 051e 05       		.byte	0x5
 661 051f 0B01     		.2byte	0x10b
 662 0521 E7020000 		.4byte	0x2e7
 663 0525 14       		.uleb128 0x14
 664 0526 FE020000 		.4byte	.LASF86
 665 052a 05       		.byte	0x5
 666 052b 1201     		.2byte	0x112
 667 052d 02010000 		.4byte	0x102
 668 0531 00       		.byte	0
 669 0532 0B       		.uleb128 0xb
 670 0533 04       		.byte	0x4
 671 0534 38050000 		.4byte	0x538
 672 0538 15       		.uleb128 0x15
 673 0539 3D050000 		.4byte	0x53d
 674 053d 03       		.uleb128 0x3
 675 053e 01       		.byte	0x1
 676 053f 08       		.byte	0x8
 677 0540 A4030000 		.4byte	.LASF87
 678 0544 06       		.uleb128 0x6
 679 0545 6A030000 		.4byte	.LASF88
 680 0549 10       		.byte	0x10
 681 054a 09       		.byte	0x9
 682 054b 39       		.byte	0x39
 683 054c 75050000 		.4byte	0x575
 684 0550 07       		.uleb128 0x7
ARM GAS  /tmp/ccnPvrEa.s 			page 13


 685 0551 B6020000 		.4byte	.LASF89
 686 0555 09       		.byte	0x9
 687 0556 3A       		.byte	0x3a
 688 0557 34020000 		.4byte	0x234
 689 055b 00       		.byte	0
 690 055c 07       		.uleb128 0x7
 691 055d DA040000 		.4byte	.LASF90
 692 0561 09       		.byte	0x9
 693 0562 3C       		.byte	0x3c
 694 0563 F4040000 		.4byte	0x4f4
 695 0567 08       		.byte	0x8
 696 0568 07       		.uleb128 0x7
 697 0569 11000000 		.4byte	.LASF91
 698 056d 09       		.byte	0x9
 699 056e 3E       		.byte	0x3e
 700 056f A1050000 		.4byte	0x5a1
 701 0573 0C       		.byte	0xc
 702 0574 00       		.byte	0
 703 0575 0B       		.uleb128 0xb
 704 0576 04       		.byte	0x4
 705 0577 44050000 		.4byte	0x544
 706 057b 0B       		.uleb128 0xb
 707 057c 04       		.byte	0x4
 708 057d E9020000 		.4byte	0x2e9
 709 0581 05       		.uleb128 0x5
 710 0582 32050000 		.4byte	0x532
 711 0586 16       		.uleb128 0x16
 712 0587 2F040000 		.4byte	0x42f
 713 058b 96050000 		.4byte	0x596
 714 058f 17       		.uleb128 0x17
 715 0590 1D040000 		.4byte	0x41d
 716 0594 1A       		.byte	0x1a
 717 0595 00       		.byte	0
 718 0596 04       		.uleb128 0x4
 719 0597 46030000 		.4byte	.LASF92
 720 059b 09       		.byte	0x9
 721 059c 34       		.byte	0x34
 722 059d 44050000 		.4byte	0x544
 723 05a1 0B       		.uleb128 0xb
 724 05a2 04       		.byte	0x4
 725 05a3 96050000 		.4byte	0x596
 726 05a7 18       		.uleb128 0x18
 727 05a8 CD040000 		.4byte	.LASF93
 728 05ac 0A       		.byte	0xa
 729 05ad A706     		.2byte	0x6a7
 730 05af BB000000 		.4byte	0xbb
 731 05b3 19       		.uleb128 0x19
 732 05b4 636800   		.ascii	"ch\000"
 733 05b7 05       		.byte	0x5
 734 05b8 EB01     		.2byte	0x1eb
 735 05ba B6030000 		.4byte	0x3b6
 736 05be 00       		.byte	0
 737              		.section	.debug_abbrev,"",%progbits
 738              	.Ldebug_abbrev0:
 739 0000 01       		.uleb128 0x1
 740 0001 11       		.uleb128 0x11
 741 0002 01       		.byte	0x1
ARM GAS  /tmp/ccnPvrEa.s 			page 14


 742 0003 25       		.uleb128 0x25
 743 0004 0E       		.uleb128 0xe
 744 0005 13       		.uleb128 0x13
 745 0006 0B       		.uleb128 0xb
 746 0007 03       		.uleb128 0x3
 747 0008 0E       		.uleb128 0xe
 748 0009 1B       		.uleb128 0x1b
 749 000a 0E       		.uleb128 0xe
 750 000b 10       		.uleb128 0x10
 751 000c 17       		.uleb128 0x17
 752 000d 00       		.byte	0
 753 000e 00       		.byte	0
 754 000f 02       		.uleb128 0x2
 755 0010 24       		.uleb128 0x24
 756 0011 00       		.byte	0
 757 0012 0B       		.uleb128 0xb
 758 0013 0B       		.uleb128 0xb
 759 0014 3E       		.uleb128 0x3e
 760 0015 0B       		.uleb128 0xb
 761 0016 03       		.uleb128 0x3
 762 0017 08       		.uleb128 0x8
 763 0018 00       		.byte	0
 764 0019 00       		.byte	0
 765 001a 03       		.uleb128 0x3
 766 001b 24       		.uleb128 0x24
 767 001c 00       		.byte	0
 768 001d 0B       		.uleb128 0xb
 769 001e 0B       		.uleb128 0xb
 770 001f 3E       		.uleb128 0x3e
 771 0020 0B       		.uleb128 0xb
 772 0021 03       		.uleb128 0x3
 773 0022 0E       		.uleb128 0xe
 774 0023 00       		.byte	0
 775 0024 00       		.byte	0
 776 0025 04       		.uleb128 0x4
 777 0026 16       		.uleb128 0x16
 778 0027 00       		.byte	0
 779 0028 03       		.uleb128 0x3
 780 0029 0E       		.uleb128 0xe
 781 002a 3A       		.uleb128 0x3a
 782 002b 0B       		.uleb128 0xb
 783 002c 3B       		.uleb128 0x3b
 784 002d 0B       		.uleb128 0xb
 785 002e 49       		.uleb128 0x49
 786 002f 13       		.uleb128 0x13
 787 0030 00       		.byte	0
 788 0031 00       		.byte	0
 789 0032 05       		.uleb128 0x5
 790 0033 35       		.uleb128 0x35
 791 0034 00       		.byte	0
 792 0035 49       		.uleb128 0x49
 793 0036 13       		.uleb128 0x13
 794 0037 00       		.byte	0
 795 0038 00       		.byte	0
 796 0039 06       		.uleb128 0x6
 797 003a 13       		.uleb128 0x13
 798 003b 01       		.byte	0x1
ARM GAS  /tmp/ccnPvrEa.s 			page 15


 799 003c 03       		.uleb128 0x3
 800 003d 0E       		.uleb128 0xe
 801 003e 0B       		.uleb128 0xb
 802 003f 0B       		.uleb128 0xb
 803 0040 3A       		.uleb128 0x3a
 804 0041 0B       		.uleb128 0xb
 805 0042 3B       		.uleb128 0x3b
 806 0043 0B       		.uleb128 0xb
 807 0044 01       		.uleb128 0x1
 808 0045 13       		.uleb128 0x13
 809 0046 00       		.byte	0
 810 0047 00       		.byte	0
 811 0048 07       		.uleb128 0x7
 812 0049 0D       		.uleb128 0xd
 813 004a 00       		.byte	0
 814 004b 03       		.uleb128 0x3
 815 004c 0E       		.uleb128 0xe
 816 004d 3A       		.uleb128 0x3a
 817 004e 0B       		.uleb128 0xb
 818 004f 3B       		.uleb128 0x3b
 819 0050 0B       		.uleb128 0xb
 820 0051 49       		.uleb128 0x49
 821 0052 13       		.uleb128 0x13
 822 0053 38       		.uleb128 0x38
 823 0054 0B       		.uleb128 0xb
 824 0055 00       		.byte	0
 825 0056 00       		.byte	0
 826 0057 08       		.uleb128 0x8
 827 0058 0D       		.uleb128 0xd
 828 0059 00       		.byte	0
 829 005a 03       		.uleb128 0x3
 830 005b 08       		.uleb128 0x8
 831 005c 3A       		.uleb128 0x3a
 832 005d 0B       		.uleb128 0xb
 833 005e 3B       		.uleb128 0x3b
 834 005f 05       		.uleb128 0x5
 835 0060 49       		.uleb128 0x49
 836 0061 13       		.uleb128 0x13
 837 0062 38       		.uleb128 0x38
 838 0063 0B       		.uleb128 0xb
 839 0064 00       		.byte	0
 840 0065 00       		.byte	0
 841 0066 09       		.uleb128 0x9
 842 0067 0D       		.uleb128 0xd
 843 0068 00       		.byte	0
 844 0069 03       		.uleb128 0x3
 845 006a 0E       		.uleb128 0xe
 846 006b 3A       		.uleb128 0x3a
 847 006c 0B       		.uleb128 0xb
 848 006d 3B       		.uleb128 0x3b
 849 006e 05       		.uleb128 0x5
 850 006f 49       		.uleb128 0x49
 851 0070 13       		.uleb128 0x13
 852 0071 38       		.uleb128 0x38
 853 0072 0B       		.uleb128 0xb
 854 0073 00       		.byte	0
 855 0074 00       		.byte	0
ARM GAS  /tmp/ccnPvrEa.s 			page 16


 856 0075 0A       		.uleb128 0xa
 857 0076 13       		.uleb128 0x13
 858 0077 01       		.byte	0x1
 859 0078 03       		.uleb128 0x3
 860 0079 0E       		.uleb128 0xe
 861 007a 0B       		.uleb128 0xb
 862 007b 0B       		.uleb128 0xb
 863 007c 3A       		.uleb128 0x3a
 864 007d 0B       		.uleb128 0xb
 865 007e 3B       		.uleb128 0x3b
 866 007f 05       		.uleb128 0x5
 867 0080 01       		.uleb128 0x1
 868 0081 13       		.uleb128 0x13
 869 0082 00       		.byte	0
 870 0083 00       		.byte	0
 871 0084 0B       		.uleb128 0xb
 872 0085 0F       		.uleb128 0xf
 873 0086 00       		.byte	0
 874 0087 0B       		.uleb128 0xb
 875 0088 0B       		.uleb128 0xb
 876 0089 49       		.uleb128 0x49
 877 008a 13       		.uleb128 0x13
 878 008b 00       		.byte	0
 879 008c 00       		.byte	0
 880 008d 0C       		.uleb128 0xc
 881 008e 15       		.uleb128 0x15
 882 008f 01       		.byte	0x1
 883 0090 27       		.uleb128 0x27
 884 0091 19       		.uleb128 0x19
 885 0092 01       		.uleb128 0x1
 886 0093 13       		.uleb128 0x13
 887 0094 00       		.byte	0
 888 0095 00       		.byte	0
 889 0096 0D       		.uleb128 0xd
 890 0097 05       		.uleb128 0x5
 891 0098 00       		.byte	0
 892 0099 49       		.uleb128 0x49
 893 009a 13       		.uleb128 0x13
 894 009b 00       		.byte	0
 895 009c 00       		.byte	0
 896 009d 0E       		.uleb128 0xe
 897 009e 0F       		.uleb128 0xf
 898 009f 00       		.byte	0
 899 00a0 0B       		.uleb128 0xb
 900 00a1 0B       		.uleb128 0xb
 901 00a2 00       		.byte	0
 902 00a3 00       		.byte	0
 903 00a4 0F       		.uleb128 0xf
 904 00a5 13       		.uleb128 0x13
 905 00a6 01       		.byte	0x1
 906 00a7 03       		.uleb128 0x3
 907 00a8 0E       		.uleb128 0xe
 908 00a9 0B       		.uleb128 0xb
 909 00aa 05       		.uleb128 0x5
 910 00ab 3A       		.uleb128 0x3a
 911 00ac 0B       		.uleb128 0xb
 912 00ad 3B       		.uleb128 0x3b
ARM GAS  /tmp/ccnPvrEa.s 			page 17


 913 00ae 05       		.uleb128 0x5
 914 00af 01       		.uleb128 0x1
 915 00b0 13       		.uleb128 0x13
 916 00b1 00       		.byte	0
 917 00b2 00       		.byte	0
 918 00b3 10       		.uleb128 0x10
 919 00b4 0D       		.uleb128 0xd
 920 00b5 00       		.byte	0
 921 00b6 03       		.uleb128 0x3
 922 00b7 08       		.uleb128 0x8
 923 00b8 3A       		.uleb128 0x3a
 924 00b9 0B       		.uleb128 0xb
 925 00ba 3B       		.uleb128 0x3b
 926 00bb 0B       		.uleb128 0xb
 927 00bc 49       		.uleb128 0x49
 928 00bd 13       		.uleb128 0x13
 929 00be 38       		.uleb128 0x38
 930 00bf 0B       		.uleb128 0xb
 931 00c0 00       		.byte	0
 932 00c1 00       		.byte	0
 933 00c2 11       		.uleb128 0x11
 934 00c3 13       		.uleb128 0x13
 935 00c4 01       		.byte	0x1
 936 00c5 0B       		.uleb128 0xb
 937 00c6 0B       		.uleb128 0xb
 938 00c7 3A       		.uleb128 0x3a
 939 00c8 0B       		.uleb128 0xb
 940 00c9 3B       		.uleb128 0x3b
 941 00ca 0B       		.uleb128 0xb
 942 00cb 01       		.uleb128 0x1
 943 00cc 13       		.uleb128 0x13
 944 00cd 00       		.byte	0
 945 00ce 00       		.byte	0
 946 00cf 12       		.uleb128 0x12
 947 00d0 17       		.uleb128 0x17
 948 00d1 01       		.byte	0x1
 949 00d2 0B       		.uleb128 0xb
 950 00d3 0B       		.uleb128 0xb
 951 00d4 3A       		.uleb128 0x3a
 952 00d5 0B       		.uleb128 0xb
 953 00d6 3B       		.uleb128 0x3b
 954 00d7 0B       		.uleb128 0xb
 955 00d8 01       		.uleb128 0x1
 956 00d9 13       		.uleb128 0x13
 957 00da 00       		.byte	0
 958 00db 00       		.byte	0
 959 00dc 13       		.uleb128 0x13
 960 00dd 0D       		.uleb128 0xd
 961 00de 00       		.byte	0
 962 00df 03       		.uleb128 0x3
 963 00e0 0E       		.uleb128 0xe
 964 00e1 3A       		.uleb128 0x3a
 965 00e2 0B       		.uleb128 0xb
 966 00e3 3B       		.uleb128 0x3b
 967 00e4 0B       		.uleb128 0xb
 968 00e5 49       		.uleb128 0x49
 969 00e6 13       		.uleb128 0x13
ARM GAS  /tmp/ccnPvrEa.s 			page 18


 970 00e7 00       		.byte	0
 971 00e8 00       		.byte	0
 972 00e9 14       		.uleb128 0x14
 973 00ea 0D       		.uleb128 0xd
 974 00eb 00       		.byte	0
 975 00ec 03       		.uleb128 0x3
 976 00ed 0E       		.uleb128 0xe
 977 00ee 3A       		.uleb128 0x3a
 978 00ef 0B       		.uleb128 0xb
 979 00f0 3B       		.uleb128 0x3b
 980 00f1 05       		.uleb128 0x5
 981 00f2 49       		.uleb128 0x49
 982 00f3 13       		.uleb128 0x13
 983 00f4 00       		.byte	0
 984 00f5 00       		.byte	0
 985 00f6 15       		.uleb128 0x15
 986 00f7 26       		.uleb128 0x26
 987 00f8 00       		.byte	0
 988 00f9 49       		.uleb128 0x49
 989 00fa 13       		.uleb128 0x13
 990 00fb 00       		.byte	0
 991 00fc 00       		.byte	0
 992 00fd 16       		.uleb128 0x16
 993 00fe 01       		.uleb128 0x1
 994 00ff 01       		.byte	0x1
 995 0100 49       		.uleb128 0x49
 996 0101 13       		.uleb128 0x13
 997 0102 01       		.uleb128 0x1
 998 0103 13       		.uleb128 0x13
 999 0104 00       		.byte	0
 1000 0105 00       		.byte	0
 1001 0106 17       		.uleb128 0x17
 1002 0107 21       		.uleb128 0x21
 1003 0108 00       		.byte	0
 1004 0109 49       		.uleb128 0x49
 1005 010a 13       		.uleb128 0x13
 1006 010b 2F       		.uleb128 0x2f
 1007 010c 0B       		.uleb128 0xb
 1008 010d 00       		.byte	0
 1009 010e 00       		.byte	0
 1010 010f 18       		.uleb128 0x18
 1011 0110 34       		.uleb128 0x34
 1012 0111 00       		.byte	0
 1013 0112 03       		.uleb128 0x3
 1014 0113 0E       		.uleb128 0xe
 1015 0114 3A       		.uleb128 0x3a
 1016 0115 0B       		.uleb128 0xb
 1017 0116 3B       		.uleb128 0x3b
 1018 0117 05       		.uleb128 0x5
 1019 0118 49       		.uleb128 0x49
 1020 0119 13       		.uleb128 0x13
 1021 011a 3F       		.uleb128 0x3f
 1022 011b 19       		.uleb128 0x19
 1023 011c 3C       		.uleb128 0x3c
 1024 011d 19       		.uleb128 0x19
 1025 011e 00       		.byte	0
 1026 011f 00       		.byte	0
ARM GAS  /tmp/ccnPvrEa.s 			page 19


 1027 0120 19       		.uleb128 0x19
 1028 0121 34       		.uleb128 0x34
 1029 0122 00       		.byte	0
 1030 0123 03       		.uleb128 0x3
 1031 0124 08       		.uleb128 0x8
 1032 0125 3A       		.uleb128 0x3a
 1033 0126 0B       		.uleb128 0xb
 1034 0127 3B       		.uleb128 0x3b
 1035 0128 05       		.uleb128 0x5
 1036 0129 49       		.uleb128 0x49
 1037 012a 13       		.uleb128 0x13
 1038 012b 3F       		.uleb128 0x3f
 1039 012c 19       		.uleb128 0x19
 1040 012d 3C       		.uleb128 0x3c
 1041 012e 19       		.uleb128 0x19
 1042 012f 00       		.byte	0
 1043 0130 00       		.byte	0
 1044 0131 00       		.byte	0
 1045              		.section	.debug_aranges,"",%progbits
 1046 0000 14000000 		.4byte	0x14
 1047 0004 0200     		.2byte	0x2
 1048 0006 00000000 		.4byte	.Ldebug_info0
 1049 000a 04       		.byte	0x4
 1050 000b 00       		.byte	0
 1051 000c 0000     		.2byte	0
 1052 000e 0000     		.2byte	0
 1053 0010 00000000 		.4byte	0
 1054 0014 00000000 		.4byte	0
 1055              		.section	.debug_line,"",%progbits
 1056              	.Ldebug_line0:
 1057 0000 00020000 		.section	.debug_str,"MS",%progbits,1
 1057      0200FA01 
 1057      00000201 
 1057      FB0E0D00 
 1057      01010101 
 1058              	.LASF25:
 1059 0000 74687265 		.ascii	"thread_t\000"
 1059      61645F74 
 1059      00
 1060              	.LASF20:
 1061 0009 74726566 		.ascii	"trefs_t\000"
 1061      735F7400 
 1062              	.LASF91:
 1063 0011 6D5F6E65 		.ascii	"m_next\000"
 1063      787400
 1064              	.LASF46:
 1065 0018 74687265 		.ascii	"threads_queue_t\000"
 1065      6164735F 
 1065      71756575 
 1065      655F7400 
 1066              	.LASF68:
 1067 0028 63685F73 		.ascii	"ch_system_debug\000"
 1067      79737465 
 1067      6D5F6465 
 1067      62756700 
 1068              	.LASF16:
 1069 0038 75696E74 		.ascii	"uint64_t\000"
ARM GAS  /tmp/ccnPvrEa.s 			page 20


 1069      36345F74 
 1069      00
 1070              	.LASF74:
 1071 0041 6D61696E 		.ascii	"mainthread\000"
 1071      74687265 
 1071      616400
 1072              	.LASF3:
 1073 004c 73686F72 		.ascii	"short int\000"
 1073      7420696E 
 1073      7400
 1074              	.LASF50:
 1075 0056 725F7175 		.ascii	"r_queue\000"
 1075      65756500 
 1076              	.LASF94:
 1077 005e 474E5520 		.ascii	"GNU C 4.8.4 20140526 (release) [ARM/embedded-4_8-br"
 1077      4320342E 
 1077      382E3420 
 1077      32303134 
 1077      30353236 
 1078 0091 616E6368 		.ascii	"anch revision 211358] -mcpu=cortex-m4 -mno-thumb-in"
 1078      20726576 
 1078      6973696F 
 1078      6E203231 
 1078      31333538 
 1079 00c4 74657277 		.ascii	"terwork -mthumb -ggdb -O2 -fomit-frame-pointer -fal"
 1079      6F726B20 
 1079      2D6D7468 
 1079      756D6220 
 1079      2D676764 
 1080 00f7 69676E2D 		.ascii	"ign-functions=16 -ffunction-sections -fdata-section"
 1080      66756E63 
 1080      74696F6E 
 1080      733D3136 
 1080      202D6666 
 1081 012a 73202D66 		.ascii	"s -fno-common\000"
 1081      6E6F2D63 
 1081      6F6D6D6F 
 1081      6E00
 1082              	.LASF39:
 1083 0138 705F6570 		.ascii	"p_epending\000"
 1083      656E6469 
 1083      6E6700
 1084              	.LASF27:
 1085 0143 705F7072 		.ascii	"p_prev\000"
 1085      657600
 1086              	.LASF67:
 1087 014a 73797374 		.ascii	"system_debug_t\000"
 1087      656D5F64 
 1087      65627567 
 1087      5F7400
 1088              	.LASF95:
 1089 0159 2E2E2F43 		.ascii	"../ChibiOS/os/hal/osal/rt/osal.c\000"
 1089      68696269 
 1089      4F532F6F 
 1089      732F6861 
 1089      6C2F6F73 
 1090              	.LASF23:
ARM GAS  /tmp/ccnPvrEa.s 			page 21


 1091 017a 6576656E 		.ascii	"eventmask_t\000"
 1091      746D6173 
 1091      6B5F7400 
 1092              	.LASF37:
 1093 0186 705F6D73 		.ascii	"p_msgqueue\000"
 1093      67717565 
 1093      756500
 1094              	.LASF28:
 1095 0191 705F7072 		.ascii	"p_prio\000"
 1095      696F00
 1096              	.LASF45:
 1097 0198 63685F74 		.ascii	"ch_threads_list\000"
 1097      68726561 
 1097      64735F6C 
 1097      69737400 
 1098              	.LASF73:
 1099 01a8 76746C69 		.ascii	"vtlist\000"
 1099      737400
 1100              	.LASF82:
 1101 01af 746D5F63 		.ascii	"tm_calibration_t\000"
 1101      616C6962 
 1101      72617469 
 1101      6F6E5F74 
 1101      00
 1102              	.LASF63:
 1103 01c0 76745F70 		.ascii	"vt_par\000"
 1103      617200
 1104              	.LASF70:
 1105 01c7 63685F73 		.ascii	"ch_system_t\000"
 1105      79737465 
 1105      6D5F7400 
 1106              	.LASF77:
 1107 01d3 72656761 		.ascii	"regarm_t\000"
 1107      726D5F74 
 1107      00
 1108              	.LASF13:
 1109 01dc 75696E74 		.ascii	"uint8_t\000"
 1109      385F7400 
 1110              	.LASF47:
 1111 01e4 63685F74 		.ascii	"ch_threads_queue\000"
 1111      68726561 
 1111      64735F71 
 1111      75657565 
 1111      00
 1112              	.LASF14:
 1113 01f5 696E7433 		.ascii	"int32_t\000"
 1113      325F7400 
 1114              	.LASF44:
 1115 01fd 63685F74 		.ascii	"ch_thread\000"
 1115      68726561 
 1115      6400
 1116              	.LASF96:
 1117 0207 2F6E6673 		.ascii	"/nfs/nfs4/home/ruswang/p442-submissions/p442-submis"
 1117      2F6E6673 
 1117      342F686F 
 1117      6D652F72 
 1117      75737761 
ARM GAS  /tmp/ccnPvrEa.s 			page 22


 1118 023a 73696F6E 		.ascii	"sions/lab1\000"
 1118      732F6C61 
 1118      623100
 1119              	.LASF66:
 1120 0245 76745F6C 		.ascii	"vt_lasttime\000"
 1120      61737474 
 1120      696D6500 
 1121              	.LASF18:
 1122 0251 746D6F64 		.ascii	"tmode_t\000"
 1122      655F7400 
 1123              	.LASF10:
 1124 0259 6C6F6E67 		.ascii	"long long int\000"
 1124      206C6F6E 
 1124      6720696E 
 1124      7400
 1125              	.LASF52:
 1126 0267 725F6374 		.ascii	"r_ctx\000"
 1126      7800
 1127              	.LASF21:
 1128 026d 74707269 		.ascii	"tprio_t\000"
 1128      6F5F7400 
 1129              	.LASF65:
 1130 0275 63685F76 		.ascii	"ch_virtual_timers_list\000"
 1130      69727475 
 1130      616C5F74 
 1130      696D6572 
 1130      735F6C69 
 1131              	.LASF7:
 1132 028c 6C6F6E67 		.ascii	"long int\000"
 1132      20696E74 
 1132      00
 1133              	.LASF71:
 1134 0295 63685F73 		.ascii	"ch_system\000"
 1134      79737465 
 1134      6D00
 1135              	.LASF81:
 1136 029f 6F666673 		.ascii	"offset\000"
 1136      657400
 1137              	.LASF57:
 1138 02a6 76697274 		.ascii	"virtual_timer_t\000"
 1138      75616C5F 
 1138      74696D65 
 1138      725F7400 
 1139              	.LASF89:
 1140 02b6 6D5F7175 		.ascii	"m_queue\000"
 1140      65756500 
 1141              	.LASF5:
 1142 02be 5F5F7569 		.ascii	"__uint8_t\000"
 1142      6E74385F 
 1142      7400
 1143              	.LASF79:
 1144 02c8 636F6E74 		.ascii	"context\000"
 1144      65787400 
 1145              	.LASF60:
 1146 02d0 76745F70 		.ascii	"vt_prev\000"
 1146      72657600 
 1147              	.LASF55:
ARM GAS  /tmp/ccnPvrEa.s 			page 23


 1148 02d8 725F6375 		.ascii	"r_current\000"
 1148      7272656E 
 1148      7400
 1149              	.LASF38:
 1150 02e2 705F6D73 		.ascii	"p_msg\000"
 1150      6700
 1151              	.LASF17:
 1152 02e8 7274636E 		.ascii	"rtcnt_t\000"
 1152      745F7400 
 1153              	.LASF2:
 1154 02f0 756E7369 		.ascii	"unsigned char\000"
 1154      676E6564 
 1154      20636861 
 1154      7200
 1155              	.LASF86:
 1156 02fe 65776D61 		.ascii	"ewmask\000"
 1156      736B00
 1157              	.LASF1:
 1158 0305 7369676E 		.ascii	"signed char\000"
 1158      65642063 
 1158      68617200 
 1159              	.LASF30:
 1160 0311 705F6E65 		.ascii	"p_newer\000"
 1160      77657200 
 1161              	.LASF12:
 1162 0319 6C6F6E67 		.ascii	"long long unsigned int\000"
 1162      206C6F6E 
 1162      6720756E 
 1162      7369676E 
 1162      65642069 
 1163              	.LASF15:
 1164 0330 75696E74 		.ascii	"uint32_t\000"
 1164      33325F74 
 1164      00
 1165              	.LASF0:
 1166 0339 756E7369 		.ascii	"unsigned int\000"
 1166      676E6564 
 1166      20696E74 
 1166      00
 1167              	.LASF92:
 1168 0346 6D757465 		.ascii	"mutex_t\000"
 1168      785F7400 
 1169              	.LASF59:
 1170 034e 76745F6E 		.ascii	"vt_next\000"
 1170      65787400 
 1171              	.LASF80:
 1172 0356 706F7274 		.ascii	"port_intctx\000"
 1172      5F696E74 
 1172      63747800 
 1173              	.LASF42:
 1174 0362 705F6D70 		.ascii	"p_mpool\000"
 1174      6F6F6C00 
 1175              	.LASF88:
 1176 036a 6D757465 		.ascii	"mutex\000"
 1176      7800
 1177              	.LASF53:
 1178 0370 725F6E65 		.ascii	"r_newer\000"
ARM GAS  /tmp/ccnPvrEa.s 			page 24


 1178      77657200 
 1179              	.LASF34:
 1180 0378 705F666C 		.ascii	"p_flags\000"
 1180      61677300 
 1181              	.LASF61:
 1182 0380 76745F64 		.ascii	"vt_delta\000"
 1182      656C7461 
 1182      00
 1183              	.LASF41:
 1184 0389 705F7265 		.ascii	"p_realprio\000"
 1184      616C7072 
 1184      696F00
 1185              	.LASF24:
 1186 0394 73797374 		.ascii	"systime_t\000"
 1186      696D655F 
 1186      7400
 1187              	.LASF72:
 1188 039e 726C6973 		.ascii	"rlist\000"
 1188      7400
 1189              	.LASF87:
 1190 03a4 63686172 		.ascii	"char\000"
 1190      00
 1191              	.LASF32:
 1192 03a9 705F6E61 		.ascii	"p_name\000"
 1192      6D6500
 1193              	.LASF58:
 1194 03b0 63685F76 		.ascii	"ch_virtual_timer\000"
 1194      69727475 
 1194      616C5F74 
 1194      696D6572 
 1194      00
 1195              	.LASF33:
 1196 03c1 705F7374 		.ascii	"p_state\000"
 1196      61746500 
 1197              	.LASF51:
 1198 03c9 725F7072 		.ascii	"r_prio\000"
 1198      696F00
 1199              	.LASF4:
 1200 03d0 73686F72 		.ascii	"short unsigned int\000"
 1200      7420756E 
 1200      7369676E 
 1200      65642069 
 1200      6E7400
 1201              	.LASF36:
 1202 03e3 705F7761 		.ascii	"p_waiting\000"
 1202      6974696E 
 1202      6700
 1203              	.LASF11:
 1204 03ed 5F5F7569 		.ascii	"__uint64_t\000"
 1204      6E743634 
 1204      5F7400
 1205              	.LASF40:
 1206 03f8 705F6D74 		.ascii	"p_mtxlist\000"
 1206      786C6973 
 1206      7400
 1207              	.LASF75:
 1208 0402 69646C65 		.ascii	"idle_thread_wa\000"
ARM GAS  /tmp/ccnPvrEa.s 			page 25


 1208      5F746872 
 1208      6561645F 
 1208      776100
 1209              	.LASF9:
 1210 0411 6C6F6E67 		.ascii	"long unsigned int\000"
 1210      20756E73 
 1210      69676E65 
 1210      6420696E 
 1210      7400
 1211              	.LASF69:
 1212 0423 70616E69 		.ascii	"panic_msg\000"
 1212      635F6D73 
 1212      6700
 1213              	.LASF8:
 1214 042d 5F5F7569 		.ascii	"__uint32_t\000"
 1214      6E743332 
 1214      5F7400
 1215              	.LASF26:
 1216 0438 705F6E65 		.ascii	"p_next\000"
 1216      787400
 1217              	.LASF6:
 1218 043f 5F5F696E 		.ascii	"__int32_t\000"
 1218      7433325F 
 1218      7400
 1219              	.LASF85:
 1220 0449 77746F62 		.ascii	"wtobjp\000"
 1220      6A7000
 1221              	.LASF62:
 1222 0450 76745F66 		.ascii	"vt_func\000"
 1222      756E6300 
 1223              	.LASF19:
 1224 0458 74737461 		.ascii	"tstate_t\000"
 1224      74655F74 
 1224      00
 1225              	.LASF78:
 1226 0461 73746B61 		.ascii	"stkalign_t\000"
 1226      6C69676E 
 1226      5F7400
 1227              	.LASF84:
 1228 046c 65786974 		.ascii	"exitcode\000"
 1228      636F6465 
 1228      00
 1229              	.LASF56:
 1230 0475 76746675 		.ascii	"vtfunc_t\000"
 1230      6E635F74 
 1230      00
 1231              	.LASF31:
 1232 047e 705F6F6C 		.ascii	"p_older\000"
 1232      64657200 
 1233              	.LASF48:
 1234 0486 72656164 		.ascii	"ready_list_t\000"
 1234      795F6C69 
 1234      73745F74 
 1234      00
 1235              	.LASF76:
 1236 0493 73697A65 		.ascii	"sizetype\000"
 1236      74797065 
ARM GAS  /tmp/ccnPvrEa.s 			page 26


 1236      00
 1237              	.LASF64:
 1238 049c 76697274 		.ascii	"virtual_timers_list_t\000"
 1238      75616C5F 
 1238      74696D65 
 1238      72735F6C 
 1238      6973745F 
 1239              	.LASF35:
 1240 04b2 705F7265 		.ascii	"p_refs\000"
 1240      667300
 1241              	.LASF49:
 1242 04b9 63685F72 		.ascii	"ch_ready_list\000"
 1242      65616479 
 1242      5F6C6973 
 1242      7400
 1243              	.LASF29:
 1244 04c7 705F6374 		.ascii	"p_ctx\000"
 1244      7800
 1245              	.LASF93:
 1246 04cd 49544D5F 		.ascii	"ITM_RxBuffer\000"
 1246      52784275 
 1246      66666572 
 1246      00
 1247              	.LASF90:
 1248 04da 6D5F6F77 		.ascii	"m_owner\000"
 1248      6E657200 
 1249              	.LASF83:
 1250 04e2 7264796D 		.ascii	"rdymsg\000"
 1250      736700
 1251              	.LASF22:
 1252 04e9 6D73675F 		.ascii	"msg_t\000"
 1252      7400
 1253              	.LASF54:
 1254 04ef 725F6F6C 		.ascii	"r_older\000"
 1254      64657200 
 1255              	.LASF43:
 1256 04f7 74687265 		.ascii	"threads_list_t\000"
 1256      6164735F 
 1256      6C697374 
 1256      5F7400
 1257              		.ident	"GCC: (GNU Tools for ARM Embedded Processors) 4.8.4 20140526 (release) [ARM/embedded-4_8-br
ARM GAS  /tmp/ccnPvrEa.s 			page 27


DEFINED SYMBOLS
                            *ABS*:00000000 osal.c

NO UNDEFINED SYMBOLS
