ARM GAS  /tmp/ccXqI850.s 			page 1


   1              		.syntax unified
   2              		.cpu cortex-m4
   3              		.fpu softvfp
   4              		.eabi_attribute 20, 1
   5              		.eabi_attribute 21, 1
   6              		.eabi_attribute 23, 3
   7              		.eabi_attribute 24, 1
   8              		.eabi_attribute 25, 1
   9              		.eabi_attribute 26, 1
  10              		.eabi_attribute 30, 2
  11              		.eabi_attribute 34, 1
  12              		.eabi_attribute 18, 4
  13              		.thumb
  14              		.file	"pal.c"
  15              		.text
  16              	.Ltext0:
  17              		.cfi_sections	.debug_frame
  18              		.section	.text.palReadBus,"ax",%progbits
  19              		.align	2
  20              		.p2align 4,,15
  21              		.global	palReadBus
  22              		.thumb
  23              		.thumb_func
  24              		.type	palReadBus, %function
  25              	palReadBus:
  26              	.LFB255:
  27              		.file 1 "../ChibiOS/os/hal/src/pal.c"
  28              		.loc 1 68 0
  29              		.cfi_startproc
  30              		@ args = 0, pretend = 0, frame = 0
  31              		@ frame_needed = 0, uses_anonymous_args = 0
  32              		@ link register save eliminated.
  33              	.LVL0:
  34              		.loc 1 72 0
  35 0000 0368     		ldr	r3, [r0]
  36 0002 8268     		ldr	r2, [r0, #8]
  37 0004 1969     		ldr	r1, [r3, #16]
  38 0006 4368     		ldr	r3, [r0, #4]
  39 0008 21FA02F0 		lsr	r0, r1, r2
  40              	.LVL1:
  41              		.loc 1 73 0
  42 000c 1840     		ands	r0, r0, r3
  43 000e 7047     		bx	lr
  44              		.cfi_endproc
  45              	.LFE255:
  46              		.size	palReadBus, .-palReadBus
  47              		.section	.text.palWriteBus,"ax",%progbits
  48              		.align	2
  49              		.p2align 4,,15
  50              		.global	palWriteBus
  51              		.thumb
  52              		.thumb_func
  53              		.type	palWriteBus, %function
  54              	palWriteBus:
  55              	.LFB256:
  56              		.loc 1 93 0
  57              		.cfi_startproc
ARM GAS  /tmp/ccXqI850.s 			page 2


  58              		@ args = 0, pretend = 0, frame = 0
  59              		@ frame_needed = 0, uses_anonymous_args = 0
  60              		@ link register save eliminated.
  61              	.LVL2:
  62              		.loc 1 97 0
  63 0000 0DC8     		ldmia	r0, {r0, r2, r3}
  64              	.LVL3:
  65              		.loc 1 93 0
  66 0002 30B4     		push	{r4, r5}
  67              		.cfi_def_cfa_offset 8
  68              		.cfi_offset 4, -8
  69              		.cfi_offset 5, -4
  70              		.loc 1 97 0
  71 0004 22EA0105 		bic	r5, r2, r1
  72 0008 03F11004 		add	r4, r3, #16
  73 000c 0A40     		ands	r2, r2, r1
  74 000e 02FA03F3 		lsl	r3, r2, r3
  75 0012 05FA04F2 		lsl	r2, r5, r4
  76 0016 1343     		orrs	r3, r3, r2
  77 0018 8361     		str	r3, [r0, #24]
  78              		.loc 1 98 0
  79 001a 30BC     		pop	{r4, r5}
  80 001c 7047     		bx	lr
  81              		.cfi_endproc
  82              	.LFE256:
  83              		.size	palWriteBus, .-palWriteBus
  84 001e 00BF     		.section	.text.palSetBusMode,"ax",%progbits
  85              		.align	2
  86              		.p2align 4,,15
  87              		.global	palSetBusMode
  88              		.thumb
  89              		.thumb_func
  90              		.type	palSetBusMode, %function
  91              	palSetBusMode:
  92              	.LFB257:
  93              		.loc 1 116 0
  94              		.cfi_startproc
  95              		@ args = 0, pretend = 0, frame = 0
  96              		@ frame_needed = 0, uses_anonymous_args = 0
  97              		@ link register save eliminated.
  98              	.LVL4:
  99 0000 10B4     		push	{r4}
 100              		.cfi_def_cfa_offset 4
 101              		.cfi_offset 4, -4
 102              		.loc 1 116 0
 103 0002 0A46     		mov	r2, r1
 104              		.loc 1 120 0
 105 0004 4468     		ldr	r4, [r0, #4]
 106 0006 8168     		ldr	r1, [r0, #8]
 107              	.LVL5:
 108 0008 0068     		ldr	r0, [r0]
 109              	.LVL6:
 110 000a 04FA01F1 		lsl	r1, r4, r1
 111              		.loc 1 121 0
 112 000e 5DF8044B 		ldr	r4, [sp], #4
 113              		.loc 1 120 0
 114 0012 FFF7FEBF 		b	_pal_lld_setgroupmode
ARM GAS  /tmp/ccXqI850.s 			page 3


 115              	.LVL7:
 116              		.cfi_endproc
 117              	.LFE257:
 118              		.size	palSetBusMode, .-palSetBusMode
 119 0016 00BFAFF3 		.text
 119      0080AFF3 
 119      0080
 120              	.Letext0:
 121              		.file 2 "/nfs/nfs5/home/research/hardware/arm2/gcc-arm-embedded/gcc-arm-none-eabi-4_8-2014q2/arm-n
 122              		.file 3 "/nfs/nfs5/home/research/hardware/arm2/gcc-arm-embedded/gcc-arm-none-eabi-4_8-2014q2/arm-n
 123              		.file 4 "../ChibiOS/os/rt/ports/ARMCMx/compilers/GCC/chtypes.h"
 124              		.file 5 "../ChibiOS/os/rt/include/chsystypes.h"
 125              		.file 6 "../ChibiOS/os/rt/include/chschd.h"
 126              		.file 7 "../ChibiOS/os/rt/ports/ARMCMx/chcore.h"
 127              		.file 8 "../ChibiOS/os/rt/ports/ARMCMx/chcore_v7m.h"
 128              		.file 9 "../ChibiOS/os/rt/include/chtm.h"
 129              		.file 10 "../ChibiOS/os/rt/include/chmtx.h"
 130              		.file 11 "../ChibiOS/os/hal/ports/STM32/LLD/GPIOv2/pal_lld.h"
 131              		.file 12 "../ChibiOS/os/hal/include/pal.h"
 132              		.file 13 "../ChibiOS/os/ext/CMSIS/include/core_cm4.h"
 133              		.section	.debug_info,"",%progbits
 134              	.Ldebug_info0:
 135 0000 43080000 		.4byte	0x843
 136 0004 0400     		.2byte	0x4
 137 0006 00000000 		.4byte	.Ldebug_abbrev0
 138 000a 04       		.byte	0x4
 139 000b 01       		.uleb128 0x1
 140 000c 25040000 		.4byte	.LASF119
 141 0010 01       		.byte	0x1
 142 0011 BA010000 		.4byte	.LASF120
 143 0015 1E010000 		.4byte	.LASF121
 144 0019 00000000 		.4byte	.Ldebug_ranges0+0
 145 001d 00000000 		.4byte	0
 146 0021 00000000 		.4byte	.Ldebug_line0
 147 0025 02       		.uleb128 0x2
 148 0026 04       		.byte	0x4
 149 0027 05       		.byte	0x5
 150 0028 696E7400 		.ascii	"int\000"
 151 002c 03       		.uleb128 0x3
 152 002d 04       		.byte	0x4
 153 002e 07       		.byte	0x7
 154 002f A5010000 		.4byte	.LASF0
 155 0033 03       		.uleb128 0x3
 156 0034 01       		.byte	0x1
 157 0035 06       		.byte	0x6
 158 0036 D6000000 		.4byte	.LASF1
 159 003a 04       		.uleb128 0x4
 160 003b 1D000000 		.4byte	.LASF4
 161 003f 02       		.byte	0x2
 162 0040 1C       		.byte	0x1c
 163 0041 45000000 		.4byte	0x45
 164 0045 03       		.uleb128 0x3
 165 0046 01       		.byte	0x1
 166 0047 08       		.byte	0x8
 167 0048 2E030000 		.4byte	.LASF2
 168 004c 03       		.uleb128 0x3
 169 004d 02       		.byte	0x2
ARM GAS  /tmp/ccXqI850.s 			page 4


 170 004e 05       		.byte	0x5
 171 004f 46030000 		.4byte	.LASF3
 172 0053 04       		.uleb128 0x4
 173 0054 11040000 		.4byte	.LASF5
 174 0058 02       		.byte	0x2
 175 0059 26       		.byte	0x26
 176 005a 5E000000 		.4byte	0x5e
 177 005e 03       		.uleb128 0x3
 178 005f 02       		.byte	0x2
 179 0060 07       		.byte	0x7
 180 0061 E6010000 		.4byte	.LASF6
 181 0065 04       		.uleb128 0x4
 182 0066 37020000 		.4byte	.LASF7
 183 006a 02       		.byte	0x2
 184 006b 37       		.byte	0x37
 185 006c 70000000 		.4byte	0x70
 186 0070 03       		.uleb128 0x3
 187 0071 04       		.byte	0x4
 188 0072 05       		.byte	0x5
 189 0073 03010000 		.4byte	.LASF8
 190 0077 04       		.uleb128 0x4
 191 0078 24050000 		.4byte	.LASF9
 192 007c 02       		.byte	0x2
 193 007d 38       		.byte	0x38
 194 007e 82000000 		.4byte	0x82
 195 0082 03       		.uleb128 0x3
 196 0083 04       		.byte	0x4
 197 0084 07       		.byte	0x7
 198 0085 EA030000 		.4byte	.LASF10
 199 0089 03       		.uleb128 0x3
 200 008a 08       		.byte	0x8
 201 008b 05       		.byte	0x5
 202 008c C8000000 		.4byte	.LASF11
 203 0090 04       		.uleb128 0x4
 204 0091 4C020000 		.4byte	.LASF12
 205 0095 02       		.byte	0x2
 206 0096 4E       		.byte	0x4e
 207 0097 9B000000 		.4byte	0x9b
 208 009b 03       		.uleb128 0x3
 209 009c 08       		.byte	0x8
 210 009d 07       		.byte	0x7
 211 009e 5C000000 		.4byte	.LASF13
 212 00a2 04       		.uleb128 0x4
 213 00a3 A1050000 		.4byte	.LASF14
 214 00a7 03       		.byte	0x3
 215 00a8 2A       		.byte	0x2a
 216 00a9 3A000000 		.4byte	0x3a
 217 00ad 04       		.uleb128 0x4
 218 00ae 15010000 		.4byte	.LASF15
 219 00b2 03       		.byte	0x3
 220 00b3 36       		.byte	0x36
 221 00b4 53000000 		.4byte	0x53
 222 00b8 04       		.uleb128 0x4
 223 00b9 26030000 		.4byte	.LASF16
 224 00bd 03       		.byte	0x3
 225 00be 41       		.byte	0x41
 226 00bf 65000000 		.4byte	0x65
ARM GAS  /tmp/ccXqI850.s 			page 5


 227 00c3 04       		.uleb128 0x4
 228 00c4 C0030000 		.4byte	.LASF17
 229 00c8 03       		.byte	0x3
 230 00c9 42       		.byte	0x42
 231 00ca 77000000 		.4byte	0x77
 232 00ce 04       		.uleb128 0x4
 233 00cf 14000000 		.4byte	.LASF18
 234 00d3 03       		.byte	0x3
 235 00d4 4E       		.byte	0x4e
 236 00d5 90000000 		.4byte	0x90
 237 00d9 04       		.uleb128 0x4
 238 00da 6D030000 		.4byte	.LASF19
 239 00de 03       		.byte	0x3
 240 00df 60       		.byte	0x60
 241 00e0 2C000000 		.4byte	0x2c
 242 00e4 05       		.uleb128 0x5
 243 00e5 B8000000 		.4byte	0xb8
 244 00e9 05       		.uleb128 0x5
 245 00ea C3000000 		.4byte	0xc3
 246 00ee 04       		.uleb128 0x4
 247 00ef 69050000 		.4byte	.LASF20
 248 00f3 04       		.byte	0x4
 249 00f4 45       		.byte	0x45
 250 00f5 C3000000 		.4byte	0xc3
 251 00f9 04       		.uleb128 0x4
 252 00fa 15020000 		.4byte	.LASF21
 253 00fe 04       		.byte	0x4
 254 00ff 48       		.byte	0x48
 255 0100 A2000000 		.4byte	0xa2
 256 0104 04       		.uleb128 0x4
 257 0105 0C010000 		.4byte	.LASF22
 258 0109 04       		.byte	0x4
 259 010a 49       		.byte	0x49
 260 010b A2000000 		.4byte	0xa2
 261 010f 04       		.uleb128 0x4
 262 0110 E3020000 		.4byte	.LASF23
 263 0114 04       		.byte	0x4
 264 0115 4A       		.byte	0x4a
 265 0116 A2000000 		.4byte	0xa2
 266 011a 04       		.uleb128 0x4
 267 011b 02030000 		.4byte	.LASF24
 268 011f 04       		.byte	0x4
 269 0120 4C       		.byte	0x4c
 270 0121 C3000000 		.4byte	0xc3
 271 0125 04       		.uleb128 0x4
 272 0126 03020000 		.4byte	.LASF25
 273 012a 04       		.byte	0x4
 274 012b 4D       		.byte	0x4d
 275 012c B8000000 		.4byte	0xb8
 276 0130 04       		.uleb128 0x4
 277 0131 2B020000 		.4byte	.LASF26
 278 0135 04       		.byte	0x4
 279 0136 4F       		.byte	0x4f
 280 0137 C3000000 		.4byte	0xc3
 281 013b 04       		.uleb128 0x4
 282 013c 06050000 		.4byte	.LASF27
 283 0140 05       		.byte	0x5
ARM GAS  /tmp/ccXqI850.s 			page 6


 284 0141 33       		.byte	0x33
 285 0142 C3000000 		.4byte	0xc3
 286 0146 04       		.uleb128 0x4
 287 0147 1C040000 		.4byte	.LASF28
 288 014b 05       		.byte	0x5
 289 014c 3F       		.byte	0x3f
 290 014d 51010000 		.4byte	0x151
 291 0151 06       		.uleb128 0x6
 292 0152 F9010000 		.4byte	.LASF47
 293 0156 44       		.byte	0x44
 294 0157 06       		.byte	0x6
 295 0158 BE       		.byte	0xbe
 296 0159 3E020000 		.4byte	0x23e
 297 015d 07       		.uleb128 0x7
 298 015e 66030000 		.4byte	.LASF29
 299 0162 06       		.byte	0x6
 300 0163 BF       		.byte	0xbf
 301 0164 22050000 		.4byte	0x522
 302 0168 00       		.byte	0
 303 0169 07       		.uleb128 0x7
 304 016a FB020000 		.4byte	.LASF30
 305 016e 06       		.byte	0x6
 306 016f C1       		.byte	0xc1
 307 0170 22050000 		.4byte	0x522
 308 0174 04       		.byte	0x4
 309 0175 07       		.uleb128 0x7
 310 0176 C1000000 		.4byte	.LASF31
 311 017a 06       		.byte	0x6
 312 017b C3       		.byte	0xc3
 313 017c 1A010000 		.4byte	0x11a
 314 0180 08       		.byte	0x8
 315 0181 07       		.uleb128 0x7
 316 0182 DD050000 		.4byte	.LASF32
 317 0186 06       		.byte	0x6
 318 0187 C4       		.byte	0xc4
 319 0188 68040000 		.4byte	0x468
 320 018c 0C       		.byte	0xc
 321 018d 07       		.uleb128 0x7
 322 018e 5C010000 		.4byte	.LASF33
 323 0192 06       		.byte	0x6
 324 0193 C6       		.byte	0xc6
 325 0194 22050000 		.4byte	0x522
 326 0198 10       		.byte	0x10
 327 0199 07       		.uleb128 0x7
 328 019a 93020000 		.4byte	.LASF34
 329 019e 06       		.byte	0x6
 330 019f C7       		.byte	0xc7
 331 01a0 22050000 		.4byte	0x522
 332 01a4 14       		.byte	0x14
 333 01a5 07       		.uleb128 0x7
 334 01a6 B0050000 		.4byte	.LASF35
 335 01aa 06       		.byte	0x6
 336 01ab CE       		.byte	0xce
 337 01ac 60050000 		.4byte	0x560
 338 01b0 18       		.byte	0x18
 339 01b1 07       		.uleb128 0x7
 340 01b2 50030000 		.4byte	.LASF36
ARM GAS  /tmp/ccXqI850.s 			page 7


 341 01b6 06       		.byte	0x6
 342 01b7 D9       		.byte	0xd9
 343 01b8 04010000 		.4byte	0x104
 344 01bc 1C       		.byte	0x1c
 345 01bd 07       		.uleb128 0x7
 346 01be 7A030000 		.4byte	.LASF37
 347 01c2 06       		.byte	0x6
 348 01c3 DD       		.byte	0xdd
 349 01c4 F9000000 		.4byte	0xf9
 350 01c8 1D       		.byte	0x1d
 351 01c9 07       		.uleb128 0x7
 352 01ca 94050000 		.4byte	.LASF38
 353 01ce 06       		.byte	0x6
 354 01cf E2       		.byte	0xe2
 355 01d0 0F010000 		.4byte	0x10f
 356 01d4 1E       		.byte	0x1e
 357 01d5 08       		.uleb128 0x8
 358 01d6 705F7500 		.ascii	"p_u\000"
 359 01da 06       		.byte	0x6
 360 01db 1401     		.2byte	0x114
 361 01dd 28050000 		.4byte	0x528
 362 01e1 20       		.byte	0x20
 363 01e2 09       		.uleb128 0x9
 364 01e3 57020000 		.4byte	.LASF39
 365 01e7 06       		.byte	0x6
 366 01e8 1901     		.2byte	0x119
 367 01ea 3E020000 		.4byte	0x23e
 368 01ee 24       		.byte	0x24
 369 01ef 09       		.uleb128 0x9
 370 01f0 D6010000 		.4byte	.LASF40
 371 01f4 06       		.byte	0x6
 372 01f5 1F01     		.2byte	0x11f
 373 01f7 62020000 		.4byte	0x262
 374 01fb 28       		.byte	0x28
 375 01fc 09       		.uleb128 0x9
 376 01fd C6050000 		.4byte	.LASF41
 377 0201 06       		.byte	0x6
 378 0202 2301     		.2byte	0x123
 379 0204 25010000 		.4byte	0x125
 380 0208 30       		.byte	0x30
 381 0209 09       		.uleb128 0x9
 382 020a B5030000 		.4byte	.LASF42
 383 020e 06       		.byte	0x6
 384 020f 2901     		.2byte	0x129
 385 0211 30010000 		.4byte	0x130
 386 0215 34       		.byte	0x34
 387 0216 09       		.uleb128 0x9
 388 0217 3C030000 		.4byte	.LASF43
 389 021b 06       		.byte	0x6
 390 021c 3001     		.2byte	0x130
 391 021e A3050000 		.4byte	0x5a3
 392 0222 38       		.byte	0x38
 393 0223 09       		.uleb128 0x9
 394 0224 10050000 		.4byte	.LASF44
 395 0228 06       		.byte	0x6
 396 0229 3401     		.2byte	0x134
 397 022b 1A010000 		.4byte	0x11a
ARM GAS  /tmp/ccXqI850.s 			page 8


 398 022f 3C       		.byte	0x3c
 399 0230 09       		.uleb128 0x9
 400 0231 E7000000 		.4byte	.LASF45
 401 0235 06       		.byte	0x6
 402 0236 3A01     		.2byte	0x13a
 403 0238 15030000 		.4byte	0x315
 404 023c 40       		.byte	0x40
 405 023d 00       		.byte	0
 406 023e 04       		.uleb128 0x4
 407 023f B7050000 		.4byte	.LASF46
 408 0243 05       		.byte	0x5
 409 0244 44       		.byte	0x44
 410 0245 49020000 		.4byte	0x249
 411 0249 06       		.uleb128 0x6
 412 024a DA030000 		.4byte	.LASF48
 413 024e 04       		.byte	0x4
 414 024f 06       		.byte	0x6
 415 0250 AC       		.byte	0xac
 416 0251 62020000 		.4byte	0x262
 417 0255 07       		.uleb128 0x7
 418 0256 66030000 		.4byte	.LASF29
 419 025a 06       		.byte	0x6
 420 025b AD       		.byte	0xad
 421 025c 22050000 		.4byte	0x522
 422 0260 00       		.byte	0
 423 0261 00       		.byte	0
 424 0262 04       		.uleb128 0x4
 425 0263 84050000 		.4byte	.LASF49
 426 0267 05       		.byte	0x5
 427 0268 4B       		.byte	0x4b
 428 0269 6D020000 		.4byte	0x26d
 429 026d 06       		.uleb128 0x6
 430 026e B0000000 		.4byte	.LASF50
 431 0272 08       		.byte	0x8
 432 0273 06       		.byte	0x6
 433 0274 B3       		.byte	0xb3
 434 0275 92020000 		.4byte	0x292
 435 0279 07       		.uleb128 0x7
 436 027a 66030000 		.4byte	.LASF29
 437 027e 06       		.byte	0x6
 438 027f B4       		.byte	0xb4
 439 0280 22050000 		.4byte	0x522
 440 0284 00       		.byte	0
 441 0285 07       		.uleb128 0x7
 442 0286 FB020000 		.4byte	.LASF30
 443 028a 06       		.byte	0x6
 444 028b B5       		.byte	0xb5
 445 028c 22050000 		.4byte	0x522
 446 0290 04       		.byte	0x4
 447 0291 00       		.byte	0
 448 0292 04       		.uleb128 0x4
 449 0293 00000000 		.4byte	.LASF51
 450 0297 05       		.byte	0x5
 451 0298 52       		.byte	0x52
 452 0299 9D020000 		.4byte	0x29d
 453 029d 0A       		.uleb128 0xa
 454 029e 1D020000 		.4byte	.LASF52
ARM GAS  /tmp/ccXqI850.s 			page 9


 455 02a2 1C       		.byte	0x1c
 456 02a3 06       		.byte	0x6
 457 02a4 7201     		.2byte	0x172
 458 02a6 F9020000 		.4byte	0x2f9
 459 02aa 09       		.uleb128 0x9
 460 02ab C9030000 		.4byte	.LASF53
 461 02af 06       		.byte	0x6
 462 02b0 7301     		.2byte	0x173
 463 02b2 62020000 		.4byte	0x262
 464 02b6 00       		.byte	0
 465 02b7 09       		.uleb128 0x9
 466 02b8 58030000 		.4byte	.LASF54
 467 02bc 06       		.byte	0x6
 468 02bd 7401     		.2byte	0x174
 469 02bf 1A010000 		.4byte	0x11a
 470 02c3 08       		.byte	0x8
 471 02c4 09       		.uleb128 0x9
 472 02c5 9B020000 		.4byte	.LASF55
 473 02c9 06       		.byte	0x6
 474 02ca 7601     		.2byte	0x176
 475 02cc 68040000 		.4byte	0x468
 476 02d0 0C       		.byte	0xc
 477 02d1 09       		.uleb128 0x9
 478 02d2 6C010000 		.4byte	.LASF56
 479 02d6 06       		.byte	0x6
 480 02d7 7901     		.2byte	0x179
 481 02d9 22050000 		.4byte	0x522
 482 02dd 10       		.byte	0x10
 483 02de 09       		.uleb128 0x9
 484 02df BC020000 		.4byte	.LASF57
 485 02e3 06       		.byte	0x6
 486 02e4 7A01     		.2byte	0x17a
 487 02e6 22050000 		.4byte	0x522
 488 02ea 14       		.byte	0x14
 489 02eb 09       		.uleb128 0x9
 490 02ec B2020000 		.4byte	.LASF58
 491 02f0 06       		.byte	0x6
 492 02f1 7D01     		.2byte	0x17d
 493 02f3 22050000 		.4byte	0x522
 494 02f7 18       		.byte	0x18
 495 02f8 00       		.byte	0
 496 02f9 04       		.uleb128 0x4
 497 02fa 1B050000 		.4byte	.LASF59
 498 02fe 05       		.byte	0x5
 499 02ff 57       		.byte	0x57
 500 0300 04030000 		.4byte	0x304
 501 0304 0B       		.uleb128 0xb
 502 0305 04       		.byte	0x4
 503 0306 0A030000 		.4byte	0x30a
 504 030a 0C       		.uleb128 0xc
 505 030b 15030000 		.4byte	0x315
 506 030f 0D       		.uleb128 0xd
 507 0310 15030000 		.4byte	0x315
 508 0314 00       		.byte	0
 509 0315 0E       		.uleb128 0xe
 510 0316 04       		.byte	0x4
 511 0317 04       		.uleb128 0x4
ARM GAS  /tmp/ccXqI850.s 			page 10


 512 0318 EB020000 		.4byte	.LASF60
 513 031c 05       		.byte	0x5
 514 031d 5C       		.byte	0x5c
 515 031e 22030000 		.4byte	0x322
 516 0322 0A       		.uleb128 0xa
 517 0323 A4030000 		.4byte	.LASF61
 518 0327 14       		.byte	0x14
 519 0328 06       		.byte	0x6
 520 0329 4D01     		.2byte	0x14d
 521 032b 71030000 		.4byte	0x371
 522 032f 09       		.uleb128 0x9
 523 0330 B2010000 		.4byte	.LASF62
 524 0334 06       		.byte	0x6
 525 0335 4E01     		.2byte	0x14e
 526 0337 A9050000 		.4byte	0x5a9
 527 033b 00       		.byte	0
 528 033c 09       		.uleb128 0x9
 529 033d 82010000 		.4byte	.LASF63
 530 0341 06       		.byte	0x6
 531 0342 4F01     		.2byte	0x14f
 532 0344 A9050000 		.4byte	0x5a9
 533 0348 04       		.byte	0x4
 534 0349 09       		.uleb128 0x9
 535 034a D1030000 		.4byte	.LASF64
 536 034e 06       		.byte	0x6
 537 034f 5001     		.2byte	0x150
 538 0351 3B010000 		.4byte	0x13b
 539 0355 08       		.byte	0x8
 540 0356 09       		.uleb128 0x9
 541 0357 E3050000 		.4byte	.LASF65
 542 035b 06       		.byte	0x6
 543 035c 5101     		.2byte	0x151
 544 035e F9020000 		.4byte	0x2f9
 545 0362 0C       		.byte	0xc
 546 0363 09       		.uleb128 0x9
 547 0364 71050000 		.4byte	.LASF66
 548 0368 06       		.byte	0x6
 549 0369 5301     		.2byte	0x153
 550 036b 15030000 		.4byte	0x315
 551 036f 10       		.byte	0x10
 552 0370 00       		.byte	0
 553 0371 04       		.uleb128 0x4
 554 0372 8D000000 		.4byte	.LASF67
 555 0376 05       		.byte	0x5
 556 0377 61       		.byte	0x61
 557 0378 7C030000 		.4byte	0x37c
 558 037c 0A       		.uleb128 0xa
 559 037d 6A020000 		.4byte	.LASF68
 560 0381 10       		.byte	0x10
 561 0382 06       		.byte	0x6
 562 0383 5D01     		.2byte	0x15d
 563 0385 BE030000 		.4byte	0x3be
 564 0389 09       		.uleb128 0x9
 565 038a B2010000 		.4byte	.LASF62
 566 038e 06       		.byte	0x6
 567 038f 5E01     		.2byte	0x15e
 568 0391 A9050000 		.4byte	0x5a9
ARM GAS  /tmp/ccXqI850.s 			page 11


 569 0395 00       		.byte	0
 570 0396 09       		.uleb128 0x9
 571 0397 82010000 		.4byte	.LASF63
 572 039b 06       		.byte	0x6
 573 039c 6001     		.2byte	0x160
 574 039e A9050000 		.4byte	0x5a9
 575 03a2 04       		.byte	0x4
 576 03a3 09       		.uleb128 0x9
 577 03a4 D1030000 		.4byte	.LASF64
 578 03a8 06       		.byte	0x6
 579 03a9 6201     		.2byte	0x162
 580 03ab 3B010000 		.4byte	0x13b
 581 03af 08       		.byte	0x8
 582 03b0 09       		.uleb128 0x9
 583 03b1 87020000 		.4byte	.LASF69
 584 03b5 06       		.byte	0x6
 585 03b6 6A01     		.2byte	0x16a
 586 03b8 3B010000 		.4byte	0x13b
 587 03bc 0C       		.byte	0xc
 588 03bd 00       		.byte	0
 589 03be 04       		.uleb128 0x4
 590 03bf 3A000000 		.4byte	.LASF70
 591 03c3 05       		.byte	0x5
 592 03c4 66       		.byte	0x66
 593 03c5 C9030000 		.4byte	0x3c9
 594 03c9 0A       		.uleb128 0xa
 595 03ca 10030000 		.4byte	.LASF71
 596 03ce 04       		.byte	0x4
 597 03cf 06       		.byte	0x6
 598 03d0 8401     		.2byte	0x184
 599 03d2 E4030000 		.4byte	0x3e4
 600 03d6 09       		.uleb128 0x9
 601 03d7 2F050000 		.4byte	.LASF72
 602 03db 06       		.byte	0x6
 603 03dc 8C01     		.2byte	0x18c
 604 03de AF050000 		.4byte	0x5af
 605 03e2 00       		.byte	0
 606 03e3 00       		.byte	0
 607 03e4 04       		.uleb128 0x4
 608 03e5 09020000 		.4byte	.LASF73
 609 03e9 05       		.byte	0x5
 610 03ea 6B       		.byte	0x6b
 611 03eb EF030000 		.4byte	0x3ef
 612 03ef 0F       		.uleb128 0xf
 613 03f0 9A030000 		.4byte	.LASF74
 614 03f4 5001     		.2byte	0x150
 615 03f6 06       		.byte	0x6
 616 03f7 A401     		.2byte	0x1a4
 617 03f9 4B040000 		.4byte	0x44b
 618 03fd 09       		.uleb128 0x9
 619 03fe 9B050000 		.4byte	.LASF75
 620 0402 06       		.byte	0x6
 621 0403 A801     		.2byte	0x1a8
 622 0405 92020000 		.4byte	0x292
 623 0409 00       		.byte	0
 624 040a 09       		.uleb128 0x9
 625 040b F7000000 		.4byte	.LASF76
ARM GAS  /tmp/ccXqI850.s 			page 12


 626 040f 06       		.byte	0x6
 627 0410 AC01     		.2byte	0x1ac
 628 0412 71030000 		.4byte	0x371
 629 0416 1C       		.byte	0x1c
 630 0417 08       		.uleb128 0x8
 631 0418 64626700 		.ascii	"dbg\000"
 632 041c 06       		.byte	0x6
 633 041d B001     		.2byte	0x1b0
 634 041f BE030000 		.4byte	0x3be
 635 0423 2C       		.byte	0x2c
 636 0424 09       		.uleb128 0x9
 637 0425 82000000 		.4byte	.LASF77
 638 0429 06       		.byte	0x6
 639 042a B401     		.2byte	0x1b4
 640 042c 46010000 		.4byte	0x146
 641 0430 30       		.byte	0x30
 642 0431 08       		.uleb128 0x8
 643 0432 746D00   		.ascii	"tm\000"
 644 0435 06       		.byte	0x6
 645 0436 B901     		.2byte	0x1b9
 646 0438 17050000 		.4byte	0x517
 647 043c 74       		.byte	0x74
 648 043d 09       		.uleb128 0x9
 649 043e 8B030000 		.4byte	.LASF78
 650 0442 06       		.byte	0x6
 651 0443 C501     		.2byte	0x1c5
 652 0445 B4050000 		.4byte	0x5b4
 653 0449 78       		.byte	0x78
 654 044a 00       		.byte	0
 655 044b 03       		.uleb128 0x3
 656 044c 04       		.byte	0x4
 657 044d 07       		.byte	0x7
 658 044e 61020000 		.4byte	.LASF79
 659 0452 04       		.uleb128 0x4
 660 0453 79010000 		.4byte	.LASF80
 661 0457 07       		.byte	0x7
 662 0458 85       		.byte	0x85
 663 0459 15030000 		.4byte	0x315
 664 045d 04       		.uleb128 0x4
 665 045e 41020000 		.4byte	.LASF81
 666 0462 07       		.byte	0x7
 667 0463 8D       		.byte	0x8d
 668 0464 CE000000 		.4byte	0xce
 669 0468 06       		.uleb128 0x6
 670 0469 4B050000 		.4byte	.LASF82
 671 046d 04       		.byte	0x4
 672 046e 07       		.byte	0x7
 673 046f A9       		.byte	0xa9
 674 0470 81040000 		.4byte	0x481
 675 0474 10       		.uleb128 0x10
 676 0475 72313300 		.ascii	"r13\000"
 677 0479 07       		.byte	0x7
 678 047a AA       		.byte	0xaa
 679 047b FC040000 		.4byte	0x4fc
 680 047f 00       		.byte	0
 681 0480 00       		.byte	0
 682 0481 06       		.uleb128 0x6
ARM GAS  /tmp/ccXqI850.s 			page 13


 683 0482 2E000000 		.4byte	.LASF83
 684 0486 24       		.byte	0x24
 685 0487 08       		.byte	0x8
 686 0488 F4       		.byte	0xf4
 687 0489 FC040000 		.4byte	0x4fc
 688 048d 08       		.uleb128 0x8
 689 048e 723400   		.ascii	"r4\000"
 690 0491 08       		.byte	0x8
 691 0492 0701     		.2byte	0x107
 692 0494 52040000 		.4byte	0x452
 693 0498 00       		.byte	0
 694 0499 08       		.uleb128 0x8
 695 049a 723500   		.ascii	"r5\000"
 696 049d 08       		.byte	0x8
 697 049e 0801     		.2byte	0x108
 698 04a0 52040000 		.4byte	0x452
 699 04a4 04       		.byte	0x4
 700 04a5 08       		.uleb128 0x8
 701 04a6 723600   		.ascii	"r6\000"
 702 04a9 08       		.byte	0x8
 703 04aa 0901     		.2byte	0x109
 704 04ac 52040000 		.4byte	0x452
 705 04b0 08       		.byte	0x8
 706 04b1 08       		.uleb128 0x8
 707 04b2 723700   		.ascii	"r7\000"
 708 04b5 08       		.byte	0x8
 709 04b6 0A01     		.2byte	0x10a
 710 04b8 52040000 		.4byte	0x452
 711 04bc 0C       		.byte	0xc
 712 04bd 08       		.uleb128 0x8
 713 04be 723800   		.ascii	"r8\000"
 714 04c1 08       		.byte	0x8
 715 04c2 0B01     		.2byte	0x10b
 716 04c4 52040000 		.4byte	0x452
 717 04c8 10       		.byte	0x10
 718 04c9 08       		.uleb128 0x8
 719 04ca 723900   		.ascii	"r9\000"
 720 04cd 08       		.byte	0x8
 721 04ce 0C01     		.2byte	0x10c
 722 04d0 52040000 		.4byte	0x452
 723 04d4 14       		.byte	0x14
 724 04d5 08       		.uleb128 0x8
 725 04d6 72313000 		.ascii	"r10\000"
 726 04da 08       		.byte	0x8
 727 04db 0D01     		.2byte	0x10d
 728 04dd 52040000 		.4byte	0x452
 729 04e1 18       		.byte	0x18
 730 04e2 08       		.uleb128 0x8
 731 04e3 72313100 		.ascii	"r11\000"
 732 04e7 08       		.byte	0x8
 733 04e8 0E01     		.2byte	0x10e
 734 04ea 52040000 		.4byte	0x452
 735 04ee 1C       		.byte	0x1c
 736 04ef 08       		.uleb128 0x8
 737 04f0 6C7200   		.ascii	"lr\000"
 738 04f3 08       		.byte	0x8
 739 04f4 0F01     		.2byte	0x10f
ARM GAS  /tmp/ccXqI850.s 			page 14


 740 04f6 52040000 		.4byte	0x452
 741 04fa 20       		.byte	0x20
 742 04fb 00       		.byte	0
 743 04fc 0B       		.uleb128 0xb
 744 04fd 04       		.byte	0x4
 745 04fe 81040000 		.4byte	0x481
 746 0502 11       		.uleb128 0x11
 747 0503 04       		.byte	0x4
 748 0504 09       		.byte	0x9
 749 0505 38       		.byte	0x38
 750 0506 17050000 		.4byte	0x517
 751 050a 07       		.uleb128 0x7
 752 050b 39050000 		.4byte	.LASF84
 753 050f 09       		.byte	0x9
 754 0510 3C       		.byte	0x3c
 755 0511 EE000000 		.4byte	0xee
 756 0515 00       		.byte	0
 757 0516 00       		.byte	0
 758 0517 04       		.uleb128 0x4
 759 0518 A1020000 		.4byte	.LASF85
 760 051c 09       		.byte	0x9
 761 051d 3D       		.byte	0x3d
 762 051e 02050000 		.4byte	0x502
 763 0522 0B       		.uleb128 0xb
 764 0523 04       		.byte	0x4
 765 0524 46010000 		.4byte	0x146
 766 0528 12       		.uleb128 0x12
 767 0529 04       		.byte	0x4
 768 052a 06       		.byte	0x6
 769 052b F6       		.byte	0xf6
 770 052c 60050000 		.4byte	0x560
 771 0530 13       		.uleb128 0x13
 772 0531 0D000000 		.4byte	.LASF86
 773 0535 06       		.byte	0x6
 774 0536 FD       		.byte	0xfd
 775 0537 25010000 		.4byte	0x125
 776 053b 14       		.uleb128 0x14
 777 053c 79000000 		.4byte	.LASF87
 778 0540 06       		.byte	0x6
 779 0541 0401     		.2byte	0x104
 780 0543 25010000 		.4byte	0x125
 781 0547 14       		.uleb128 0x14
 782 0548 A9050000 		.4byte	.LASF88
 783 054c 06       		.byte	0x6
 784 054d 0B01     		.2byte	0x10b
 785 054f 15030000 		.4byte	0x315
 786 0553 14       		.uleb128 0x14
 787 0554 5F030000 		.4byte	.LASF89
 788 0558 06       		.byte	0x6
 789 0559 1201     		.2byte	0x112
 790 055b 30010000 		.4byte	0x130
 791 055f 00       		.byte	0
 792 0560 0B       		.uleb128 0xb
 793 0561 04       		.byte	0x4
 794 0562 66050000 		.4byte	0x566
 795 0566 15       		.uleb128 0x15
 796 0567 6B050000 		.4byte	0x56b
ARM GAS  /tmp/ccXqI850.s 			page 15


 797 056b 03       		.uleb128 0x3
 798 056c 01       		.byte	0x1
 799 056d 08       		.byte	0x8
 800 056e FC030000 		.4byte	.LASF90
 801 0572 06       		.uleb128 0x6
 802 0573 0A030000 		.4byte	.LASF91
 803 0577 10       		.byte	0x10
 804 0578 0A       		.byte	0xa
 805 0579 39       		.byte	0x39
 806 057a A3050000 		.4byte	0x5a3
 807 057e 07       		.uleb128 0x7
 808 057f EF000000 		.4byte	.LASF92
 809 0583 0A       		.byte	0xa
 810 0584 3A       		.byte	0x3a
 811 0585 62020000 		.4byte	0x262
 812 0589 00       		.byte	0
 813 058a 07       		.uleb128 0x7
 814 058b D5050000 		.4byte	.LASF93
 815 058f 0A       		.byte	0xa
 816 0590 3C       		.byte	0x3c
 817 0591 22050000 		.4byte	0x522
 818 0595 08       		.byte	0x8
 819 0596 07       		.uleb128 0x7
 820 0597 FF040000 		.4byte	.LASF94
 821 059b 0A       		.byte	0xa
 822 059c 3E       		.byte	0x3e
 823 059d CF050000 		.4byte	0x5cf
 824 05a1 0C       		.byte	0xc
 825 05a2 00       		.byte	0
 826 05a3 0B       		.uleb128 0xb
 827 05a4 04       		.byte	0x4
 828 05a5 72050000 		.4byte	0x572
 829 05a9 0B       		.uleb128 0xb
 830 05aa 04       		.byte	0x4
 831 05ab 17030000 		.4byte	0x317
 832 05af 05       		.uleb128 0x5
 833 05b0 60050000 		.4byte	0x560
 834 05b4 16       		.uleb128 0x16
 835 05b5 5D040000 		.4byte	0x45d
 836 05b9 C4050000 		.4byte	0x5c4
 837 05bd 17       		.uleb128 0x17
 838 05be 4B040000 		.4byte	0x44b
 839 05c2 1A       		.byte	0x1a
 840 05c3 00       		.byte	0
 841 05c4 04       		.uleb128 0x4
 842 05c5 97010000 		.4byte	.LASF95
 843 05c9 0A       		.byte	0xa
 844 05ca 34       		.byte	0x34
 845 05cb 72050000 		.4byte	0x572
 846 05cf 0B       		.uleb128 0xb
 847 05d0 04       		.byte	0x4
 848 05d1 C4050000 		.4byte	0x5c4
 849 05d5 03       		.uleb128 0x3
 850 05d6 01       		.byte	0x1
 851 05d7 02       		.byte	0x2
 852 05d8 20030000 		.4byte	.LASF96
 853 05dc 11       		.uleb128 0x11
ARM GAS  /tmp/ccXqI850.s 			page 16


 854 05dd 04       		.byte	0x4
 855 05de 0B       		.byte	0xb
 856 05df B3       		.byte	0xb3
 857 05e0 FD050000 		.4byte	0x5fd
 858 05e4 10       		.uleb128 0x10
 859 05e5 73657400 		.ascii	"set\000"
 860 05e9 0B       		.byte	0xb
 861 05ea B4       		.byte	0xb4
 862 05eb AD000000 		.4byte	0xad
 863 05ef 00       		.byte	0
 864 05f0 07       		.uleb128 0x7
 865 05f1 81020000 		.4byte	.LASF97
 866 05f5 0B       		.byte	0xb
 867 05f6 B5       		.byte	0xb5
 868 05f7 AD000000 		.4byte	0xad
 869 05fb 02       		.byte	0x2
 870 05fc 00       		.byte	0
 871 05fd 12       		.uleb128 0x12
 872 05fe 04       		.byte	0x4
 873 05ff 0B       		.byte	0xb
 874 0600 B1       		.byte	0xb1
 875 0601 18060000 		.4byte	0x618
 876 0605 18       		.uleb128 0x18
 877 0606 5700     		.ascii	"W\000"
 878 0608 0B       		.byte	0xb
 879 0609 B2       		.byte	0xb2
 880 060a C3000000 		.4byte	0xc3
 881 060e 18       		.uleb128 0x18
 882 060f 4800     		.ascii	"H\000"
 883 0611 0B       		.byte	0xb
 884 0612 B6       		.byte	0xb6
 885 0613 DC050000 		.4byte	0x5dc
 886 0617 00       		.byte	0
 887 0618 11       		.uleb128 0x11
 888 0619 2C       		.byte	0x2c
 889 061a 0B       		.byte	0xb
 890 061b A9       		.byte	0xa9
 891 061c A5060000 		.4byte	0x6a5
 892 0620 07       		.uleb128 0x7
 893 0621 56000000 		.4byte	.LASF98
 894 0625 0B       		.byte	0xb
 895 0626 AB       		.byte	0xab
 896 0627 E9000000 		.4byte	0xe9
 897 062b 00       		.byte	0
 898 062c 07       		.uleb128 0x7
 899 062d 27000000 		.4byte	.LASF99
 900 0631 0B       		.byte	0xb
 901 0632 AC       		.byte	0xac
 902 0633 E9000000 		.4byte	0xe9
 903 0637 04       		.byte	0x4
 904 0638 07       		.uleb128 0x7
 905 0639 64010000 		.4byte	.LASF100
 906 063d 0B       		.byte	0xb
 907 063e AD       		.byte	0xad
 908 063f E9000000 		.4byte	0xe9
 909 0643 08       		.byte	0x8
 910 0644 07       		.uleb128 0x7
ARM GAS  /tmp/ccXqI850.s 			page 17


 911 0645 73000000 		.4byte	.LASF101
 912 0649 0B       		.byte	0xb
 913 064a AE       		.byte	0xae
 914 064b E9000000 		.4byte	0xe9
 915 064f 0C       		.byte	0xc
 916 0650 10       		.uleb128 0x10
 917 0651 49445200 		.ascii	"IDR\000"
 918 0655 0B       		.byte	0xb
 919 0656 AF       		.byte	0xaf
 920 0657 E9000000 		.4byte	0xe9
 921 065b 10       		.byte	0x10
 922 065c 10       		.uleb128 0x10
 923 065d 4F445200 		.ascii	"ODR\000"
 924 0661 0B       		.byte	0xb
 925 0662 B0       		.byte	0xb0
 926 0663 E9000000 		.4byte	0xe9
 927 0667 14       		.byte	0x14
 928 0668 07       		.uleb128 0x7
 929 0669 E2000000 		.4byte	.LASF102
 930 066d 0B       		.byte	0xb
 931 066e B7       		.byte	0xb7
 932 066f A5060000 		.4byte	0x6a5
 933 0673 18       		.byte	0x18
 934 0674 07       		.uleb128 0x7
 935 0675 E1010000 		.4byte	.LASF103
 936 0679 0B       		.byte	0xb
 937 067a B8       		.byte	0xb8
 938 067b E9000000 		.4byte	0xe9
 939 067f 1C       		.byte	0x1c
 940 0680 07       		.uleb128 0x7
 941 0681 DE020000 		.4byte	.LASF104
 942 0685 0B       		.byte	0xb
 943 0686 B9       		.byte	0xb9
 944 0687 E9000000 		.4byte	0xe9
 945 068b 20       		.byte	0x20
 946 068c 07       		.uleb128 0x7
 947 068d CB020000 		.4byte	.LASF105
 948 0691 0B       		.byte	0xb
 949 0692 BA       		.byte	0xba
 950 0693 E9000000 		.4byte	0xe9
 951 0697 24       		.byte	0x24
 952 0698 10       		.uleb128 0x10
 953 0699 42525200 		.ascii	"BRR\000"
 954 069d 0B       		.byte	0xb
 955 069e BB       		.byte	0xbb
 956 069f E9000000 		.4byte	0xe9
 957 06a3 28       		.byte	0x28
 958 06a4 00       		.byte	0
 959 06a5 05       		.uleb128 0x5
 960 06a6 FD050000 		.4byte	0x5fd
 961 06aa 04       		.uleb128 0x4
 962 06ab 8A010000 		.4byte	.LASF106
 963 06af 0B       		.byte	0xb
 964 06b0 BC       		.byte	0xbc
 965 06b1 18060000 		.4byte	0x618
 966 06b5 19       		.uleb128 0x19
 967 06b6 49000000 		.4byte	.LASF107
ARM GAS  /tmp/ccXqI850.s 			page 18


 968 06ba 0B       		.byte	0xb
 969 06bb 0E01     		.2byte	0x10e
 970 06bd C3000000 		.4byte	0xc3
 971 06c1 19       		.uleb128 0x19
 972 06c2 CC050000 		.4byte	.LASF108
 973 06c6 0B       		.byte	0xb
 974 06c7 1301     		.2byte	0x113
 975 06c9 C3000000 		.4byte	0xc3
 976 06cd 19       		.uleb128 0x19
 977 06ce 40050000 		.4byte	.LASF109
 978 06d2 0B       		.byte	0xb
 979 06d3 1B01     		.2byte	0x11b
 980 06d5 D9060000 		.4byte	0x6d9
 981 06d9 0B       		.uleb128 0xb
 982 06da 04       		.byte	0x4
 983 06db AA060000 		.4byte	0x6aa
 984 06df 11       		.uleb128 0x11
 985 06e0 0C       		.byte	0xc
 986 06e1 0C       		.byte	0xc
 987 06e2 7D       		.byte	0x7d
 988 06e3 0C070000 		.4byte	0x70c
 989 06e7 07       		.uleb128 0x7
 990 06e8 C4020000 		.4byte	.LASF110
 991 06ec 0C       		.byte	0xc
 992 06ed 81       		.byte	0x81
 993 06ee CD060000 		.4byte	0x6cd
 994 06f2 00       		.byte	0
 995 06f3 07       		.uleb128 0x7
 996 06f4 74010000 		.4byte	.LASF111
 997 06f8 0C       		.byte	0xc
 998 06f9 87       		.byte	0x87
 999 06fa B5060000 		.4byte	0x6b5
 1000 06fe 04       		.byte	0x4
 1001 06ff 07       		.uleb128 0x7
 1002 0700 39050000 		.4byte	.LASF84
 1003 0704 0C       		.byte	0xc
 1004 0705 8B       		.byte	0x8b
 1005 0706 D9000000 		.4byte	0xd9
 1006 070a 08       		.byte	0x8
 1007 070b 00       		.byte	0
 1008 070c 04       		.uleb128 0x4
 1009 070d 9F010000 		.4byte	.LASF112
 1010 0711 0C       		.byte	0xc
 1011 0712 8C       		.byte	0x8c
 1012 0713 DF060000 		.4byte	0x6df
 1013 0717 1A       		.uleb128 0x1a
 1014 0718 06040000 		.4byte	.LASF122
 1015 071c 01       		.byte	0x1
 1016 071d 44       		.byte	0x44
 1017 071e B5060000 		.4byte	0x6b5
 1018 0722 00000000 		.4byte	.LFB255
 1019 0726 10000000 		.4byte	.LFE255-.LFB255
 1020 072a 01       		.uleb128 0x1
 1021 072b 9C       		.byte	0x9c
 1022 072c 49070000 		.4byte	0x749
 1023 0730 1B       		.uleb128 0x1b
 1024 0731 62757300 		.ascii	"bus\000"
ARM GAS  /tmp/ccXqI850.s 			page 19


 1025 0735 01       		.byte	0x1
 1026 0736 44       		.byte	0x44
 1027 0737 49070000 		.4byte	0x749
 1028 073b 00000000 		.4byte	.LLST0
 1029 073f 1C       		.uleb128 0x1c
 1030 0740 82030000 		.4byte	.LASF114
 1031 0744 5F070000 		.4byte	0x75f
 1032 0748 00       		.byte	0
 1033 0749 0B       		.uleb128 0xb
 1034 074a 04       		.byte	0x4
 1035 074b 0C070000 		.4byte	0x70c
 1036 074f 16       		.uleb128 0x16
 1037 0750 6B050000 		.4byte	0x56b
 1038 0754 5F070000 		.4byte	0x75f
 1039 0758 17       		.uleb128 0x17
 1040 0759 4B040000 		.4byte	0x44b
 1041 075d 0A       		.byte	0xa
 1042 075e 00       		.byte	0
 1043 075f 15       		.uleb128 0x15
 1044 0760 4F070000 		.4byte	0x74f
 1045 0764 1D       		.uleb128 0x1d
 1046 0765 78050000 		.4byte	.LASF115
 1047 0769 01       		.byte	0x1
 1048 076a 5D       		.byte	0x5d
 1049 076b 00000000 		.4byte	.LFB256
 1050 076f 1E000000 		.4byte	.LFE256-.LFB256
 1051 0773 01       		.uleb128 0x1
 1052 0774 9C       		.byte	0x9c
 1053 0775 9F070000 		.4byte	0x79f
 1054 0779 1B       		.uleb128 0x1b
 1055 077a 62757300 		.ascii	"bus\000"
 1056 077e 01       		.byte	0x1
 1057 077f 5D       		.byte	0x5d
 1058 0780 49070000 		.4byte	0x749
 1059 0784 21000000 		.4byte	.LLST1
 1060 0788 1E       		.uleb128 0x1e
 1061 0789 FE000000 		.4byte	.LASF113
 1062 078d 01       		.byte	0x1
 1063 078e 5D       		.byte	0x5d
 1064 078f B5060000 		.4byte	0x6b5
 1065 0793 01       		.uleb128 0x1
 1066 0794 51       		.byte	0x51
 1067 0795 1C       		.uleb128 0x1c
 1068 0796 82030000 		.4byte	.LASF114
 1069 079a AF070000 		.4byte	0x7af
 1070 079e 00       		.byte	0
 1071 079f 16       		.uleb128 0x16
 1072 07a0 6B050000 		.4byte	0x56b
 1073 07a4 AF070000 		.4byte	0x7af
 1074 07a8 17       		.uleb128 0x17
 1075 07a9 4B040000 		.4byte	0x44b
 1076 07ad 0B       		.byte	0xb
 1077 07ae 00       		.byte	0
 1078 07af 15       		.uleb128 0x15
 1079 07b0 9F070000 		.4byte	0x79f
 1080 07b4 1D       		.uleb128 0x1d
 1081 07b5 D0020000 		.4byte	.LASF116
ARM GAS  /tmp/ccXqI850.s 			page 20


 1082 07b9 01       		.byte	0x1
 1083 07ba 74       		.byte	0x74
 1084 07bb 00000000 		.4byte	.LFB257
 1085 07bf 16000000 		.4byte	.LFE257-.LFB257
 1086 07c3 01       		.uleb128 0x1
 1087 07c4 9C       		.byte	0x9c
 1088 07c5 02080000 		.4byte	0x802
 1089 07c9 1B       		.uleb128 0x1b
 1090 07ca 62757300 		.ascii	"bus\000"
 1091 07ce 01       		.byte	0x1
 1092 07cf 74       		.byte	0x74
 1093 07d0 49070000 		.4byte	0x749
 1094 07d4 42000000 		.4byte	.LLST2
 1095 07d8 1F       		.uleb128 0x1f
 1096 07d9 01040000 		.4byte	.LASF117
 1097 07dd 01       		.byte	0x1
 1098 07de 74       		.byte	0x74
 1099 07df C1060000 		.4byte	0x6c1
 1100 07e3 63000000 		.4byte	.LLST3
 1101 07e7 1C       		.uleb128 0x1c
 1102 07e8 82030000 		.4byte	.LASF114
 1103 07ec 12080000 		.4byte	0x812
 1104 07f0 20       		.uleb128 0x20
 1105 07f1 16000000 		.4byte	.LVL7
 1106 07f5 2E080000 		.4byte	0x82e
 1107 07f9 21       		.uleb128 0x21
 1108 07fa 01       		.uleb128 0x1
 1109 07fb 52       		.byte	0x52
 1110 07fc 03       		.uleb128 0x3
 1111 07fd F3       		.byte	0xf3
 1112 07fe 01       		.uleb128 0x1
 1113 07ff 51       		.byte	0x51
 1114 0800 00       		.byte	0
 1115 0801 00       		.byte	0
 1116 0802 16       		.uleb128 0x16
 1117 0803 6B050000 		.4byte	0x56b
 1118 0807 12080000 		.4byte	0x812
 1119 080b 17       		.uleb128 0x17
 1120 080c 4B040000 		.4byte	0x44b
 1121 0810 0D       		.byte	0xd
 1122 0811 00       		.byte	0
 1123 0812 15       		.uleb128 0x15
 1124 0813 02080000 		.4byte	0x802
 1125 0817 22       		.uleb128 0x22
 1126 0818 A3000000 		.4byte	.LASF118
 1127 081c 0D       		.byte	0xd
 1128 081d A706     		.2byte	0x6a7
 1129 081f E4000000 		.4byte	0xe4
 1130 0823 23       		.uleb128 0x23
 1131 0824 636800   		.ascii	"ch\000"
 1132 0827 06       		.byte	0x6
 1133 0828 EB01     		.2byte	0x1eb
 1134 082a E4030000 		.4byte	0x3e4
 1135 082e 24       		.uleb128 0x24
 1136 082f 53050000 		.4byte	.LASF123
 1137 0833 0B       		.byte	0xb
 1138 0834 E001     		.2byte	0x1e0
ARM GAS  /tmp/ccXqI850.s 			page 21


 1139 0836 0D       		.uleb128 0xd
 1140 0837 CD060000 		.4byte	0x6cd
 1141 083b 0D       		.uleb128 0xd
 1142 083c B5060000 		.4byte	0x6b5
 1143 0840 0D       		.uleb128 0xd
 1144 0841 C1060000 		.4byte	0x6c1
 1145 0845 00       		.byte	0
 1146 0846 00       		.byte	0
 1147              		.section	.debug_abbrev,"",%progbits
 1148              	.Ldebug_abbrev0:
 1149 0000 01       		.uleb128 0x1
 1150 0001 11       		.uleb128 0x11
 1151 0002 01       		.byte	0x1
 1152 0003 25       		.uleb128 0x25
 1153 0004 0E       		.uleb128 0xe
 1154 0005 13       		.uleb128 0x13
 1155 0006 0B       		.uleb128 0xb
 1156 0007 03       		.uleb128 0x3
 1157 0008 0E       		.uleb128 0xe
 1158 0009 1B       		.uleb128 0x1b
 1159 000a 0E       		.uleb128 0xe
 1160 000b 55       		.uleb128 0x55
 1161 000c 17       		.uleb128 0x17
 1162 000d 11       		.uleb128 0x11
 1163 000e 01       		.uleb128 0x1
 1164 000f 10       		.uleb128 0x10
 1165 0010 17       		.uleb128 0x17
 1166 0011 00       		.byte	0
 1167 0012 00       		.byte	0
 1168 0013 02       		.uleb128 0x2
 1169 0014 24       		.uleb128 0x24
 1170 0015 00       		.byte	0
 1171 0016 0B       		.uleb128 0xb
 1172 0017 0B       		.uleb128 0xb
 1173 0018 3E       		.uleb128 0x3e
 1174 0019 0B       		.uleb128 0xb
 1175 001a 03       		.uleb128 0x3
 1176 001b 08       		.uleb128 0x8
 1177 001c 00       		.byte	0
 1178 001d 00       		.byte	0
 1179 001e 03       		.uleb128 0x3
 1180 001f 24       		.uleb128 0x24
 1181 0020 00       		.byte	0
 1182 0021 0B       		.uleb128 0xb
 1183 0022 0B       		.uleb128 0xb
 1184 0023 3E       		.uleb128 0x3e
 1185 0024 0B       		.uleb128 0xb
 1186 0025 03       		.uleb128 0x3
 1187 0026 0E       		.uleb128 0xe
 1188 0027 00       		.byte	0
 1189 0028 00       		.byte	0
 1190 0029 04       		.uleb128 0x4
 1191 002a 16       		.uleb128 0x16
 1192 002b 00       		.byte	0
 1193 002c 03       		.uleb128 0x3
 1194 002d 0E       		.uleb128 0xe
 1195 002e 3A       		.uleb128 0x3a
ARM GAS  /tmp/ccXqI850.s 			page 22


 1196 002f 0B       		.uleb128 0xb
 1197 0030 3B       		.uleb128 0x3b
 1198 0031 0B       		.uleb128 0xb
 1199 0032 49       		.uleb128 0x49
 1200 0033 13       		.uleb128 0x13
 1201 0034 00       		.byte	0
 1202 0035 00       		.byte	0
 1203 0036 05       		.uleb128 0x5
 1204 0037 35       		.uleb128 0x35
 1205 0038 00       		.byte	0
 1206 0039 49       		.uleb128 0x49
 1207 003a 13       		.uleb128 0x13
 1208 003b 00       		.byte	0
 1209 003c 00       		.byte	0
 1210 003d 06       		.uleb128 0x6
 1211 003e 13       		.uleb128 0x13
 1212 003f 01       		.byte	0x1
 1213 0040 03       		.uleb128 0x3
 1214 0041 0E       		.uleb128 0xe
 1215 0042 0B       		.uleb128 0xb
 1216 0043 0B       		.uleb128 0xb
 1217 0044 3A       		.uleb128 0x3a
 1218 0045 0B       		.uleb128 0xb
 1219 0046 3B       		.uleb128 0x3b
 1220 0047 0B       		.uleb128 0xb
 1221 0048 01       		.uleb128 0x1
 1222 0049 13       		.uleb128 0x13
 1223 004a 00       		.byte	0
 1224 004b 00       		.byte	0
 1225 004c 07       		.uleb128 0x7
 1226 004d 0D       		.uleb128 0xd
 1227 004e 00       		.byte	0
 1228 004f 03       		.uleb128 0x3
 1229 0050 0E       		.uleb128 0xe
 1230 0051 3A       		.uleb128 0x3a
 1231 0052 0B       		.uleb128 0xb
 1232 0053 3B       		.uleb128 0x3b
 1233 0054 0B       		.uleb128 0xb
 1234 0055 49       		.uleb128 0x49
 1235 0056 13       		.uleb128 0x13
 1236 0057 38       		.uleb128 0x38
 1237 0058 0B       		.uleb128 0xb
 1238 0059 00       		.byte	0
 1239 005a 00       		.byte	0
 1240 005b 08       		.uleb128 0x8
 1241 005c 0D       		.uleb128 0xd
 1242 005d 00       		.byte	0
 1243 005e 03       		.uleb128 0x3
 1244 005f 08       		.uleb128 0x8
 1245 0060 3A       		.uleb128 0x3a
 1246 0061 0B       		.uleb128 0xb
 1247 0062 3B       		.uleb128 0x3b
 1248 0063 05       		.uleb128 0x5
 1249 0064 49       		.uleb128 0x49
 1250 0065 13       		.uleb128 0x13
 1251 0066 38       		.uleb128 0x38
 1252 0067 0B       		.uleb128 0xb
ARM GAS  /tmp/ccXqI850.s 			page 23


 1253 0068 00       		.byte	0
 1254 0069 00       		.byte	0
 1255 006a 09       		.uleb128 0x9
 1256 006b 0D       		.uleb128 0xd
 1257 006c 00       		.byte	0
 1258 006d 03       		.uleb128 0x3
 1259 006e 0E       		.uleb128 0xe
 1260 006f 3A       		.uleb128 0x3a
 1261 0070 0B       		.uleb128 0xb
 1262 0071 3B       		.uleb128 0x3b
 1263 0072 05       		.uleb128 0x5
 1264 0073 49       		.uleb128 0x49
 1265 0074 13       		.uleb128 0x13
 1266 0075 38       		.uleb128 0x38
 1267 0076 0B       		.uleb128 0xb
 1268 0077 00       		.byte	0
 1269 0078 00       		.byte	0
 1270 0079 0A       		.uleb128 0xa
 1271 007a 13       		.uleb128 0x13
 1272 007b 01       		.byte	0x1
 1273 007c 03       		.uleb128 0x3
 1274 007d 0E       		.uleb128 0xe
 1275 007e 0B       		.uleb128 0xb
 1276 007f 0B       		.uleb128 0xb
 1277 0080 3A       		.uleb128 0x3a
 1278 0081 0B       		.uleb128 0xb
 1279 0082 3B       		.uleb128 0x3b
 1280 0083 05       		.uleb128 0x5
 1281 0084 01       		.uleb128 0x1
 1282 0085 13       		.uleb128 0x13
 1283 0086 00       		.byte	0
 1284 0087 00       		.byte	0
 1285 0088 0B       		.uleb128 0xb
 1286 0089 0F       		.uleb128 0xf
 1287 008a 00       		.byte	0
 1288 008b 0B       		.uleb128 0xb
 1289 008c 0B       		.uleb128 0xb
 1290 008d 49       		.uleb128 0x49
 1291 008e 13       		.uleb128 0x13
 1292 008f 00       		.byte	0
 1293 0090 00       		.byte	0
 1294 0091 0C       		.uleb128 0xc
 1295 0092 15       		.uleb128 0x15
 1296 0093 01       		.byte	0x1
 1297 0094 27       		.uleb128 0x27
 1298 0095 19       		.uleb128 0x19
 1299 0096 01       		.uleb128 0x1
 1300 0097 13       		.uleb128 0x13
 1301 0098 00       		.byte	0
 1302 0099 00       		.byte	0
 1303 009a 0D       		.uleb128 0xd
 1304 009b 05       		.uleb128 0x5
 1305 009c 00       		.byte	0
 1306 009d 49       		.uleb128 0x49
 1307 009e 13       		.uleb128 0x13
 1308 009f 00       		.byte	0
 1309 00a0 00       		.byte	0
ARM GAS  /tmp/ccXqI850.s 			page 24


 1310 00a1 0E       		.uleb128 0xe
 1311 00a2 0F       		.uleb128 0xf
 1312 00a3 00       		.byte	0
 1313 00a4 0B       		.uleb128 0xb
 1314 00a5 0B       		.uleb128 0xb
 1315 00a6 00       		.byte	0
 1316 00a7 00       		.byte	0
 1317 00a8 0F       		.uleb128 0xf
 1318 00a9 13       		.uleb128 0x13
 1319 00aa 01       		.byte	0x1
 1320 00ab 03       		.uleb128 0x3
 1321 00ac 0E       		.uleb128 0xe
 1322 00ad 0B       		.uleb128 0xb
 1323 00ae 05       		.uleb128 0x5
 1324 00af 3A       		.uleb128 0x3a
 1325 00b0 0B       		.uleb128 0xb
 1326 00b1 3B       		.uleb128 0x3b
 1327 00b2 05       		.uleb128 0x5
 1328 00b3 01       		.uleb128 0x1
 1329 00b4 13       		.uleb128 0x13
 1330 00b5 00       		.byte	0
 1331 00b6 00       		.byte	0
 1332 00b7 10       		.uleb128 0x10
 1333 00b8 0D       		.uleb128 0xd
 1334 00b9 00       		.byte	0
 1335 00ba 03       		.uleb128 0x3
 1336 00bb 08       		.uleb128 0x8
 1337 00bc 3A       		.uleb128 0x3a
 1338 00bd 0B       		.uleb128 0xb
 1339 00be 3B       		.uleb128 0x3b
 1340 00bf 0B       		.uleb128 0xb
 1341 00c0 49       		.uleb128 0x49
 1342 00c1 13       		.uleb128 0x13
 1343 00c2 38       		.uleb128 0x38
 1344 00c3 0B       		.uleb128 0xb
 1345 00c4 00       		.byte	0
 1346 00c5 00       		.byte	0
 1347 00c6 11       		.uleb128 0x11
 1348 00c7 13       		.uleb128 0x13
 1349 00c8 01       		.byte	0x1
 1350 00c9 0B       		.uleb128 0xb
 1351 00ca 0B       		.uleb128 0xb
 1352 00cb 3A       		.uleb128 0x3a
 1353 00cc 0B       		.uleb128 0xb
 1354 00cd 3B       		.uleb128 0x3b
 1355 00ce 0B       		.uleb128 0xb
 1356 00cf 01       		.uleb128 0x1
 1357 00d0 13       		.uleb128 0x13
 1358 00d1 00       		.byte	0
 1359 00d2 00       		.byte	0
 1360 00d3 12       		.uleb128 0x12
 1361 00d4 17       		.uleb128 0x17
 1362 00d5 01       		.byte	0x1
 1363 00d6 0B       		.uleb128 0xb
 1364 00d7 0B       		.uleb128 0xb
 1365 00d8 3A       		.uleb128 0x3a
 1366 00d9 0B       		.uleb128 0xb
ARM GAS  /tmp/ccXqI850.s 			page 25


 1367 00da 3B       		.uleb128 0x3b
 1368 00db 0B       		.uleb128 0xb
 1369 00dc 01       		.uleb128 0x1
 1370 00dd 13       		.uleb128 0x13
 1371 00de 00       		.byte	0
 1372 00df 00       		.byte	0
 1373 00e0 13       		.uleb128 0x13
 1374 00e1 0D       		.uleb128 0xd
 1375 00e2 00       		.byte	0
 1376 00e3 03       		.uleb128 0x3
 1377 00e4 0E       		.uleb128 0xe
 1378 00e5 3A       		.uleb128 0x3a
 1379 00e6 0B       		.uleb128 0xb
 1380 00e7 3B       		.uleb128 0x3b
 1381 00e8 0B       		.uleb128 0xb
 1382 00e9 49       		.uleb128 0x49
 1383 00ea 13       		.uleb128 0x13
 1384 00eb 00       		.byte	0
 1385 00ec 00       		.byte	0
 1386 00ed 14       		.uleb128 0x14
 1387 00ee 0D       		.uleb128 0xd
 1388 00ef 00       		.byte	0
 1389 00f0 03       		.uleb128 0x3
 1390 00f1 0E       		.uleb128 0xe
 1391 00f2 3A       		.uleb128 0x3a
 1392 00f3 0B       		.uleb128 0xb
 1393 00f4 3B       		.uleb128 0x3b
 1394 00f5 05       		.uleb128 0x5
 1395 00f6 49       		.uleb128 0x49
 1396 00f7 13       		.uleb128 0x13
 1397 00f8 00       		.byte	0
 1398 00f9 00       		.byte	0
 1399 00fa 15       		.uleb128 0x15
 1400 00fb 26       		.uleb128 0x26
 1401 00fc 00       		.byte	0
 1402 00fd 49       		.uleb128 0x49
 1403 00fe 13       		.uleb128 0x13
 1404 00ff 00       		.byte	0
 1405 0100 00       		.byte	0
 1406 0101 16       		.uleb128 0x16
 1407 0102 01       		.uleb128 0x1
 1408 0103 01       		.byte	0x1
 1409 0104 49       		.uleb128 0x49
 1410 0105 13       		.uleb128 0x13
 1411 0106 01       		.uleb128 0x1
 1412 0107 13       		.uleb128 0x13
 1413 0108 00       		.byte	0
 1414 0109 00       		.byte	0
 1415 010a 17       		.uleb128 0x17
 1416 010b 21       		.uleb128 0x21
 1417 010c 00       		.byte	0
 1418 010d 49       		.uleb128 0x49
 1419 010e 13       		.uleb128 0x13
 1420 010f 2F       		.uleb128 0x2f
 1421 0110 0B       		.uleb128 0xb
 1422 0111 00       		.byte	0
 1423 0112 00       		.byte	0
ARM GAS  /tmp/ccXqI850.s 			page 26


 1424 0113 18       		.uleb128 0x18
 1425 0114 0D       		.uleb128 0xd
 1426 0115 00       		.byte	0
 1427 0116 03       		.uleb128 0x3
 1428 0117 08       		.uleb128 0x8
 1429 0118 3A       		.uleb128 0x3a
 1430 0119 0B       		.uleb128 0xb
 1431 011a 3B       		.uleb128 0x3b
 1432 011b 0B       		.uleb128 0xb
 1433 011c 49       		.uleb128 0x49
 1434 011d 13       		.uleb128 0x13
 1435 011e 00       		.byte	0
 1436 011f 00       		.byte	0
 1437 0120 19       		.uleb128 0x19
 1438 0121 16       		.uleb128 0x16
 1439 0122 00       		.byte	0
 1440 0123 03       		.uleb128 0x3
 1441 0124 0E       		.uleb128 0xe
 1442 0125 3A       		.uleb128 0x3a
 1443 0126 0B       		.uleb128 0xb
 1444 0127 3B       		.uleb128 0x3b
 1445 0128 05       		.uleb128 0x5
 1446 0129 49       		.uleb128 0x49
 1447 012a 13       		.uleb128 0x13
 1448 012b 00       		.byte	0
 1449 012c 00       		.byte	0
 1450 012d 1A       		.uleb128 0x1a
 1451 012e 2E       		.uleb128 0x2e
 1452 012f 01       		.byte	0x1
 1453 0130 3F       		.uleb128 0x3f
 1454 0131 19       		.uleb128 0x19
 1455 0132 03       		.uleb128 0x3
 1456 0133 0E       		.uleb128 0xe
 1457 0134 3A       		.uleb128 0x3a
 1458 0135 0B       		.uleb128 0xb
 1459 0136 3B       		.uleb128 0x3b
 1460 0137 0B       		.uleb128 0xb
 1461 0138 27       		.uleb128 0x27
 1462 0139 19       		.uleb128 0x19
 1463 013a 49       		.uleb128 0x49
 1464 013b 13       		.uleb128 0x13
 1465 013c 11       		.uleb128 0x11
 1466 013d 01       		.uleb128 0x1
 1467 013e 12       		.uleb128 0x12
 1468 013f 06       		.uleb128 0x6
 1469 0140 40       		.uleb128 0x40
 1470 0141 18       		.uleb128 0x18
 1471 0142 9742     		.uleb128 0x2117
 1472 0144 19       		.uleb128 0x19
 1473 0145 01       		.uleb128 0x1
 1474 0146 13       		.uleb128 0x13
 1475 0147 00       		.byte	0
 1476 0148 00       		.byte	0
 1477 0149 1B       		.uleb128 0x1b
 1478 014a 05       		.uleb128 0x5
 1479 014b 00       		.byte	0
 1480 014c 03       		.uleb128 0x3
ARM GAS  /tmp/ccXqI850.s 			page 27


 1481 014d 08       		.uleb128 0x8
 1482 014e 3A       		.uleb128 0x3a
 1483 014f 0B       		.uleb128 0xb
 1484 0150 3B       		.uleb128 0x3b
 1485 0151 0B       		.uleb128 0xb
 1486 0152 49       		.uleb128 0x49
 1487 0153 13       		.uleb128 0x13
 1488 0154 02       		.uleb128 0x2
 1489 0155 17       		.uleb128 0x17
 1490 0156 00       		.byte	0
 1491 0157 00       		.byte	0
 1492 0158 1C       		.uleb128 0x1c
 1493 0159 34       		.uleb128 0x34
 1494 015a 00       		.byte	0
 1495 015b 03       		.uleb128 0x3
 1496 015c 0E       		.uleb128 0xe
 1497 015d 49       		.uleb128 0x49
 1498 015e 13       		.uleb128 0x13
 1499 015f 34       		.uleb128 0x34
 1500 0160 19       		.uleb128 0x19
 1501 0161 00       		.byte	0
 1502 0162 00       		.byte	0
 1503 0163 1D       		.uleb128 0x1d
 1504 0164 2E       		.uleb128 0x2e
 1505 0165 01       		.byte	0x1
 1506 0166 3F       		.uleb128 0x3f
 1507 0167 19       		.uleb128 0x19
 1508 0168 03       		.uleb128 0x3
 1509 0169 0E       		.uleb128 0xe
 1510 016a 3A       		.uleb128 0x3a
 1511 016b 0B       		.uleb128 0xb
 1512 016c 3B       		.uleb128 0x3b
 1513 016d 0B       		.uleb128 0xb
 1514 016e 27       		.uleb128 0x27
 1515 016f 19       		.uleb128 0x19
 1516 0170 11       		.uleb128 0x11
 1517 0171 01       		.uleb128 0x1
 1518 0172 12       		.uleb128 0x12
 1519 0173 06       		.uleb128 0x6
 1520 0174 40       		.uleb128 0x40
 1521 0175 18       		.uleb128 0x18
 1522 0176 9742     		.uleb128 0x2117
 1523 0178 19       		.uleb128 0x19
 1524 0179 01       		.uleb128 0x1
 1525 017a 13       		.uleb128 0x13
 1526 017b 00       		.byte	0
 1527 017c 00       		.byte	0
 1528 017d 1E       		.uleb128 0x1e
 1529 017e 05       		.uleb128 0x5
 1530 017f 00       		.byte	0
 1531 0180 03       		.uleb128 0x3
 1532 0181 0E       		.uleb128 0xe
 1533 0182 3A       		.uleb128 0x3a
 1534 0183 0B       		.uleb128 0xb
 1535 0184 3B       		.uleb128 0x3b
 1536 0185 0B       		.uleb128 0xb
 1537 0186 49       		.uleb128 0x49
ARM GAS  /tmp/ccXqI850.s 			page 28


 1538 0187 13       		.uleb128 0x13
 1539 0188 02       		.uleb128 0x2
 1540 0189 18       		.uleb128 0x18
 1541 018a 00       		.byte	0
 1542 018b 00       		.byte	0
 1543 018c 1F       		.uleb128 0x1f
 1544 018d 05       		.uleb128 0x5
 1545 018e 00       		.byte	0
 1546 018f 03       		.uleb128 0x3
 1547 0190 0E       		.uleb128 0xe
 1548 0191 3A       		.uleb128 0x3a
 1549 0192 0B       		.uleb128 0xb
 1550 0193 3B       		.uleb128 0x3b
 1551 0194 0B       		.uleb128 0xb
 1552 0195 49       		.uleb128 0x49
 1553 0196 13       		.uleb128 0x13
 1554 0197 02       		.uleb128 0x2
 1555 0198 17       		.uleb128 0x17
 1556 0199 00       		.byte	0
 1557 019a 00       		.byte	0
 1558 019b 20       		.uleb128 0x20
 1559 019c 898201   		.uleb128 0x4109
 1560 019f 01       		.byte	0x1
 1561 01a0 11       		.uleb128 0x11
 1562 01a1 01       		.uleb128 0x1
 1563 01a2 9542     		.uleb128 0x2115
 1564 01a4 19       		.uleb128 0x19
 1565 01a5 31       		.uleb128 0x31
 1566 01a6 13       		.uleb128 0x13
 1567 01a7 00       		.byte	0
 1568 01a8 00       		.byte	0
 1569 01a9 21       		.uleb128 0x21
 1570 01aa 8A8201   		.uleb128 0x410a
 1571 01ad 00       		.byte	0
 1572 01ae 02       		.uleb128 0x2
 1573 01af 18       		.uleb128 0x18
 1574 01b0 9142     		.uleb128 0x2111
 1575 01b2 18       		.uleb128 0x18
 1576 01b3 00       		.byte	0
 1577 01b4 00       		.byte	0
 1578 01b5 22       		.uleb128 0x22
 1579 01b6 34       		.uleb128 0x34
 1580 01b7 00       		.byte	0
 1581 01b8 03       		.uleb128 0x3
 1582 01b9 0E       		.uleb128 0xe
 1583 01ba 3A       		.uleb128 0x3a
 1584 01bb 0B       		.uleb128 0xb
 1585 01bc 3B       		.uleb128 0x3b
 1586 01bd 05       		.uleb128 0x5
 1587 01be 49       		.uleb128 0x49
 1588 01bf 13       		.uleb128 0x13
 1589 01c0 3F       		.uleb128 0x3f
 1590 01c1 19       		.uleb128 0x19
 1591 01c2 3C       		.uleb128 0x3c
 1592 01c3 19       		.uleb128 0x19
 1593 01c4 00       		.byte	0
 1594 01c5 00       		.byte	0
ARM GAS  /tmp/ccXqI850.s 			page 29


 1595 01c6 23       		.uleb128 0x23
 1596 01c7 34       		.uleb128 0x34
 1597 01c8 00       		.byte	0
 1598 01c9 03       		.uleb128 0x3
 1599 01ca 08       		.uleb128 0x8
 1600 01cb 3A       		.uleb128 0x3a
 1601 01cc 0B       		.uleb128 0xb
 1602 01cd 3B       		.uleb128 0x3b
 1603 01ce 05       		.uleb128 0x5
 1604 01cf 49       		.uleb128 0x49
 1605 01d0 13       		.uleb128 0x13
 1606 01d1 3F       		.uleb128 0x3f
 1607 01d2 19       		.uleb128 0x19
 1608 01d3 3C       		.uleb128 0x3c
 1609 01d4 19       		.uleb128 0x19
 1610 01d5 00       		.byte	0
 1611 01d6 00       		.byte	0
 1612 01d7 24       		.uleb128 0x24
 1613 01d8 2E       		.uleb128 0x2e
 1614 01d9 01       		.byte	0x1
 1615 01da 3F       		.uleb128 0x3f
 1616 01db 19       		.uleb128 0x19
 1617 01dc 03       		.uleb128 0x3
 1618 01dd 0E       		.uleb128 0xe
 1619 01de 3A       		.uleb128 0x3a
 1620 01df 0B       		.uleb128 0xb
 1621 01e0 3B       		.uleb128 0x3b
 1622 01e1 05       		.uleb128 0x5
 1623 01e2 27       		.uleb128 0x27
 1624 01e3 19       		.uleb128 0x19
 1625 01e4 3C       		.uleb128 0x3c
 1626 01e5 19       		.uleb128 0x19
 1627 01e6 00       		.byte	0
 1628 01e7 00       		.byte	0
 1629 01e8 00       		.byte	0
 1630              		.section	.debug_loc,"",%progbits
 1631              	.Ldebug_loc0:
 1632              	.LLST0:
 1633 0000 00000000 		.4byte	.LVL0
 1634 0004 0C000000 		.4byte	.LVL1
 1635 0008 0100     		.2byte	0x1
 1636 000a 50       		.byte	0x50
 1637 000b 0C000000 		.4byte	.LVL1
 1638 000f 10000000 		.4byte	.LFE255
 1639 0013 0400     		.2byte	0x4
 1640 0015 F3       		.byte	0xf3
 1641 0016 01       		.uleb128 0x1
 1642 0017 50       		.byte	0x50
 1643 0018 9F       		.byte	0x9f
 1644 0019 00000000 		.4byte	0
 1645 001d 00000000 		.4byte	0
 1646              	.LLST1:
 1647 0021 00000000 		.4byte	.LVL2
 1648 0025 02000000 		.4byte	.LVL3
 1649 0029 0100     		.2byte	0x1
 1650 002b 50       		.byte	0x50
 1651 002c 02000000 		.4byte	.LVL3
ARM GAS  /tmp/ccXqI850.s 			page 30


 1652 0030 1E000000 		.4byte	.LFE256
 1653 0034 0400     		.2byte	0x4
 1654 0036 F3       		.byte	0xf3
 1655 0037 01       		.uleb128 0x1
 1656 0038 50       		.byte	0x50
 1657 0039 9F       		.byte	0x9f
 1658 003a 00000000 		.4byte	0
 1659 003e 00000000 		.4byte	0
 1660              	.LLST2:
 1661 0042 00000000 		.4byte	.LVL4
 1662 0046 0A000000 		.4byte	.LVL6
 1663 004a 0100     		.2byte	0x1
 1664 004c 50       		.byte	0x50
 1665 004d 0A000000 		.4byte	.LVL6
 1666 0051 16000000 		.4byte	.LFE257
 1667 0055 0400     		.2byte	0x4
 1668 0057 F3       		.byte	0xf3
 1669 0058 01       		.uleb128 0x1
 1670 0059 50       		.byte	0x50
 1671 005a 9F       		.byte	0x9f
 1672 005b 00000000 		.4byte	0
 1673 005f 00000000 		.4byte	0
 1674              	.LLST3:
 1675 0063 00000000 		.4byte	.LVL4
 1676 0067 08000000 		.4byte	.LVL5
 1677 006b 0100     		.2byte	0x1
 1678 006d 51       		.byte	0x51
 1679 006e 08000000 		.4byte	.LVL5
 1680 0072 15000000 		.4byte	.LVL7-1
 1681 0076 0100     		.2byte	0x1
 1682 0078 52       		.byte	0x52
 1683 0079 15000000 		.4byte	.LVL7-1
 1684 007d 16000000 		.4byte	.LFE257
 1685 0081 0400     		.2byte	0x4
 1686 0083 F3       		.byte	0xf3
 1687 0084 01       		.uleb128 0x1
 1688 0085 51       		.byte	0x51
 1689 0086 9F       		.byte	0x9f
 1690 0087 00000000 		.4byte	0
 1691 008b 00000000 		.4byte	0
 1692              		.section	.debug_aranges,"",%progbits
 1693 0000 2C000000 		.4byte	0x2c
 1694 0004 0200     		.2byte	0x2
 1695 0006 00000000 		.4byte	.Ldebug_info0
 1696 000a 04       		.byte	0x4
 1697 000b 00       		.byte	0
 1698 000c 0000     		.2byte	0
 1699 000e 0000     		.2byte	0
 1700 0010 00000000 		.4byte	.LFB255
 1701 0014 10000000 		.4byte	.LFE255-.LFB255
 1702 0018 00000000 		.4byte	.LFB256
 1703 001c 1E000000 		.4byte	.LFE256-.LFB256
 1704 0020 00000000 		.4byte	.LFB257
 1705 0024 16000000 		.4byte	.LFE257-.LFB257
 1706 0028 00000000 		.4byte	0
 1707 002c 00000000 		.4byte	0
 1708              		.section	.debug_ranges,"",%progbits
ARM GAS  /tmp/ccXqI850.s 			page 31


 1709              	.Ldebug_ranges0:
 1710 0000 00000000 		.4byte	.LFB255
 1711 0004 10000000 		.4byte	.LFE255
 1712 0008 00000000 		.4byte	.LFB256
 1713 000c 1E000000 		.4byte	.LFE256
 1714 0010 00000000 		.4byte	.LFB257
 1715 0014 16000000 		.4byte	.LFE257
 1716 0018 00000000 		.4byte	0
 1717 001c 00000000 		.4byte	0
 1718              		.section	.debug_line,"",%progbits
 1719              	.Ldebug_line0:
 1720 0000 B2020000 		.section	.debug_str,"MS",%progbits,1
 1720      02007202 
 1720      00000201 
 1720      FB0E0D00 
 1720      01010101 
 1721              	.LASF51:
 1722 0000 72656164 		.ascii	"ready_list_t\000"
 1722      795F6C69 
 1722      73745F74 
 1722      00
 1723              	.LASF86:
 1724 000d 7264796D 		.ascii	"rdymsg\000"
 1724      736700
 1725              	.LASF18:
 1726 0014 75696E74 		.ascii	"uint64_t\000"
 1726      36345F74 
 1726      00
 1727              	.LASF4:
 1728 001d 5F5F7569 		.ascii	"__uint8_t\000"
 1728      6E74385F 
 1728      7400
 1729              	.LASF99:
 1730 0027 4F545950 		.ascii	"OTYPER\000"
 1730      455200
 1731              	.LASF83:
 1732 002e 706F7274 		.ascii	"port_intctx\000"
 1732      5F696E74 
 1732      63747800 
 1733              	.LASF70:
 1734 003a 73797374 		.ascii	"system_debug_t\000"
 1734      656D5F64 
 1734      65627567 
 1734      5F7400
 1735              	.LASF107:
 1736 0049 696F706F 		.ascii	"ioportmask_t\000"
 1736      72746D61 
 1736      736B5F74 
 1736      00
 1737              	.LASF98:
 1738 0056 4D4F4445 		.ascii	"MODER\000"
 1738      5200
 1739              	.LASF13:
 1740 005c 6C6F6E67 		.ascii	"long long unsigned int\000"
 1740      206C6F6E 
 1740      6720756E 
 1740      7369676E 
ARM GAS  /tmp/ccXqI850.s 			page 32


 1740      65642069 
 1741              	.LASF101:
 1742 0073 50555044 		.ascii	"PUPDR\000"
 1742      5200
 1743              	.LASF87:
 1744 0079 65786974 		.ascii	"exitcode\000"
 1744      636F6465 
 1744      00
 1745              	.LASF77:
 1746 0082 6D61696E 		.ascii	"mainthread\000"
 1746      74687265 
 1746      616400
 1747              	.LASF67:
 1748 008d 76697274 		.ascii	"virtual_timers_list_t\000"
 1748      75616C5F 
 1748      74696D65 
 1748      72735F6C 
 1748      6973745F 
 1749              	.LASF118:
 1750 00a3 49544D5F 		.ascii	"ITM_RxBuffer\000"
 1750      52784275 
 1750      66666572 
 1750      00
 1751              	.LASF50:
 1752 00b0 63685F74 		.ascii	"ch_threads_queue\000"
 1752      68726561 
 1752      64735F71 
 1752      75657565 
 1752      00
 1753              	.LASF31:
 1754 00c1 705F7072 		.ascii	"p_prio\000"
 1754      696F00
 1755              	.LASF11:
 1756 00c8 6C6F6E67 		.ascii	"long long int\000"
 1756      206C6F6E 
 1756      6720696E 
 1756      7400
 1757              	.LASF1:
 1758 00d6 7369676E 		.ascii	"signed char\000"
 1758      65642063 
 1758      68617200 
 1759              	.LASF102:
 1760 00e2 42535252 		.ascii	"BSRR\000"
 1760      00
 1761              	.LASF45:
 1762 00e7 705F6D70 		.ascii	"p_mpool\000"
 1762      6F6F6C00 
 1763              	.LASF92:
 1764 00ef 6D5F7175 		.ascii	"m_queue\000"
 1764      65756500 
 1765              	.LASF76:
 1766 00f7 76746C69 		.ascii	"vtlist\000"
 1766      737400
 1767              	.LASF113:
 1768 00fe 62697473 		.ascii	"bits\000"
 1768      00
 1769              	.LASF8:
ARM GAS  /tmp/ccXqI850.s 			page 33


 1770 0103 6C6F6E67 		.ascii	"long int\000"
 1770      20696E74 
 1770      00
 1771              	.LASF22:
 1772 010c 74737461 		.ascii	"tstate_t\000"
 1772      74655F74 
 1772      00
 1773              	.LASF15:
 1774 0115 75696E74 		.ascii	"uint16_t\000"
 1774      31365F74 
 1774      00
 1775              	.LASF121:
 1776 011e 2F6E6673 		.ascii	"/nfs/nfs4/home/ruswang/p442-submissions/p442-submis"
 1776      2F6E6673 
 1776      342F686F 
 1776      6D652F72 
 1776      75737761 
 1777 0151 73696F6E 		.ascii	"sions/lab1\000"
 1777      732F6C61 
 1777      623100
 1778              	.LASF33:
 1779 015c 705F6E65 		.ascii	"p_newer\000"
 1779      77657200 
 1780              	.LASF100:
 1781 0164 4F535045 		.ascii	"OSPEEDR\000"
 1781      45445200 
 1782              	.LASF56:
 1783 016c 725F6E65 		.ascii	"r_newer\000"
 1783      77657200 
 1784              	.LASF111:
 1785 0174 6D61736B 		.ascii	"mask\000"
 1785      00
 1786              	.LASF80:
 1787 0179 72656761 		.ascii	"regarm_t\000"
 1787      726D5F74 
 1787      00
 1788              	.LASF63:
 1789 0182 76745F70 		.ascii	"vt_prev\000"
 1789      72657600 
 1790              	.LASF106:
 1791 018a 73746D33 		.ascii	"stm32_gpio_t\000"
 1791      325F6770 
 1791      696F5F74 
 1791      00
 1792              	.LASF95:
 1793 0197 6D757465 		.ascii	"mutex_t\000"
 1793      785F7400 
 1794              	.LASF112:
 1795 019f 494F4275 		.ascii	"IOBus\000"
 1795      7300
 1796              	.LASF0:
 1797 01a5 756E7369 		.ascii	"unsigned int\000"
 1797      676E6564 
 1797      20696E74 
 1797      00
 1798              	.LASF62:
 1799 01b2 76745F6E 		.ascii	"vt_next\000"
ARM GAS  /tmp/ccXqI850.s 			page 34


 1799      65787400 
 1800              	.LASF120:
 1801 01ba 2E2E2F43 		.ascii	"../ChibiOS/os/hal/src/pal.c\000"
 1801      68696269 
 1801      4F532F6F 
 1801      732F6861 
 1801      6C2F7372 
 1802              	.LASF40:
 1803 01d6 705F6D73 		.ascii	"p_msgqueue\000"
 1803      67717565 
 1803      756500
 1804              	.LASF103:
 1805 01e1 4C434B52 		.ascii	"LCKR\000"
 1805      00
 1806              	.LASF6:
 1807 01e6 73686F72 		.ascii	"short unsigned int\000"
 1807      7420756E 
 1807      7369676E 
 1807      65642069 
 1807      6E7400
 1808              	.LASF47:
 1809 01f9 63685F74 		.ascii	"ch_thread\000"
 1809      68726561 
 1809      6400
 1810              	.LASF25:
 1811 0203 6D73675F 		.ascii	"msg_t\000"
 1811      7400
 1812              	.LASF73:
 1813 0209 63685F73 		.ascii	"ch_system_t\000"
 1813      79737465 
 1813      6D5F7400 
 1814              	.LASF21:
 1815 0215 746D6F64 		.ascii	"tmode_t\000"
 1815      655F7400 
 1816              	.LASF52:
 1817 021d 63685F72 		.ascii	"ch_ready_list\000"
 1817      65616479 
 1817      5F6C6973 
 1817      7400
 1818              	.LASF26:
 1819 022b 6576656E 		.ascii	"eventmask_t\000"
 1819      746D6173 
 1819      6B5F7400 
 1820              	.LASF7:
 1821 0237 5F5F696E 		.ascii	"__int32_t\000"
 1821      7433325F 
 1821      7400
 1822              	.LASF81:
 1823 0241 73746B61 		.ascii	"stkalign_t\000"
 1823      6C69676E 
 1823      5F7400
 1824              	.LASF12:
 1825 024c 5F5F7569 		.ascii	"__uint64_t\000"
 1825      6E743634 
 1825      5F7400
 1826              	.LASF39:
 1827 0257 705F7761 		.ascii	"p_waiting\000"
ARM GAS  /tmp/ccXqI850.s 			page 35


 1827      6974696E 
 1827      6700
 1828              	.LASF79:
 1829 0261 73697A65 		.ascii	"sizetype\000"
 1829      74797065 
 1829      00
 1830              	.LASF68:
 1831 026a 63685F76 		.ascii	"ch_virtual_timers_list\000"
 1831      69727475 
 1831      616C5F74 
 1831      696D6572 
 1831      735F6C69 
 1832              	.LASF97:
 1833 0281 636C6561 		.ascii	"clear\000"
 1833      7200
 1834              	.LASF69:
 1835 0287 76745F6C 		.ascii	"vt_lasttime\000"
 1835      61737474 
 1835      696D6500 
 1836              	.LASF34:
 1837 0293 705F6F6C 		.ascii	"p_older\000"
 1837      64657200 
 1838              	.LASF55:
 1839 029b 725F6374 		.ascii	"r_ctx\000"
 1839      7800
 1840              	.LASF85:
 1841 02a1 746D5F63 		.ascii	"tm_calibration_t\000"
 1841      616C6962 
 1841      72617469 
 1841      6F6E5F74 
 1841      00
 1842              	.LASF58:
 1843 02b2 725F6375 		.ascii	"r_current\000"
 1843      7272656E 
 1843      7400
 1844              	.LASF57:
 1845 02bc 725F6F6C 		.ascii	"r_older\000"
 1845      64657200 
 1846              	.LASF110:
 1847 02c4 706F7274 		.ascii	"portid\000"
 1847      696400
 1848              	.LASF105:
 1849 02cb 41465248 		.ascii	"AFRH\000"
 1849      00
 1850              	.LASF116:
 1851 02d0 70616C53 		.ascii	"palSetBusMode\000"
 1851      65744275 
 1851      734D6F64 
 1851      6500
 1852              	.LASF104:
 1853 02de 4146524C 		.ascii	"AFRL\000"
 1853      00
 1854              	.LASF23:
 1855 02e3 74726566 		.ascii	"trefs_t\000"
 1855      735F7400 
 1856              	.LASF60:
 1857 02eb 76697274 		.ascii	"virtual_timer_t\000"
ARM GAS  /tmp/ccXqI850.s 			page 36


 1857      75616C5F 
 1857      74696D65 
 1857      725F7400 
 1858              	.LASF30:
 1859 02fb 705F7072 		.ascii	"p_prev\000"
 1859      657600
 1860              	.LASF24:
 1861 0302 74707269 		.ascii	"tprio_t\000"
 1861      6F5F7400 
 1862              	.LASF91:
 1863 030a 6D757465 		.ascii	"mutex\000"
 1863      7800
 1864              	.LASF71:
 1865 0310 63685F73 		.ascii	"ch_system_debug\000"
 1865      79737465 
 1865      6D5F6465 
 1865      62756700 
 1866              	.LASF96:
 1867 0320 5F426F6F 		.ascii	"_Bool\000"
 1867      6C00
 1868              	.LASF16:
 1869 0326 696E7433 		.ascii	"int32_t\000"
 1869      325F7400 
 1870              	.LASF2:
 1871 032e 756E7369 		.ascii	"unsigned char\000"
 1871      676E6564 
 1871      20636861 
 1871      7200
 1872              	.LASF43:
 1873 033c 705F6D74 		.ascii	"p_mtxlist\000"
 1873      786C6973 
 1873      7400
 1874              	.LASF3:
 1875 0346 73686F72 		.ascii	"short int\000"
 1875      7420696E 
 1875      7400
 1876              	.LASF36:
 1877 0350 705F7374 		.ascii	"p_state\000"
 1877      61746500 
 1878              	.LASF54:
 1879 0358 725F7072 		.ascii	"r_prio\000"
 1879      696F00
 1880              	.LASF89:
 1881 035f 65776D61 		.ascii	"ewmask\000"
 1881      736B00
 1882              	.LASF29:
 1883 0366 705F6E65 		.ascii	"p_next\000"
 1883      787400
 1884              	.LASF19:
 1885 036d 75696E74 		.ascii	"uint_fast8_t\000"
 1885      5F666173 
 1885      74385F74 
 1885      00
 1886              	.LASF37:
 1887 037a 705F666C 		.ascii	"p_flags\000"
 1887      61677300 
 1888              	.LASF114:
ARM GAS  /tmp/ccXqI850.s 			page 37


 1889 0382 5F5F6675 		.ascii	"__func__\000"
 1889      6E635F5F 
 1889      00
 1890              	.LASF78:
 1891 038b 69646C65 		.ascii	"idle_thread_wa\000"
 1891      5F746872 
 1891      6561645F 
 1891      776100
 1892              	.LASF74:
 1893 039a 63685F73 		.ascii	"ch_system\000"
 1893      79737465 
 1893      6D00
 1894              	.LASF61:
 1895 03a4 63685F76 		.ascii	"ch_virtual_timer\000"
 1895      69727475 
 1895      616C5F74 
 1895      696D6572 
 1895      00
 1896              	.LASF42:
 1897 03b5 705F6570 		.ascii	"p_epending\000"
 1897      656E6469 
 1897      6E6700
 1898              	.LASF17:
 1899 03c0 75696E74 		.ascii	"uint32_t\000"
 1899      33325F74 
 1899      00
 1900              	.LASF53:
 1901 03c9 725F7175 		.ascii	"r_queue\000"
 1901      65756500 
 1902              	.LASF64:
 1903 03d1 76745F64 		.ascii	"vt_delta\000"
 1903      656C7461 
 1903      00
 1904              	.LASF48:
 1905 03da 63685F74 		.ascii	"ch_threads_list\000"
 1905      68726561 
 1905      64735F6C 
 1905      69737400 
 1906              	.LASF10:
 1907 03ea 6C6F6E67 		.ascii	"long unsigned int\000"
 1907      20756E73 
 1907      69676E65 
 1907      6420696E 
 1907      7400
 1908              	.LASF90:
 1909 03fc 63686172 		.ascii	"char\000"
 1909      00
 1910              	.LASF117:
 1911 0401 6D6F6465 		.ascii	"mode\000"
 1911      00
 1912              	.LASF122:
 1913 0406 70616C52 		.ascii	"palReadBus\000"
 1913      65616442 
 1913      757300
 1914              	.LASF5:
 1915 0411 5F5F7569 		.ascii	"__uint16_t\000"
 1915      6E743136 
ARM GAS  /tmp/ccXqI850.s 			page 38


 1915      5F7400
 1916              	.LASF28:
 1917 041c 74687265 		.ascii	"thread_t\000"
 1917      61645F74 
 1917      00
 1918              	.LASF119:
 1919 0425 474E5520 		.ascii	"GNU C 4.8.4 20140526 (release) [ARM/embedded-4_8-br"
 1919      4320342E 
 1919      382E3420 
 1919      32303134 
 1919      30353236 
 1920 0458 616E6368 		.ascii	"anch revision 211358] -mcpu=cortex-m4 -mno-thumb-in"
 1920      20726576 
 1920      6973696F 
 1920      6E203231 
 1920      31333538 
 1921 048b 74657277 		.ascii	"terwork -mthumb -ggdb -O2 -fomit-frame-pointer -fal"
 1921      6F726B20 
 1921      2D6D7468 
 1921      756D6220 
 1921      2D676764 
 1922 04be 69676E2D 		.ascii	"ign-functions=16 -ffunction-sections -fdata-section"
 1922      66756E63 
 1922      74696F6E 
 1922      733D3136 
 1922      202D6666 
 1923 04f1 73202D66 		.ascii	"s -fno-common\000"
 1923      6E6F2D63 
 1923      6F6D6D6F 
 1923      6E00
 1924              	.LASF94:
 1925 04ff 6D5F6E65 		.ascii	"m_next\000"
 1925      787400
 1926              	.LASF27:
 1927 0506 73797374 		.ascii	"systime_t\000"
 1927      696D655F 
 1927      7400
 1928              	.LASF44:
 1929 0510 705F7265 		.ascii	"p_realprio\000"
 1929      616C7072 
 1929      696F00
 1930              	.LASF59:
 1931 051b 76746675 		.ascii	"vtfunc_t\000"
 1931      6E635F74 
 1931      00
 1932              	.LASF9:
 1933 0524 5F5F7569 		.ascii	"__uint32_t\000"
 1933      6E743332 
 1933      5F7400
 1934              	.LASF72:
 1935 052f 70616E69 		.ascii	"panic_msg\000"
 1935      635F6D73 
 1935      6700
 1936              	.LASF84:
 1937 0539 6F666673 		.ascii	"offset\000"
 1937      657400
 1938              	.LASF109:
ARM GAS  /tmp/ccXqI850.s 			page 39


 1939 0540 696F706F 		.ascii	"ioportid_t\000"
 1939      72746964 
 1939      5F7400
 1940              	.LASF82:
 1941 054b 636F6E74 		.ascii	"context\000"
 1941      65787400 
 1942              	.LASF123:
 1943 0553 5F70616C 		.ascii	"_pal_lld_setgroupmode\000"
 1943      5F6C6C64 
 1943      5F736574 
 1943      67726F75 
 1943      706D6F64 
 1944              	.LASF20:
 1945 0569 7274636E 		.ascii	"rtcnt_t\000"
 1945      745F7400 
 1946              	.LASF66:
 1947 0571 76745F70 		.ascii	"vt_par\000"
 1947      617200
 1948              	.LASF115:
 1949 0578 70616C57 		.ascii	"palWriteBus\000"
 1949      72697465 
 1949      42757300 
 1950              	.LASF49:
 1951 0584 74687265 		.ascii	"threads_queue_t\000"
 1951      6164735F 
 1951      71756575 
 1951      655F7400 
 1952              	.LASF38:
 1953 0594 705F7265 		.ascii	"p_refs\000"
 1953      667300
 1954              	.LASF75:
 1955 059b 726C6973 		.ascii	"rlist\000"
 1955      7400
 1956              	.LASF14:
 1957 05a1 75696E74 		.ascii	"uint8_t\000"
 1957      385F7400 
 1958              	.LASF88:
 1959 05a9 77746F62 		.ascii	"wtobjp\000"
 1959      6A7000
 1960              	.LASF35:
 1961 05b0 705F6E61 		.ascii	"p_name\000"
 1961      6D6500
 1962              	.LASF46:
 1963 05b7 74687265 		.ascii	"threads_list_t\000"
 1963      6164735F 
 1963      6C697374 
 1963      5F7400
 1964              	.LASF41:
 1965 05c6 705F6D73 		.ascii	"p_msg\000"
 1965      6700
 1966              	.LASF108:
 1967 05cc 696F6D6F 		.ascii	"iomode_t\000"
 1967      64655F74 
 1967      00
 1968              	.LASF93:
 1969 05d5 6D5F6F77 		.ascii	"m_owner\000"
 1969      6E657200 
ARM GAS  /tmp/ccXqI850.s 			page 40


 1970              	.LASF32:
 1971 05dd 705F6374 		.ascii	"p_ctx\000"
 1971      7800
 1972              	.LASF65:
 1973 05e3 76745F66 		.ascii	"vt_func\000"
 1973      756E6300 
 1974              		.ident	"GCC: (GNU Tools for ARM Embedded Processors) 4.8.4 20140526 (release) [ARM/embedded-4_8-br
ARM GAS  /tmp/ccXqI850.s 			page 41


DEFINED SYMBOLS
                            *ABS*:00000000 pal.c
     /tmp/ccXqI850.s:19     .text.palReadBus:00000000 $t
     /tmp/ccXqI850.s:25     .text.palReadBus:00000000 palReadBus
     /tmp/ccXqI850.s:48     .text.palWriteBus:00000000 $t
     /tmp/ccXqI850.s:54     .text.palWriteBus:00000000 palWriteBus
     /tmp/ccXqI850.s:85     .text.palSetBusMode:00000000 $t
     /tmp/ccXqI850.s:91     .text.palSetBusMode:00000000 palSetBusMode
                     .debug_frame:00000010 $d

UNDEFINED SYMBOLS
_pal_lld_setgroupmode
