ARM GAS  /tmp/ccpMyaDm.s 			page 1


   1              		.syntax unified
   2              		.cpu cortex-m4
   3              		.fpu softvfp
   4              		.eabi_attribute 20, 1
   5              		.eabi_attribute 21, 1
   6              		.eabi_attribute 23, 3
   7              		.eabi_attribute 24, 1
   8              		.eabi_attribute 25, 1
   9              		.eabi_attribute 26, 1
  10              		.eabi_attribute 30, 2
  11              		.eabi_attribute 34, 1
  12              		.eabi_attribute 18, 4
  13              		.thumb
  14              		.file	"st.c"
  15              		.text
  16              	.Ltext0:
  17              		.cfi_sections	.debug_frame
  18              		.section	.text.stInit,"ax",%progbits
  19              		.align	2
  20              		.p2align 4,,15
  21              		.global	stInit
  22              		.thumb
  23              		.thumb_func
  24              		.type	stInit, %function
  25              	stInit:
  26              	.LFB255:
  27              		.file 1 "../ChibiOS/os/hal/src/st.c"
  28              		.loc 1 63 0
  29              		.cfi_startproc
  30              		@ args = 0, pretend = 0, frame = 0
  31              		@ frame_needed = 0, uses_anonymous_args = 0
  32              		@ link register save eliminated.
  33              		.loc 1 65 0
  34 0000 FFF7FEBF 		b	st_lld_init
  35              	.LVL0:
  36              		.cfi_endproc
  37              	.LFE255:
  38              		.size	stInit, .-stInit
  39 0004 AFF30080 		.section	.text.stStartAlarm,"ax",%progbits
  39      AFF30080 
  39      AFF30080 
  40              		.align	2
  41              		.p2align 4,,15
  42              		.global	stStartAlarm
  43              		.thumb
  44              		.thumb_func
  45              		.type	stStartAlarm, %function
  46              	stStartAlarm:
  47              	.LFB256:
  48              		.loc 1 80 0
  49              		.cfi_startproc
  50              		@ args = 0, pretend = 0, frame = 0
  51              		@ frame_needed = 0, uses_anonymous_args = 0
  52              		@ link register save eliminated.
  53              	.LVL1:
  54              	.LBB10:
  55              	.LBB11:
ARM GAS  /tmp/ccpMyaDm.s 			page 2


  56              		.file 2 "../ChibiOS/os/hal/ports/STM32/LLD/TIMv1/st_lld.h"
  57              		.loc 2 142 0
  58 0000 4FF08043 		mov	r3, #1073741824
  59              	.LVL2:
  60              		.loc 2 143 0
  61 0004 0021     		movs	r1, #0
  62              		.loc 2 144 0
  63 0006 0222     		movs	r2, #2
  64              		.loc 2 142 0
  65 0008 5863     		str	r0, [r3, #52]
  66              		.loc 2 143 0
  67 000a 1961     		str	r1, [r3, #16]
  68              		.loc 2 144 0
  69 000c DA60     		str	r2, [r3, #12]
  70 000e 7047     		bx	lr
  71              	.LBE11:
  72              	.LBE10:
  73              		.cfi_endproc
  74              	.LFE256:
  75              		.size	stStartAlarm, .-stStartAlarm
  76              		.section	.text.stStopAlarm,"ax",%progbits
  77              		.align	2
  78              		.p2align 4,,15
  79              		.global	stStopAlarm
  80              		.thumb
  81              		.thumb_func
  82              		.type	stStopAlarm, %function
  83              	stStopAlarm:
  84              	.LFB257:
  85              		.loc 1 94 0
  86              		.cfi_startproc
  87              		@ args = 0, pretend = 0, frame = 0
  88              		@ frame_needed = 0, uses_anonymous_args = 0
  89              		@ link register save eliminated.
  90              	.LBB12:
  91              	.LBB13:
  92              		.loc 2 154 0
  93 0000 4FF08043 		mov	r3, #1073741824
  94 0004 0022     		movs	r2, #0
  95 0006 DA60     		str	r2, [r3, #12]
  96 0008 7047     		bx	lr
  97              	.LBE13:
  98              	.LBE12:
  99              		.cfi_endproc
 100              	.LFE257:
 101              		.size	stStopAlarm, .-stStopAlarm
 102 000a 00BFAFF3 		.section	.text.stSetAlarm,"ax",%progbits
 102      0080
 103              		.align	2
 104              		.p2align 4,,15
 105              		.global	stSetAlarm
 106              		.thumb
 107              		.thumb_func
 108              		.type	stSetAlarm, %function
 109              	stSetAlarm:
 110              	.LFB258:
 111              		.loc 1 108 0
ARM GAS  /tmp/ccpMyaDm.s 			page 3


 112              		.cfi_startproc
 113              		@ args = 0, pretend = 0, frame = 0
 114              		@ frame_needed = 0, uses_anonymous_args = 0
 115              		@ link register save eliminated.
 116              	.LVL3:
 117              	.LBB14:
 118              	.LBB15:
 119              		.loc 2 166 0
 120 0000 4FF08043 		mov	r3, #1073741824
 121              	.LVL4:
 122 0004 5863     		str	r0, [r3, #52]
 123 0006 7047     		bx	lr
 124              	.LBE15:
 125              	.LBE14:
 126              		.cfi_endproc
 127              	.LFE258:
 128              		.size	stSetAlarm, .-stSetAlarm
 129 0008 AFF30080 		.section	.text.stGetAlarm,"ax",%progbits
 129      AFF30080 
 130              		.align	2
 131              		.p2align 4,,15
 132              		.global	stGetAlarm
 133              		.thumb
 134              		.thumb_func
 135              		.type	stGetAlarm, %function
 136              	stGetAlarm:
 137              	.LFB259:
 138              		.loc 1 124 0
 139              		.cfi_startproc
 140              		@ args = 0, pretend = 0, frame = 0
 141              		@ frame_needed = 0, uses_anonymous_args = 0
 142              		@ link register save eliminated.
 143              	.LBB16:
 144              	.LBB17:
 145              		.loc 2 178 0
 146 0000 4FF08043 		mov	r3, #1073741824
 147 0004 586B     		ldr	r0, [r3, #52]
 148              	.LBE17:
 149              	.LBE16:
 150              		.loc 1 129 0
 151 0006 7047     		bx	lr
 152              		.cfi_endproc
 153              	.LFE259:
 154              		.size	stGetAlarm, .-stGetAlarm
 155 0008 AFF30080 		.text
 155      AFF30080 
 156              	.Letext0:
 157              		.file 3 "/nfs/nfs5/home/research/hardware/arm2/gcc-arm-embedded/gcc-arm-none-eabi-4_8-2014q2/arm-n
 158              		.file 4 "/nfs/nfs5/home/research/hardware/arm2/gcc-arm-embedded/gcc-arm-none-eabi-4_8-2014q2/arm-n
 159              		.file 5 "../ChibiOS/os/rt/ports/ARMCMx/compilers/GCC/chtypes.h"
 160              		.file 6 "../ChibiOS/os/rt/include/chsystypes.h"
 161              		.file 7 "../ChibiOS/os/rt/include/chschd.h"
 162              		.file 8 "../ChibiOS/os/rt/ports/ARMCMx/chcore.h"
 163              		.file 9 "../ChibiOS/os/rt/ports/ARMCMx/chcore_v7m.h"
 164              		.file 10 "../ChibiOS/os/hal/ports/STM32/LLD/TIMv1/stm32_tim.h"
 165              		.file 11 "../ChibiOS/os/rt/include/chtm.h"
 166              		.file 12 "../ChibiOS/os/rt/include/chmtx.h"
ARM GAS  /tmp/ccpMyaDm.s 			page 4


 167              		.file 13 "../ChibiOS/os/ext/CMSIS/include/core_cm4.h"
 168              		.section	.debug_info,"",%progbits
 169              	.Ldebug_info0:
 170 0000 87080000 		.4byte	0x887
 171 0004 0400     		.2byte	0x4
 172 0006 00000000 		.4byte	.Ldebug_abbrev0
 173 000a 04       		.byte	0x4
 174 000b 01       		.uleb128 0x1
 175 000c 03040000 		.4byte	.LASF113
 176 0010 01       		.byte	0x1
 177 0011 47000000 		.4byte	.LASF114
 178 0015 35010000 		.4byte	.LASF115
 179 0019 00000000 		.4byte	.Ldebug_ranges0+0
 180 001d 00000000 		.4byte	0
 181 0021 00000000 		.4byte	.Ldebug_line0
 182 0025 02       		.uleb128 0x2
 183 0026 04       		.byte	0x4
 184 0027 05       		.byte	0x5
 185 0028 696E7400 		.ascii	"int\000"
 186 002c 03       		.uleb128 0x3
 187 002d 04       		.byte	0x4
 188 002e 07       		.byte	0x7
 189 002f CE010000 		.4byte	.LASF0
 190 0033 03       		.uleb128 0x3
 191 0034 01       		.byte	0x1
 192 0035 06       		.byte	0x6
 193 0036 EB000000 		.4byte	.LASF1
 194 003a 04       		.uleb128 0x4
 195 003b 22000000 		.4byte	.LASF5
 196 003f 03       		.byte	0x3
 197 0040 1C       		.byte	0x1c
 198 0041 45000000 		.4byte	0x45
 199 0045 03       		.uleb128 0x3
 200 0046 01       		.byte	0x1
 201 0047 08       		.byte	0x8
 202 0048 26030000 		.4byte	.LASF2
 203 004c 03       		.uleb128 0x3
 204 004d 02       		.byte	0x2
 205 004e 05       		.byte	0x5
 206 004f 3E030000 		.4byte	.LASF3
 207 0053 03       		.uleb128 0x3
 208 0054 02       		.byte	0x2
 209 0055 07       		.byte	0x7
 210 0056 7B010000 		.4byte	.LASF4
 211 005a 04       		.uleb128 0x4
 212 005b 35020000 		.4byte	.LASF6
 213 005f 03       		.byte	0x3
 214 0060 37       		.byte	0x37
 215 0061 65000000 		.4byte	0x65
 216 0065 03       		.uleb128 0x3
 217 0066 04       		.byte	0x4
 218 0067 05       		.byte	0x5
 219 0068 10010000 		.4byte	.LASF7
 220 006c 04       		.uleb128 0x4
 221 006d 02050000 		.4byte	.LASF8
 222 0071 03       		.byte	0x3
 223 0072 38       		.byte	0x38
ARM GAS  /tmp/ccpMyaDm.s 			page 5


 224 0073 77000000 		.4byte	0x77
 225 0077 03       		.uleb128 0x3
 226 0078 04       		.byte	0x4
 227 0079 07       		.byte	0x7
 228 007a D2030000 		.4byte	.LASF9
 229 007e 03       		.uleb128 0x3
 230 007f 08       		.byte	0x8
 231 0080 05       		.byte	0x5
 232 0081 27010000 		.4byte	.LASF10
 233 0085 04       		.uleb128 0x4
 234 0086 D0020000 		.4byte	.LASF11
 235 008a 03       		.byte	0x3
 236 008b 4E       		.byte	0x4e
 237 008c 90000000 		.4byte	0x90
 238 0090 03       		.uleb128 0x3
 239 0091 08       		.byte	0x8
 240 0092 07       		.byte	0x7
 241 0093 62000000 		.4byte	.LASF12
 242 0097 04       		.uleb128 0x4
 243 0098 65030000 		.4byte	.LASF13
 244 009c 04       		.byte	0x4
 245 009d 2A       		.byte	0x2a
 246 009e 3A000000 		.4byte	0x3a
 247 00a2 04       		.uleb128 0x4
 248 00a3 1E030000 		.4byte	.LASF14
 249 00a7 04       		.byte	0x4
 250 00a8 41       		.byte	0x41
 251 00a9 5A000000 		.4byte	0x5a
 252 00ad 04       		.uleb128 0x4
 253 00ae A8030000 		.4byte	.LASF15
 254 00b2 04       		.byte	0x4
 255 00b3 42       		.byte	0x42
 256 00b4 6C000000 		.4byte	0x6c
 257 00b8 04       		.uleb128 0x4
 258 00b9 19000000 		.4byte	.LASF16
 259 00bd 04       		.byte	0x4
 260 00be 4E       		.byte	0x4e
 261 00bf 85000000 		.4byte	0x85
 262 00c3 05       		.uleb128 0x5
 263 00c4 A2000000 		.4byte	0xa2
 264 00c8 05       		.uleb128 0x5
 265 00c9 AD000000 		.4byte	0xad
 266 00cd 04       		.uleb128 0x4
 267 00ce 39050000 		.4byte	.LASF17
 268 00d2 05       		.byte	0x5
 269 00d3 45       		.byte	0x45
 270 00d4 AD000000 		.4byte	0xad
 271 00d8 04       		.uleb128 0x4
 272 00d9 AA050000 		.4byte	.LASF18
 273 00dd 05       		.byte	0x5
 274 00de 48       		.byte	0x48
 275 00df 97000000 		.4byte	0x97
 276 00e3 04       		.uleb128 0x4
 277 00e4 19010000 		.4byte	.LASF19
 278 00e8 05       		.byte	0x5
 279 00e9 49       		.byte	0x49
 280 00ea 97000000 		.4byte	0x97
ARM GAS  /tmp/ccpMyaDm.s 			page 6


 281 00ee 04       		.uleb128 0x4
 282 00ef DB020000 		.4byte	.LASF20
 283 00f3 05       		.byte	0x5
 284 00f4 4A       		.byte	0x4a
 285 00f5 97000000 		.4byte	0x97
 286 00f9 04       		.uleb128 0x4
 287 00fa FA020000 		.4byte	.LASF21
 288 00fe 05       		.byte	0x5
 289 00ff 4C       		.byte	0x4c
 290 0100 AD000000 		.4byte	0xad
 291 0104 04       		.uleb128 0x4
 292 0105 FD010000 		.4byte	.LASF22
 293 0109 05       		.byte	0x5
 294 010a 4D       		.byte	0x4d
 295 010b A2000000 		.4byte	0xa2
 296 010f 04       		.uleb128 0x4
 297 0110 29020000 		.4byte	.LASF23
 298 0114 05       		.byte	0x5
 299 0115 4F       		.byte	0x4f
 300 0116 AD000000 		.4byte	0xad
 301 011a 04       		.uleb128 0x4
 302 011b E4040000 		.4byte	.LASF24
 303 011f 06       		.byte	0x6
 304 0120 33       		.byte	0x33
 305 0121 AD000000 		.4byte	0xad
 306 0125 04       		.uleb128 0x4
 307 0126 FA030000 		.4byte	.LASF25
 308 012a 06       		.byte	0x6
 309 012b 3F       		.byte	0x3f
 310 012c 30010000 		.4byte	0x130
 311 0130 06       		.uleb128 0x6
 312 0131 F3010000 		.4byte	.LASF44
 313 0135 44       		.byte	0x44
 314 0136 07       		.byte	0x7
 315 0137 BE       		.byte	0xbe
 316 0138 1D020000 		.4byte	0x21d
 317 013c 07       		.uleb128 0x7
 318 013d 5E030000 		.4byte	.LASF26
 319 0141 07       		.byte	0x7
 320 0142 BF       		.byte	0xbf
 321 0143 43060000 		.4byte	0x643
 322 0147 00       		.byte	0
 323 0148 07       		.uleb128 0x7
 324 0149 F3020000 		.4byte	.LASF27
 325 014d 07       		.byte	0x7
 326 014e C1       		.byte	0xc1
 327 014f 43060000 		.4byte	0x643
 328 0153 04       		.byte	0x4
 329 0154 07       		.uleb128 0x7
 330 0155 D2000000 		.4byte	.LASF28
 331 0159 07       		.byte	0x7
 332 015a C3       		.byte	0xc3
 333 015b F9000000 		.4byte	0xf9
 334 015f 08       		.byte	0x8
 335 0160 07       		.uleb128 0x7
 336 0161 CB050000 		.4byte	.LASF29
 337 0165 07       		.byte	0x7
ARM GAS  /tmp/ccpMyaDm.s 			page 7


 338 0166 C4       		.byte	0xc4
 339 0167 67040000 		.4byte	0x467
 340 016b 0C       		.byte	0xc
 341 016c 07       		.uleb128 0x7
 342 016d 73010000 		.4byte	.LASF30
 343 0171 07       		.byte	0x7
 344 0172 C6       		.byte	0xc6
 345 0173 43060000 		.4byte	0x643
 346 0177 10       		.byte	0x10
 347 0178 07       		.uleb128 0x7
 348 0179 93020000 		.4byte	.LASF31
 349 017d 07       		.byte	0x7
 350 017e C7       		.byte	0xc7
 351 017f 43060000 		.4byte	0x643
 352 0183 14       		.byte	0x14
 353 0184 07       		.uleb128 0x7
 354 0185 94050000 		.4byte	.LASF32
 355 0189 07       		.byte	0x7
 356 018a CE       		.byte	0xce
 357 018b 81060000 		.4byte	0x681
 358 018f 18       		.byte	0x18
 359 0190 07       		.uleb128 0x7
 360 0191 48030000 		.4byte	.LASF33
 361 0195 07       		.byte	0x7
 362 0196 D9       		.byte	0xd9
 363 0197 E3000000 		.4byte	0xe3
 364 019b 1C       		.byte	0x1c
 365 019c 07       		.uleb128 0x7
 366 019d C6010000 		.4byte	.LASF34
 367 01a1 07       		.byte	0x7
 368 01a2 DD       		.byte	0xdd
 369 01a3 D8000000 		.4byte	0xd8
 370 01a7 1D       		.byte	0x1d
 371 01a8 07       		.uleb128 0x7
 372 01a9 6A050000 		.4byte	.LASF35
 373 01ad 07       		.byte	0x7
 374 01ae E2       		.byte	0xe2
 375 01af EE000000 		.4byte	0xee
 376 01b3 1E       		.byte	0x1e
 377 01b4 08       		.uleb128 0x8
 378 01b5 705F7500 		.ascii	"p_u\000"
 379 01b9 07       		.byte	0x7
 380 01ba 1401     		.2byte	0x114
 381 01bc 49060000 		.4byte	0x649
 382 01c0 20       		.byte	0x20
 383 01c1 09       		.uleb128 0x9
 384 01c2 5D020000 		.4byte	.LASF36
 385 01c6 07       		.byte	0x7
 386 01c7 1901     		.2byte	0x119
 387 01c9 1D020000 		.4byte	0x21d
 388 01cd 24       		.byte	0x24
 389 01ce 09       		.uleb128 0x9
 390 01cf E3010000 		.4byte	.LASF37
 391 01d3 07       		.byte	0x7
 392 01d4 1F01     		.2byte	0x11f
 393 01d6 41020000 		.4byte	0x241
 394 01da 28       		.byte	0x28
ARM GAS  /tmp/ccpMyaDm.s 			page 8


 395 01db 09       		.uleb128 0x9
 396 01dc 33050000 		.4byte	.LASF38
 397 01e0 07       		.byte	0x7
 398 01e1 2301     		.2byte	0x123
 399 01e3 04010000 		.4byte	0x104
 400 01e7 30       		.byte	0x30
 401 01e8 09       		.uleb128 0x9
 402 01e9 9D030000 		.4byte	.LASF39
 403 01ed 07       		.byte	0x7
 404 01ee 2901     		.2byte	0x129
 405 01f0 0F010000 		.4byte	0x10f
 406 01f4 34       		.byte	0x34
 407 01f5 09       		.uleb128 0x9
 408 01f6 34030000 		.4byte	.LASF40
 409 01fa 07       		.byte	0x7
 410 01fb 3001     		.2byte	0x130
 411 01fd C4060000 		.4byte	0x6c4
 412 0201 38       		.byte	0x38
 413 0202 09       		.uleb128 0x9
 414 0203 EE040000 		.4byte	.LASF41
 415 0207 07       		.byte	0x7
 416 0208 3401     		.2byte	0x134
 417 020a F9000000 		.4byte	0xf9
 418 020e 3C       		.byte	0x3c
 419 020f 09       		.uleb128 0x9
 420 0210 96010000 		.4byte	.LASF42
 421 0214 07       		.byte	0x7
 422 0215 3A01     		.2byte	0x13a
 423 0217 F4020000 		.4byte	0x2f4
 424 021b 40       		.byte	0x40
 425 021c 00       		.byte	0
 426 021d 04       		.uleb128 0x4
 427 021e 9B050000 		.4byte	.LASF43
 428 0222 06       		.byte	0x6
 429 0223 44       		.byte	0x44
 430 0224 28020000 		.4byte	0x228
 431 0228 06       		.uleb128 0x6
 432 0229 C2030000 		.4byte	.LASF45
 433 022d 04       		.byte	0x4
 434 022e 07       		.byte	0x7
 435 022f AC       		.byte	0xac
 436 0230 41020000 		.4byte	0x241
 437 0234 07       		.uleb128 0x7
 438 0235 5E030000 		.4byte	.LASF26
 439 0239 07       		.byte	0x7
 440 023a AD       		.byte	0xad
 441 023b 43060000 		.4byte	0x643
 442 023f 00       		.byte	0
 443 0240 00       		.byte	0
 444 0241 04       		.uleb128 0x4
 445 0242 5A050000 		.4byte	.LASF46
 446 0246 06       		.byte	0x6
 447 0247 4B       		.byte	0x4b
 448 0248 4C020000 		.4byte	0x24c
 449 024c 06       		.uleb128 0x6
 450 024d C1000000 		.4byte	.LASF47
 451 0251 08       		.byte	0x8
ARM GAS  /tmp/ccpMyaDm.s 			page 9


 452 0252 07       		.byte	0x7
 453 0253 B3       		.byte	0xb3
 454 0254 71020000 		.4byte	0x271
 455 0258 07       		.uleb128 0x7
 456 0259 5E030000 		.4byte	.LASF26
 457 025d 07       		.byte	0x7
 458 025e B4       		.byte	0xb4
 459 025f 43060000 		.4byte	0x643
 460 0263 00       		.byte	0
 461 0264 07       		.uleb128 0x7
 462 0265 F3020000 		.4byte	.LASF27
 463 0269 07       		.byte	0x7
 464 026a B5       		.byte	0xb5
 465 026b 43060000 		.4byte	0x643
 466 026f 04       		.byte	0x4
 467 0270 00       		.byte	0
 468 0271 04       		.uleb128 0x4
 469 0272 00000000 		.4byte	.LASF48
 470 0276 06       		.byte	0x6
 471 0277 52       		.byte	0x52
 472 0278 7C020000 		.4byte	0x27c
 473 027c 0A       		.uleb128 0xa
 474 027d 1B020000 		.4byte	.LASF49
 475 0281 1C       		.byte	0x1c
 476 0282 07       		.byte	0x7
 477 0283 7201     		.2byte	0x172
 478 0285 D8020000 		.4byte	0x2d8
 479 0289 09       		.uleb128 0x9
 480 028a B1030000 		.4byte	.LASF50
 481 028e 07       		.byte	0x7
 482 028f 7301     		.2byte	0x173
 483 0291 41020000 		.4byte	0x241
 484 0295 00       		.byte	0
 485 0296 09       		.uleb128 0x9
 486 0297 50030000 		.4byte	.LASF51
 487 029b 07       		.byte	0x7
 488 029c 7401     		.2byte	0x174
 489 029e F9000000 		.4byte	0xf9
 490 02a2 08       		.byte	0x8
 491 02a3 09       		.uleb128 0x9
 492 02a4 A2020000 		.4byte	.LASF52
 493 02a8 07       		.byte	0x7
 494 02a9 7601     		.2byte	0x176
 495 02ab 67040000 		.4byte	0x467
 496 02af 0C       		.byte	0xc
 497 02b0 09       		.uleb128 0x9
 498 02b1 8E010000 		.4byte	.LASF53
 499 02b5 07       		.byte	0x7
 500 02b6 7901     		.2byte	0x179
 501 02b8 43060000 		.4byte	0x643
 502 02bc 10       		.byte	0x10
 503 02bd 09       		.uleb128 0x9
 504 02be C8020000 		.4byte	.LASF54
 505 02c2 07       		.byte	0x7
 506 02c3 7A01     		.2byte	0x17a
 507 02c5 43060000 		.4byte	0x643
 508 02c9 14       		.byte	0x14
ARM GAS  /tmp/ccpMyaDm.s 			page 10


 509 02ca 09       		.uleb128 0x9
 510 02cb BE020000 		.4byte	.LASF55
 511 02cf 07       		.byte	0x7
 512 02d0 7D01     		.2byte	0x17d
 513 02d2 43060000 		.4byte	0x643
 514 02d6 18       		.byte	0x18
 515 02d7 00       		.byte	0
 516 02d8 04       		.uleb128 0x4
 517 02d9 F9040000 		.4byte	.LASF56
 518 02dd 06       		.byte	0x6
 519 02de 57       		.byte	0x57
 520 02df E3020000 		.4byte	0x2e3
 521 02e3 0B       		.uleb128 0xb
 522 02e4 04       		.byte	0x4
 523 02e5 E9020000 		.4byte	0x2e9
 524 02e9 0C       		.uleb128 0xc
 525 02ea F4020000 		.4byte	0x2f4
 526 02ee 0D       		.uleb128 0xd
 527 02ef F4020000 		.4byte	0x2f4
 528 02f3 00       		.byte	0
 529 02f4 0E       		.uleb128 0xe
 530 02f5 04       		.byte	0x4
 531 02f6 04       		.uleb128 0x4
 532 02f7 E3020000 		.4byte	.LASF57
 533 02fb 06       		.byte	0x6
 534 02fc 5C       		.byte	0x5c
 535 02fd 01030000 		.4byte	0x301
 536 0301 0A       		.uleb128 0xa
 537 0302 76030000 		.4byte	.LASF58
 538 0306 14       		.byte	0x14
 539 0307 07       		.byte	0x7
 540 0308 4D01     		.2byte	0x14d
 541 030a 50030000 		.4byte	0x350
 542 030e 09       		.uleb128 0x9
 543 030f DB010000 		.4byte	.LASF59
 544 0313 07       		.byte	0x7
 545 0314 4E01     		.2byte	0x14e
 546 0316 CA060000 		.4byte	0x6ca
 547 031a 00       		.byte	0
 548 031b 09       		.uleb128 0x9
 549 031c A7010000 		.4byte	.LASF60
 550 0320 07       		.byte	0x7
 551 0321 4F01     		.2byte	0x14f
 552 0323 CA060000 		.4byte	0x6ca
 553 0327 04       		.byte	0x4
 554 0328 09       		.uleb128 0x9
 555 0329 B9030000 		.4byte	.LASF61
 556 032d 07       		.byte	0x7
 557 032e 5001     		.2byte	0x150
 558 0330 1A010000 		.4byte	0x11a
 559 0334 08       		.byte	0x8
 560 0335 09       		.uleb128 0x9
 561 0336 D1050000 		.4byte	.LASF62
 562 033a 07       		.byte	0x7
 563 033b 5101     		.2byte	0x151
 564 033d D8020000 		.4byte	0x2d8
 565 0341 0C       		.byte	0xc
ARM GAS  /tmp/ccpMyaDm.s 			page 11


 566 0342 09       		.uleb128 0x9
 567 0343 53050000 		.4byte	.LASF63
 568 0347 07       		.byte	0x7
 569 0348 5301     		.2byte	0x153
 570 034a F4020000 		.4byte	0x2f4
 571 034e 10       		.byte	0x10
 572 034f 00       		.byte	0
 573 0350 04       		.uleb128 0x4
 574 0351 8D000000 		.4byte	.LASF64
 575 0355 06       		.byte	0x6
 576 0356 61       		.byte	0x61
 577 0357 5B030000 		.4byte	0x35b
 578 035b 0A       		.uleb128 0xa
 579 035c 70020000 		.4byte	.LASF65
 580 0360 10       		.byte	0x10
 581 0361 07       		.byte	0x7
 582 0362 5D01     		.2byte	0x15d
 583 0364 9D030000 		.4byte	0x39d
 584 0368 09       		.uleb128 0x9
 585 0369 DB010000 		.4byte	.LASF59
 586 036d 07       		.byte	0x7
 587 036e 5E01     		.2byte	0x15e
 588 0370 CA060000 		.4byte	0x6ca
 589 0374 00       		.byte	0
 590 0375 09       		.uleb128 0x9
 591 0376 A7010000 		.4byte	.LASF60
 592 037a 07       		.byte	0x7
 593 037b 6001     		.2byte	0x160
 594 037d CA060000 		.4byte	0x6ca
 595 0381 04       		.byte	0x4
 596 0382 09       		.uleb128 0x9
 597 0383 B9030000 		.4byte	.LASF61
 598 0387 07       		.byte	0x7
 599 0388 6201     		.2byte	0x162
 600 038a 1A010000 		.4byte	0x11a
 601 038e 08       		.byte	0x8
 602 038f 09       		.uleb128 0x9
 603 0390 87020000 		.4byte	.LASF66
 604 0394 07       		.byte	0x7
 605 0395 6A01     		.2byte	0x16a
 606 0397 1A010000 		.4byte	0x11a
 607 039b 0C       		.byte	0xc
 608 039c 00       		.byte	0
 609 039d 04       		.uleb128 0x4
 610 039e 38000000 		.4byte	.LASF67
 611 03a2 06       		.byte	0x6
 612 03a3 66       		.byte	0x66
 613 03a4 A8030000 		.4byte	0x3a8
 614 03a8 0A       		.uleb128 0xa
 615 03a9 08030000 		.4byte	.LASF68
 616 03ad 04       		.byte	0x4
 617 03ae 07       		.byte	0x7
 618 03af 8401     		.2byte	0x184
 619 03b1 C3030000 		.4byte	0x3c3
 620 03b5 09       		.uleb128 0x9
 621 03b6 0D050000 		.4byte	.LASF69
 622 03ba 07       		.byte	0x7
ARM GAS  /tmp/ccpMyaDm.s 			page 12


 623 03bb 8C01     		.2byte	0x18c
 624 03bd D0060000 		.4byte	0x6d0
 625 03c1 00       		.byte	0
 626 03c2 00       		.byte	0
 627 03c3 04       		.uleb128 0x4
 628 03c4 03020000 		.4byte	.LASF70
 629 03c8 06       		.byte	0x6
 630 03c9 6B       		.byte	0x6b
 631 03ca CE030000 		.4byte	0x3ce
 632 03ce 0F       		.uleb128 0xf
 633 03cf 06010000 		.4byte	.LASF71
 634 03d3 5001     		.2byte	0x150
 635 03d5 07       		.byte	0x7
 636 03d6 A401     		.2byte	0x1a4
 637 03d8 2A040000 		.4byte	0x42a
 638 03dc 09       		.uleb128 0x9
 639 03dd 71050000 		.4byte	.LASF72
 640 03e1 07       		.byte	0x7
 641 03e2 A801     		.2byte	0x1a8
 642 03e4 71020000 		.4byte	0x271
 643 03e8 00       		.byte	0
 644 03e9 09       		.uleb128 0x9
 645 03ea FF000000 		.4byte	.LASF73
 646 03ee 07       		.byte	0x7
 647 03ef AC01     		.2byte	0x1ac
 648 03f1 50030000 		.4byte	0x350
 649 03f5 1C       		.byte	0x1c
 650 03f6 08       		.uleb128 0x8
 651 03f7 64626700 		.ascii	"dbg\000"
 652 03fb 07       		.byte	0x7
 653 03fc B001     		.2byte	0x1b0
 654 03fe 9D030000 		.4byte	0x39d
 655 0402 2C       		.byte	0x2c
 656 0403 09       		.uleb128 0x9
 657 0404 82000000 		.4byte	.LASF74
 658 0408 07       		.byte	0x7
 659 0409 B401     		.2byte	0x1b4
 660 040b 25010000 		.4byte	0x125
 661 040f 30       		.byte	0x30
 662 0410 08       		.uleb128 0x8
 663 0411 746D00   		.ascii	"tm\000"
 664 0414 07       		.byte	0x7
 665 0415 B901     		.2byte	0x1b9
 666 0417 38060000 		.4byte	0x638
 667 041b 74       		.byte	0x74
 668 041c 09       		.uleb128 0x9
 669 041d B7010000 		.4byte	.LASF75
 670 0421 07       		.byte	0x7
 671 0422 C501     		.2byte	0x1c5
 672 0424 D5060000 		.4byte	0x6d5
 673 0428 78       		.byte	0x78
 674 0429 00       		.byte	0
 675 042a 03       		.uleb128 0x3
 676 042b 04       		.byte	0x4
 677 042c 07       		.byte	0x7
 678 042d 67020000 		.4byte	.LASF76
 679 0431 10       		.uleb128 0x10
ARM GAS  /tmp/ccpMyaDm.s 			page 13


 680 0432 AD000000 		.4byte	0xad
 681 0436 41040000 		.4byte	0x441
 682 043a 11       		.uleb128 0x11
 683 043b 2A040000 		.4byte	0x42a
 684 043f 01       		.byte	0x1
 685 0440 00       		.byte	0
 686 0441 10       		.uleb128 0x10
 687 0442 AD000000 		.4byte	0xad
 688 0446 51040000 		.4byte	0x451
 689 044a 11       		.uleb128 0x11
 690 044b 2A040000 		.4byte	0x42a
 691 044f 03       		.byte	0x3
 692 0450 00       		.byte	0
 693 0451 04       		.uleb128 0x4
 694 0452 9E010000 		.4byte	.LASF77
 695 0456 08       		.byte	0x8
 696 0457 85       		.byte	0x85
 697 0458 F4020000 		.4byte	0x2f4
 698 045c 04       		.uleb128 0x4
 699 045d 52020000 		.4byte	.LASF78
 700 0461 08       		.byte	0x8
 701 0462 8D       		.byte	0x8d
 702 0463 B8000000 		.4byte	0xb8
 703 0467 06       		.uleb128 0x6
 704 0468 2B050000 		.4byte	.LASF79
 705 046c 04       		.byte	0x4
 706 046d 08       		.byte	0x8
 707 046e A9       		.byte	0xa9
 708 046f 80040000 		.4byte	0x480
 709 0473 12       		.uleb128 0x12
 710 0474 72313300 		.ascii	"r13\000"
 711 0478 08       		.byte	0x8
 712 0479 AA       		.byte	0xaa
 713 047a FB040000 		.4byte	0x4fb
 714 047e 00       		.byte	0
 715 047f 00       		.byte	0
 716 0480 06       		.uleb128 0x6
 717 0481 2C000000 		.4byte	.LASF80
 718 0485 24       		.byte	0x24
 719 0486 09       		.byte	0x9
 720 0487 F4       		.byte	0xf4
 721 0488 FB040000 		.4byte	0x4fb
 722 048c 08       		.uleb128 0x8
 723 048d 723400   		.ascii	"r4\000"
 724 0490 09       		.byte	0x9
 725 0491 0701     		.2byte	0x107
 726 0493 51040000 		.4byte	0x451
 727 0497 00       		.byte	0
 728 0498 08       		.uleb128 0x8
 729 0499 723500   		.ascii	"r5\000"
 730 049c 09       		.byte	0x9
 731 049d 0801     		.2byte	0x108
 732 049f 51040000 		.4byte	0x451
 733 04a3 04       		.byte	0x4
 734 04a4 08       		.uleb128 0x8
 735 04a5 723600   		.ascii	"r6\000"
 736 04a8 09       		.byte	0x9
ARM GAS  /tmp/ccpMyaDm.s 			page 14


 737 04a9 0901     		.2byte	0x109
 738 04ab 51040000 		.4byte	0x451
 739 04af 08       		.byte	0x8
 740 04b0 08       		.uleb128 0x8
 741 04b1 723700   		.ascii	"r7\000"
 742 04b4 09       		.byte	0x9
 743 04b5 0A01     		.2byte	0x10a
 744 04b7 51040000 		.4byte	0x451
 745 04bb 0C       		.byte	0xc
 746 04bc 08       		.uleb128 0x8
 747 04bd 723800   		.ascii	"r8\000"
 748 04c0 09       		.byte	0x9
 749 04c1 0B01     		.2byte	0x10b
 750 04c3 51040000 		.4byte	0x451
 751 04c7 10       		.byte	0x10
 752 04c8 08       		.uleb128 0x8
 753 04c9 723900   		.ascii	"r9\000"
 754 04cc 09       		.byte	0x9
 755 04cd 0C01     		.2byte	0x10c
 756 04cf 51040000 		.4byte	0x451
 757 04d3 14       		.byte	0x14
 758 04d4 08       		.uleb128 0x8
 759 04d5 72313000 		.ascii	"r10\000"
 760 04d9 09       		.byte	0x9
 761 04da 0D01     		.2byte	0x10d
 762 04dc 51040000 		.4byte	0x451
 763 04e0 18       		.byte	0x18
 764 04e1 08       		.uleb128 0x8
 765 04e2 72313100 		.ascii	"r11\000"
 766 04e6 09       		.byte	0x9
 767 04e7 0E01     		.2byte	0x10e
 768 04e9 51040000 		.4byte	0x451
 769 04ed 1C       		.byte	0x1c
 770 04ee 08       		.uleb128 0x8
 771 04ef 6C7200   		.ascii	"lr\000"
 772 04f2 09       		.byte	0x9
 773 04f3 0F01     		.2byte	0x10f
 774 04f5 51040000 		.4byte	0x451
 775 04f9 20       		.byte	0x20
 776 04fa 00       		.byte	0
 777 04fb 0B       		.uleb128 0xb
 778 04fc 04       		.byte	0x4
 779 04fd 80040000 		.4byte	0x480
 780 0501 13       		.uleb128 0x13
 781 0502 60       		.byte	0x60
 782 0503 0A       		.byte	0xa
 783 0504 9E01     		.2byte	0x19e
 784 0506 0D060000 		.4byte	0x60d
 785 050a 08       		.uleb128 0x8
 786 050b 43523100 		.ascii	"CR1\000"
 787 050f 0A       		.byte	0xa
 788 0510 9F01     		.2byte	0x19f
 789 0512 C8000000 		.4byte	0xc8
 790 0516 00       		.byte	0
 791 0517 08       		.uleb128 0x8
 792 0518 43523200 		.ascii	"CR2\000"
 793 051c 0A       		.byte	0xa
ARM GAS  /tmp/ccpMyaDm.s 			page 15


 794 051d A001     		.2byte	0x1a0
 795 051f C8000000 		.4byte	0xc8
 796 0523 04       		.byte	0x4
 797 0524 09       		.uleb128 0x9
 798 0525 EE010000 		.4byte	.LASF81
 799 0529 0A       		.byte	0xa
 800 052a A101     		.2byte	0x1a1
 801 052c C8000000 		.4byte	0xc8
 802 0530 08       		.byte	0x8
 803 0531 09       		.uleb128 0x9
 804 0532 0D000000 		.4byte	.LASF82
 805 0536 0A       		.byte	0xa
 806 0537 A201     		.2byte	0x1a2
 807 0539 C8000000 		.4byte	0xc8
 808 053d 0C       		.byte	0xc
 809 053e 08       		.uleb128 0x8
 810 053f 535200   		.ascii	"SR\000"
 811 0542 0A       		.byte	0xa
 812 0543 A301     		.2byte	0x1a3
 813 0545 C8000000 		.4byte	0xc8
 814 0549 10       		.byte	0x10
 815 054a 08       		.uleb128 0x8
 816 054b 45475200 		.ascii	"EGR\000"
 817 054f 0A       		.byte	0xa
 818 0550 A401     		.2byte	0x1a4
 819 0552 C8000000 		.4byte	0xc8
 820 0556 14       		.byte	0x14
 821 0557 09       		.uleb128 0x9
 822 0558 D9000000 		.4byte	.LASF83
 823 055c 0A       		.byte	0xa
 824 055d A501     		.2byte	0x1a5
 825 055f C8000000 		.4byte	0xc8
 826 0563 18       		.byte	0x18
 827 0564 09       		.uleb128 0x9
 828 0565 DF000000 		.4byte	.LASF84
 829 0569 0A       		.byte	0xa
 830 056a A601     		.2byte	0x1a6
 831 056c C8000000 		.4byte	0xc8
 832 0570 1C       		.byte	0x1c
 833 0571 09       		.uleb128 0x9
 834 0572 22010000 		.4byte	.LASF85
 835 0576 0A       		.byte	0xa
 836 0577 A701     		.2byte	0x1a7
 837 0579 C8000000 		.4byte	0xc8
 838 057d 20       		.byte	0x20
 839 057e 08       		.uleb128 0x8
 840 057f 434E5400 		.ascii	"CNT\000"
 841 0583 0A       		.byte	0xa
 842 0584 A801     		.2byte	0x1a8
 843 0586 C8000000 		.4byte	0xc8
 844 058a 24       		.byte	0x24
 845 058b 08       		.uleb128 0x8
 846 058c 50534300 		.ascii	"PSC\000"
 847 0590 0A       		.byte	0xa
 848 0591 A901     		.2byte	0x1a9
 849 0593 C8000000 		.4byte	0xc8
 850 0597 28       		.byte	0x28
ARM GAS  /tmp/ccpMyaDm.s 			page 16


 851 0598 08       		.uleb128 0x8
 852 0599 41525200 		.ascii	"ARR\000"
 853 059d 0A       		.byte	0xa
 854 059e AA01     		.2byte	0x1aa
 855 05a0 C8000000 		.4byte	0xc8
 856 05a4 2C       		.byte	0x2c
 857 05a5 08       		.uleb128 0x8
 858 05a6 52435200 		.ascii	"RCR\000"
 859 05aa 0A       		.byte	0xa
 860 05ab AB01     		.2byte	0x1ab
 861 05ad C8000000 		.4byte	0xc8
 862 05b1 30       		.byte	0x30
 863 05b2 08       		.uleb128 0x8
 864 05b3 43435200 		.ascii	"CCR\000"
 865 05b7 0A       		.byte	0xa
 866 05b8 AC01     		.2byte	0x1ac
 867 05ba 0D060000 		.4byte	0x60d
 868 05be 34       		.byte	0x34
 869 05bf 09       		.uleb128 0x9
 870 05c0 BC000000 		.4byte	.LASF86
 871 05c4 0A       		.byte	0xa
 872 05c5 AD01     		.2byte	0x1ad
 873 05c7 C8000000 		.4byte	0xc8
 874 05cb 44       		.byte	0x44
 875 05cc 08       		.uleb128 0x8
 876 05cd 44435200 		.ascii	"DCR\000"
 877 05d1 0A       		.byte	0xa
 878 05d2 AE01     		.2byte	0x1ae
 879 05d4 C8000000 		.4byte	0xc8
 880 05d8 48       		.byte	0x48
 881 05d9 09       		.uleb128 0x9
 882 05da F5030000 		.4byte	.LASF87
 883 05de 0A       		.byte	0xa
 884 05df AF01     		.2byte	0x1af
 885 05e1 C8000000 		.4byte	0xc8
 886 05e5 4C       		.byte	0x4c
 887 05e6 08       		.uleb128 0x8
 888 05e7 4F5200   		.ascii	"OR\000"
 889 05ea 0A       		.byte	0xa
 890 05eb B001     		.2byte	0x1b0
 891 05ed C8000000 		.4byte	0xc8
 892 05f1 50       		.byte	0x50
 893 05f2 09       		.uleb128 0x9
 894 05f3 E5000000 		.4byte	.LASF88
 895 05f7 0A       		.byte	0xa
 896 05f8 B101     		.2byte	0x1b1
 897 05fa C8000000 		.4byte	0xc8
 898 05fe 54       		.byte	0x54
 899 05ff 09       		.uleb128 0x9
 900 0600 98030000 		.4byte	.LASF89
 901 0604 0A       		.byte	0xa
 902 0605 B201     		.2byte	0x1b2
 903 0607 12060000 		.4byte	0x612
 904 060b 58       		.byte	0x58
 905 060c 00       		.byte	0
 906 060d 05       		.uleb128 0x5
 907 060e 41040000 		.4byte	0x441
ARM GAS  /tmp/ccpMyaDm.s 			page 17


 908 0612 05       		.uleb128 0x5
 909 0613 31040000 		.4byte	0x431
 910 0617 14       		.uleb128 0x14
 911 0618 0F020000 		.4byte	.LASF90
 912 061c 0A       		.byte	0xa
 913 061d B301     		.2byte	0x1b3
 914 061f 01050000 		.4byte	0x501
 915 0623 15       		.uleb128 0x15
 916 0624 04       		.byte	0x4
 917 0625 0B       		.byte	0xb
 918 0626 38       		.byte	0x38
 919 0627 38060000 		.4byte	0x638
 920 062b 07       		.uleb128 0x7
 921 062c 17050000 		.4byte	.LASF91
 922 0630 0B       		.byte	0xb
 923 0631 3C       		.byte	0x3c
 924 0632 CD000000 		.4byte	0xcd
 925 0636 00       		.byte	0
 926 0637 00       		.byte	0
 927 0638 04       		.uleb128 0x4
 928 0639 A8020000 		.4byte	.LASF92
 929 063d 0B       		.byte	0xb
 930 063e 3D       		.byte	0x3d
 931 063f 23060000 		.4byte	0x623
 932 0643 0B       		.uleb128 0xb
 933 0644 04       		.byte	0x4
 934 0645 25010000 		.4byte	0x125
 935 0649 16       		.uleb128 0x16
 936 064a 04       		.byte	0x4
 937 064b 07       		.byte	0x7
 938 064c F6       		.byte	0xf6
 939 064d 81060000 		.4byte	0x681
 940 0651 17       		.uleb128 0x17
 941 0652 12000000 		.4byte	.LASF93
 942 0656 07       		.byte	0x7
 943 0657 FD       		.byte	0xfd
 944 0658 04010000 		.4byte	0x104
 945 065c 18       		.uleb128 0x18
 946 065d 79000000 		.4byte	.LASF94
 947 0661 07       		.byte	0x7
 948 0662 0401     		.2byte	0x104
 949 0664 04010000 		.4byte	0x104
 950 0668 18       		.uleb128 0x18
 951 0669 8D050000 		.4byte	.LASF95
 952 066d 07       		.byte	0x7
 953 066e 0B01     		.2byte	0x10b
 954 0670 F4020000 		.4byte	0x2f4
 955 0674 18       		.uleb128 0x18
 956 0675 57030000 		.4byte	.LASF96
 957 0679 07       		.byte	0x7
 958 067a 1201     		.2byte	0x112
 959 067c 0F010000 		.4byte	0x10f
 960 0680 00       		.byte	0
 961 0681 0B       		.uleb128 0xb
 962 0682 04       		.byte	0x4
 963 0683 87060000 		.4byte	0x687
 964 0687 19       		.uleb128 0x19
ARM GAS  /tmp/ccpMyaDm.s 			page 18


 965 0688 8C060000 		.4byte	0x68c
 966 068c 03       		.uleb128 0x3
 967 068d 01       		.byte	0x1
 968 068e 08       		.byte	0x8
 969 068f F0030000 		.4byte	.LASF97
 970 0693 06       		.uleb128 0x6
 971 0694 02030000 		.4byte	.LASF98
 972 0698 10       		.byte	0x10
 973 0699 0C       		.byte	0xc
 974 069a 39       		.byte	0x39
 975 069b C4060000 		.4byte	0x6c4
 976 069f 07       		.uleb128 0x7
 977 06a0 F7000000 		.4byte	.LASF99
 978 06a4 0C       		.byte	0xc
 979 06a5 3A       		.byte	0x3a
 980 06a6 41020000 		.4byte	0x241
 981 06aa 00       		.byte	0
 982 06ab 07       		.uleb128 0x7
 983 06ac C3050000 		.4byte	.LASF100
 984 06b0 0C       		.byte	0xc
 985 06b1 3C       		.byte	0x3c
 986 06b2 43060000 		.4byte	0x643
 987 06b6 08       		.byte	0x8
 988 06b7 07       		.uleb128 0x7
 989 06b8 DD040000 		.4byte	.LASF101
 990 06bc 0C       		.byte	0xc
 991 06bd 3E       		.byte	0x3e
 992 06be F0060000 		.4byte	0x6f0
 993 06c2 0C       		.byte	0xc
 994 06c3 00       		.byte	0
 995 06c4 0B       		.uleb128 0xb
 996 06c5 04       		.byte	0x4
 997 06c6 93060000 		.4byte	0x693
 998 06ca 0B       		.uleb128 0xb
 999 06cb 04       		.byte	0x4
 1000 06cc F6020000 		.4byte	0x2f6
 1001 06d0 05       		.uleb128 0x5
 1002 06d1 81060000 		.4byte	0x681
 1003 06d5 10       		.uleb128 0x10
 1004 06d6 5C040000 		.4byte	0x45c
 1005 06da E5060000 		.4byte	0x6e5
 1006 06de 11       		.uleb128 0x11
 1007 06df 2A040000 		.4byte	0x42a
 1008 06e3 1A       		.byte	0x1a
 1009 06e4 00       		.byte	0
 1010 06e5 04       		.uleb128 0x4
 1011 06e6 AF010000 		.4byte	.LASF102
 1012 06ea 0C       		.byte	0xc
 1013 06eb 34       		.byte	0x34
 1014 06ec 93060000 		.4byte	0x693
 1015 06f0 0B       		.uleb128 0xb
 1016 06f1 04       		.byte	0x4
 1017 06f2 E5060000 		.4byte	0x6e5
 1018 06f6 03       		.uleb128 0x3
 1019 06f7 01       		.byte	0x1
 1020 06f8 02       		.byte	0x2
 1021 06f9 18030000 		.4byte	.LASF103
ARM GAS  /tmp/ccpMyaDm.s 			page 19


 1022 06fd 1A       		.uleb128 0x1a
 1023 06fe 3F020000 		.4byte	.LASF104
 1024 0702 02       		.byte	0x2
 1025 0703 8C       		.byte	0x8c
 1026 0704 03       		.byte	0x3
 1027 0705 15070000 		.4byte	0x715
 1028 0709 1B       		.uleb128 0x1b
 1029 070a B9020000 		.4byte	.LASF106
 1030 070e 02       		.byte	0x2
 1031 070f 8C       		.byte	0x8c
 1032 0710 1A010000 		.4byte	0x11a
 1033 0714 00       		.byte	0
 1034 0715 1C       		.uleb128 0x1c
 1035 0716 41050000 		.4byte	.LASF116
 1036 071a 02       		.byte	0x2
 1037 071b 98       		.byte	0x98
 1038 071c 03       		.byte	0x3
 1039 071d 1A       		.uleb128 0x1a
 1040 071e B2050000 		.4byte	.LASF105
 1041 0722 02       		.byte	0x2
 1042 0723 A4       		.byte	0xa4
 1043 0724 03       		.byte	0x3
 1044 0725 35070000 		.4byte	0x735
 1045 0729 1B       		.uleb128 0x1b
 1046 072a B9020000 		.4byte	.LASF106
 1047 072e 02       		.byte	0x2
 1048 072f A4       		.byte	0xa4
 1049 0730 1A010000 		.4byte	0x11a
 1050 0734 00       		.byte	0
 1051 0735 1D       		.uleb128 0x1d
 1052 0736 87030000 		.4byte	.LASF117
 1053 073a 02       		.byte	0x2
 1054 073b B0       		.byte	0xb0
 1055 073c 1A010000 		.4byte	0x11a
 1056 0740 03       		.byte	0x3
 1057 0741 1E       		.uleb128 0x1e
 1058 0742 9B020000 		.4byte	.LASF107
 1059 0746 01       		.byte	0x1
 1060 0747 3F       		.byte	0x3f
 1061 0748 00000000 		.4byte	.LFB255
 1062 074c 04000000 		.4byte	.LFE255-.LFB255
 1063 0750 01       		.uleb128 0x1
 1064 0751 9C       		.byte	0x9c
 1065 0752 60070000 		.4byte	0x760
 1066 0756 1F       		.uleb128 0x1f
 1067 0757 04000000 		.4byte	.LVL0
 1068 075b 83080000 		.4byte	0x883
 1069 075f 00       		.byte	0
 1070 0760 1E       		.uleb128 0x1e
 1071 0761 1E050000 		.4byte	.LASF108
 1072 0765 01       		.byte	0x1
 1073 0766 50       		.byte	0x50
 1074 0767 00000000 		.4byte	.LFB256
 1075 076b 10000000 		.4byte	.LFE256-.LFB256
 1076 076f 01       		.uleb128 0x1
 1077 0770 9C       		.byte	0x9c
 1078 0771 A3070000 		.4byte	0x7a3
ARM GAS  /tmp/ccpMyaDm.s 			page 20


 1079 0775 20       		.uleb128 0x20
 1080 0776 B9020000 		.4byte	.LASF106
 1081 077a 01       		.byte	0x1
 1082 077b 50       		.byte	0x50
 1083 077c 1A010000 		.4byte	0x11a
 1084 0780 01       		.uleb128 0x1
 1085 0781 50       		.byte	0x50
 1086 0782 21       		.uleb128 0x21
 1087 0783 6D030000 		.4byte	.LASF111
 1088 0787 B3070000 		.4byte	0x7b3
 1089 078b 22       		.uleb128 0x22
 1090 078c FD060000 		.4byte	0x6fd
 1091 0790 00000000 		.4byte	.LBB10
 1092 0794 10000000 		.4byte	.LBE10-.LBB10
 1093 0798 01       		.byte	0x1
 1094 0799 54       		.byte	0x54
 1095 079a 23       		.uleb128 0x23
 1096 079b 09070000 		.4byte	0x709
 1097 079f 01       		.uleb128 0x1
 1098 07a0 50       		.byte	0x50
 1099 07a1 00       		.byte	0
 1100 07a2 00       		.byte	0
 1101 07a3 10       		.uleb128 0x10
 1102 07a4 8C060000 		.4byte	0x68c
 1103 07a8 B3070000 		.4byte	0x7b3
 1104 07ac 11       		.uleb128 0x11
 1105 07ad 2A040000 		.4byte	0x42a
 1106 07b1 0C       		.byte	0xc
 1107 07b2 00       		.byte	0
 1108 07b3 19       		.uleb128 0x19
 1109 07b4 A3070000 		.4byte	0x7a3
 1110 07b8 1E       		.uleb128 0x1e
 1111 07b9 E4030000 		.4byte	.LASF109
 1112 07bd 01       		.byte	0x1
 1113 07be 5E       		.byte	0x5e
 1114 07bf 00000000 		.4byte	.LFB257
 1115 07c3 0A000000 		.4byte	.LFE257-.LFB257
 1116 07c7 01       		.uleb128 0x1
 1117 07c8 9C       		.byte	0x9c
 1118 07c9 DD070000 		.4byte	0x7dd
 1119 07cd 24       		.uleb128 0x24
 1120 07ce 15070000 		.4byte	0x715
 1121 07d2 00000000 		.4byte	.LBB12
 1122 07d6 0A000000 		.4byte	.LBE12-.LBB12
 1123 07da 01       		.byte	0x1
 1124 07db 60       		.byte	0x60
 1125 07dc 00       		.byte	0
 1126 07dd 1E       		.uleb128 0x1e
 1127 07de 77050000 		.4byte	.LASF110
 1128 07e2 01       		.byte	0x1
 1129 07e3 6C       		.byte	0x6c
 1130 07e4 00000000 		.4byte	.LFB258
 1131 07e8 08000000 		.4byte	.LFE258-.LFB258
 1132 07ec 01       		.uleb128 0x1
 1133 07ed 9C       		.byte	0x9c
 1134 07ee 20080000 		.4byte	0x820
 1135 07f2 20       		.uleb128 0x20
ARM GAS  /tmp/ccpMyaDm.s 			page 21


 1136 07f3 B9020000 		.4byte	.LASF106
 1137 07f7 01       		.byte	0x1
 1138 07f8 6C       		.byte	0x6c
 1139 07f9 1A010000 		.4byte	0x11a
 1140 07fd 01       		.uleb128 0x1
 1141 07fe 50       		.byte	0x50
 1142 07ff 21       		.uleb128 0x21
 1143 0800 6D030000 		.4byte	.LASF111
 1144 0804 30080000 		.4byte	0x830
 1145 0808 22       		.uleb128 0x22
 1146 0809 1D070000 		.4byte	0x71d
 1147 080d 00000000 		.4byte	.LBB14
 1148 0811 08000000 		.4byte	.LBE14-.LBB14
 1149 0815 01       		.byte	0x1
 1150 0816 70       		.byte	0x70
 1151 0817 23       		.uleb128 0x23
 1152 0818 29070000 		.4byte	0x729
 1153 081c 01       		.uleb128 0x1
 1154 081d 50       		.byte	0x50
 1155 081e 00       		.byte	0
 1156 081f 00       		.byte	0
 1157 0820 10       		.uleb128 0x10
 1158 0821 8C060000 		.4byte	0x68c
 1159 0825 30080000 		.4byte	0x830
 1160 0829 11       		.uleb128 0x11
 1161 082a 2A040000 		.4byte	0x42a
 1162 082e 0A       		.byte	0xa
 1163 082f 00       		.byte	0
 1164 0830 19       		.uleb128 0x19
 1165 0831 20080000 		.4byte	0x820
 1166 0835 25       		.uleb128 0x25
 1167 0836 82050000 		.4byte	.LASF118
 1168 083a 01       		.byte	0x1
 1169 083b 7C       		.byte	0x7c
 1170 083c 1A010000 		.4byte	0x11a
 1171 0840 00000000 		.4byte	.LFB259
 1172 0844 08000000 		.4byte	.LFE259-.LFB259
 1173 0848 01       		.uleb128 0x1
 1174 0849 9C       		.byte	0x9c
 1175 084a 67080000 		.4byte	0x867
 1176 084e 21       		.uleb128 0x21
 1177 084f 6D030000 		.4byte	.LASF111
 1178 0853 67080000 		.4byte	0x867
 1179 0857 24       		.uleb128 0x24
 1180 0858 35070000 		.4byte	0x735
 1181 085c 00000000 		.4byte	.LBB16
 1182 0860 06000000 		.4byte	.LBE16-.LBB16
 1183 0864 01       		.byte	0x1
 1184 0865 80       		.byte	0x80
 1185 0866 00       		.byte	0
 1186 0867 19       		.uleb128 0x19
 1187 0868 20080000 		.4byte	0x820
 1188 086c 26       		.uleb128 0x26
 1189 086d A3000000 		.4byte	.LASF112
 1190 0871 0D       		.byte	0xd
 1191 0872 A706     		.2byte	0x6a7
 1192 0874 C3000000 		.4byte	0xc3
ARM GAS  /tmp/ccpMyaDm.s 			page 22


 1193 0878 27       		.uleb128 0x27
 1194 0879 636800   		.ascii	"ch\000"
 1195 087c 07       		.byte	0x7
 1196 087d EB01     		.2byte	0x1eb
 1197 087f C3030000 		.4byte	0x3c3
 1198 0883 28       		.uleb128 0x28
 1199 0884 B0000000 		.4byte	.LASF119
 1200 0888 02       		.byte	0x2
 1201 0889 6E       		.byte	0x6e
 1202 088a 00       		.byte	0
 1203              		.section	.debug_abbrev,"",%progbits
 1204              	.Ldebug_abbrev0:
 1205 0000 01       		.uleb128 0x1
 1206 0001 11       		.uleb128 0x11
 1207 0002 01       		.byte	0x1
 1208 0003 25       		.uleb128 0x25
 1209 0004 0E       		.uleb128 0xe
 1210 0005 13       		.uleb128 0x13
 1211 0006 0B       		.uleb128 0xb
 1212 0007 03       		.uleb128 0x3
 1213 0008 0E       		.uleb128 0xe
 1214 0009 1B       		.uleb128 0x1b
 1215 000a 0E       		.uleb128 0xe
 1216 000b 55       		.uleb128 0x55
 1217 000c 17       		.uleb128 0x17
 1218 000d 11       		.uleb128 0x11
 1219 000e 01       		.uleb128 0x1
 1220 000f 10       		.uleb128 0x10
 1221 0010 17       		.uleb128 0x17
 1222 0011 00       		.byte	0
 1223 0012 00       		.byte	0
 1224 0013 02       		.uleb128 0x2
 1225 0014 24       		.uleb128 0x24
 1226 0015 00       		.byte	0
 1227 0016 0B       		.uleb128 0xb
 1228 0017 0B       		.uleb128 0xb
 1229 0018 3E       		.uleb128 0x3e
 1230 0019 0B       		.uleb128 0xb
 1231 001a 03       		.uleb128 0x3
 1232 001b 08       		.uleb128 0x8
 1233 001c 00       		.byte	0
 1234 001d 00       		.byte	0
 1235 001e 03       		.uleb128 0x3
 1236 001f 24       		.uleb128 0x24
 1237 0020 00       		.byte	0
 1238 0021 0B       		.uleb128 0xb
 1239 0022 0B       		.uleb128 0xb
 1240 0023 3E       		.uleb128 0x3e
 1241 0024 0B       		.uleb128 0xb
 1242 0025 03       		.uleb128 0x3
 1243 0026 0E       		.uleb128 0xe
 1244 0027 00       		.byte	0
 1245 0028 00       		.byte	0
 1246 0029 04       		.uleb128 0x4
 1247 002a 16       		.uleb128 0x16
 1248 002b 00       		.byte	0
 1249 002c 03       		.uleb128 0x3
ARM GAS  /tmp/ccpMyaDm.s 			page 23


 1250 002d 0E       		.uleb128 0xe
 1251 002e 3A       		.uleb128 0x3a
 1252 002f 0B       		.uleb128 0xb
 1253 0030 3B       		.uleb128 0x3b
 1254 0031 0B       		.uleb128 0xb
 1255 0032 49       		.uleb128 0x49
 1256 0033 13       		.uleb128 0x13
 1257 0034 00       		.byte	0
 1258 0035 00       		.byte	0
 1259 0036 05       		.uleb128 0x5
 1260 0037 35       		.uleb128 0x35
 1261 0038 00       		.byte	0
 1262 0039 49       		.uleb128 0x49
 1263 003a 13       		.uleb128 0x13
 1264 003b 00       		.byte	0
 1265 003c 00       		.byte	0
 1266 003d 06       		.uleb128 0x6
 1267 003e 13       		.uleb128 0x13
 1268 003f 01       		.byte	0x1
 1269 0040 03       		.uleb128 0x3
 1270 0041 0E       		.uleb128 0xe
 1271 0042 0B       		.uleb128 0xb
 1272 0043 0B       		.uleb128 0xb
 1273 0044 3A       		.uleb128 0x3a
 1274 0045 0B       		.uleb128 0xb
 1275 0046 3B       		.uleb128 0x3b
 1276 0047 0B       		.uleb128 0xb
 1277 0048 01       		.uleb128 0x1
 1278 0049 13       		.uleb128 0x13
 1279 004a 00       		.byte	0
 1280 004b 00       		.byte	0
 1281 004c 07       		.uleb128 0x7
 1282 004d 0D       		.uleb128 0xd
 1283 004e 00       		.byte	0
 1284 004f 03       		.uleb128 0x3
 1285 0050 0E       		.uleb128 0xe
 1286 0051 3A       		.uleb128 0x3a
 1287 0052 0B       		.uleb128 0xb
 1288 0053 3B       		.uleb128 0x3b
 1289 0054 0B       		.uleb128 0xb
 1290 0055 49       		.uleb128 0x49
 1291 0056 13       		.uleb128 0x13
 1292 0057 38       		.uleb128 0x38
 1293 0058 0B       		.uleb128 0xb
 1294 0059 00       		.byte	0
 1295 005a 00       		.byte	0
 1296 005b 08       		.uleb128 0x8
 1297 005c 0D       		.uleb128 0xd
 1298 005d 00       		.byte	0
 1299 005e 03       		.uleb128 0x3
 1300 005f 08       		.uleb128 0x8
 1301 0060 3A       		.uleb128 0x3a
 1302 0061 0B       		.uleb128 0xb
 1303 0062 3B       		.uleb128 0x3b
 1304 0063 05       		.uleb128 0x5
 1305 0064 49       		.uleb128 0x49
 1306 0065 13       		.uleb128 0x13
ARM GAS  /tmp/ccpMyaDm.s 			page 24


 1307 0066 38       		.uleb128 0x38
 1308 0067 0B       		.uleb128 0xb
 1309 0068 00       		.byte	0
 1310 0069 00       		.byte	0
 1311 006a 09       		.uleb128 0x9
 1312 006b 0D       		.uleb128 0xd
 1313 006c 00       		.byte	0
 1314 006d 03       		.uleb128 0x3
 1315 006e 0E       		.uleb128 0xe
 1316 006f 3A       		.uleb128 0x3a
 1317 0070 0B       		.uleb128 0xb
 1318 0071 3B       		.uleb128 0x3b
 1319 0072 05       		.uleb128 0x5
 1320 0073 49       		.uleb128 0x49
 1321 0074 13       		.uleb128 0x13
 1322 0075 38       		.uleb128 0x38
 1323 0076 0B       		.uleb128 0xb
 1324 0077 00       		.byte	0
 1325 0078 00       		.byte	0
 1326 0079 0A       		.uleb128 0xa
 1327 007a 13       		.uleb128 0x13
 1328 007b 01       		.byte	0x1
 1329 007c 03       		.uleb128 0x3
 1330 007d 0E       		.uleb128 0xe
 1331 007e 0B       		.uleb128 0xb
 1332 007f 0B       		.uleb128 0xb
 1333 0080 3A       		.uleb128 0x3a
 1334 0081 0B       		.uleb128 0xb
 1335 0082 3B       		.uleb128 0x3b
 1336 0083 05       		.uleb128 0x5
 1337 0084 01       		.uleb128 0x1
 1338 0085 13       		.uleb128 0x13
 1339 0086 00       		.byte	0
 1340 0087 00       		.byte	0
 1341 0088 0B       		.uleb128 0xb
 1342 0089 0F       		.uleb128 0xf
 1343 008a 00       		.byte	0
 1344 008b 0B       		.uleb128 0xb
 1345 008c 0B       		.uleb128 0xb
 1346 008d 49       		.uleb128 0x49
 1347 008e 13       		.uleb128 0x13
 1348 008f 00       		.byte	0
 1349 0090 00       		.byte	0
 1350 0091 0C       		.uleb128 0xc
 1351 0092 15       		.uleb128 0x15
 1352 0093 01       		.byte	0x1
 1353 0094 27       		.uleb128 0x27
 1354 0095 19       		.uleb128 0x19
 1355 0096 01       		.uleb128 0x1
 1356 0097 13       		.uleb128 0x13
 1357 0098 00       		.byte	0
 1358 0099 00       		.byte	0
 1359 009a 0D       		.uleb128 0xd
 1360 009b 05       		.uleb128 0x5
 1361 009c 00       		.byte	0
 1362 009d 49       		.uleb128 0x49
 1363 009e 13       		.uleb128 0x13
ARM GAS  /tmp/ccpMyaDm.s 			page 25


 1364 009f 00       		.byte	0
 1365 00a0 00       		.byte	0
 1366 00a1 0E       		.uleb128 0xe
 1367 00a2 0F       		.uleb128 0xf
 1368 00a3 00       		.byte	0
 1369 00a4 0B       		.uleb128 0xb
 1370 00a5 0B       		.uleb128 0xb
 1371 00a6 00       		.byte	0
 1372 00a7 00       		.byte	0
 1373 00a8 0F       		.uleb128 0xf
 1374 00a9 13       		.uleb128 0x13
 1375 00aa 01       		.byte	0x1
 1376 00ab 03       		.uleb128 0x3
 1377 00ac 0E       		.uleb128 0xe
 1378 00ad 0B       		.uleb128 0xb
 1379 00ae 05       		.uleb128 0x5
 1380 00af 3A       		.uleb128 0x3a
 1381 00b0 0B       		.uleb128 0xb
 1382 00b1 3B       		.uleb128 0x3b
 1383 00b2 05       		.uleb128 0x5
 1384 00b3 01       		.uleb128 0x1
 1385 00b4 13       		.uleb128 0x13
 1386 00b5 00       		.byte	0
 1387 00b6 00       		.byte	0
 1388 00b7 10       		.uleb128 0x10
 1389 00b8 01       		.uleb128 0x1
 1390 00b9 01       		.byte	0x1
 1391 00ba 49       		.uleb128 0x49
 1392 00bb 13       		.uleb128 0x13
 1393 00bc 01       		.uleb128 0x1
 1394 00bd 13       		.uleb128 0x13
 1395 00be 00       		.byte	0
 1396 00bf 00       		.byte	0
 1397 00c0 11       		.uleb128 0x11
 1398 00c1 21       		.uleb128 0x21
 1399 00c2 00       		.byte	0
 1400 00c3 49       		.uleb128 0x49
 1401 00c4 13       		.uleb128 0x13
 1402 00c5 2F       		.uleb128 0x2f
 1403 00c6 0B       		.uleb128 0xb
 1404 00c7 00       		.byte	0
 1405 00c8 00       		.byte	0
 1406 00c9 12       		.uleb128 0x12
 1407 00ca 0D       		.uleb128 0xd
 1408 00cb 00       		.byte	0
 1409 00cc 03       		.uleb128 0x3
 1410 00cd 08       		.uleb128 0x8
 1411 00ce 3A       		.uleb128 0x3a
 1412 00cf 0B       		.uleb128 0xb
 1413 00d0 3B       		.uleb128 0x3b
 1414 00d1 0B       		.uleb128 0xb
 1415 00d2 49       		.uleb128 0x49
 1416 00d3 13       		.uleb128 0x13
 1417 00d4 38       		.uleb128 0x38
 1418 00d5 0B       		.uleb128 0xb
 1419 00d6 00       		.byte	0
 1420 00d7 00       		.byte	0
ARM GAS  /tmp/ccpMyaDm.s 			page 26


 1421 00d8 13       		.uleb128 0x13
 1422 00d9 13       		.uleb128 0x13
 1423 00da 01       		.byte	0x1
 1424 00db 0B       		.uleb128 0xb
 1425 00dc 0B       		.uleb128 0xb
 1426 00dd 3A       		.uleb128 0x3a
 1427 00de 0B       		.uleb128 0xb
 1428 00df 3B       		.uleb128 0x3b
 1429 00e0 05       		.uleb128 0x5
 1430 00e1 01       		.uleb128 0x1
 1431 00e2 13       		.uleb128 0x13
 1432 00e3 00       		.byte	0
 1433 00e4 00       		.byte	0
 1434 00e5 14       		.uleb128 0x14
 1435 00e6 16       		.uleb128 0x16
 1436 00e7 00       		.byte	0
 1437 00e8 03       		.uleb128 0x3
 1438 00e9 0E       		.uleb128 0xe
 1439 00ea 3A       		.uleb128 0x3a
 1440 00eb 0B       		.uleb128 0xb
 1441 00ec 3B       		.uleb128 0x3b
 1442 00ed 05       		.uleb128 0x5
 1443 00ee 49       		.uleb128 0x49
 1444 00ef 13       		.uleb128 0x13
 1445 00f0 00       		.byte	0
 1446 00f1 00       		.byte	0
 1447 00f2 15       		.uleb128 0x15
 1448 00f3 13       		.uleb128 0x13
 1449 00f4 01       		.byte	0x1
 1450 00f5 0B       		.uleb128 0xb
 1451 00f6 0B       		.uleb128 0xb
 1452 00f7 3A       		.uleb128 0x3a
 1453 00f8 0B       		.uleb128 0xb
 1454 00f9 3B       		.uleb128 0x3b
 1455 00fa 0B       		.uleb128 0xb
 1456 00fb 01       		.uleb128 0x1
 1457 00fc 13       		.uleb128 0x13
 1458 00fd 00       		.byte	0
 1459 00fe 00       		.byte	0
 1460 00ff 16       		.uleb128 0x16
 1461 0100 17       		.uleb128 0x17
 1462 0101 01       		.byte	0x1
 1463 0102 0B       		.uleb128 0xb
 1464 0103 0B       		.uleb128 0xb
 1465 0104 3A       		.uleb128 0x3a
 1466 0105 0B       		.uleb128 0xb
 1467 0106 3B       		.uleb128 0x3b
 1468 0107 0B       		.uleb128 0xb
 1469 0108 01       		.uleb128 0x1
 1470 0109 13       		.uleb128 0x13
 1471 010a 00       		.byte	0
 1472 010b 00       		.byte	0
 1473 010c 17       		.uleb128 0x17
 1474 010d 0D       		.uleb128 0xd
 1475 010e 00       		.byte	0
 1476 010f 03       		.uleb128 0x3
 1477 0110 0E       		.uleb128 0xe
ARM GAS  /tmp/ccpMyaDm.s 			page 27


 1478 0111 3A       		.uleb128 0x3a
 1479 0112 0B       		.uleb128 0xb
 1480 0113 3B       		.uleb128 0x3b
 1481 0114 0B       		.uleb128 0xb
 1482 0115 49       		.uleb128 0x49
 1483 0116 13       		.uleb128 0x13
 1484 0117 00       		.byte	0
 1485 0118 00       		.byte	0
 1486 0119 18       		.uleb128 0x18
 1487 011a 0D       		.uleb128 0xd
 1488 011b 00       		.byte	0
 1489 011c 03       		.uleb128 0x3
 1490 011d 0E       		.uleb128 0xe
 1491 011e 3A       		.uleb128 0x3a
 1492 011f 0B       		.uleb128 0xb
 1493 0120 3B       		.uleb128 0x3b
 1494 0121 05       		.uleb128 0x5
 1495 0122 49       		.uleb128 0x49
 1496 0123 13       		.uleb128 0x13
 1497 0124 00       		.byte	0
 1498 0125 00       		.byte	0
 1499 0126 19       		.uleb128 0x19
 1500 0127 26       		.uleb128 0x26
 1501 0128 00       		.byte	0
 1502 0129 49       		.uleb128 0x49
 1503 012a 13       		.uleb128 0x13
 1504 012b 00       		.byte	0
 1505 012c 00       		.byte	0
 1506 012d 1A       		.uleb128 0x1a
 1507 012e 2E       		.uleb128 0x2e
 1508 012f 01       		.byte	0x1
 1509 0130 03       		.uleb128 0x3
 1510 0131 0E       		.uleb128 0xe
 1511 0132 3A       		.uleb128 0x3a
 1512 0133 0B       		.uleb128 0xb
 1513 0134 3B       		.uleb128 0x3b
 1514 0135 0B       		.uleb128 0xb
 1515 0136 27       		.uleb128 0x27
 1516 0137 19       		.uleb128 0x19
 1517 0138 20       		.uleb128 0x20
 1518 0139 0B       		.uleb128 0xb
 1519 013a 01       		.uleb128 0x1
 1520 013b 13       		.uleb128 0x13
 1521 013c 00       		.byte	0
 1522 013d 00       		.byte	0
 1523 013e 1B       		.uleb128 0x1b
 1524 013f 05       		.uleb128 0x5
 1525 0140 00       		.byte	0
 1526 0141 03       		.uleb128 0x3
 1527 0142 0E       		.uleb128 0xe
 1528 0143 3A       		.uleb128 0x3a
 1529 0144 0B       		.uleb128 0xb
 1530 0145 3B       		.uleb128 0x3b
 1531 0146 0B       		.uleb128 0xb
 1532 0147 49       		.uleb128 0x49
 1533 0148 13       		.uleb128 0x13
 1534 0149 00       		.byte	0
ARM GAS  /tmp/ccpMyaDm.s 			page 28


 1535 014a 00       		.byte	0
 1536 014b 1C       		.uleb128 0x1c
 1537 014c 2E       		.uleb128 0x2e
 1538 014d 00       		.byte	0
 1539 014e 03       		.uleb128 0x3
 1540 014f 0E       		.uleb128 0xe
 1541 0150 3A       		.uleb128 0x3a
 1542 0151 0B       		.uleb128 0xb
 1543 0152 3B       		.uleb128 0x3b
 1544 0153 0B       		.uleb128 0xb
 1545 0154 27       		.uleb128 0x27
 1546 0155 19       		.uleb128 0x19
 1547 0156 20       		.uleb128 0x20
 1548 0157 0B       		.uleb128 0xb
 1549 0158 00       		.byte	0
 1550 0159 00       		.byte	0
 1551 015a 1D       		.uleb128 0x1d
 1552 015b 2E       		.uleb128 0x2e
 1553 015c 00       		.byte	0
 1554 015d 03       		.uleb128 0x3
 1555 015e 0E       		.uleb128 0xe
 1556 015f 3A       		.uleb128 0x3a
 1557 0160 0B       		.uleb128 0xb
 1558 0161 3B       		.uleb128 0x3b
 1559 0162 0B       		.uleb128 0xb
 1560 0163 27       		.uleb128 0x27
 1561 0164 19       		.uleb128 0x19
 1562 0165 49       		.uleb128 0x49
 1563 0166 13       		.uleb128 0x13
 1564 0167 20       		.uleb128 0x20
 1565 0168 0B       		.uleb128 0xb
 1566 0169 00       		.byte	0
 1567 016a 00       		.byte	0
 1568 016b 1E       		.uleb128 0x1e
 1569 016c 2E       		.uleb128 0x2e
 1570 016d 01       		.byte	0x1
 1571 016e 3F       		.uleb128 0x3f
 1572 016f 19       		.uleb128 0x19
 1573 0170 03       		.uleb128 0x3
 1574 0171 0E       		.uleb128 0xe
 1575 0172 3A       		.uleb128 0x3a
 1576 0173 0B       		.uleb128 0xb
 1577 0174 3B       		.uleb128 0x3b
 1578 0175 0B       		.uleb128 0xb
 1579 0176 27       		.uleb128 0x27
 1580 0177 19       		.uleb128 0x19
 1581 0178 11       		.uleb128 0x11
 1582 0179 01       		.uleb128 0x1
 1583 017a 12       		.uleb128 0x12
 1584 017b 06       		.uleb128 0x6
 1585 017c 40       		.uleb128 0x40
 1586 017d 18       		.uleb128 0x18
 1587 017e 9742     		.uleb128 0x2117
 1588 0180 19       		.uleb128 0x19
 1589 0181 01       		.uleb128 0x1
 1590 0182 13       		.uleb128 0x13
 1591 0183 00       		.byte	0
ARM GAS  /tmp/ccpMyaDm.s 			page 29


 1592 0184 00       		.byte	0
 1593 0185 1F       		.uleb128 0x1f
 1594 0186 898201   		.uleb128 0x4109
 1595 0189 00       		.byte	0
 1596 018a 11       		.uleb128 0x11
 1597 018b 01       		.uleb128 0x1
 1598 018c 9542     		.uleb128 0x2115
 1599 018e 19       		.uleb128 0x19
 1600 018f 31       		.uleb128 0x31
 1601 0190 13       		.uleb128 0x13
 1602 0191 00       		.byte	0
 1603 0192 00       		.byte	0
 1604 0193 20       		.uleb128 0x20
 1605 0194 05       		.uleb128 0x5
 1606 0195 00       		.byte	0
 1607 0196 03       		.uleb128 0x3
 1608 0197 0E       		.uleb128 0xe
 1609 0198 3A       		.uleb128 0x3a
 1610 0199 0B       		.uleb128 0xb
 1611 019a 3B       		.uleb128 0x3b
 1612 019b 0B       		.uleb128 0xb
 1613 019c 49       		.uleb128 0x49
 1614 019d 13       		.uleb128 0x13
 1615 019e 02       		.uleb128 0x2
 1616 019f 18       		.uleb128 0x18
 1617 01a0 00       		.byte	0
 1618 01a1 00       		.byte	0
 1619 01a2 21       		.uleb128 0x21
 1620 01a3 34       		.uleb128 0x34
 1621 01a4 00       		.byte	0
 1622 01a5 03       		.uleb128 0x3
 1623 01a6 0E       		.uleb128 0xe
 1624 01a7 49       		.uleb128 0x49
 1625 01a8 13       		.uleb128 0x13
 1626 01a9 34       		.uleb128 0x34
 1627 01aa 19       		.uleb128 0x19
 1628 01ab 00       		.byte	0
 1629 01ac 00       		.byte	0
 1630 01ad 22       		.uleb128 0x22
 1631 01ae 1D       		.uleb128 0x1d
 1632 01af 01       		.byte	0x1
 1633 01b0 31       		.uleb128 0x31
 1634 01b1 13       		.uleb128 0x13
 1635 01b2 11       		.uleb128 0x11
 1636 01b3 01       		.uleb128 0x1
 1637 01b4 12       		.uleb128 0x12
 1638 01b5 06       		.uleb128 0x6
 1639 01b6 58       		.uleb128 0x58
 1640 01b7 0B       		.uleb128 0xb
 1641 01b8 59       		.uleb128 0x59
 1642 01b9 0B       		.uleb128 0xb
 1643 01ba 00       		.byte	0
 1644 01bb 00       		.byte	0
 1645 01bc 23       		.uleb128 0x23
 1646 01bd 05       		.uleb128 0x5
 1647 01be 00       		.byte	0
 1648 01bf 31       		.uleb128 0x31
ARM GAS  /tmp/ccpMyaDm.s 			page 30


 1649 01c0 13       		.uleb128 0x13
 1650 01c1 02       		.uleb128 0x2
 1651 01c2 18       		.uleb128 0x18
 1652 01c3 00       		.byte	0
 1653 01c4 00       		.byte	0
 1654 01c5 24       		.uleb128 0x24
 1655 01c6 1D       		.uleb128 0x1d
 1656 01c7 00       		.byte	0
 1657 01c8 31       		.uleb128 0x31
 1658 01c9 13       		.uleb128 0x13
 1659 01ca 11       		.uleb128 0x11
 1660 01cb 01       		.uleb128 0x1
 1661 01cc 12       		.uleb128 0x12
 1662 01cd 06       		.uleb128 0x6
 1663 01ce 58       		.uleb128 0x58
 1664 01cf 0B       		.uleb128 0xb
 1665 01d0 59       		.uleb128 0x59
 1666 01d1 0B       		.uleb128 0xb
 1667 01d2 00       		.byte	0
 1668 01d3 00       		.byte	0
 1669 01d4 25       		.uleb128 0x25
 1670 01d5 2E       		.uleb128 0x2e
 1671 01d6 01       		.byte	0x1
 1672 01d7 3F       		.uleb128 0x3f
 1673 01d8 19       		.uleb128 0x19
 1674 01d9 03       		.uleb128 0x3
 1675 01da 0E       		.uleb128 0xe
 1676 01db 3A       		.uleb128 0x3a
 1677 01dc 0B       		.uleb128 0xb
 1678 01dd 3B       		.uleb128 0x3b
 1679 01de 0B       		.uleb128 0xb
 1680 01df 27       		.uleb128 0x27
 1681 01e0 19       		.uleb128 0x19
 1682 01e1 49       		.uleb128 0x49
 1683 01e2 13       		.uleb128 0x13
 1684 01e3 11       		.uleb128 0x11
 1685 01e4 01       		.uleb128 0x1
 1686 01e5 12       		.uleb128 0x12
 1687 01e6 06       		.uleb128 0x6
 1688 01e7 40       		.uleb128 0x40
 1689 01e8 18       		.uleb128 0x18
 1690 01e9 9742     		.uleb128 0x2117
 1691 01eb 19       		.uleb128 0x19
 1692 01ec 01       		.uleb128 0x1
 1693 01ed 13       		.uleb128 0x13
 1694 01ee 00       		.byte	0
 1695 01ef 00       		.byte	0
 1696 01f0 26       		.uleb128 0x26
 1697 01f1 34       		.uleb128 0x34
 1698 01f2 00       		.byte	0
 1699 01f3 03       		.uleb128 0x3
 1700 01f4 0E       		.uleb128 0xe
 1701 01f5 3A       		.uleb128 0x3a
 1702 01f6 0B       		.uleb128 0xb
 1703 01f7 3B       		.uleb128 0x3b
 1704 01f8 05       		.uleb128 0x5
 1705 01f9 49       		.uleb128 0x49
ARM GAS  /tmp/ccpMyaDm.s 			page 31


 1706 01fa 13       		.uleb128 0x13
 1707 01fb 3F       		.uleb128 0x3f
 1708 01fc 19       		.uleb128 0x19
 1709 01fd 3C       		.uleb128 0x3c
 1710 01fe 19       		.uleb128 0x19
 1711 01ff 00       		.byte	0
 1712 0200 00       		.byte	0
 1713 0201 27       		.uleb128 0x27
 1714 0202 34       		.uleb128 0x34
 1715 0203 00       		.byte	0
 1716 0204 03       		.uleb128 0x3
 1717 0205 08       		.uleb128 0x8
 1718 0206 3A       		.uleb128 0x3a
 1719 0207 0B       		.uleb128 0xb
 1720 0208 3B       		.uleb128 0x3b
 1721 0209 05       		.uleb128 0x5
 1722 020a 49       		.uleb128 0x49
 1723 020b 13       		.uleb128 0x13
 1724 020c 3F       		.uleb128 0x3f
 1725 020d 19       		.uleb128 0x19
 1726 020e 3C       		.uleb128 0x3c
 1727 020f 19       		.uleb128 0x19
 1728 0210 00       		.byte	0
 1729 0211 00       		.byte	0
 1730 0212 28       		.uleb128 0x28
 1731 0213 2E       		.uleb128 0x2e
 1732 0214 00       		.byte	0
 1733 0215 3F       		.uleb128 0x3f
 1734 0216 19       		.uleb128 0x19
 1735 0217 03       		.uleb128 0x3
 1736 0218 0E       		.uleb128 0xe
 1737 0219 3A       		.uleb128 0x3a
 1738 021a 0B       		.uleb128 0xb
 1739 021b 3B       		.uleb128 0x3b
 1740 021c 0B       		.uleb128 0xb
 1741 021d 27       		.uleb128 0x27
 1742 021e 19       		.uleb128 0x19
 1743 021f 3C       		.uleb128 0x3c
 1744 0220 19       		.uleb128 0x19
 1745 0221 00       		.byte	0
 1746 0222 00       		.byte	0
 1747 0223 00       		.byte	0
 1748              		.section	.debug_aranges,"",%progbits
 1749 0000 3C000000 		.4byte	0x3c
 1750 0004 0200     		.2byte	0x2
 1751 0006 00000000 		.4byte	.Ldebug_info0
 1752 000a 04       		.byte	0x4
 1753 000b 00       		.byte	0
 1754 000c 0000     		.2byte	0
 1755 000e 0000     		.2byte	0
 1756 0010 00000000 		.4byte	.LFB255
 1757 0014 04000000 		.4byte	.LFE255-.LFB255
 1758 0018 00000000 		.4byte	.LFB256
 1759 001c 10000000 		.4byte	.LFE256-.LFB256
 1760 0020 00000000 		.4byte	.LFB257
 1761 0024 0A000000 		.4byte	.LFE257-.LFB257
 1762 0028 00000000 		.4byte	.LFB258
ARM GAS  /tmp/ccpMyaDm.s 			page 32


 1763 002c 08000000 		.4byte	.LFE258-.LFB258
 1764 0030 00000000 		.4byte	.LFB259
 1765 0034 08000000 		.4byte	.LFE259-.LFB259
 1766 0038 00000000 		.4byte	0
 1767 003c 00000000 		.4byte	0
 1768              		.section	.debug_ranges,"",%progbits
 1769              	.Ldebug_ranges0:
 1770 0000 00000000 		.4byte	.LFB255
 1771 0004 04000000 		.4byte	.LFE255
 1772 0008 00000000 		.4byte	.LFB256
 1773 000c 10000000 		.4byte	.LFE256
 1774 0010 00000000 		.4byte	.LFB257
 1775 0014 0A000000 		.4byte	.LFE257
 1776 0018 00000000 		.4byte	.LFB258
 1777 001c 08000000 		.4byte	.LFE258
 1778 0020 00000000 		.4byte	.LFB259
 1779 0024 08000000 		.4byte	.LFE259
 1780 0028 00000000 		.4byte	0
 1781 002c 00000000 		.4byte	0
 1782              		.section	.debug_line,"",%progbits
 1783              	.Ldebug_line0:
 1784 0000 CF020000 		.section	.debug_str,"MS",%progbits,1
 1784      02005B02 
 1784      00000201 
 1784      FB0E0D00 
 1784      01010101 
 1785              	.LASF48:
 1786 0000 72656164 		.ascii	"ready_list_t\000"
 1786      795F6C69 
 1786      73745F74 
 1786      00
 1787              	.LASF82:
 1788 000d 44494552 		.ascii	"DIER\000"
 1788      00
 1789              	.LASF93:
 1790 0012 7264796D 		.ascii	"rdymsg\000"
 1790      736700
 1791              	.LASF16:
 1792 0019 75696E74 		.ascii	"uint64_t\000"
 1792      36345F74 
 1792      00
 1793              	.LASF5:
 1794 0022 5F5F7569 		.ascii	"__uint8_t\000"
 1794      6E74385F 
 1794      7400
 1795              	.LASF80:
 1796 002c 706F7274 		.ascii	"port_intctx\000"
 1796      5F696E74 
 1796      63747800 
 1797              	.LASF67:
 1798 0038 73797374 		.ascii	"system_debug_t\000"
 1798      656D5F64 
 1798      65627567 
 1798      5F7400
 1799              	.LASF114:
 1800 0047 2E2E2F43 		.ascii	"../ChibiOS/os/hal/src/st.c\000"
 1800      68696269 
ARM GAS  /tmp/ccpMyaDm.s 			page 33


 1800      4F532F6F 
 1800      732F6861 
 1800      6C2F7372 
 1801              	.LASF12:
 1802 0062 6C6F6E67 		.ascii	"long long unsigned int\000"
 1802      206C6F6E 
 1802      6720756E 
 1802      7369676E 
 1802      65642069 
 1803              	.LASF94:
 1804 0079 65786974 		.ascii	"exitcode\000"
 1804      636F6465 
 1804      00
 1805              	.LASF74:
 1806 0082 6D61696E 		.ascii	"mainthread\000"
 1806      74687265 
 1806      616400
 1807              	.LASF64:
 1808 008d 76697274 		.ascii	"virtual_timers_list_t\000"
 1808      75616C5F 
 1808      74696D65 
 1808      72735F6C 
 1808      6973745F 
 1809              	.LASF112:
 1810 00a3 49544D5F 		.ascii	"ITM_RxBuffer\000"
 1810      52784275 
 1810      66666572 
 1810      00
 1811              	.LASF119:
 1812 00b0 73745F6C 		.ascii	"st_lld_init\000"
 1812      6C645F69 
 1812      6E697400 
 1813              	.LASF86:
 1814 00bc 42445452 		.ascii	"BDTR\000"
 1814      00
 1815              	.LASF47:
 1816 00c1 63685F74 		.ascii	"ch_threads_queue\000"
 1816      68726561 
 1816      64735F71 
 1816      75657565 
 1816      00
 1817              	.LASF28:
 1818 00d2 705F7072 		.ascii	"p_prio\000"
 1818      696F00
 1819              	.LASF83:
 1820 00d9 43434D52 		.ascii	"CCMR1\000"
 1820      3100
 1821              	.LASF84:
 1822 00df 43434D52 		.ascii	"CCMR2\000"
 1822      3200
 1823              	.LASF88:
 1824 00e5 43434D52 		.ascii	"CCMR3\000"
 1824      3300
 1825              	.LASF1:
 1826 00eb 7369676E 		.ascii	"signed char\000"
 1826      65642063 
 1826      68617200 
ARM GAS  /tmp/ccpMyaDm.s 			page 34


 1827              	.LASF99:
 1828 00f7 6D5F7175 		.ascii	"m_queue\000"
 1828      65756500 
 1829              	.LASF73:
 1830 00ff 76746C69 		.ascii	"vtlist\000"
 1830      737400
 1831              	.LASF71:
 1832 0106 63685F73 		.ascii	"ch_system\000"
 1832      79737465 
 1832      6D00
 1833              	.LASF7:
 1834 0110 6C6F6E67 		.ascii	"long int\000"
 1834      20696E74 
 1834      00
 1835              	.LASF19:
 1836 0119 74737461 		.ascii	"tstate_t\000"
 1836      74655F74 
 1836      00
 1837              	.LASF85:
 1838 0122 43434552 		.ascii	"CCER\000"
 1838      00
 1839              	.LASF10:
 1840 0127 6C6F6E67 		.ascii	"long long int\000"
 1840      206C6F6E 
 1840      6720696E 
 1840      7400
 1841              	.LASF115:
 1842 0135 2F6E6673 		.ascii	"/nfs/nfs4/home/ruswang/p442-submissions/p442-submis"
 1842      2F6E6673 
 1842      342F686F 
 1842      6D652F72 
 1842      75737761 
 1843 0168 73696F6E 		.ascii	"sions/lab1\000"
 1843      732F6C61 
 1843      623100
 1844              	.LASF30:
 1845 0173 705F6E65 		.ascii	"p_newer\000"
 1845      77657200 
 1846              	.LASF4:
 1847 017b 73686F72 		.ascii	"short unsigned int\000"
 1847      7420756E 
 1847      7369676E 
 1847      65642069 
 1847      6E7400
 1848              	.LASF53:
 1849 018e 725F6E65 		.ascii	"r_newer\000"
 1849      77657200 
 1850              	.LASF42:
 1851 0196 705F6D70 		.ascii	"p_mpool\000"
 1851      6F6F6C00 
 1852              	.LASF77:
 1853 019e 72656761 		.ascii	"regarm_t\000"
 1853      726D5F74 
 1853      00
 1854              	.LASF60:
 1855 01a7 76745F70 		.ascii	"vt_prev\000"
 1855      72657600 
ARM GAS  /tmp/ccpMyaDm.s 			page 35


 1856              	.LASF102:
 1857 01af 6D757465 		.ascii	"mutex_t\000"
 1857      785F7400 
 1858              	.LASF75:
 1859 01b7 69646C65 		.ascii	"idle_thread_wa\000"
 1859      5F746872 
 1859      6561645F 
 1859      776100
 1860              	.LASF34:
 1861 01c6 705F666C 		.ascii	"p_flags\000"
 1861      61677300 
 1862              	.LASF0:
 1863 01ce 756E7369 		.ascii	"unsigned int\000"
 1863      676E6564 
 1863      20696E74 
 1863      00
 1864              	.LASF59:
 1865 01db 76745F6E 		.ascii	"vt_next\000"
 1865      65787400 
 1866              	.LASF37:
 1867 01e3 705F6D73 		.ascii	"p_msgqueue\000"
 1867      67717565 
 1867      756500
 1868              	.LASF81:
 1869 01ee 534D4352 		.ascii	"SMCR\000"
 1869      00
 1870              	.LASF44:
 1871 01f3 63685F74 		.ascii	"ch_thread\000"
 1871      68726561 
 1871      6400
 1872              	.LASF22:
 1873 01fd 6D73675F 		.ascii	"msg_t\000"
 1873      7400
 1874              	.LASF70:
 1875 0203 63685F73 		.ascii	"ch_system_t\000"
 1875      79737465 
 1875      6D5F7400 
 1876              	.LASF90:
 1877 020f 73746D33 		.ascii	"stm32_tim_t\000"
 1877      325F7469 
 1877      6D5F7400 
 1878              	.LASF49:
 1879 021b 63685F72 		.ascii	"ch_ready_list\000"
 1879      65616479 
 1879      5F6C6973 
 1879      7400
 1880              	.LASF23:
 1881 0229 6576656E 		.ascii	"eventmask_t\000"
 1881      746D6173 
 1881      6B5F7400 
 1882              	.LASF6:
 1883 0235 5F5F696E 		.ascii	"__int32_t\000"
 1883      7433325F 
 1883      7400
 1884              	.LASF104:
 1885 023f 73745F6C 		.ascii	"st_lld_start_alarm\000"
 1885      6C645F73 
ARM GAS  /tmp/ccpMyaDm.s 			page 36


 1885      74617274 
 1885      5F616C61 
 1885      726D00
 1886              	.LASF78:
 1887 0252 73746B61 		.ascii	"stkalign_t\000"
 1887      6C69676E 
 1887      5F7400
 1888              	.LASF36:
 1889 025d 705F7761 		.ascii	"p_waiting\000"
 1889      6974696E 
 1889      6700
 1890              	.LASF76:
 1891 0267 73697A65 		.ascii	"sizetype\000"
 1891      74797065 
 1891      00
 1892              	.LASF65:
 1893 0270 63685F76 		.ascii	"ch_virtual_timers_list\000"
 1893      69727475 
 1893      616C5F74 
 1893      696D6572 
 1893      735F6C69 
 1894              	.LASF66:
 1895 0287 76745F6C 		.ascii	"vt_lasttime\000"
 1895      61737474 
 1895      696D6500 
 1896              	.LASF31:
 1897 0293 705F6F6C 		.ascii	"p_older\000"
 1897      64657200 
 1898              	.LASF107:
 1899 029b 7374496E 		.ascii	"stInit\000"
 1899      697400
 1900              	.LASF52:
 1901 02a2 725F6374 		.ascii	"r_ctx\000"
 1901      7800
 1902              	.LASF92:
 1903 02a8 746D5F63 		.ascii	"tm_calibration_t\000"
 1903      616C6962 
 1903      72617469 
 1903      6F6E5F74 
 1903      00
 1904              	.LASF106:
 1905 02b9 74696D65 		.ascii	"time\000"
 1905      00
 1906              	.LASF55:
 1907 02be 725F6375 		.ascii	"r_current\000"
 1907      7272656E 
 1907      7400
 1908              	.LASF54:
 1909 02c8 725F6F6C 		.ascii	"r_older\000"
 1909      64657200 
 1910              	.LASF11:
 1911 02d0 5F5F7569 		.ascii	"__uint64_t\000"
 1911      6E743634 
 1911      5F7400
 1912              	.LASF20:
 1913 02db 74726566 		.ascii	"trefs_t\000"
 1913      735F7400 
ARM GAS  /tmp/ccpMyaDm.s 			page 37


 1914              	.LASF57:
 1915 02e3 76697274 		.ascii	"virtual_timer_t\000"
 1915      75616C5F 
 1915      74696D65 
 1915      725F7400 
 1916              	.LASF27:
 1917 02f3 705F7072 		.ascii	"p_prev\000"
 1917      657600
 1918              	.LASF21:
 1919 02fa 74707269 		.ascii	"tprio_t\000"
 1919      6F5F7400 
 1920              	.LASF98:
 1921 0302 6D757465 		.ascii	"mutex\000"
 1921      7800
 1922              	.LASF68:
 1923 0308 63685F73 		.ascii	"ch_system_debug\000"
 1923      79737465 
 1923      6D5F6465 
 1923      62756700 
 1924              	.LASF103:
 1925 0318 5F426F6F 		.ascii	"_Bool\000"
 1925      6C00
 1926              	.LASF14:
 1927 031e 696E7433 		.ascii	"int32_t\000"
 1927      325F7400 
 1928              	.LASF2:
 1929 0326 756E7369 		.ascii	"unsigned char\000"
 1929      676E6564 
 1929      20636861 
 1929      7200
 1930              	.LASF40:
 1931 0334 705F6D74 		.ascii	"p_mtxlist\000"
 1931      786C6973 
 1931      7400
 1932              	.LASF3:
 1933 033e 73686F72 		.ascii	"short int\000"
 1933      7420696E 
 1933      7400
 1934              	.LASF33:
 1935 0348 705F7374 		.ascii	"p_state\000"
 1935      61746500 
 1936              	.LASF51:
 1937 0350 725F7072 		.ascii	"r_prio\000"
 1937      696F00
 1938              	.LASF96:
 1939 0357 65776D61 		.ascii	"ewmask\000"
 1939      736B00
 1940              	.LASF26:
 1941 035e 705F6E65 		.ascii	"p_next\000"
 1941      787400
 1942              	.LASF13:
 1943 0365 75696E74 		.ascii	"uint8_t\000"
 1943      385F7400 
 1944              	.LASF111:
 1945 036d 5F5F6675 		.ascii	"__func__\000"
 1945      6E635F5F 
 1945      00
ARM GAS  /tmp/ccpMyaDm.s 			page 38


 1946              	.LASF58:
 1947 0376 63685F76 		.ascii	"ch_virtual_timer\000"
 1947      69727475 
 1947      616C5F74 
 1947      696D6572 
 1947      00
 1948              	.LASF117:
 1949 0387 73745F6C 		.ascii	"st_lld_get_alarm\000"
 1949      6C645F67 
 1949      65745F61 
 1949      6C61726D 
 1949      00
 1950              	.LASF89:
 1951 0398 43435852 		.ascii	"CCXR\000"
 1951      00
 1952              	.LASF39:
 1953 039d 705F6570 		.ascii	"p_epending\000"
 1953      656E6469 
 1953      6E6700
 1954              	.LASF15:
 1955 03a8 75696E74 		.ascii	"uint32_t\000"
 1955      33325F74 
 1955      00
 1956              	.LASF50:
 1957 03b1 725F7175 		.ascii	"r_queue\000"
 1957      65756500 
 1958              	.LASF61:
 1959 03b9 76745F64 		.ascii	"vt_delta\000"
 1959      656C7461 
 1959      00
 1960              	.LASF45:
 1961 03c2 63685F74 		.ascii	"ch_threads_list\000"
 1961      68726561 
 1961      64735F6C 
 1961      69737400 
 1962              	.LASF9:
 1963 03d2 6C6F6E67 		.ascii	"long unsigned int\000"
 1963      20756E73 
 1963      69676E65 
 1963      6420696E 
 1963      7400
 1964              	.LASF109:
 1965 03e4 73745374 		.ascii	"stStopAlarm\000"
 1965      6F70416C 
 1965      61726D00 
 1966              	.LASF97:
 1967 03f0 63686172 		.ascii	"char\000"
 1967      00
 1968              	.LASF87:
 1969 03f5 444D4152 		.ascii	"DMAR\000"
 1969      00
 1970              	.LASF25:
 1971 03fa 74687265 		.ascii	"thread_t\000"
 1971      61645F74 
 1971      00
 1972              	.LASF113:
 1973 0403 474E5520 		.ascii	"GNU C 4.8.4 20140526 (release) [ARM/embedded-4_8-br"
ARM GAS  /tmp/ccpMyaDm.s 			page 39


 1973      4320342E 
 1973      382E3420 
 1973      32303134 
 1973      30353236 
 1974 0436 616E6368 		.ascii	"anch revision 211358] -mcpu=cortex-m4 -mno-thumb-in"
 1974      20726576 
 1974      6973696F 
 1974      6E203231 
 1974      31333538 
 1975 0469 74657277 		.ascii	"terwork -mthumb -ggdb -O2 -fomit-frame-pointer -fal"
 1975      6F726B20 
 1975      2D6D7468 
 1975      756D6220 
 1975      2D676764 
 1976 049c 69676E2D 		.ascii	"ign-functions=16 -ffunction-sections -fdata-section"
 1976      66756E63 
 1976      74696F6E 
 1976      733D3136 
 1976      202D6666 
 1977 04cf 73202D66 		.ascii	"s -fno-common\000"
 1977      6E6F2D63 
 1977      6F6D6D6F 
 1977      6E00
 1978              	.LASF101:
 1979 04dd 6D5F6E65 		.ascii	"m_next\000"
 1979      787400
 1980              	.LASF24:
 1981 04e4 73797374 		.ascii	"systime_t\000"
 1981      696D655F 
 1981      7400
 1982              	.LASF41:
 1983 04ee 705F7265 		.ascii	"p_realprio\000"
 1983      616C7072 
 1983      696F00
 1984              	.LASF56:
 1985 04f9 76746675 		.ascii	"vtfunc_t\000"
 1985      6E635F74 
 1985      00
 1986              	.LASF8:
 1987 0502 5F5F7569 		.ascii	"__uint32_t\000"
 1987      6E743332 
 1987      5F7400
 1988              	.LASF69:
 1989 050d 70616E69 		.ascii	"panic_msg\000"
 1989      635F6D73 
 1989      6700
 1990              	.LASF91:
 1991 0517 6F666673 		.ascii	"offset\000"
 1991      657400
 1992              	.LASF108:
 1993 051e 73745374 		.ascii	"stStartAlarm\000"
 1993      61727441 
 1993      6C61726D 
 1993      00
 1994              	.LASF79:
 1995 052b 636F6E74 		.ascii	"context\000"
 1995      65787400 
ARM GAS  /tmp/ccpMyaDm.s 			page 40


 1996              	.LASF38:
 1997 0533 705F6D73 		.ascii	"p_msg\000"
 1997      6700
 1998              	.LASF17:
 1999 0539 7274636E 		.ascii	"rtcnt_t\000"
 1999      745F7400 
 2000              	.LASF116:
 2001 0541 73745F6C 		.ascii	"st_lld_stop_alarm\000"
 2001      6C645F73 
 2001      746F705F 
 2001      616C6172 
 2001      6D00
 2002              	.LASF63:
 2003 0553 76745F70 		.ascii	"vt_par\000"
 2003      617200
 2004              	.LASF46:
 2005 055a 74687265 		.ascii	"threads_queue_t\000"
 2005      6164735F 
 2005      71756575 
 2005      655F7400 
 2006              	.LASF35:
 2007 056a 705F7265 		.ascii	"p_refs\000"
 2007      667300
 2008              	.LASF72:
 2009 0571 726C6973 		.ascii	"rlist\000"
 2009      7400
 2010              	.LASF110:
 2011 0577 73745365 		.ascii	"stSetAlarm\000"
 2011      74416C61 
 2011      726D00
 2012              	.LASF118:
 2013 0582 73744765 		.ascii	"stGetAlarm\000"
 2013      74416C61 
 2013      726D00
 2014              	.LASF95:
 2015 058d 77746F62 		.ascii	"wtobjp\000"
 2015      6A7000
 2016              	.LASF32:
 2017 0594 705F6E61 		.ascii	"p_name\000"
 2017      6D6500
 2018              	.LASF43:
 2019 059b 74687265 		.ascii	"threads_list_t\000"
 2019      6164735F 
 2019      6C697374 
 2019      5F7400
 2020              	.LASF18:
 2021 05aa 746D6F64 		.ascii	"tmode_t\000"
 2021      655F7400 
 2022              	.LASF105:
 2023 05b2 73745F6C 		.ascii	"st_lld_set_alarm\000"
 2023      6C645F73 
 2023      65745F61 
 2023      6C61726D 
 2023      00
 2024              	.LASF100:
 2025 05c3 6D5F6F77 		.ascii	"m_owner\000"
 2025      6E657200 
ARM GAS  /tmp/ccpMyaDm.s 			page 41


 2026              	.LASF29:
 2027 05cb 705F6374 		.ascii	"p_ctx\000"
 2027      7800
 2028              	.LASF62:
 2029 05d1 76745F66 		.ascii	"vt_func\000"
 2029      756E6300 
 2030              		.ident	"GCC: (GNU Tools for ARM Embedded Processors) 4.8.4 20140526 (release) [ARM/embedded-4_8-br
ARM GAS  /tmp/ccpMyaDm.s 			page 42


DEFINED SYMBOLS
                            *ABS*:00000000 st.c
     /tmp/ccpMyaDm.s:19     .text.stInit:00000000 $t
     /tmp/ccpMyaDm.s:25     .text.stInit:00000000 stInit
     /tmp/ccpMyaDm.s:40     .text.stStartAlarm:00000000 $t
     /tmp/ccpMyaDm.s:46     .text.stStartAlarm:00000000 stStartAlarm
     /tmp/ccpMyaDm.s:77     .text.stStopAlarm:00000000 $t
     /tmp/ccpMyaDm.s:83     .text.stStopAlarm:00000000 stStopAlarm
     /tmp/ccpMyaDm.s:103    .text.stSetAlarm:00000000 $t
     /tmp/ccpMyaDm.s:109    .text.stSetAlarm:00000000 stSetAlarm
     /tmp/ccpMyaDm.s:130    .text.stGetAlarm:00000000 $t
     /tmp/ccpMyaDm.s:136    .text.stGetAlarm:00000000 stGetAlarm
                     .debug_frame:00000010 $d

UNDEFINED SYMBOLS
st_lld_init
