ARM GAS  /tmp/ccGWgcyd.s 			page 1


   1              		.syntax unified
   2              		.cpu cortex-m4
   3              		.fpu softvfp
   4              		.eabi_attribute 20, 1
   5              		.eabi_attribute 21, 1
   6              		.eabi_attribute 23, 3
   7              		.eabi_attribute 24, 1
   8              		.eabi_attribute 25, 1
   9              		.eabi_attribute 26, 1
  10              		.eabi_attribute 30, 2
  11              		.eabi_attribute 34, 1
  12              		.eabi_attribute 18, 4
  13              		.thumb
  14              		.file	"st_lld.c"
  15              		.text
  16              	.Ltext0:
  17              		.cfi_sections	.debug_frame
  18              		.section	.text.VectorB0,"ax",%progbits
  19              		.align	2
  20              		.p2align 4,,15
  21              		.global	VectorB0
  22              		.thumb
  23              		.thumb_func
  24              		.type	VectorB0, %function
  25              	VectorB0:
  26              	.LFB255:
  27              		.file 1 "../ChibiOS/os/hal/ports/STM32/LLD/TIMv1/st_lld.c"
  28              		.loc 1 153 0
  29              		.cfi_startproc
  30              		@ args = 0, pretend = 0, frame = 0
  31              		@ frame_needed = 0, uses_anonymous_args = 0
  32              		.loc 1 157 0
  33 0000 4FF08043 		mov	r3, #1073741824
  34              		.loc 1 153 0
  35 0004 10B5     		push	{r4, lr}
  36              		.cfi_def_cfa_offset 8
  37              		.cfi_offset 4, -8
  38              		.cfi_offset 14, -4
  39              		.loc 1 157 0
  40 0006 0024     		movs	r4, #0
  41 0008 1C61     		str	r4, [r3, #16]
  42              	.LVL0:
  43              	.LBB52:
  44              	.LBB53:
  45              	.LBB54:
  46              	.LBB55:
  47              	.LBB56:
  48              	.LBB57:
  49              		.file 2 "../ChibiOS/os/ext/CMSIS/include/core_cmFunc.h"
  50              		.loc 2 546 0
  51 000a 2023     		movs	r3, #32
  52              	@ 546 "../ChibiOS/os/ext/CMSIS/include/core_cmFunc.h" 1
  53 000c 83F31188 		MSR basepri, r3
  54              	@ 0 "" 2
  55              		.thumb
  56              	.LBE57:
  57              	.LBE56:
ARM GAS  /tmp/ccGWgcyd.s 			page 2


  58              	.LBE55:
  59              	.LBE54:
  60              	.LBE53:
  61              	.LBE52:
  62              	.LBB58:
  63              	.LBB59:
  64              		.file 3 "../ChibiOS/os/hal/osal/rt/osal.h"
  65              		.loc 3 517 0
  66 0010 FFF7FEFF 		bl	chSysTimerHandlerI
  67              	.LVL1:
  68              	.LBE59:
  69              	.LBE58:
  70              	.LBB60:
  71              	.LBB61:
  72              	.LBB62:
  73              	.LBB63:
  74              	.LBB64:
  75              	.LBB65:
  76              		.loc 2 546 0
  77              	@ 546 "../ChibiOS/os/ext/CMSIS/include/core_cmFunc.h" 1
  78 0014 84F31188 		MSR basepri, r4
  79              	@ 0 "" 2
  80              		.thumb
  81              	.LBE65:
  82              	.LBE64:
  83              	.LBE63:
  84              	.LBE62:
  85              	.LBE61:
  86              	.LBE60:
  87              		.loc 1 164 0
  88 0018 BDE81040 		pop	{r4, lr}
  89              		.loc 1 163 0
  90 001c FFF7FEBF 		b	_port_irq_epilogue
  91              	.LVL2:
  92              		.cfi_endproc
  93              	.LFE255:
  94              		.size	VectorB0, .-VectorB0
  95              		.section	.text.st_lld_init,"ax",%progbits
  96              		.align	2
  97              		.p2align 4,,15
  98              		.global	st_lld_init
  99              		.thumb
 100              		.thumb_func
 101              		.type	st_lld_init, %function
 102              	st_lld_init:
 103              	.LFB256:
 104              		.loc 1 176 0
 105              		.cfi_startproc
 106              		@ args = 0, pretend = 0, frame = 0
 107              		@ frame_needed = 0, uses_anonymous_args = 0
 108              		@ link register save eliminated.
 109 0000 70B4     		push	{r4, r5, r6}
 110              		.cfi_def_cfa_offset 12
 111              		.cfi_offset 4, -12
 112              		.cfi_offset 5, -8
 113              		.cfi_offset 6, -4
 114              		.loc 1 182 0
ARM GAS  /tmp/ccGWgcyd.s 			page 3


 115 0002 0D49     		ldr	r1, .L3
 116 0004 C869     		ldr	r0, [r1, #28]
 117              		.loc 1 185 0
 118 0006 4FF08043 		mov	r3, #1073741824
 119              		.loc 1 187 0
 120 000a 0022     		movs	r2, #0
 121              		.loc 1 191 0
 122 000c 0124     		movs	r4, #1
 123              		.loc 1 182 0
 124 000e 40F00100 		orr	r0, r0, #1
 125              		.loc 1 185 0
 126 0012 41F61F46 		movw	r6, #7199
 127              		.loc 1 186 0
 128 0016 4FF0FF35 		mov	r5, #-1
 129              		.loc 1 182 0
 130 001a C861     		str	r0, [r1, #28]
 131              		.loc 1 185 0
 132 001c 9E62     		str	r6, [r3, #40]
 133              		.loc 1 195 0
 134 001e 1C20     		movs	r0, #28
 135              		.loc 1 186 0
 136 0020 DD62     		str	r5, [r3, #44]
 137              		.loc 1 195 0
 138 0022 0821     		movs	r1, #8
 139              		.loc 1 187 0
 140 0024 9A61     		str	r2, [r3, #24]
 141              		.loc 1 188 0
 142 0026 5A63     		str	r2, [r3, #52]
 143              		.loc 1 189 0
 144 0028 DA60     		str	r2, [r3, #12]
 145              		.loc 1 190 0
 146 002a 5A60     		str	r2, [r3, #4]
 147              		.loc 1 191 0
 148 002c 5C61     		str	r4, [r3, #20]
 149              		.loc 1 192 0
 150 002e 1C60     		str	r4, [r3]
 151              		.loc 1 210 0
 152 0030 70BC     		pop	{r4, r5, r6}
 153              		.loc 1 195 0
 154 0032 FFF7FEBF 		b	nvicEnableVector
 155              	.LVL3:
 156              	.L4:
 157 0036 00BF     		.align	2
 158              	.L3:
 159 0038 00100240 		.word	1073876992
 160              		.cfi_endproc
 161              	.LFE256:
 162              		.size	st_lld_init, .-st_lld_init
 163 003c AFF30080 		.text
 164              	.Letext0:
 165              		.file 4 "/nfs/nfs5/home/research/hardware/arm2/gcc-arm-embedded/gcc-arm-none-eabi-4_8-2014q2/arm-n
 166              		.file 5 "/nfs/nfs5/home/research/hardware/arm2/gcc-arm-embedded/gcc-arm-none-eabi-4_8-2014q2/arm-n
 167              		.file 6 "../ChibiOS/os/rt/ports/ARMCMx/compilers/GCC/chtypes.h"
 168              		.file 7 "../ChibiOS/os/rt/include/chsystypes.h"
 169              		.file 8 "../ChibiOS/os/rt/include/chschd.h"
 170              		.file 9 "../ChibiOS/os/ext/CMSIS/ST/stm32f303xc.h"
 171              		.file 10 "../ChibiOS/os/rt/ports/ARMCMx/chcore.h"
ARM GAS  /tmp/ccGWgcyd.s 			page 4


 172              		.file 11 "../ChibiOS/os/rt/ports/ARMCMx/chcore_v7m.h"
 173              		.file 12 "../ChibiOS/os/hal/ports/STM32/LLD/TIMv1/stm32_tim.h"
 174              		.file 13 "../ChibiOS/os/rt/include/chtm.h"
 175              		.file 14 "../ChibiOS/os/rt/include/chmtx.h"
 176              		.file 15 "../ChibiOS/os/rt/include/chsys.h"
 177              		.file 16 "../ChibiOS/os/ext/CMSIS/include/core_cm4.h"
 178              		.file 17 "../ChibiOS/os/hal/ports/common/ARMCMx/nvic.h"
 179              		.section	.debug_info,"",%progbits
 180              	.Ldebug_info0:
 181 0000 7D090000 		.4byte	0x97d
 182 0004 0400     		.2byte	0x4
 183 0006 00000000 		.4byte	.Ldebug_abbrev0
 184 000a 04       		.byte	0x4
 185 000b 01       		.uleb128 0x1
 186 000c B4040000 		.4byte	.LASF129
 187 0010 01       		.byte	0x1
 188 0011 4C020000 		.4byte	.LASF130
 189 0015 60010000 		.4byte	.LASF131
 190 0019 00000000 		.4byte	.Ldebug_ranges0+0
 191 001d 00000000 		.4byte	0
 192 0021 00000000 		.4byte	.Ldebug_line0
 193 0025 02       		.uleb128 0x2
 194 0026 04       		.byte	0x4
 195 0027 05       		.byte	0x5
 196 0028 696E7400 		.ascii	"int\000"
 197 002c 03       		.uleb128 0x3
 198 002d 04       		.byte	0x4
 199 002e 07       		.byte	0x7
 200 002f 11020000 		.4byte	.LASF0
 201 0033 03       		.uleb128 0x3
 202 0034 01       		.byte	0x1
 203 0035 06       		.byte	0x6
 204 0036 F3000000 		.4byte	.LASF1
 205 003a 04       		.uleb128 0x4
 206 003b 22000000 		.4byte	.LASF5
 207 003f 04       		.byte	0x4
 208 0040 1C       		.byte	0x1c
 209 0041 45000000 		.4byte	0x45
 210 0045 03       		.uleb128 0x3
 211 0046 01       		.byte	0x1
 212 0047 08       		.byte	0x8
 213 0048 DA030000 		.4byte	.LASF2
 214 004c 03       		.uleb128 0x3
 215 004d 02       		.byte	0x2
 216 004e 05       		.byte	0x5
 217 004f FF030000 		.4byte	.LASF3
 218 0053 03       		.uleb128 0x3
 219 0054 02       		.byte	0x2
 220 0055 07       		.byte	0x7
 221 0056 A6010000 		.4byte	.LASF4
 222 005a 04       		.uleb128 0x4
 223 005b C2020000 		.4byte	.LASF6
 224 005f 04       		.byte	0x4
 225 0060 37       		.byte	0x37
 226 0061 65000000 		.4byte	0x65
 227 0065 03       		.uleb128 0x3
 228 0066 04       		.byte	0x4
ARM GAS  /tmp/ccGWgcyd.s 			page 5


 229 0067 05       		.byte	0x5
 230 0068 32010000 		.4byte	.LASF7
 231 006c 04       		.uleb128 0x4
 232 006d BB050000 		.4byte	.LASF8
 233 0071 04       		.byte	0x4
 234 0072 38       		.byte	0x38
 235 0073 77000000 		.4byte	0x77
 236 0077 03       		.uleb128 0x3
 237 0078 04       		.byte	0x4
 238 0079 07       		.byte	0x7
 239 007a 7A040000 		.4byte	.LASF9
 240 007e 03       		.uleb128 0x3
 241 007f 08       		.byte	0x8
 242 0080 05       		.byte	0x5
 243 0081 52010000 		.4byte	.LASF10
 244 0085 04       		.uleb128 0x4
 245 0086 71030000 		.4byte	.LASF11
 246 008a 04       		.byte	0x4
 247 008b 4E       		.byte	0x4e
 248 008c 90000000 		.4byte	0x90
 249 0090 03       		.uleb128 0x3
 250 0091 08       		.byte	0x8
 251 0092 07       		.byte	0x7
 252 0093 51000000 		.4byte	.LASF12
 253 0097 04       		.uleb128 0x4
 254 0098 59060000 		.4byte	.LASF13
 255 009c 05       		.byte	0x5
 256 009d 2A       		.byte	0x2a
 257 009e 3A000000 		.4byte	0x3a
 258 00a2 04       		.uleb128 0x4
 259 00a3 D2030000 		.4byte	.LASF14
 260 00a7 05       		.byte	0x5
 261 00a8 41       		.byte	0x41
 262 00a9 5A000000 		.4byte	0x5a
 263 00ad 04       		.uleb128 0x4
 264 00ae 50040000 		.4byte	.LASF15
 265 00b2 05       		.byte	0x5
 266 00b3 42       		.byte	0x42
 267 00b4 6C000000 		.4byte	0x6c
 268 00b8 04       		.uleb128 0x4
 269 00b9 19000000 		.4byte	.LASF16
 270 00bd 05       		.byte	0x5
 271 00be 4E       		.byte	0x4e
 272 00bf 85000000 		.4byte	0x85
 273 00c3 05       		.uleb128 0x5
 274 00c4 A2000000 		.4byte	0xa2
 275 00c8 05       		.uleb128 0x5
 276 00c9 AD000000 		.4byte	0xad
 277 00cd 04       		.uleb128 0x4
 278 00ce 09060000 		.4byte	.LASF17
 279 00d2 06       		.byte	0x6
 280 00d3 45       		.byte	0x45
 281 00d4 AD000000 		.4byte	0xad
 282 00d8 04       		.uleb128 0x4
 283 00d9 7E060000 		.4byte	.LASF18
 284 00dd 06       		.byte	0x6
 285 00de 48       		.byte	0x48
ARM GAS  /tmp/ccGWgcyd.s 			page 6


 286 00df 97000000 		.4byte	0x97
 287 00e3 04       		.uleb128 0x4
 288 00e4 44010000 		.4byte	.LASF19
 289 00e8 06       		.byte	0x6
 290 00e9 49       		.byte	0x49
 291 00ea 97000000 		.4byte	0x97
 292 00ee 04       		.uleb128 0x4
 293 00ef 7C030000 		.4byte	.LASF20
 294 00f3 06       		.byte	0x6
 295 00f4 4A       		.byte	0x4a
 296 00f5 97000000 		.4byte	0x97
 297 00f9 04       		.uleb128 0x4
 298 00fa 9B030000 		.4byte	.LASF21
 299 00fe 06       		.byte	0x6
 300 00ff 4C       		.byte	0x4c
 301 0100 AD000000 		.4byte	0xad
 302 0104 04       		.uleb128 0x4
 303 0105 7D020000 		.4byte	.LASF22
 304 0109 06       		.byte	0x6
 305 010a 4D       		.byte	0x4d
 306 010b A2000000 		.4byte	0xa2
 307 010f 04       		.uleb128 0x4
 308 0110 B6020000 		.4byte	.LASF23
 309 0114 06       		.byte	0x6
 310 0115 4F       		.byte	0x4f
 311 0116 AD000000 		.4byte	0xad
 312 011a 04       		.uleb128 0x4
 313 011b 95050000 		.4byte	.LASF24
 314 011f 07       		.byte	0x7
 315 0120 33       		.byte	0x33
 316 0121 AD000000 		.4byte	0xad
 317 0125 04       		.uleb128 0x4
 318 0126 AB040000 		.4byte	.LASF25
 319 012a 07       		.byte	0x7
 320 012b 3F       		.byte	0x3f
 321 012c 30010000 		.4byte	0x130
 322 0130 06       		.uleb128 0x6
 323 0131 3D020000 		.4byte	.LASF44
 324 0135 44       		.byte	0x44
 325 0136 08       		.byte	0x8
 326 0137 BE       		.byte	0xbe
 327 0138 1D020000 		.4byte	0x21d
 328 013c 07       		.uleb128 0x7
 329 013d 24030000 		.4byte	.LASF26
 330 0141 08       		.byte	0x8
 331 0142 BF       		.byte	0xbf
 332 0143 01070000 		.4byte	0x701
 333 0147 00       		.byte	0
 334 0148 07       		.uleb128 0x7
 335 0149 94030000 		.4byte	.LASF27
 336 014d 08       		.byte	0x8
 337 014e C1       		.byte	0xc1
 338 014f 01070000 		.4byte	0x701
 339 0153 04       		.byte	0x4
 340 0154 07       		.uleb128 0x7
 341 0155 C9000000 		.4byte	.LASF28
 342 0159 08       		.byte	0x8
ARM GAS  /tmp/ccGWgcyd.s 			page 7


 343 015a C3       		.byte	0xc3
 344 015b F9000000 		.4byte	0xf9
 345 015f 08       		.byte	0x8
 346 0160 07       		.uleb128 0x7
 347 0161 94060000 		.4byte	.LASF29
 348 0165 08       		.byte	0x8
 349 0166 C4       		.byte	0xc4
 350 0167 25050000 		.4byte	0x525
 351 016b 0C       		.byte	0xc
 352 016c 07       		.uleb128 0x7
 353 016d 9E010000 		.4byte	.LASF30
 354 0171 08       		.byte	0x8
 355 0172 C6       		.byte	0xc6
 356 0173 01070000 		.4byte	0x701
 357 0177 10       		.byte	0x10
 358 0178 07       		.uleb128 0x7
 359 0179 37030000 		.4byte	.LASF31
 360 017d 08       		.byte	0x8
 361 017e C7       		.byte	0xc7
 362 017f 01070000 		.4byte	0x701
 363 0183 14       		.byte	0x14
 364 0184 07       		.uleb128 0x7
 365 0185 72060000 		.4byte	.LASF32
 366 0189 08       		.byte	0x8
 367 018a CE       		.byte	0xce
 368 018b 3F070000 		.4byte	0x73f
 369 018f 18       		.byte	0x18
 370 0190 07       		.uleb128 0x7
 371 0191 09040000 		.4byte	.LASF33
 372 0195 08       		.byte	0x8
 373 0196 D9       		.byte	0xd9
 374 0197 E3000000 		.4byte	0xe3
 375 019b 1C       		.byte	0x1c
 376 019c 07       		.uleb128 0x7
 377 019d 1F040000 		.4byte	.LASF34
 378 01a1 08       		.byte	0x8
 379 01a2 DD       		.byte	0xdd
 380 01a3 D8000000 		.4byte	0xd8
 381 01a7 1D       		.byte	0x1d
 382 01a8 07       		.uleb128 0x7
 383 01a9 3B060000 		.4byte	.LASF35
 384 01ad 08       		.byte	0x8
 385 01ae E2       		.byte	0xe2
 386 01af EE000000 		.4byte	0xee
 387 01b3 1E       		.byte	0x1e
 388 01b4 08       		.uleb128 0x8
 389 01b5 705F7500 		.ascii	"p_u\000"
 390 01b9 08       		.byte	0x8
 391 01ba 1401     		.2byte	0x114
 392 01bc 07070000 		.4byte	0x707
 393 01c0 20       		.byte	0x20
 394 01c1 09       		.uleb128 0x9
 395 01c2 FA020000 		.4byte	.LASF36
 396 01c6 08       		.byte	0x8
 397 01c7 1901     		.2byte	0x119
 398 01c9 1D020000 		.4byte	0x21d
 399 01cd 24       		.byte	0x24
ARM GAS  /tmp/ccGWgcyd.s 			page 8


 400 01ce 09       		.uleb128 0x9
 401 01cf 26020000 		.4byte	.LASF37
 402 01d3 08       		.byte	0x8
 403 01d4 1F01     		.2byte	0x11f
 404 01d6 41020000 		.4byte	0x241
 405 01da 28       		.byte	0x28
 406 01db 09       		.uleb128 0x9
 407 01dc 86060000 		.4byte	.LASF38
 408 01e0 08       		.byte	0x8
 409 01e1 2301     		.2byte	0x123
 410 01e3 04010000 		.4byte	0x104
 411 01e7 30       		.byte	0x30
 412 01e8 09       		.uleb128 0x9
 413 01e9 45040000 		.4byte	.LASF39
 414 01ed 08       		.byte	0x8
 415 01ee 2901     		.2byte	0x129
 416 01f0 0F010000 		.4byte	0x10f
 417 01f4 34       		.byte	0x34
 418 01f5 09       		.uleb128 0x9
 419 01f6 F5030000 		.4byte	.LASF40
 420 01fa 08       		.byte	0x8
 421 01fb 3001     		.2byte	0x130
 422 01fd 82070000 		.4byte	0x782
 423 0201 38       		.byte	0x38
 424 0202 09       		.uleb128 0x9
 425 0203 83020000 		.4byte	.LASF41
 426 0207 08       		.byte	0x8
 427 0208 3401     		.2byte	0x134
 428 020a F9000000 		.4byte	0xf9
 429 020e 3C       		.byte	0x3c
 430 020f 09       		.uleb128 0x9
 431 0210 C1010000 		.4byte	.LASF42
 432 0214 08       		.byte	0x8
 433 0215 3A01     		.2byte	0x13a
 434 0217 F4020000 		.4byte	0x2f4
 435 021b 40       		.byte	0x40
 436 021c 00       		.byte	0
 437 021d 04       		.uleb128 0x4
 438 021e EB020000 		.4byte	.LASF43
 439 0222 07       		.byte	0x7
 440 0223 44       		.byte	0x44
 441 0224 28020000 		.4byte	0x228
 442 0228 06       		.uleb128 0x6
 443 0229 6A040000 		.4byte	.LASF45
 444 022d 04       		.byte	0x4
 445 022e 08       		.byte	0x8
 446 022f AC       		.byte	0xac
 447 0230 41020000 		.4byte	0x241
 448 0234 07       		.uleb128 0x7
 449 0235 24030000 		.4byte	.LASF26
 450 0239 08       		.byte	0x8
 451 023a AD       		.byte	0xad
 452 023b 01070000 		.4byte	0x701
 453 023f 00       		.byte	0
 454 0240 00       		.byte	0
 455 0241 04       		.uleb128 0x4
 456 0242 2B060000 		.4byte	.LASF46
ARM GAS  /tmp/ccGWgcyd.s 			page 9


 457 0246 07       		.byte	0x7
 458 0247 4B       		.byte	0x4b
 459 0248 4C020000 		.4byte	0x24c
 460 024c 06       		.uleb128 0x6
 461 024d B8000000 		.4byte	.LASF47
 462 0251 08       		.byte	0x8
 463 0252 08       		.byte	0x8
 464 0253 B3       		.byte	0xb3
 465 0254 71020000 		.4byte	0x271
 466 0258 07       		.uleb128 0x7
 467 0259 24030000 		.4byte	.LASF26
 468 025d 08       		.byte	0x8
 469 025e B4       		.byte	0xb4
 470 025f 01070000 		.4byte	0x701
 471 0263 00       		.byte	0
 472 0264 07       		.uleb128 0x7
 473 0265 94030000 		.4byte	.LASF27
 474 0269 08       		.byte	0x8
 475 026a B5       		.byte	0xb5
 476 026b 01070000 		.4byte	0x701
 477 026f 04       		.byte	0x4
 478 0270 00       		.byte	0
 479 0271 04       		.uleb128 0x4
 480 0272 00000000 		.4byte	.LASF48
 481 0276 07       		.byte	0x7
 482 0277 52       		.byte	0x52
 483 0278 7C020000 		.4byte	0x27c
 484 027c 0A       		.uleb128 0xa
 485 027d A8020000 		.4byte	.LASF49
 486 0281 1C       		.byte	0x1c
 487 0282 08       		.byte	0x8
 488 0283 7201     		.2byte	0x172
 489 0285 D8020000 		.4byte	0x2d8
 490 0289 09       		.uleb128 0x9
 491 028a 59040000 		.4byte	.LASF50
 492 028e 08       		.byte	0x8
 493 028f 7301     		.2byte	0x173
 494 0291 41020000 		.4byte	0x241
 495 0295 00       		.byte	0
 496 0296 09       		.uleb128 0x9
 497 0297 11040000 		.4byte	.LASF51
 498 029b 08       		.byte	0x8
 499 029c 7401     		.2byte	0x174
 500 029e F9000000 		.4byte	0xf9
 501 02a2 08       		.byte	0x8
 502 02a3 09       		.uleb128 0x9
 503 02a4 3F030000 		.4byte	.LASF52
 504 02a8 08       		.byte	0x8
 505 02a9 7601     		.2byte	0x176
 506 02ab 25050000 		.4byte	0x525
 507 02af 0C       		.byte	0xc
 508 02b0 09       		.uleb128 0x9
 509 02b1 B9010000 		.4byte	.LASF53
 510 02b5 08       		.byte	0x8
 511 02b6 7901     		.2byte	0x179
 512 02b8 01070000 		.4byte	0x701
 513 02bc 10       		.byte	0x10
ARM GAS  /tmp/ccGWgcyd.s 			page 10


 514 02bd 09       		.uleb128 0x9
 515 02be F5050000 		.4byte	.LASF54
 516 02c2 08       		.byte	0x8
 517 02c3 7A01     		.2byte	0x17a
 518 02c5 01070000 		.4byte	0x701
 519 02c9 14       		.byte	0x14
 520 02ca 09       		.uleb128 0x9
 521 02cb 5E030000 		.4byte	.LASF55
 522 02cf 08       		.byte	0x8
 523 02d0 7D01     		.2byte	0x17d
 524 02d2 01070000 		.4byte	0x701
 525 02d6 18       		.byte	0x18
 526 02d7 00       		.byte	0
 527 02d8 04       		.uleb128 0x4
 528 02d9 B2050000 		.4byte	.LASF56
 529 02dd 07       		.byte	0x7
 530 02de 57       		.byte	0x57
 531 02df E3020000 		.4byte	0x2e3
 532 02e3 0B       		.uleb128 0xb
 533 02e4 04       		.byte	0x4
 534 02e5 E9020000 		.4byte	0x2e9
 535 02e9 0C       		.uleb128 0xc
 536 02ea F4020000 		.4byte	0x2f4
 537 02ee 0D       		.uleb128 0xd
 538 02ef F4020000 		.4byte	0x2f4
 539 02f3 00       		.byte	0
 540 02f4 0E       		.uleb128 0xe
 541 02f5 04       		.byte	0x4
 542 02f6 04       		.uleb128 0x4
 543 02f7 84030000 		.4byte	.LASF57
 544 02fb 07       		.byte	0x7
 545 02fc 5C       		.byte	0x5c
 546 02fd 01030000 		.4byte	0x301
 547 0301 0A       		.uleb128 0xa
 548 0302 2F040000 		.4byte	.LASF58
 549 0306 14       		.byte	0x14
 550 0307 08       		.byte	0x8
 551 0308 4D01     		.2byte	0x14d
 552 030a 50030000 		.4byte	0x350
 553 030e 09       		.uleb128 0x9
 554 030f 1E020000 		.4byte	.LASF59
 555 0313 08       		.byte	0x8
 556 0314 4E01     		.2byte	0x14e
 557 0316 88070000 		.4byte	0x788
 558 031a 00       		.byte	0
 559 031b 09       		.uleb128 0x9
 560 031c D2010000 		.4byte	.LASF60
 561 0320 08       		.byte	0x8
 562 0321 4F01     		.2byte	0x14f
 563 0323 88070000 		.4byte	0x788
 564 0327 04       		.byte	0x4
 565 0328 09       		.uleb128 0x9
 566 0329 61040000 		.4byte	.LASF61
 567 032d 08       		.byte	0x8
 568 032e 5001     		.2byte	0x150
 569 0330 1A010000 		.4byte	0x11a
 570 0334 08       		.byte	0x8
ARM GAS  /tmp/ccGWgcyd.s 			page 11


 571 0335 09       		.uleb128 0x9
 572 0336 9A060000 		.4byte	.LASF62
 573 033a 08       		.byte	0x8
 574 033b 5101     		.2byte	0x151
 575 033d D8020000 		.4byte	0x2d8
 576 0341 0C       		.byte	0xc
 577 0342 09       		.uleb128 0x9
 578 0343 24060000 		.4byte	.LASF63
 579 0347 08       		.byte	0x8
 580 0348 5301     		.2byte	0x153
 581 034a F4020000 		.4byte	0x2f4
 582 034e 10       		.byte	0x10
 583 034f 00       		.byte	0
 584 0350 04       		.uleb128 0x4
 585 0351 7C000000 		.4byte	.LASF64
 586 0355 07       		.byte	0x7
 587 0356 61       		.byte	0x61
 588 0357 5B030000 		.4byte	0x35b
 589 035b 0A       		.uleb128 0xa
 590 035c 0D030000 		.4byte	.LASF65
 591 0360 10       		.byte	0x10
 592 0361 08       		.byte	0x8
 593 0362 5D01     		.2byte	0x15d
 594 0364 9D030000 		.4byte	0x39d
 595 0368 09       		.uleb128 0x9
 596 0369 1E020000 		.4byte	.LASF59
 597 036d 08       		.byte	0x8
 598 036e 5E01     		.2byte	0x15e
 599 0370 88070000 		.4byte	0x788
 600 0374 00       		.byte	0
 601 0375 09       		.uleb128 0x9
 602 0376 D2010000 		.4byte	.LASF60
 603 037a 08       		.byte	0x8
 604 037b 6001     		.2byte	0x160
 605 037d 88070000 		.4byte	0x788
 606 0381 04       		.byte	0x4
 607 0382 09       		.uleb128 0x9
 608 0383 61040000 		.4byte	.LASF61
 609 0387 08       		.byte	0x8
 610 0388 6201     		.2byte	0x162
 611 038a 1A010000 		.4byte	0x11a
 612 038e 08       		.byte	0x8
 613 038f 09       		.uleb128 0x9
 614 0390 2B030000 		.4byte	.LASF66
 615 0394 08       		.byte	0x8
 616 0395 6A01     		.2byte	0x16a
 617 0397 1A010000 		.4byte	0x11a
 618 039b 0C       		.byte	0xc
 619 039c 00       		.byte	0
 620 039d 04       		.uleb128 0x4
 621 039e 38000000 		.4byte	.LASF67
 622 03a2 07       		.byte	0x7
 623 03a3 66       		.byte	0x66
 624 03a4 A8030000 		.4byte	0x3a8
 625 03a8 0A       		.uleb128 0xa
 626 03a9 BC030000 		.4byte	.LASF68
 627 03ad 04       		.byte	0x4
ARM GAS  /tmp/ccGWgcyd.s 			page 12


 628 03ae 08       		.byte	0x8
 629 03af 8401     		.2byte	0x184
 630 03b1 C3030000 		.4byte	0x3c3
 631 03b5 09       		.uleb128 0x9
 632 03b6 D4050000 		.4byte	.LASF69
 633 03ba 08       		.byte	0x8
 634 03bb 8C01     		.2byte	0x18c
 635 03bd 8E070000 		.4byte	0x78e
 636 03c1 00       		.byte	0
 637 03c2 00       		.byte	0
 638 03c3 04       		.uleb128 0x4
 639 03c4 FD050000 		.4byte	.LASF70
 640 03c8 07       		.byte	0x7
 641 03c9 6B       		.byte	0x6b
 642 03ca CE030000 		.4byte	0x3ce
 643 03ce 0F       		.uleb128 0xf
 644 03cf 28010000 		.4byte	.LASF71
 645 03d3 5001     		.2byte	0x150
 646 03d5 08       		.byte	0x8
 647 03d6 A401     		.2byte	0x1a4
 648 03d8 2A040000 		.4byte	0x42a
 649 03dc 09       		.uleb128 0x9
 650 03dd 47060000 		.4byte	.LASF72
 651 03e1 08       		.byte	0x8
 652 03e2 A801     		.2byte	0x1a8
 653 03e4 71020000 		.4byte	0x271
 654 03e8 00       		.byte	0
 655 03e9 09       		.uleb128 0x9
 656 03ea DA010000 		.4byte	.LASF73
 657 03ee 08       		.byte	0x8
 658 03ef AC01     		.2byte	0x1ac
 659 03f1 50030000 		.4byte	0x350
 660 03f5 1C       		.byte	0x1c
 661 03f6 08       		.uleb128 0x8
 662 03f7 64626700 		.ascii	"dbg\000"
 663 03fb 08       		.byte	0x8
 664 03fc B001     		.2byte	0x1b0
 665 03fe 9D030000 		.4byte	0x39d
 666 0402 2C       		.byte	0x2c
 667 0403 09       		.uleb128 0x9
 668 0404 71000000 		.4byte	.LASF74
 669 0408 08       		.byte	0x8
 670 0409 B401     		.2byte	0x1b4
 671 040b 25010000 		.4byte	0x125
 672 040f 30       		.byte	0x30
 673 0410 08       		.uleb128 0x8
 674 0411 746D00   		.ascii	"tm\000"
 675 0414 08       		.byte	0x8
 676 0415 B901     		.2byte	0x1b9
 677 0417 F6060000 		.4byte	0x6f6
 678 041b 74       		.byte	0x74
 679 041c 09       		.uleb128 0x9
 680 041d 02020000 		.4byte	.LASF75
 681 0421 08       		.byte	0x8
 682 0422 C501     		.2byte	0x1c5
 683 0424 93070000 		.4byte	0x793
 684 0428 78       		.byte	0x78
ARM GAS  /tmp/ccGWgcyd.s 			page 13


 685 0429 00       		.byte	0
 686 042a 03       		.uleb128 0x3
 687 042b 04       		.byte	0x4
 688 042c 07       		.byte	0x7
 689 042d 04030000 		.4byte	.LASF76
 690 0431 10       		.uleb128 0x10
 691 0432 AD000000 		.4byte	0xad
 692 0436 41040000 		.4byte	0x441
 693 043a 11       		.uleb128 0x11
 694 043b 2A040000 		.4byte	0x42a
 695 043f 01       		.byte	0x1
 696 0440 00       		.byte	0
 697 0441 10       		.uleb128 0x10
 698 0442 AD000000 		.4byte	0xad
 699 0446 51040000 		.4byte	0x451
 700 044a 11       		.uleb128 0x11
 701 044b 2A040000 		.4byte	0x42a
 702 044f 03       		.byte	0x3
 703 0450 00       		.byte	0
 704 0451 12       		.uleb128 0x12
 705 0452 34       		.byte	0x34
 706 0453 09       		.byte	0x9
 707 0454 FC01     		.2byte	0x1fc
 708 0456 03050000 		.4byte	0x503
 709 045a 08       		.uleb128 0x8
 710 045b 435200   		.ascii	"CR\000"
 711 045e 09       		.byte	0x9
 712 045f FE01     		.2byte	0x1fe
 713 0461 C8000000 		.4byte	0xc8
 714 0465 00       		.byte	0
 715 0466 09       		.uleb128 0x9
 716 0467 79060000 		.4byte	.LASF77
 717 046b 09       		.byte	0x9
 718 046c FF01     		.2byte	0x1ff
 719 046e C8000000 		.4byte	0xc8
 720 0472 04       		.byte	0x4
 721 0473 08       		.uleb128 0x8
 722 0474 43495200 		.ascii	"CIR\000"
 723 0478 09       		.byte	0x9
 724 0479 0002     		.2byte	0x200
 725 047b C8000000 		.4byte	0xc8
 726 047f 08       		.byte	0x8
 727 0480 09       		.uleb128 0x9
 728 0481 3B010000 		.4byte	.LASF78
 729 0485 09       		.byte	0x9
 730 0486 0102     		.2byte	0x201
 731 0488 C8000000 		.4byte	0xc8
 732 048c 0C       		.byte	0xc
 733 048d 09       		.uleb128 0x9
 734 048e 68030000 		.4byte	.LASF79
 735 0492 09       		.byte	0x9
 736 0493 0202     		.2byte	0x202
 737 0495 C8000000 		.4byte	0xc8
 738 0499 10       		.byte	0x10
 739 049a 09       		.uleb128 0x9
 740 049b A2060000 		.4byte	.LASF80
 741 049f 09       		.byte	0x9
ARM GAS  /tmp/ccGWgcyd.s 			page 14


 742 04a0 0302     		.2byte	0x203
 743 04a2 C8000000 		.4byte	0xc8
 744 04a6 14       		.byte	0x14
 745 04a7 09       		.uleb128 0x9
 746 04a8 27040000 		.4byte	.LASF81
 747 04ac 09       		.byte	0x9
 748 04ad 0402     		.2byte	0x204
 749 04af C8000000 		.4byte	0xc8
 750 04b3 18       		.byte	0x18
 751 04b4 09       		.uleb128 0x9
 752 04b5 E5050000 		.4byte	.LASF82
 753 04b9 09       		.byte	0x9
 754 04ba 0502     		.2byte	0x205
 755 04bc C8000000 		.4byte	0xc8
 756 04c0 1C       		.byte	0x1c
 757 04c1 09       		.uleb128 0x9
 758 04c2 42060000 		.4byte	.LASF83
 759 04c6 09       		.byte	0x9
 760 04c7 0602     		.2byte	0x206
 761 04c9 C8000000 		.4byte	0xc8
 762 04cd 20       		.byte	0x20
 763 04ce 08       		.uleb128 0x8
 764 04cf 43535200 		.ascii	"CSR\000"
 765 04d3 09       		.byte	0x9
 766 04d4 0702     		.2byte	0x207
 767 04d6 C8000000 		.4byte	0xc8
 768 04da 24       		.byte	0x24
 769 04db 09       		.uleb128 0x9
 770 04dc 56030000 		.4byte	.LASF84
 771 04e0 09       		.byte	0x9
 772 04e1 0802     		.2byte	0x208
 773 04e3 C8000000 		.4byte	0xc8
 774 04e7 28       		.byte	0x28
 775 04e8 09       		.uleb128 0x9
 776 04e9 4D060000 		.4byte	.LASF85
 777 04ed 09       		.byte	0x9
 778 04ee 0902     		.2byte	0x209
 779 04f0 C8000000 		.4byte	0xc8
 780 04f4 2C       		.byte	0x2c
 781 04f5 09       		.uleb128 0x9
 782 04f6 53060000 		.4byte	.LASF86
 783 04fa 09       		.byte	0x9
 784 04fb 0A02     		.2byte	0x20a
 785 04fd C8000000 		.4byte	0xc8
 786 0501 30       		.byte	0x30
 787 0502 00       		.byte	0
 788 0503 13       		.uleb128 0x13
 789 0504 31020000 		.4byte	.LASF87
 790 0508 09       		.byte	0x9
 791 0509 0B02     		.2byte	0x20b
 792 050b 51040000 		.4byte	0x451
 793 050f 04       		.uleb128 0x4
 794 0510 C9010000 		.4byte	.LASF88
 795 0514 0A       		.byte	0xa
 796 0515 85       		.byte	0x85
 797 0516 F4020000 		.4byte	0x2f4
 798 051a 04       		.uleb128 0x4
ARM GAS  /tmp/ccGWgcyd.s 			page 15


 799 051b CC020000 		.4byte	.LASF89
 800 051f 0A       		.byte	0xa
 801 0520 8D       		.byte	0x8d
 802 0521 B8000000 		.4byte	0xb8
 803 0525 06       		.uleb128 0x6
 804 0526 ED050000 		.4byte	.LASF90
 805 052a 04       		.byte	0x4
 806 052b 0A       		.byte	0xa
 807 052c A9       		.byte	0xa9
 808 052d 3E050000 		.4byte	0x53e
 809 0531 14       		.uleb128 0x14
 810 0532 72313300 		.ascii	"r13\000"
 811 0536 0A       		.byte	0xa
 812 0537 AA       		.byte	0xaa
 813 0538 B9050000 		.4byte	0x5b9
 814 053c 00       		.byte	0
 815 053d 00       		.byte	0
 816 053e 06       		.uleb128 0x6
 817 053f 2C000000 		.4byte	.LASF91
 818 0543 24       		.byte	0x24
 819 0544 0B       		.byte	0xb
 820 0545 F4       		.byte	0xf4
 821 0546 B9050000 		.4byte	0x5b9
 822 054a 08       		.uleb128 0x8
 823 054b 723400   		.ascii	"r4\000"
 824 054e 0B       		.byte	0xb
 825 054f 0701     		.2byte	0x107
 826 0551 0F050000 		.4byte	0x50f
 827 0555 00       		.byte	0
 828 0556 08       		.uleb128 0x8
 829 0557 723500   		.ascii	"r5\000"
 830 055a 0B       		.byte	0xb
 831 055b 0801     		.2byte	0x108
 832 055d 0F050000 		.4byte	0x50f
 833 0561 04       		.byte	0x4
 834 0562 08       		.uleb128 0x8
 835 0563 723600   		.ascii	"r6\000"
 836 0566 0B       		.byte	0xb
 837 0567 0901     		.2byte	0x109
 838 0569 0F050000 		.4byte	0x50f
 839 056d 08       		.byte	0x8
 840 056e 08       		.uleb128 0x8
 841 056f 723700   		.ascii	"r7\000"
 842 0572 0B       		.byte	0xb
 843 0573 0A01     		.2byte	0x10a
 844 0575 0F050000 		.4byte	0x50f
 845 0579 0C       		.byte	0xc
 846 057a 08       		.uleb128 0x8
 847 057b 723800   		.ascii	"r8\000"
 848 057e 0B       		.byte	0xb
 849 057f 0B01     		.2byte	0x10b
 850 0581 0F050000 		.4byte	0x50f
 851 0585 10       		.byte	0x10
 852 0586 08       		.uleb128 0x8
 853 0587 723900   		.ascii	"r9\000"
 854 058a 0B       		.byte	0xb
 855 058b 0C01     		.2byte	0x10c
ARM GAS  /tmp/ccGWgcyd.s 			page 16


 856 058d 0F050000 		.4byte	0x50f
 857 0591 14       		.byte	0x14
 858 0592 08       		.uleb128 0x8
 859 0593 72313000 		.ascii	"r10\000"
 860 0597 0B       		.byte	0xb
 861 0598 0D01     		.2byte	0x10d
 862 059a 0F050000 		.4byte	0x50f
 863 059e 18       		.byte	0x18
 864 059f 08       		.uleb128 0x8
 865 05a0 72313100 		.ascii	"r11\000"
 866 05a4 0B       		.byte	0xb
 867 05a5 0E01     		.2byte	0x10e
 868 05a7 0F050000 		.4byte	0x50f
 869 05ab 1C       		.byte	0x1c
 870 05ac 08       		.uleb128 0x8
 871 05ad 6C7200   		.ascii	"lr\000"
 872 05b0 0B       		.byte	0xb
 873 05b1 0F01     		.2byte	0x10f
 874 05b3 0F050000 		.4byte	0x50f
 875 05b7 20       		.byte	0x20
 876 05b8 00       		.byte	0
 877 05b9 0B       		.uleb128 0xb
 878 05ba 04       		.byte	0x4
 879 05bb 3E050000 		.4byte	0x53e
 880 05bf 12       		.uleb128 0x12
 881 05c0 60       		.byte	0x60
 882 05c1 0C       		.byte	0xc
 883 05c2 9E01     		.2byte	0x19e
 884 05c4 CB060000 		.4byte	0x6cb
 885 05c8 08       		.uleb128 0x8
 886 05c9 43523100 		.ascii	"CR1\000"
 887 05cd 0C       		.byte	0xc
 888 05ce 9F01     		.2byte	0x19f
 889 05d0 C8000000 		.4byte	0xc8
 890 05d4 00       		.byte	0
 891 05d5 08       		.uleb128 0x8
 892 05d6 43523200 		.ascii	"CR2\000"
 893 05da 0C       		.byte	0xc
 894 05db A001     		.2byte	0x1a0
 895 05dd C8000000 		.4byte	0xc8
 896 05e1 04       		.byte	0x4
 897 05e2 09       		.uleb128 0x9
 898 05e3 47020000 		.4byte	.LASF92
 899 05e7 0C       		.byte	0xc
 900 05e8 A101     		.2byte	0x1a1
 901 05ea C8000000 		.4byte	0xc8
 902 05ee 08       		.byte	0x8
 903 05ef 09       		.uleb128 0x9
 904 05f0 0D000000 		.4byte	.LASF93
 905 05f4 0C       		.byte	0xc
 906 05f5 A201     		.2byte	0x1a2
 907 05f7 C8000000 		.4byte	0xc8
 908 05fb 0C       		.byte	0xc
 909 05fc 08       		.uleb128 0x8
 910 05fd 535200   		.ascii	"SR\000"
 911 0600 0C       		.byte	0xc
 912 0601 A301     		.2byte	0x1a3
ARM GAS  /tmp/ccGWgcyd.s 			page 17


 913 0603 C8000000 		.4byte	0xc8
 914 0607 10       		.byte	0x10
 915 0608 08       		.uleb128 0x8
 916 0609 45475200 		.ascii	"EGR\000"
 917 060d 0C       		.byte	0xc
 918 060e A401     		.2byte	0x1a4
 919 0610 C8000000 		.4byte	0xc8
 920 0614 14       		.byte	0x14
 921 0615 09       		.uleb128 0x9
 922 0616 E1000000 		.4byte	.LASF94
 923 061a 0C       		.byte	0xc
 924 061b A501     		.2byte	0x1a5
 925 061d C8000000 		.4byte	0xc8
 926 0621 18       		.byte	0x18
 927 0622 09       		.uleb128 0x9
 928 0623 E7000000 		.4byte	.LASF95
 929 0627 0C       		.byte	0xc
 930 0628 A601     		.2byte	0x1a6
 931 062a C8000000 		.4byte	0xc8
 932 062e 1C       		.byte	0x1c
 933 062f 09       		.uleb128 0x9
 934 0630 4D010000 		.4byte	.LASF96
 935 0634 0C       		.byte	0xc
 936 0635 A701     		.2byte	0x1a7
 937 0637 C8000000 		.4byte	0xc8
 938 063b 20       		.byte	0x20
 939 063c 08       		.uleb128 0x8
 940 063d 434E5400 		.ascii	"CNT\000"
 941 0641 0C       		.byte	0xc
 942 0642 A801     		.2byte	0x1a8
 943 0644 C8000000 		.4byte	0xc8
 944 0648 24       		.byte	0x24
 945 0649 08       		.uleb128 0x8
 946 064a 50534300 		.ascii	"PSC\000"
 947 064e 0C       		.byte	0xc
 948 064f A901     		.2byte	0x1a9
 949 0651 C8000000 		.4byte	0xc8
 950 0655 28       		.byte	0x28
 951 0656 08       		.uleb128 0x8
 952 0657 41525200 		.ascii	"ARR\000"
 953 065b 0C       		.byte	0xc
 954 065c AA01     		.2byte	0x1aa
 955 065e C8000000 		.4byte	0xc8
 956 0662 2C       		.byte	0x2c
 957 0663 08       		.uleb128 0x8
 958 0664 52435200 		.ascii	"RCR\000"
 959 0668 0C       		.byte	0xc
 960 0669 AB01     		.2byte	0x1ab
 961 066b C8000000 		.4byte	0xc8
 962 066f 30       		.byte	0x30
 963 0670 08       		.uleb128 0x8
 964 0671 43435200 		.ascii	"CCR\000"
 965 0675 0C       		.byte	0xc
 966 0676 AC01     		.2byte	0x1ac
 967 0678 CB060000 		.4byte	0x6cb
 968 067c 34       		.byte	0x34
 969 067d 09       		.uleb128 0x9
ARM GAS  /tmp/ccGWgcyd.s 			page 18


 970 067e B3000000 		.4byte	.LASF97
 971 0682 0C       		.byte	0xc
 972 0683 AD01     		.2byte	0x1ad
 973 0685 C8000000 		.4byte	0xc8
 974 0689 44       		.byte	0x44
 975 068a 08       		.uleb128 0x8
 976 068b 44435200 		.ascii	"DCR\000"
 977 068f 0C       		.byte	0xc
 978 0690 AE01     		.2byte	0x1ae
 979 0692 C8000000 		.4byte	0xc8
 980 0696 48       		.byte	0x48
 981 0697 09       		.uleb128 0x9
 982 0698 91040000 		.4byte	.LASF98
 983 069c 0C       		.byte	0xc
 984 069d AF01     		.2byte	0x1af
 985 069f C8000000 		.4byte	0xc8
 986 06a3 4C       		.byte	0x4c
 987 06a4 08       		.uleb128 0x8
 988 06a5 4F5200   		.ascii	"OR\000"
 989 06a8 0C       		.byte	0xc
 990 06a9 B001     		.2byte	0x1b0
 991 06ab C8000000 		.4byte	0xc8
 992 06af 50       		.byte	0x50
 993 06b0 09       		.uleb128 0x9
 994 06b1 ED000000 		.4byte	.LASF99
 995 06b5 0C       		.byte	0xc
 996 06b6 B101     		.2byte	0x1b1
 997 06b8 C8000000 		.4byte	0xc8
 998 06bc 54       		.byte	0x54
 999 06bd 09       		.uleb128 0x9
 1000 06be 40040000 		.4byte	.LASF100
 1001 06c2 0C       		.byte	0xc
 1002 06c3 B201     		.2byte	0x1b2
 1003 06c5 D0060000 		.4byte	0x6d0
 1004 06c9 58       		.byte	0x58
 1005 06ca 00       		.byte	0
 1006 06cb 05       		.uleb128 0x5
 1007 06cc 41040000 		.4byte	0x441
 1008 06d0 05       		.uleb128 0x5
 1009 06d1 31040000 		.4byte	0x431
 1010 06d5 13       		.uleb128 0x13
 1011 06d6 FF000000 		.4byte	.LASF101
 1012 06da 0C       		.byte	0xc
 1013 06db B301     		.2byte	0x1b3
 1014 06dd BF050000 		.4byte	0x5bf
 1015 06e1 15       		.uleb128 0x15
 1016 06e2 04       		.byte	0x4
 1017 06e3 0D       		.byte	0xd
 1018 06e4 38       		.byte	0x38
 1019 06e5 F6060000 		.4byte	0x6f6
 1020 06e9 07       		.uleb128 0x7
 1021 06ea DE050000 		.4byte	.LASF102
 1022 06ee 0D       		.byte	0xd
 1023 06ef 3C       		.byte	0x3c
 1024 06f0 CD000000 		.4byte	0xcd
 1025 06f4 00       		.byte	0
 1026 06f5 00       		.byte	0
ARM GAS  /tmp/ccGWgcyd.s 			page 19


 1027 06f6 04       		.uleb128 0x4
 1028 06f7 45030000 		.4byte	.LASF103
 1029 06fb 0D       		.byte	0xd
 1030 06fc 3D       		.byte	0x3d
 1031 06fd E1060000 		.4byte	0x6e1
 1032 0701 0B       		.uleb128 0xb
 1033 0702 04       		.byte	0x4
 1034 0703 25010000 		.4byte	0x125
 1035 0707 16       		.uleb128 0x16
 1036 0708 04       		.byte	0x4
 1037 0709 08       		.byte	0x8
 1038 070a F6       		.byte	0xf6
 1039 070b 3F070000 		.4byte	0x73f
 1040 070f 17       		.uleb128 0x17
 1041 0710 12000000 		.4byte	.LASF104
 1042 0714 08       		.byte	0x8
 1043 0715 FD       		.byte	0xfd
 1044 0716 04010000 		.4byte	0x104
 1045 071a 18       		.uleb128 0x18
 1046 071b 68000000 		.4byte	.LASF105
 1047 071f 08       		.byte	0x8
 1048 0720 0401     		.2byte	0x104
 1049 0722 04010000 		.4byte	0x104
 1050 0726 18       		.uleb128 0x18
 1051 0727 A1020000 		.4byte	.LASF106
 1052 072b 08       		.byte	0x8
 1053 072c 0B01     		.2byte	0x10b
 1054 072e F4020000 		.4byte	0x2f4
 1055 0732 18       		.uleb128 0x18
 1056 0733 18040000 		.4byte	.LASF107
 1057 0737 08       		.byte	0x8
 1058 0738 1201     		.2byte	0x112
 1059 073a 0F010000 		.4byte	0x10f
 1060 073e 00       		.byte	0
 1061 073f 0B       		.uleb128 0xb
 1062 0740 04       		.byte	0x4
 1063 0741 45070000 		.4byte	0x745
 1064 0745 19       		.uleb128 0x19
 1065 0746 4A070000 		.4byte	0x74a
 1066 074a 03       		.uleb128 0x3
 1067 074b 01       		.byte	0x1
 1068 074c 08       		.byte	0x8
 1069 074d 8C040000 		.4byte	.LASF108
 1070 0751 06       		.uleb128 0x6
 1071 0752 B6030000 		.4byte	.LASF109
 1072 0756 10       		.byte	0x10
 1073 0757 0E       		.byte	0xe
 1074 0758 39       		.byte	0x39
 1075 0759 82070000 		.4byte	0x782
 1076 075d 07       		.uleb128 0x7
 1077 075e 0B010000 		.4byte	.LASF110
 1078 0762 0E       		.byte	0xe
 1079 0763 3A       		.byte	0x3a
 1080 0764 41020000 		.4byte	0x241
 1081 0768 00       		.byte	0
 1082 0769 07       		.uleb128 0x7
 1083 076a 8C060000 		.4byte	.LASF111
ARM GAS  /tmp/ccGWgcyd.s 			page 20


 1084 076e 0E       		.byte	0xe
 1085 076f 3C       		.byte	0x3c
 1086 0770 01070000 		.4byte	0x701
 1087 0774 08       		.byte	0x8
 1088 0775 07       		.uleb128 0x7
 1089 0776 8E050000 		.4byte	.LASF112
 1090 077a 0E       		.byte	0xe
 1091 077b 3E       		.byte	0x3e
 1092 077c AE070000 		.4byte	0x7ae
 1093 0780 0C       		.byte	0xc
 1094 0781 00       		.byte	0
 1095 0782 0B       		.uleb128 0xb
 1096 0783 04       		.byte	0x4
 1097 0784 51070000 		.4byte	0x751
 1098 0788 0B       		.uleb128 0xb
 1099 0789 04       		.byte	0x4
 1100 078a F6020000 		.4byte	0x2f6
 1101 078e 05       		.uleb128 0x5
 1102 078f 3F070000 		.4byte	0x73f
 1103 0793 10       		.uleb128 0x10
 1104 0794 1A050000 		.4byte	0x51a
 1105 0798 A3070000 		.4byte	0x7a3
 1106 079c 11       		.uleb128 0x11
 1107 079d 2A040000 		.4byte	0x42a
 1108 07a1 1A       		.byte	0x1a
 1109 07a2 00       		.byte	0
 1110 07a3 04       		.uleb128 0x4
 1111 07a4 F4010000 		.4byte	.LASF113
 1112 07a8 0E       		.byte	0xe
 1113 07a9 34       		.byte	0x34
 1114 07aa 51070000 		.4byte	0x751
 1115 07ae 0B       		.uleb128 0xb
 1116 07af 04       		.byte	0x4
 1117 07b0 A3070000 		.4byte	0x7a3
 1118 07b4 03       		.uleb128 0x3
 1119 07b5 01       		.byte	0x1
 1120 07b6 02       		.byte	0x2
 1121 07b7 CC030000 		.4byte	.LASF114
 1122 07bb 1A       		.uleb128 0x1a
 1123 07bc C6050000 		.4byte	.LASF132
 1124 07c0 02       		.byte	0x2
 1125 07c1 2002     		.2byte	0x220
 1126 07c3 03       		.byte	0x3
 1127 07c4 D5070000 		.4byte	0x7d5
 1128 07c8 1B       		.uleb128 0x1b
 1129 07c9 FC010000 		.4byte	.LASF133
 1130 07cd 02       		.byte	0x2
 1131 07ce 2002     		.2byte	0x220
 1132 07d0 AD000000 		.4byte	0xad
 1133 07d4 00       		.byte	0
 1134 07d5 1C       		.uleb128 0x1c
 1135 07d6 47000000 		.4byte	.LASF115
 1136 07da 0B       		.byte	0xb
 1137 07db BB01     		.2byte	0x1bb
 1138 07dd 03       		.byte	0x3
 1139 07de 1C       		.uleb128 0x1c
 1140 07df 1C010000 		.4byte	.LASF116
ARM GAS  /tmp/ccGWgcyd.s 			page 21


 1141 07e3 0B       		.byte	0xb
 1142 07e4 C901     		.2byte	0x1c9
 1143 07e6 03       		.byte	0x3
 1144 07e7 1C       		.uleb128 0x1c
 1145 07e8 11060000 		.4byte	.LASF117
 1146 07ec 0B       		.byte	0xb
 1147 07ed D801     		.2byte	0x1d8
 1148 07ef 03       		.byte	0x3
 1149 07f0 1C       		.uleb128 0x1c
 1150 07f1 96040000 		.4byte	.LASF118
 1151 07f5 0B       		.byte	0xb
 1152 07f6 E301     		.2byte	0x1e3
 1153 07f8 03       		.byte	0x3
 1154 07f9 1C       		.uleb128 0x1c
 1155 07fa 61060000 		.4byte	.LASF119
 1156 07fe 0F       		.byte	0xf
 1157 07ff 5001     		.2byte	0x150
 1158 0801 03       		.byte	0x3
 1159 0802 1C       		.uleb128 0x1c
 1160 0803 A3030000 		.4byte	.LASF120
 1161 0807 0F       		.byte	0xf
 1162 0808 6401     		.2byte	0x164
 1163 080a 03       		.byte	0x3
 1164 080b 1C       		.uleb128 0x1c
 1165 080c E1010000 		.4byte	.LASF121
 1166 0810 03       		.byte	0x3
 1167 0811 BD01     		.2byte	0x1bd
 1168 0813 03       		.byte	0x3
 1169 0814 1C       		.uleb128 0x1c
 1170 0815 D7020000 		.4byte	.LASF122
 1171 0819 03       		.byte	0x3
 1172 081a 0302     		.2byte	0x203
 1173 081c 03       		.byte	0x3
 1174 081d 1C       		.uleb128 0x1c
 1175 081e 92000000 		.4byte	.LASF123
 1176 0822 03       		.byte	0x3
 1177 0823 C801     		.2byte	0x1c8
 1178 0825 03       		.byte	0x3
 1179 0826 1D       		.uleb128 0x1d
 1180 0827 13010000 		.4byte	.LASF124
 1181 082b 01       		.byte	0x1
 1182 082c 99       		.byte	0x99
 1183 082d 00000000 		.4byte	.LFB255
 1184 0831 20000000 		.4byte	.LFE255-.LFB255
 1185 0835 01       		.uleb128 0x1
 1186 0836 9C       		.byte	0x9c
 1187 0837 1E090000 		.4byte	0x91e
 1188 083b 1E       		.uleb128 0x1e
 1189 083c 0B080000 		.4byte	0x80b
 1190 0840 0A000000 		.4byte	.LBB52
 1191 0844 06000000 		.4byte	.LBE52-.LBB52
 1192 0848 01       		.byte	0x1
 1193 0849 9F       		.byte	0x9f
 1194 084a 99080000 		.4byte	0x899
 1195 084e 1F       		.uleb128 0x1f
 1196 084f F9070000 		.4byte	0x7f9
 1197 0853 0A000000 		.4byte	.LBB53
ARM GAS  /tmp/ccGWgcyd.s 			page 22


 1198 0857 06000000 		.4byte	.LBE53-.LBB53
 1199 085b 03       		.byte	0x3
 1200 085c BF01     		.2byte	0x1bf
 1201 085e 1F       		.uleb128 0x1f
 1202 085f E7070000 		.4byte	0x7e7
 1203 0863 0A000000 		.4byte	.LBB54
 1204 0867 06000000 		.4byte	.LBE54-.LBB54
 1205 086b 0F       		.byte	0xf
 1206 086c 5201     		.2byte	0x152
 1207 086e 1F       		.uleb128 0x1f
 1208 086f D5070000 		.4byte	0x7d5
 1209 0873 0A000000 		.4byte	.LBB55
 1210 0877 06000000 		.4byte	.LBE55-.LBB55
 1211 087b 0B       		.byte	0xb
 1212 087c DA01     		.2byte	0x1da
 1213 087e 1F       		.uleb128 0x1f
 1214 087f BB070000 		.4byte	0x7bb
 1215 0883 0A000000 		.4byte	.LBB56
 1216 0887 06000000 		.4byte	.LBE56-.LBB56
 1217 088b 0B       		.byte	0xb
 1218 088c BE01     		.2byte	0x1be
 1219 088e 20       		.uleb128 0x20
 1220 088f C8070000 		.4byte	0x7c8
 1221 0893 20       		.byte	0x20
 1222 0894 00       		.byte	0
 1223 0895 00       		.byte	0
 1224 0896 00       		.byte	0
 1225 0897 00       		.byte	0
 1226 0898 00       		.byte	0
 1227 0899 1E       		.uleb128 0x1e
 1228 089a 14080000 		.4byte	0x814
 1229 089e 10000000 		.4byte	.LBB58
 1230 08a2 04000000 		.4byte	.LBE58-.LBB58
 1231 08a6 01       		.byte	0x1
 1232 08a7 A0       		.byte	0xa0
 1233 08a8 B6080000 		.4byte	0x8b6
 1234 08ac 21       		.uleb128 0x21
 1235 08ad 14000000 		.4byte	.LVL1
 1236 08b1 5F090000 		.4byte	0x95f
 1237 08b5 00       		.byte	0
 1238 08b6 1E       		.uleb128 0x1e
 1239 08b7 1D080000 		.4byte	0x81d
 1240 08bb 14000000 		.4byte	.LBB60
 1241 08bf 04000000 		.4byte	.LBE60-.LBB60
 1242 08c3 01       		.byte	0x1
 1243 08c4 A1       		.byte	0xa1
 1244 08c5 14090000 		.4byte	0x914
 1245 08c9 1F       		.uleb128 0x1f
 1246 08ca 02080000 		.4byte	0x802
 1247 08ce 14000000 		.4byte	.LBB61
 1248 08d2 04000000 		.4byte	.LBE61-.LBB61
 1249 08d6 03       		.byte	0x3
 1250 08d7 CA01     		.2byte	0x1ca
 1251 08d9 1F       		.uleb128 0x1f
 1252 08da F0070000 		.4byte	0x7f0
 1253 08de 14000000 		.4byte	.LBB62
 1254 08e2 04000000 		.4byte	.LBE62-.LBB62
ARM GAS  /tmp/ccGWgcyd.s 			page 23


 1255 08e6 0F       		.byte	0xf
 1256 08e7 6801     		.2byte	0x168
 1257 08e9 1F       		.uleb128 0x1f
 1258 08ea DE070000 		.4byte	0x7de
 1259 08ee 14000000 		.4byte	.LBB63
 1260 08f2 04000000 		.4byte	.LBE63-.LBB63
 1261 08f6 0B       		.byte	0xb
 1262 08f7 E501     		.2byte	0x1e5
 1263 08f9 1F       		.uleb128 0x1f
 1264 08fa BB070000 		.4byte	0x7bb
 1265 08fe 14000000 		.4byte	.LBB64
 1266 0902 04000000 		.4byte	.LBE64-.LBB64
 1267 0906 0B       		.byte	0xb
 1268 0907 CC01     		.2byte	0x1cc
 1269 0909 20       		.uleb128 0x20
 1270 090a C8070000 		.4byte	0x7c8
 1271 090e 00       		.byte	0
 1272 090f 00       		.byte	0
 1273 0910 00       		.byte	0
 1274 0911 00       		.byte	0
 1275 0912 00       		.byte	0
 1276 0913 00       		.byte	0
 1277 0914 22       		.uleb128 0x22
 1278 0915 20000000 		.4byte	.LVL2
 1279 0919 66090000 		.4byte	0x966
 1280 091d 00       		.byte	0
 1281 091e 1D       		.uleb128 0x1d
 1282 091f A7000000 		.4byte	.LASF125
 1283 0923 01       		.byte	0x1
 1284 0924 B0       		.byte	0xb0
 1285 0925 00000000 		.4byte	.LFB256
 1286 0929 3C000000 		.4byte	.LFE256-.LFB256
 1287 092d 01       		.uleb128 0x1
 1288 092e 9C       		.byte	0x9c
 1289 092f 48090000 		.4byte	0x948
 1290 0933 23       		.uleb128 0x23
 1291 0934 36000000 		.4byte	.LVL3
 1292 0938 6E090000 		.4byte	0x96e
 1293 093c 24       		.uleb128 0x24
 1294 093d 01       		.uleb128 0x1
 1295 093e 51       		.byte	0x51
 1296 093f 01       		.uleb128 0x1
 1297 0940 38       		.byte	0x38
 1298 0941 24       		.uleb128 0x24
 1299 0942 01       		.uleb128 0x1
 1300 0943 50       		.byte	0x50
 1301 0944 01       		.uleb128 0x1
 1302 0945 4C       		.byte	0x4c
 1303 0946 00       		.byte	0
 1304 0947 00       		.byte	0
 1305 0948 25       		.uleb128 0x25
 1306 0949 E8030000 		.4byte	.LASF126
 1307 094d 10       		.byte	0x10
 1308 094e A706     		.2byte	0x6a7
 1309 0950 C3000000 		.4byte	0xc3
 1310 0954 26       		.uleb128 0x26
 1311 0955 636800   		.ascii	"ch\000"
ARM GAS  /tmp/ccGWgcyd.s 			page 24


 1312 0958 08       		.byte	0x8
 1313 0959 EB01     		.2byte	0x1eb
 1314 095b C3030000 		.4byte	0x3c3
 1315 095f 27       		.uleb128 0x27
 1316 0960 9F050000 		.4byte	.LASF127
 1317 0964 0F       		.byte	0xf
 1318 0965 E7       		.byte	0xe7
 1319 0966 28       		.uleb128 0x28
 1320 0967 8E020000 		.4byte	.LASF128
 1321 096b 0B       		.byte	0xb
 1322 096c 6501     		.2byte	0x165
 1323 096e 29       		.uleb128 0x29
 1324 096f D0000000 		.4byte	.LASF134
 1325 0973 11       		.byte	0x11
 1326 0974 4E       		.byte	0x4e
 1327 0975 0D       		.uleb128 0xd
 1328 0976 AD000000 		.4byte	0xad
 1329 097a 0D       		.uleb128 0xd
 1330 097b AD000000 		.4byte	0xad
 1331 097f 00       		.byte	0
 1332 0980 00       		.byte	0
 1333              		.section	.debug_abbrev,"",%progbits
 1334              	.Ldebug_abbrev0:
 1335 0000 01       		.uleb128 0x1
 1336 0001 11       		.uleb128 0x11
 1337 0002 01       		.byte	0x1
 1338 0003 25       		.uleb128 0x25
 1339 0004 0E       		.uleb128 0xe
 1340 0005 13       		.uleb128 0x13
 1341 0006 0B       		.uleb128 0xb
 1342 0007 03       		.uleb128 0x3
 1343 0008 0E       		.uleb128 0xe
 1344 0009 1B       		.uleb128 0x1b
 1345 000a 0E       		.uleb128 0xe
 1346 000b 55       		.uleb128 0x55
 1347 000c 17       		.uleb128 0x17
 1348 000d 11       		.uleb128 0x11
 1349 000e 01       		.uleb128 0x1
 1350 000f 10       		.uleb128 0x10
 1351 0010 17       		.uleb128 0x17
 1352 0011 00       		.byte	0
 1353 0012 00       		.byte	0
 1354 0013 02       		.uleb128 0x2
 1355 0014 24       		.uleb128 0x24
 1356 0015 00       		.byte	0
 1357 0016 0B       		.uleb128 0xb
 1358 0017 0B       		.uleb128 0xb
 1359 0018 3E       		.uleb128 0x3e
 1360 0019 0B       		.uleb128 0xb
 1361 001a 03       		.uleb128 0x3
 1362 001b 08       		.uleb128 0x8
 1363 001c 00       		.byte	0
 1364 001d 00       		.byte	0
 1365 001e 03       		.uleb128 0x3
 1366 001f 24       		.uleb128 0x24
 1367 0020 00       		.byte	0
 1368 0021 0B       		.uleb128 0xb
ARM GAS  /tmp/ccGWgcyd.s 			page 25


 1369 0022 0B       		.uleb128 0xb
 1370 0023 3E       		.uleb128 0x3e
 1371 0024 0B       		.uleb128 0xb
 1372 0025 03       		.uleb128 0x3
 1373 0026 0E       		.uleb128 0xe
 1374 0027 00       		.byte	0
 1375 0028 00       		.byte	0
 1376 0029 04       		.uleb128 0x4
 1377 002a 16       		.uleb128 0x16
 1378 002b 00       		.byte	0
 1379 002c 03       		.uleb128 0x3
 1380 002d 0E       		.uleb128 0xe
 1381 002e 3A       		.uleb128 0x3a
 1382 002f 0B       		.uleb128 0xb
 1383 0030 3B       		.uleb128 0x3b
 1384 0031 0B       		.uleb128 0xb
 1385 0032 49       		.uleb128 0x49
 1386 0033 13       		.uleb128 0x13
 1387 0034 00       		.byte	0
 1388 0035 00       		.byte	0
 1389 0036 05       		.uleb128 0x5
 1390 0037 35       		.uleb128 0x35
 1391 0038 00       		.byte	0
 1392 0039 49       		.uleb128 0x49
 1393 003a 13       		.uleb128 0x13
 1394 003b 00       		.byte	0
 1395 003c 00       		.byte	0
 1396 003d 06       		.uleb128 0x6
 1397 003e 13       		.uleb128 0x13
 1398 003f 01       		.byte	0x1
 1399 0040 03       		.uleb128 0x3
 1400 0041 0E       		.uleb128 0xe
 1401 0042 0B       		.uleb128 0xb
 1402 0043 0B       		.uleb128 0xb
 1403 0044 3A       		.uleb128 0x3a
 1404 0045 0B       		.uleb128 0xb
 1405 0046 3B       		.uleb128 0x3b
 1406 0047 0B       		.uleb128 0xb
 1407 0048 01       		.uleb128 0x1
 1408 0049 13       		.uleb128 0x13
 1409 004a 00       		.byte	0
 1410 004b 00       		.byte	0
 1411 004c 07       		.uleb128 0x7
 1412 004d 0D       		.uleb128 0xd
 1413 004e 00       		.byte	0
 1414 004f 03       		.uleb128 0x3
 1415 0050 0E       		.uleb128 0xe
 1416 0051 3A       		.uleb128 0x3a
 1417 0052 0B       		.uleb128 0xb
 1418 0053 3B       		.uleb128 0x3b
 1419 0054 0B       		.uleb128 0xb
 1420 0055 49       		.uleb128 0x49
 1421 0056 13       		.uleb128 0x13
 1422 0057 38       		.uleb128 0x38
 1423 0058 0B       		.uleb128 0xb
 1424 0059 00       		.byte	0
 1425 005a 00       		.byte	0
ARM GAS  /tmp/ccGWgcyd.s 			page 26


 1426 005b 08       		.uleb128 0x8
 1427 005c 0D       		.uleb128 0xd
 1428 005d 00       		.byte	0
 1429 005e 03       		.uleb128 0x3
 1430 005f 08       		.uleb128 0x8
 1431 0060 3A       		.uleb128 0x3a
 1432 0061 0B       		.uleb128 0xb
 1433 0062 3B       		.uleb128 0x3b
 1434 0063 05       		.uleb128 0x5
 1435 0064 49       		.uleb128 0x49
 1436 0065 13       		.uleb128 0x13
 1437 0066 38       		.uleb128 0x38
 1438 0067 0B       		.uleb128 0xb
 1439 0068 00       		.byte	0
 1440 0069 00       		.byte	0
 1441 006a 09       		.uleb128 0x9
 1442 006b 0D       		.uleb128 0xd
 1443 006c 00       		.byte	0
 1444 006d 03       		.uleb128 0x3
 1445 006e 0E       		.uleb128 0xe
 1446 006f 3A       		.uleb128 0x3a
 1447 0070 0B       		.uleb128 0xb
 1448 0071 3B       		.uleb128 0x3b
 1449 0072 05       		.uleb128 0x5
 1450 0073 49       		.uleb128 0x49
 1451 0074 13       		.uleb128 0x13
 1452 0075 38       		.uleb128 0x38
 1453 0076 0B       		.uleb128 0xb
 1454 0077 00       		.byte	0
 1455 0078 00       		.byte	0
 1456 0079 0A       		.uleb128 0xa
 1457 007a 13       		.uleb128 0x13
 1458 007b 01       		.byte	0x1
 1459 007c 03       		.uleb128 0x3
 1460 007d 0E       		.uleb128 0xe
 1461 007e 0B       		.uleb128 0xb
 1462 007f 0B       		.uleb128 0xb
 1463 0080 3A       		.uleb128 0x3a
 1464 0081 0B       		.uleb128 0xb
 1465 0082 3B       		.uleb128 0x3b
 1466 0083 05       		.uleb128 0x5
 1467 0084 01       		.uleb128 0x1
 1468 0085 13       		.uleb128 0x13
 1469 0086 00       		.byte	0
 1470 0087 00       		.byte	0
 1471 0088 0B       		.uleb128 0xb
 1472 0089 0F       		.uleb128 0xf
 1473 008a 00       		.byte	0
 1474 008b 0B       		.uleb128 0xb
 1475 008c 0B       		.uleb128 0xb
 1476 008d 49       		.uleb128 0x49
 1477 008e 13       		.uleb128 0x13
 1478 008f 00       		.byte	0
 1479 0090 00       		.byte	0
 1480 0091 0C       		.uleb128 0xc
 1481 0092 15       		.uleb128 0x15
 1482 0093 01       		.byte	0x1
ARM GAS  /tmp/ccGWgcyd.s 			page 27


 1483 0094 27       		.uleb128 0x27
 1484 0095 19       		.uleb128 0x19
 1485 0096 01       		.uleb128 0x1
 1486 0097 13       		.uleb128 0x13
 1487 0098 00       		.byte	0
 1488 0099 00       		.byte	0
 1489 009a 0D       		.uleb128 0xd
 1490 009b 05       		.uleb128 0x5
 1491 009c 00       		.byte	0
 1492 009d 49       		.uleb128 0x49
 1493 009e 13       		.uleb128 0x13
 1494 009f 00       		.byte	0
 1495 00a0 00       		.byte	0
 1496 00a1 0E       		.uleb128 0xe
 1497 00a2 0F       		.uleb128 0xf
 1498 00a3 00       		.byte	0
 1499 00a4 0B       		.uleb128 0xb
 1500 00a5 0B       		.uleb128 0xb
 1501 00a6 00       		.byte	0
 1502 00a7 00       		.byte	0
 1503 00a8 0F       		.uleb128 0xf
 1504 00a9 13       		.uleb128 0x13
 1505 00aa 01       		.byte	0x1
 1506 00ab 03       		.uleb128 0x3
 1507 00ac 0E       		.uleb128 0xe
 1508 00ad 0B       		.uleb128 0xb
 1509 00ae 05       		.uleb128 0x5
 1510 00af 3A       		.uleb128 0x3a
 1511 00b0 0B       		.uleb128 0xb
 1512 00b1 3B       		.uleb128 0x3b
 1513 00b2 05       		.uleb128 0x5
 1514 00b3 01       		.uleb128 0x1
 1515 00b4 13       		.uleb128 0x13
 1516 00b5 00       		.byte	0
 1517 00b6 00       		.byte	0
 1518 00b7 10       		.uleb128 0x10
 1519 00b8 01       		.uleb128 0x1
 1520 00b9 01       		.byte	0x1
 1521 00ba 49       		.uleb128 0x49
 1522 00bb 13       		.uleb128 0x13
 1523 00bc 01       		.uleb128 0x1
 1524 00bd 13       		.uleb128 0x13
 1525 00be 00       		.byte	0
 1526 00bf 00       		.byte	0
 1527 00c0 11       		.uleb128 0x11
 1528 00c1 21       		.uleb128 0x21
 1529 00c2 00       		.byte	0
 1530 00c3 49       		.uleb128 0x49
 1531 00c4 13       		.uleb128 0x13
 1532 00c5 2F       		.uleb128 0x2f
 1533 00c6 0B       		.uleb128 0xb
 1534 00c7 00       		.byte	0
 1535 00c8 00       		.byte	0
 1536 00c9 12       		.uleb128 0x12
 1537 00ca 13       		.uleb128 0x13
 1538 00cb 01       		.byte	0x1
 1539 00cc 0B       		.uleb128 0xb
ARM GAS  /tmp/ccGWgcyd.s 			page 28


 1540 00cd 0B       		.uleb128 0xb
 1541 00ce 3A       		.uleb128 0x3a
 1542 00cf 0B       		.uleb128 0xb
 1543 00d0 3B       		.uleb128 0x3b
 1544 00d1 05       		.uleb128 0x5
 1545 00d2 01       		.uleb128 0x1
 1546 00d3 13       		.uleb128 0x13
 1547 00d4 00       		.byte	0
 1548 00d5 00       		.byte	0
 1549 00d6 13       		.uleb128 0x13
 1550 00d7 16       		.uleb128 0x16
 1551 00d8 00       		.byte	0
 1552 00d9 03       		.uleb128 0x3
 1553 00da 0E       		.uleb128 0xe
 1554 00db 3A       		.uleb128 0x3a
 1555 00dc 0B       		.uleb128 0xb
 1556 00dd 3B       		.uleb128 0x3b
 1557 00de 05       		.uleb128 0x5
 1558 00df 49       		.uleb128 0x49
 1559 00e0 13       		.uleb128 0x13
 1560 00e1 00       		.byte	0
 1561 00e2 00       		.byte	0
 1562 00e3 14       		.uleb128 0x14
 1563 00e4 0D       		.uleb128 0xd
 1564 00e5 00       		.byte	0
 1565 00e6 03       		.uleb128 0x3
 1566 00e7 08       		.uleb128 0x8
 1567 00e8 3A       		.uleb128 0x3a
 1568 00e9 0B       		.uleb128 0xb
 1569 00ea 3B       		.uleb128 0x3b
 1570 00eb 0B       		.uleb128 0xb
 1571 00ec 49       		.uleb128 0x49
 1572 00ed 13       		.uleb128 0x13
 1573 00ee 38       		.uleb128 0x38
 1574 00ef 0B       		.uleb128 0xb
 1575 00f0 00       		.byte	0
 1576 00f1 00       		.byte	0
 1577 00f2 15       		.uleb128 0x15
 1578 00f3 13       		.uleb128 0x13
 1579 00f4 01       		.byte	0x1
 1580 00f5 0B       		.uleb128 0xb
 1581 00f6 0B       		.uleb128 0xb
 1582 00f7 3A       		.uleb128 0x3a
 1583 00f8 0B       		.uleb128 0xb
 1584 00f9 3B       		.uleb128 0x3b
 1585 00fa 0B       		.uleb128 0xb
 1586 00fb 01       		.uleb128 0x1
 1587 00fc 13       		.uleb128 0x13
 1588 00fd 00       		.byte	0
 1589 00fe 00       		.byte	0
 1590 00ff 16       		.uleb128 0x16
 1591 0100 17       		.uleb128 0x17
 1592 0101 01       		.byte	0x1
 1593 0102 0B       		.uleb128 0xb
 1594 0103 0B       		.uleb128 0xb
 1595 0104 3A       		.uleb128 0x3a
 1596 0105 0B       		.uleb128 0xb
ARM GAS  /tmp/ccGWgcyd.s 			page 29


 1597 0106 3B       		.uleb128 0x3b
 1598 0107 0B       		.uleb128 0xb
 1599 0108 01       		.uleb128 0x1
 1600 0109 13       		.uleb128 0x13
 1601 010a 00       		.byte	0
 1602 010b 00       		.byte	0
 1603 010c 17       		.uleb128 0x17
 1604 010d 0D       		.uleb128 0xd
 1605 010e 00       		.byte	0
 1606 010f 03       		.uleb128 0x3
 1607 0110 0E       		.uleb128 0xe
 1608 0111 3A       		.uleb128 0x3a
 1609 0112 0B       		.uleb128 0xb
 1610 0113 3B       		.uleb128 0x3b
 1611 0114 0B       		.uleb128 0xb
 1612 0115 49       		.uleb128 0x49
 1613 0116 13       		.uleb128 0x13
 1614 0117 00       		.byte	0
 1615 0118 00       		.byte	0
 1616 0119 18       		.uleb128 0x18
 1617 011a 0D       		.uleb128 0xd
 1618 011b 00       		.byte	0
 1619 011c 03       		.uleb128 0x3
 1620 011d 0E       		.uleb128 0xe
 1621 011e 3A       		.uleb128 0x3a
 1622 011f 0B       		.uleb128 0xb
 1623 0120 3B       		.uleb128 0x3b
 1624 0121 05       		.uleb128 0x5
 1625 0122 49       		.uleb128 0x49
 1626 0123 13       		.uleb128 0x13
 1627 0124 00       		.byte	0
 1628 0125 00       		.byte	0
 1629 0126 19       		.uleb128 0x19
 1630 0127 26       		.uleb128 0x26
 1631 0128 00       		.byte	0
 1632 0129 49       		.uleb128 0x49
 1633 012a 13       		.uleb128 0x13
 1634 012b 00       		.byte	0
 1635 012c 00       		.byte	0
 1636 012d 1A       		.uleb128 0x1a
 1637 012e 2E       		.uleb128 0x2e
 1638 012f 01       		.byte	0x1
 1639 0130 03       		.uleb128 0x3
 1640 0131 0E       		.uleb128 0xe
 1641 0132 3A       		.uleb128 0x3a
 1642 0133 0B       		.uleb128 0xb
 1643 0134 3B       		.uleb128 0x3b
 1644 0135 05       		.uleb128 0x5
 1645 0136 27       		.uleb128 0x27
 1646 0137 19       		.uleb128 0x19
 1647 0138 20       		.uleb128 0x20
 1648 0139 0B       		.uleb128 0xb
 1649 013a 01       		.uleb128 0x1
 1650 013b 13       		.uleb128 0x13
 1651 013c 00       		.byte	0
 1652 013d 00       		.byte	0
 1653 013e 1B       		.uleb128 0x1b
ARM GAS  /tmp/ccGWgcyd.s 			page 30


 1654 013f 05       		.uleb128 0x5
 1655 0140 00       		.byte	0
 1656 0141 03       		.uleb128 0x3
 1657 0142 0E       		.uleb128 0xe
 1658 0143 3A       		.uleb128 0x3a
 1659 0144 0B       		.uleb128 0xb
 1660 0145 3B       		.uleb128 0x3b
 1661 0146 05       		.uleb128 0x5
 1662 0147 49       		.uleb128 0x49
 1663 0148 13       		.uleb128 0x13
 1664 0149 00       		.byte	0
 1665 014a 00       		.byte	0
 1666 014b 1C       		.uleb128 0x1c
 1667 014c 2E       		.uleb128 0x2e
 1668 014d 00       		.byte	0
 1669 014e 03       		.uleb128 0x3
 1670 014f 0E       		.uleb128 0xe
 1671 0150 3A       		.uleb128 0x3a
 1672 0151 0B       		.uleb128 0xb
 1673 0152 3B       		.uleb128 0x3b
 1674 0153 05       		.uleb128 0x5
 1675 0154 27       		.uleb128 0x27
 1676 0155 19       		.uleb128 0x19
 1677 0156 20       		.uleb128 0x20
 1678 0157 0B       		.uleb128 0xb
 1679 0158 00       		.byte	0
 1680 0159 00       		.byte	0
 1681 015a 1D       		.uleb128 0x1d
 1682 015b 2E       		.uleb128 0x2e
 1683 015c 01       		.byte	0x1
 1684 015d 3F       		.uleb128 0x3f
 1685 015e 19       		.uleb128 0x19
 1686 015f 03       		.uleb128 0x3
 1687 0160 0E       		.uleb128 0xe
 1688 0161 3A       		.uleb128 0x3a
 1689 0162 0B       		.uleb128 0xb
 1690 0163 3B       		.uleb128 0x3b
 1691 0164 0B       		.uleb128 0xb
 1692 0165 27       		.uleb128 0x27
 1693 0166 19       		.uleb128 0x19
 1694 0167 11       		.uleb128 0x11
 1695 0168 01       		.uleb128 0x1
 1696 0169 12       		.uleb128 0x12
 1697 016a 06       		.uleb128 0x6
 1698 016b 40       		.uleb128 0x40
 1699 016c 18       		.uleb128 0x18
 1700 016d 9742     		.uleb128 0x2117
 1701 016f 19       		.uleb128 0x19
 1702 0170 01       		.uleb128 0x1
 1703 0171 13       		.uleb128 0x13
 1704 0172 00       		.byte	0
 1705 0173 00       		.byte	0
 1706 0174 1E       		.uleb128 0x1e
 1707 0175 1D       		.uleb128 0x1d
 1708 0176 01       		.byte	0x1
 1709 0177 31       		.uleb128 0x31
 1710 0178 13       		.uleb128 0x13
ARM GAS  /tmp/ccGWgcyd.s 			page 31


 1711 0179 11       		.uleb128 0x11
 1712 017a 01       		.uleb128 0x1
 1713 017b 12       		.uleb128 0x12
 1714 017c 06       		.uleb128 0x6
 1715 017d 58       		.uleb128 0x58
 1716 017e 0B       		.uleb128 0xb
 1717 017f 59       		.uleb128 0x59
 1718 0180 0B       		.uleb128 0xb
 1719 0181 01       		.uleb128 0x1
 1720 0182 13       		.uleb128 0x13
 1721 0183 00       		.byte	0
 1722 0184 00       		.byte	0
 1723 0185 1F       		.uleb128 0x1f
 1724 0186 1D       		.uleb128 0x1d
 1725 0187 01       		.byte	0x1
 1726 0188 31       		.uleb128 0x31
 1727 0189 13       		.uleb128 0x13
 1728 018a 11       		.uleb128 0x11
 1729 018b 01       		.uleb128 0x1
 1730 018c 12       		.uleb128 0x12
 1731 018d 06       		.uleb128 0x6
 1732 018e 58       		.uleb128 0x58
 1733 018f 0B       		.uleb128 0xb
 1734 0190 59       		.uleb128 0x59
 1735 0191 05       		.uleb128 0x5
 1736 0192 00       		.byte	0
 1737 0193 00       		.byte	0
 1738 0194 20       		.uleb128 0x20
 1739 0195 05       		.uleb128 0x5
 1740 0196 00       		.byte	0
 1741 0197 31       		.uleb128 0x31
 1742 0198 13       		.uleb128 0x13
 1743 0199 1C       		.uleb128 0x1c
 1744 019a 0B       		.uleb128 0xb
 1745 019b 00       		.byte	0
 1746 019c 00       		.byte	0
 1747 019d 21       		.uleb128 0x21
 1748 019e 898201   		.uleb128 0x4109
 1749 01a1 00       		.byte	0
 1750 01a2 11       		.uleb128 0x11
 1751 01a3 01       		.uleb128 0x1
 1752 01a4 31       		.uleb128 0x31
 1753 01a5 13       		.uleb128 0x13
 1754 01a6 00       		.byte	0
 1755 01a7 00       		.byte	0
 1756 01a8 22       		.uleb128 0x22
 1757 01a9 898201   		.uleb128 0x4109
 1758 01ac 00       		.byte	0
 1759 01ad 11       		.uleb128 0x11
 1760 01ae 01       		.uleb128 0x1
 1761 01af 9542     		.uleb128 0x2115
 1762 01b1 19       		.uleb128 0x19
 1763 01b2 31       		.uleb128 0x31
 1764 01b3 13       		.uleb128 0x13
 1765 01b4 00       		.byte	0
 1766 01b5 00       		.byte	0
 1767 01b6 23       		.uleb128 0x23
ARM GAS  /tmp/ccGWgcyd.s 			page 32


 1768 01b7 898201   		.uleb128 0x4109
 1769 01ba 01       		.byte	0x1
 1770 01bb 11       		.uleb128 0x11
 1771 01bc 01       		.uleb128 0x1
 1772 01bd 9542     		.uleb128 0x2115
 1773 01bf 19       		.uleb128 0x19
 1774 01c0 31       		.uleb128 0x31
 1775 01c1 13       		.uleb128 0x13
 1776 01c2 00       		.byte	0
 1777 01c3 00       		.byte	0
 1778 01c4 24       		.uleb128 0x24
 1779 01c5 8A8201   		.uleb128 0x410a
 1780 01c8 00       		.byte	0
 1781 01c9 02       		.uleb128 0x2
 1782 01ca 18       		.uleb128 0x18
 1783 01cb 9142     		.uleb128 0x2111
 1784 01cd 18       		.uleb128 0x18
 1785 01ce 00       		.byte	0
 1786 01cf 00       		.byte	0
 1787 01d0 25       		.uleb128 0x25
 1788 01d1 34       		.uleb128 0x34
 1789 01d2 00       		.byte	0
 1790 01d3 03       		.uleb128 0x3
 1791 01d4 0E       		.uleb128 0xe
 1792 01d5 3A       		.uleb128 0x3a
 1793 01d6 0B       		.uleb128 0xb
 1794 01d7 3B       		.uleb128 0x3b
 1795 01d8 05       		.uleb128 0x5
 1796 01d9 49       		.uleb128 0x49
 1797 01da 13       		.uleb128 0x13
 1798 01db 3F       		.uleb128 0x3f
 1799 01dc 19       		.uleb128 0x19
 1800 01dd 3C       		.uleb128 0x3c
 1801 01de 19       		.uleb128 0x19
 1802 01df 00       		.byte	0
 1803 01e0 00       		.byte	0
 1804 01e1 26       		.uleb128 0x26
 1805 01e2 34       		.uleb128 0x34
 1806 01e3 00       		.byte	0
 1807 01e4 03       		.uleb128 0x3
 1808 01e5 08       		.uleb128 0x8
 1809 01e6 3A       		.uleb128 0x3a
 1810 01e7 0B       		.uleb128 0xb
 1811 01e8 3B       		.uleb128 0x3b
 1812 01e9 05       		.uleb128 0x5
 1813 01ea 49       		.uleb128 0x49
 1814 01eb 13       		.uleb128 0x13
 1815 01ec 3F       		.uleb128 0x3f
 1816 01ed 19       		.uleb128 0x19
 1817 01ee 3C       		.uleb128 0x3c
 1818 01ef 19       		.uleb128 0x19
 1819 01f0 00       		.byte	0
 1820 01f1 00       		.byte	0
 1821 01f2 27       		.uleb128 0x27
 1822 01f3 2E       		.uleb128 0x2e
 1823 01f4 00       		.byte	0
 1824 01f5 3F       		.uleb128 0x3f
ARM GAS  /tmp/ccGWgcyd.s 			page 33


 1825 01f6 19       		.uleb128 0x19
 1826 01f7 03       		.uleb128 0x3
 1827 01f8 0E       		.uleb128 0xe
 1828 01f9 3A       		.uleb128 0x3a
 1829 01fa 0B       		.uleb128 0xb
 1830 01fb 3B       		.uleb128 0x3b
 1831 01fc 0B       		.uleb128 0xb
 1832 01fd 27       		.uleb128 0x27
 1833 01fe 19       		.uleb128 0x19
 1834 01ff 3C       		.uleb128 0x3c
 1835 0200 19       		.uleb128 0x19
 1836 0201 00       		.byte	0
 1837 0202 00       		.byte	0
 1838 0203 28       		.uleb128 0x28
 1839 0204 2E       		.uleb128 0x2e
 1840 0205 00       		.byte	0
 1841 0206 3F       		.uleb128 0x3f
 1842 0207 19       		.uleb128 0x19
 1843 0208 03       		.uleb128 0x3
 1844 0209 0E       		.uleb128 0xe
 1845 020a 3A       		.uleb128 0x3a
 1846 020b 0B       		.uleb128 0xb
 1847 020c 3B       		.uleb128 0x3b
 1848 020d 05       		.uleb128 0x5
 1849 020e 27       		.uleb128 0x27
 1850 020f 19       		.uleb128 0x19
 1851 0210 3C       		.uleb128 0x3c
 1852 0211 19       		.uleb128 0x19
 1853 0212 00       		.byte	0
 1854 0213 00       		.byte	0
 1855 0214 29       		.uleb128 0x29
 1856 0215 2E       		.uleb128 0x2e
 1857 0216 01       		.byte	0x1
 1858 0217 3F       		.uleb128 0x3f
 1859 0218 19       		.uleb128 0x19
 1860 0219 03       		.uleb128 0x3
 1861 021a 0E       		.uleb128 0xe
 1862 021b 3A       		.uleb128 0x3a
 1863 021c 0B       		.uleb128 0xb
 1864 021d 3B       		.uleb128 0x3b
 1865 021e 0B       		.uleb128 0xb
 1866 021f 27       		.uleb128 0x27
 1867 0220 19       		.uleb128 0x19
 1868 0221 3C       		.uleb128 0x3c
 1869 0222 19       		.uleb128 0x19
 1870 0223 00       		.byte	0
 1871 0224 00       		.byte	0
 1872 0225 00       		.byte	0
 1873              		.section	.debug_aranges,"",%progbits
 1874 0000 24000000 		.4byte	0x24
 1875 0004 0200     		.2byte	0x2
 1876 0006 00000000 		.4byte	.Ldebug_info0
 1877 000a 04       		.byte	0x4
 1878 000b 00       		.byte	0
 1879 000c 0000     		.2byte	0
 1880 000e 0000     		.2byte	0
 1881 0010 00000000 		.4byte	.LFB255
ARM GAS  /tmp/ccGWgcyd.s 			page 34


 1882 0014 20000000 		.4byte	.LFE255-.LFB255
 1883 0018 00000000 		.4byte	.LFB256
 1884 001c 3C000000 		.4byte	.LFE256-.LFB256
 1885 0020 00000000 		.4byte	0
 1886 0024 00000000 		.4byte	0
 1887              		.section	.debug_ranges,"",%progbits
 1888              	.Ldebug_ranges0:
 1889 0000 00000000 		.4byte	.LFB255
 1890 0004 20000000 		.4byte	.LFE255
 1891 0008 00000000 		.4byte	.LFB256
 1892 000c 3C000000 		.4byte	.LFE256
 1893 0010 00000000 		.4byte	0
 1894 0014 00000000 		.4byte	0
 1895              		.section	.debug_line,"",%progbits
 1896              	.Ldebug_line0:
 1897 0000 3B030000 		.section	.debug_str,"MS",%progbits,1
 1897      0200D902 
 1897      00000201 
 1897      FB0E0D00 
 1897      01010101 
 1898              	.LASF48:
 1899 0000 72656164 		.ascii	"ready_list_t\000"
 1899      795F6C69 
 1899      73745F74 
 1899      00
 1900              	.LASF93:
 1901 000d 44494552 		.ascii	"DIER\000"
 1901      00
 1902              	.LASF104:
 1903 0012 7264796D 		.ascii	"rdymsg\000"
 1903      736700
 1904              	.LASF16:
 1905 0019 75696E74 		.ascii	"uint64_t\000"
 1905      36345F74 
 1905      00
 1906              	.LASF5:
 1907 0022 5F5F7569 		.ascii	"__uint8_t\000"
 1907      6E74385F 
 1907      7400
 1908              	.LASF91:
 1909 002c 706F7274 		.ascii	"port_intctx\000"
 1909      5F696E74 
 1909      63747800 
 1910              	.LASF67:
 1911 0038 73797374 		.ascii	"system_debug_t\000"
 1911      656D5F64 
 1911      65627567 
 1911      5F7400
 1912              	.LASF115:
 1913 0047 706F7274 		.ascii	"port_lock\000"
 1913      5F6C6F63 
 1913      6B00
 1914              	.LASF12:
 1915 0051 6C6F6E67 		.ascii	"long long unsigned int\000"
 1915      206C6F6E 
 1915      6720756E 
 1915      7369676E 
ARM GAS  /tmp/ccGWgcyd.s 			page 35


 1915      65642069 
 1916              	.LASF105:
 1917 0068 65786974 		.ascii	"exitcode\000"
 1917      636F6465 
 1917      00
 1918              	.LASF74:
 1919 0071 6D61696E 		.ascii	"mainthread\000"
 1919      74687265 
 1919      616400
 1920              	.LASF64:
 1921 007c 76697274 		.ascii	"virtual_timers_list_t\000"
 1921      75616C5F 
 1921      74696D65 
 1921      72735F6C 
 1921      6973745F 
 1922              	.LASF123:
 1923 0092 6F73616C 		.ascii	"osalSysUnlockFromISR\000"
 1923      53797355 
 1923      6E6C6F63 
 1923      6B46726F 
 1923      6D495352 
 1924              	.LASF125:
 1925 00a7 73745F6C 		.ascii	"st_lld_init\000"
 1925      6C645F69 
 1925      6E697400 
 1926              	.LASF97:
 1927 00b3 42445452 		.ascii	"BDTR\000"
 1927      00
 1928              	.LASF47:
 1929 00b8 63685F74 		.ascii	"ch_threads_queue\000"
 1929      68726561 
 1929      64735F71 
 1929      75657565 
 1929      00
 1930              	.LASF28:
 1931 00c9 705F7072 		.ascii	"p_prio\000"
 1931      696F00
 1932              	.LASF134:
 1933 00d0 6E766963 		.ascii	"nvicEnableVector\000"
 1933      456E6162 
 1933      6C655665 
 1933      63746F72 
 1933      00
 1934              	.LASF94:
 1935 00e1 43434D52 		.ascii	"CCMR1\000"
 1935      3100
 1936              	.LASF95:
 1937 00e7 43434D52 		.ascii	"CCMR2\000"
 1937      3200
 1938              	.LASF99:
 1939 00ed 43434D52 		.ascii	"CCMR3\000"
 1939      3300
 1940              	.LASF1:
 1941 00f3 7369676E 		.ascii	"signed char\000"
 1941      65642063 
 1941      68617200 
 1942              	.LASF101:
ARM GAS  /tmp/ccGWgcyd.s 			page 36


 1943 00ff 73746D33 		.ascii	"stm32_tim_t\000"
 1943      325F7469 
 1943      6D5F7400 
 1944              	.LASF110:
 1945 010b 6D5F7175 		.ascii	"m_queue\000"
 1945      65756500 
 1946              	.LASF124:
 1947 0113 56656374 		.ascii	"VectorB0\000"
 1947      6F724230 
 1947      00
 1948              	.LASF116:
 1949 011c 706F7274 		.ascii	"port_unlock\000"
 1949      5F756E6C 
 1949      6F636B00 
 1950              	.LASF71:
 1951 0128 63685F73 		.ascii	"ch_system\000"
 1951      79737465 
 1951      6D00
 1952              	.LASF7:
 1953 0132 6C6F6E67 		.ascii	"long int\000"
 1953      20696E74 
 1953      00
 1954              	.LASF78:
 1955 013b 41504232 		.ascii	"APB2RSTR\000"
 1955      52535452 
 1955      00
 1956              	.LASF19:
 1957 0144 74737461 		.ascii	"tstate_t\000"
 1957      74655F74 
 1957      00
 1958              	.LASF96:
 1959 014d 43434552 		.ascii	"CCER\000"
 1959      00
 1960              	.LASF10:
 1961 0152 6C6F6E67 		.ascii	"long long int\000"
 1961      206C6F6E 
 1961      6720696E 
 1961      7400
 1962              	.LASF131:
 1963 0160 2F6E6673 		.ascii	"/nfs/nfs4/home/ruswang/p442-submissions/p442-submis"
 1963      2F6E6673 
 1963      342F686F 
 1963      6D652F72 
 1963      75737761 
 1964 0193 73696F6E 		.ascii	"sions/lab1\000"
 1964      732F6C61 
 1964      623100
 1965              	.LASF30:
 1966 019e 705F6E65 		.ascii	"p_newer\000"
 1966      77657200 
 1967              	.LASF4:
 1968 01a6 73686F72 		.ascii	"short unsigned int\000"
 1968      7420756E 
 1968      7369676E 
 1968      65642069 
 1968      6E7400
 1969              	.LASF53:
ARM GAS  /tmp/ccGWgcyd.s 			page 37


 1970 01b9 725F6E65 		.ascii	"r_newer\000"
 1970      77657200 
 1971              	.LASF42:
 1972 01c1 705F6D70 		.ascii	"p_mpool\000"
 1972      6F6F6C00 
 1973              	.LASF88:
 1974 01c9 72656761 		.ascii	"regarm_t\000"
 1974      726D5F74 
 1974      00
 1975              	.LASF60:
 1976 01d2 76745F70 		.ascii	"vt_prev\000"
 1976      72657600 
 1977              	.LASF73:
 1978 01da 76746C69 		.ascii	"vtlist\000"
 1978      737400
 1979              	.LASF121:
 1980 01e1 6F73616C 		.ascii	"osalSysLockFromISR\000"
 1980      5379734C 
 1980      6F636B46 
 1980      726F6D49 
 1980      535200
 1981              	.LASF113:
 1982 01f4 6D757465 		.ascii	"mutex_t\000"
 1982      785F7400 
 1983              	.LASF133:
 1984 01fc 76616C75 		.ascii	"value\000"
 1984      6500
 1985              	.LASF75:
 1986 0202 69646C65 		.ascii	"idle_thread_wa\000"
 1986      5F746872 
 1986      6561645F 
 1986      776100
 1987              	.LASF0:
 1988 0211 756E7369 		.ascii	"unsigned int\000"
 1988      676E6564 
 1988      20696E74 
 1988      00
 1989              	.LASF59:
 1990 021e 76745F6E 		.ascii	"vt_next\000"
 1990      65787400 
 1991              	.LASF37:
 1992 0226 705F6D73 		.ascii	"p_msgqueue\000"
 1992      67717565 
 1992      756500
 1993              	.LASF87:
 1994 0231 5243435F 		.ascii	"RCC_TypeDef\000"
 1994      54797065 
 1994      44656600 
 1995              	.LASF44:
 1996 023d 63685F74 		.ascii	"ch_thread\000"
 1996      68726561 
 1996      6400
 1997              	.LASF92:
 1998 0247 534D4352 		.ascii	"SMCR\000"
 1998      00
 1999              	.LASF130:
 2000 024c 2E2E2F43 		.ascii	"../ChibiOS/os/hal/ports/STM32/LLD/TIMv1/st_lld.c\000"
ARM GAS  /tmp/ccGWgcyd.s 			page 38


 2000      68696269 
 2000      4F532F6F 
 2000      732F6861 
 2000      6C2F706F 
 2001              	.LASF22:
 2002 027d 6D73675F 		.ascii	"msg_t\000"
 2002      7400
 2003              	.LASF41:
 2004 0283 705F7265 		.ascii	"p_realprio\000"
 2004      616C7072 
 2004      696F00
 2005              	.LASF128:
 2006 028e 5F706F72 		.ascii	"_port_irq_epilogue\000"
 2006      745F6972 
 2006      715F6570 
 2006      696C6F67 
 2006      756500
 2007              	.LASF106:
 2008 02a1 77746F62 		.ascii	"wtobjp\000"
 2008      6A7000
 2009              	.LASF49:
 2010 02a8 63685F72 		.ascii	"ch_ready_list\000"
 2010      65616479 
 2010      5F6C6973 
 2010      7400
 2011              	.LASF23:
 2012 02b6 6576656E 		.ascii	"eventmask_t\000"
 2012      746D6173 
 2012      6B5F7400 
 2013              	.LASF6:
 2014 02c2 5F5F696E 		.ascii	"__int32_t\000"
 2014      7433325F 
 2014      7400
 2015              	.LASF89:
 2016 02cc 73746B61 		.ascii	"stkalign_t\000"
 2016      6C69676E 
 2016      5F7400
 2017              	.LASF122:
 2018 02d7 6F73616C 		.ascii	"osalOsTimerHandlerI\000"
 2018      4F735469 
 2018      6D657248 
 2018      616E646C 
 2018      65724900 
 2019              	.LASF43:
 2020 02eb 74687265 		.ascii	"threads_list_t\000"
 2020      6164735F 
 2020      6C697374 
 2020      5F7400
 2021              	.LASF36:
 2022 02fa 705F7761 		.ascii	"p_waiting\000"
 2022      6974696E 
 2022      6700
 2023              	.LASF76:
 2024 0304 73697A65 		.ascii	"sizetype\000"
 2024      74797065 
 2024      00
 2025              	.LASF65:
ARM GAS  /tmp/ccGWgcyd.s 			page 39


 2026 030d 63685F76 		.ascii	"ch_virtual_timers_list\000"
 2026      69727475 
 2026      616C5F74 
 2026      696D6572 
 2026      735F6C69 
 2027              	.LASF26:
 2028 0324 705F6E65 		.ascii	"p_next\000"
 2028      787400
 2029              	.LASF66:
 2030 032b 76745F6C 		.ascii	"vt_lasttime\000"
 2030      61737474 
 2030      696D6500 
 2031              	.LASF31:
 2032 0337 705F6F6C 		.ascii	"p_older\000"
 2032      64657200 
 2033              	.LASF52:
 2034 033f 725F6374 		.ascii	"r_ctx\000"
 2034      7800
 2035              	.LASF103:
 2036 0345 746D5F63 		.ascii	"tm_calibration_t\000"
 2036      616C6962 
 2036      72617469 
 2036      6F6E5F74 
 2036      00
 2037              	.LASF84:
 2038 0356 41484252 		.ascii	"AHBRSTR\000"
 2038      53545200 
 2039              	.LASF55:
 2040 035e 725F6375 		.ascii	"r_current\000"
 2040      7272656E 
 2040      7400
 2041              	.LASF79:
 2042 0368 41504231 		.ascii	"APB1RSTR\000"
 2042      52535452 
 2042      00
 2043              	.LASF11:
 2044 0371 5F5F7569 		.ascii	"__uint64_t\000"
 2044      6E743634 
 2044      5F7400
 2045              	.LASF20:
 2046 037c 74726566 		.ascii	"trefs_t\000"
 2046      735F7400 
 2047              	.LASF57:
 2048 0384 76697274 		.ascii	"virtual_timer_t\000"
 2048      75616C5F 
 2048      74696D65 
 2048      725F7400 
 2049              	.LASF27:
 2050 0394 705F7072 		.ascii	"p_prev\000"
 2050      657600
 2051              	.LASF21:
 2052 039b 74707269 		.ascii	"tprio_t\000"
 2052      6F5F7400 
 2053              	.LASF120:
 2054 03a3 63685379 		.ascii	"chSysUnlockFromISR\000"
 2054      73556E6C 
 2054      6F636B46 
ARM GAS  /tmp/ccGWgcyd.s 			page 40


 2054      726F6D49 
 2054      535200
 2055              	.LASF109:
 2056 03b6 6D757465 		.ascii	"mutex\000"
 2056      7800
 2057              	.LASF68:
 2058 03bc 63685F73 		.ascii	"ch_system_debug\000"
 2058      79737465 
 2058      6D5F6465 
 2058      62756700 
 2059              	.LASF114:
 2060 03cc 5F426F6F 		.ascii	"_Bool\000"
 2060      6C00
 2061              	.LASF14:
 2062 03d2 696E7433 		.ascii	"int32_t\000"
 2062      325F7400 
 2063              	.LASF2:
 2064 03da 756E7369 		.ascii	"unsigned char\000"
 2064      676E6564 
 2064      20636861 
 2064      7200
 2065              	.LASF126:
 2066 03e8 49544D5F 		.ascii	"ITM_RxBuffer\000"
 2066      52784275 
 2066      66666572 
 2066      00
 2067              	.LASF40:
 2068 03f5 705F6D74 		.ascii	"p_mtxlist\000"
 2068      786C6973 
 2068      7400
 2069              	.LASF3:
 2070 03ff 73686F72 		.ascii	"short int\000"
 2070      7420696E 
 2070      7400
 2071              	.LASF33:
 2072 0409 705F7374 		.ascii	"p_state\000"
 2072      61746500 
 2073              	.LASF51:
 2074 0411 725F7072 		.ascii	"r_prio\000"
 2074      696F00
 2075              	.LASF107:
 2076 0418 65776D61 		.ascii	"ewmask\000"
 2076      736B00
 2077              	.LASF34:
 2078 041f 705F666C 		.ascii	"p_flags\000"
 2078      61677300 
 2079              	.LASF81:
 2080 0427 41504232 		.ascii	"APB2ENR\000"
 2080      454E5200 
 2081              	.LASF58:
 2082 042f 63685F76 		.ascii	"ch_virtual_timer\000"
 2082      69727475 
 2082      616C5F74 
 2082      696D6572 
 2082      00
 2083              	.LASF100:
 2084 0440 43435852 		.ascii	"CCXR\000"
ARM GAS  /tmp/ccGWgcyd.s 			page 41


 2084      00
 2085              	.LASF39:
 2086 0445 705F6570 		.ascii	"p_epending\000"
 2086      656E6469 
 2086      6E6700
 2087              	.LASF15:
 2088 0450 75696E74 		.ascii	"uint32_t\000"
 2088      33325F74 
 2088      00
 2089              	.LASF50:
 2090 0459 725F7175 		.ascii	"r_queue\000"
 2090      65756500 
 2091              	.LASF61:
 2092 0461 76745F64 		.ascii	"vt_delta\000"
 2092      656C7461 
 2092      00
 2093              	.LASF45:
 2094 046a 63685F74 		.ascii	"ch_threads_list\000"
 2094      68726561 
 2094      64735F6C 
 2094      69737400 
 2095              	.LASF9:
 2096 047a 6C6F6E67 		.ascii	"long unsigned int\000"
 2096      20756E73 
 2096      69676E65 
 2096      6420696E 
 2096      7400
 2097              	.LASF108:
 2098 048c 63686172 		.ascii	"char\000"
 2098      00
 2099              	.LASF98:
 2100 0491 444D4152 		.ascii	"DMAR\000"
 2100      00
 2101              	.LASF118:
 2102 0496 706F7274 		.ascii	"port_unlock_from_isr\000"
 2102      5F756E6C 
 2102      6F636B5F 
 2102      66726F6D 
 2102      5F697372 
 2103              	.LASF25:
 2104 04ab 74687265 		.ascii	"thread_t\000"
 2104      61645F74 
 2104      00
 2105              	.LASF129:
 2106 04b4 474E5520 		.ascii	"GNU C 4.8.4 20140526 (release) [ARM/embedded-4_8-br"
 2106      4320342E 
 2106      382E3420 
 2106      32303134 
 2106      30353236 
 2107 04e7 616E6368 		.ascii	"anch revision 211358] -mcpu=cortex-m4 -mno-thumb-in"
 2107      20726576 
 2107      6973696F 
 2107      6E203231 
 2107      31333538 
 2108 051a 74657277 		.ascii	"terwork -mthumb -ggdb -O2 -fomit-frame-pointer -fal"
 2108      6F726B20 
 2108      2D6D7468 
ARM GAS  /tmp/ccGWgcyd.s 			page 42


 2108      756D6220 
 2108      2D676764 
 2109 054d 69676E2D 		.ascii	"ign-functions=16 -ffunction-sections -fdata-section"
 2109      66756E63 
 2109      74696F6E 
 2109      733D3136 
 2109      202D6666 
 2110 0580 73202D66 		.ascii	"s -fno-common\000"
 2110      6E6F2D63 
 2110      6F6D6D6F 
 2110      6E00
 2111              	.LASF112:
 2112 058e 6D5F6E65 		.ascii	"m_next\000"
 2112      787400
 2113              	.LASF24:
 2114 0595 73797374 		.ascii	"systime_t\000"
 2114      696D655F 
 2114      7400
 2115              	.LASF127:
 2116 059f 63685379 		.ascii	"chSysTimerHandlerI\000"
 2116      7354696D 
 2116      65724861 
 2116      6E646C65 
 2116      724900
 2117              	.LASF56:
 2118 05b2 76746675 		.ascii	"vtfunc_t\000"
 2118      6E635F74 
 2118      00
 2119              	.LASF8:
 2120 05bb 5F5F7569 		.ascii	"__uint32_t\000"
 2120      6E743332 
 2120      5F7400
 2121              	.LASF132:
 2122 05c6 5F5F7365 		.ascii	"__set_BASEPRI\000"
 2122      745F4241 
 2122      53455052 
 2122      4900
 2123              	.LASF69:
 2124 05d4 70616E69 		.ascii	"panic_msg\000"
 2124      635F6D73 
 2124      6700
 2125              	.LASF102:
 2126 05de 6F666673 		.ascii	"offset\000"
 2126      657400
 2127              	.LASF82:
 2128 05e5 41504231 		.ascii	"APB1ENR\000"
 2128      454E5200 
 2129              	.LASF90:
 2130 05ed 636F6E74 		.ascii	"context\000"
 2130      65787400 
 2131              	.LASF54:
 2132 05f5 725F6F6C 		.ascii	"r_older\000"
 2132      64657200 
 2133              	.LASF70:
 2134 05fd 63685F73 		.ascii	"ch_system_t\000"
 2134      79737465 
 2134      6D5F7400 
ARM GAS  /tmp/ccGWgcyd.s 			page 43


 2135              	.LASF17:
 2136 0609 7274636E 		.ascii	"rtcnt_t\000"
 2136      745F7400 
 2137              	.LASF117:
 2138 0611 706F7274 		.ascii	"port_lock_from_isr\000"
 2138      5F6C6F63 
 2138      6B5F6672 
 2138      6F6D5F69 
 2138      737200
 2139              	.LASF63:
 2140 0624 76745F70 		.ascii	"vt_par\000"
 2140      617200
 2141              	.LASF46:
 2142 062b 74687265 		.ascii	"threads_queue_t\000"
 2142      6164735F 
 2142      71756575 
 2142      655F7400 
 2143              	.LASF35:
 2144 063b 705F7265 		.ascii	"p_refs\000"
 2144      667300
 2145              	.LASF83:
 2146 0642 42444352 		.ascii	"BDCR\000"
 2146      00
 2147              	.LASF72:
 2148 0647 726C6973 		.ascii	"rlist\000"
 2148      7400
 2149              	.LASF85:
 2150 064d 43464752 		.ascii	"CFGR2\000"
 2150      3200
 2151              	.LASF86:
 2152 0653 43464752 		.ascii	"CFGR3\000"
 2152      3300
 2153              	.LASF13:
 2154 0659 75696E74 		.ascii	"uint8_t\000"
 2154      385F7400 
 2155              	.LASF119:
 2156 0661 63685379 		.ascii	"chSysLockFromISR\000"
 2156      734C6F63 
 2156      6B46726F 
 2156      6D495352 
 2156      00
 2157              	.LASF32:
 2158 0672 705F6E61 		.ascii	"p_name\000"
 2158      6D6500
 2159              	.LASF77:
 2160 0679 43464752 		.ascii	"CFGR\000"
 2160      00
 2161              	.LASF18:
 2162 067e 746D6F64 		.ascii	"tmode_t\000"
 2162      655F7400 
 2163              	.LASF38:
 2164 0686 705F6D73 		.ascii	"p_msg\000"
 2164      6700
 2165              	.LASF111:
 2166 068c 6D5F6F77 		.ascii	"m_owner\000"
 2166      6E657200 
 2167              	.LASF29:
ARM GAS  /tmp/ccGWgcyd.s 			page 44


 2168 0694 705F6374 		.ascii	"p_ctx\000"
 2168      7800
 2169              	.LASF62:
 2170 069a 76745F66 		.ascii	"vt_func\000"
 2170      756E6300 
 2171              	.LASF80:
 2172 06a2 41484245 		.ascii	"AHBENR\000"
 2172      4E5200
 2173              		.ident	"GCC: (GNU Tools for ARM Embedded Processors) 4.8.4 20140526 (release) [ARM/embedded-4_8-br
ARM GAS  /tmp/ccGWgcyd.s 			page 45


DEFINED SYMBOLS
                            *ABS*:00000000 st_lld.c
     /tmp/ccGWgcyd.s:19     .text.VectorB0:00000000 $t
     /tmp/ccGWgcyd.s:25     .text.VectorB0:00000000 VectorB0
     /tmp/ccGWgcyd.s:96     .text.st_lld_init:00000000 $t
     /tmp/ccGWgcyd.s:102    .text.st_lld_init:00000000 st_lld_init
     /tmp/ccGWgcyd.s:159    .text.st_lld_init:00000038 $d
                     .debug_frame:00000010 $d
     /tmp/ccGWgcyd.s:163    .text.st_lld_init:0000003c $t

UNDEFINED SYMBOLS
chSysTimerHandlerI
_port_irq_epilogue
nvicEnableVector
